11:35:23.652 INFO  main GatewayStart         : config conf.yaml !!ibgroup.web.core.clientportal.gw.Config
authDelay: 3000
cors: {origin.allowed: '*', allowCredentials: false}
ip2loc: US
ips:
  allow: [192.*, 131.216.*, 127.0.0.1]
  deny: [212.90.324.10]
listenPort: 5000
listenSsl: true
portalBaseURL: ''
proxyRemoteHost: https://api.ibkr.com
proxyRemoteSsl: true
sslCert: vertx.jks
sslPwd: mywebapi
ssoPing: 5
svcEnvironment: v1
tst: false
twsBaseURL: /tws.proxy
webApps:
- {cache: true, index: index.html, listing: false, name: demo, proxy: ''}

11:35:24.069 INFO  vert.x-eventloop-thread-0 GatewayHttpProxy     :  -> mount demo on /demo
11:35:24.128 INFO  vert.x-eventloop-thread-0 GatewayVerticle      : version: f0ac9e2075f850a3d6951fb9a769c9b16fa4df1f Tue, 18 Aug 2020 15:26:30 -0400
11:35:24.128 INFO  vert.x-eventloop-thread-0 GatewayVerticle      : Java Version: 1.8.0_282
11:35:54.097 INFO  vert.x-eventloop-thread-0 BaseServiceProxy     : -> GET /v1/portal/iserver/auth/status,401|1046ms
11:42:29.478 INFO  vert.x-eventloop-thread-0 BaseServiceProxy     : -> GET /v1/portal/iserver/auth/status,401|538ms
11:43:12.888 INFO  vert.x-eventloop-thread-0 BaseServiceProxy     : -> GET /v1/portal/iserver/auth/status,401|430ms
11:43:31.014 INFO  vert.x-eventloop-thread-0 BaseServiceProxy     : -> GET /v1/portal/iserver/auth/status,401|707ms
11:44:00.161 INFO  vert.x-eventloop-thread-0 BaseServiceProxy     : -> GET /v1/portal/iserver/auth/status,401|727ms
11:45:26.331 INFO  vert.x-eventloop-thread-0 BaseServiceProxy     : -> GET /v1/portal/iserver/auth/status,401|587ms
11:48:25.147 INFO  vert.x-eventloop-thread-0 BaseServiceProxy     : -> GET /v1/portal/iserver/auth/status,401|377ms
11:48:32.324 WARN  vert.x-eventloop-thread-0 DefaultChannelPipeline : An exceptionCaught() event was fired, and it reached at the tail of the pipeline. It usually means the last handler in the pipeline did not handle the exception.
io.netty.handler.codec.DecoderException: javax.net.ssl.SSLHandshakeException: Received fatal alert: certificate_unknown
	at io.netty.handler.codec.ByteToMessageDecoder.callDecode(ByteToMessageDecoder.java:459)
	at io.netty.handler.codec.ByteToMessageDecoder.channelRead(ByteToMessageDecoder.java:265)
	at io.netty.channel.AbstractChannelHandlerContext.invokeChannelRead(AbstractChannelHandlerContext.java:362)
	at io.netty.channel.AbstractChannelHandlerContext.invokeChannelRead(AbstractChannelHandlerContext.java:348)
	at io.netty.channel.AbstractChannelHandlerContext.fireChannelRead(AbstractChannelHandlerContext.java:340)
	at io.netty.channel.DefaultChannelPipeline$HeadContext.channelRead(DefaultChannelPipeline.java:1359)
	at io.netty.channel.AbstractChannelHandlerContext.invokeChannelRead(AbstractChannelHandlerContext.java:362)
	at io.netty.channel.AbstractChannelHandlerContext.invokeChannelRead(AbstractChannelHandlerContext.java:348)
	at io.netty.channel.DefaultChannelPipeline.fireChannelRead(DefaultChannelPipeline.java:935)
	at io.netty.channel.nio.AbstractNioByteChannel$NioByteUnsafe.read(AbstractNioByteChannel.java:134)
	at io.netty.channel.nio.NioEventLoop.processSelectedKey(NioEventLoop.java:645)
	at io.netty.channel.nio.NioEventLoop.processSelectedKeysOptimized(NioEventLoop.java:580)
	at io.netty.channel.nio.NioEventLoop.processSelectedKeys(NioEventLoop.java:497)
	at io.netty.channel.nio.NioEventLoop.run(NioEventLoop.java:459)
	at io.netty.util.concurrent.SingleThreadEventExecutor$5.run(SingleThreadEventExecutor.java:858)
	at java.lang.Thread.run(Thread.java:748)
Caused by: javax.net.ssl.SSLHandshakeException: Received fatal alert: certificate_unknown
	at sun.security.ssl.Alert.createSSLException(Alert.java:131)
	at sun.security.ssl.Alert.createSSLException(Alert.java:117)
	at sun.security.ssl.TransportContext.fatal(TransportContext.java:311)
	at sun.security.ssl.Alert$AlertConsumer.consume(Alert.java:293)
	at sun.security.ssl.TransportContext.dispatch(TransportContext.java:185)
	at sun.security.ssl.SSLTransport.decode(SSLTransport.java:149)
	at sun.security.ssl.SSLEngineImpl.decode(SSLEngineImpl.java:575)
	at sun.security.ssl.SSLEngineImpl.readRecord(SSLEngineImpl.java:531)
	at sun.security.ssl.SSLEngineImpl.unwrap(SSLEngineImpl.java:398)
	at sun.security.ssl.SSLEngineImpl.unwrap(SSLEngineImpl.java:377)
	at javax.net.ssl.SSLEngine.unwrap(SSLEngine.java:626)
	at io.netty.handler.ssl.SslHandler$SslEngineType$3.unwrap(SslHandler.java:281)
	at io.netty.handler.ssl.SslHandler.unwrap(SslHandler.java:1215)
	at io.netty.handler.ssl.SslHandler.decodeJdkCompatible(SslHandler.java:1127)
	at io.netty.handler.ssl.SslHandler.decode(SslHandler.java:1162)
	at io.netty.handler.codec.ByteToMessageDecoder.decodeRemovalReentryProtection(ByteToMessageDecoder.java:489)
	at io.netty.handler.codec.ByteToMessageDecoder.callDecode(ByteToMessageDecoder.java:428)
	... 15 common frames omitted
11:48:32.326 WARN  vert.x-eventloop-thread-0 DefaultChannelPipeline : An exceptionCaught() event was fired, and it reached at the tail of the pipeline. It usually means the last handler in the pipeline did not handle the exception.
io.netty.handler.codec.DecoderException: javax.net.ssl.SSLHandshakeException: Received fatal alert: certificate_unknown
	at io.netty.handler.codec.ByteToMessageDecoder.callDecode(ByteToMessageDecoder.java:459)
	at io.netty.handler.codec.ByteToMessageDecoder.channelRead(ByteToMessageDecoder.java:265)
	at io.netty.channel.AbstractChannelHandlerContext.invokeChannelRead(AbstractChannelHandlerContext.java:362)
	at io.netty.channel.AbstractChannelHandlerContext.invokeChannelRead(AbstractChannelHandlerContext.java:348)
	at io.netty.channel.AbstractChannelHandlerContext.fireChannelRead(AbstractChannelHandlerContext.java:340)
	at io.netty.channel.DefaultChannelPipeline$HeadContext.channelRead(DefaultChannelPipeline.java:1359)
	at io.netty.channel.AbstractChannelHandlerContext.invokeChannelRead(AbstractChannelHandlerContext.java:362)
	at io.netty.channel.AbstractChannelHandlerContext.invokeChannelRead(AbstractChannelHandlerContext.java:348)
	at io.netty.channel.DefaultChannelPipeline.fireChannelRead(DefaultChannelPipeline.java:935)
	at io.netty.channel.nio.AbstractNioByteChannel$NioByteUnsafe.read(AbstractNioByteChannel.java:134)
	at io.netty.channel.nio.NioEventLoop.processSelectedKey(NioEventLoop.java:645)
	at io.netty.channel.nio.NioEventLoop.processSelectedKeysOptimized(NioEventLoop.java:580)
	at io.netty.channel.nio.NioEventLoop.processSelectedKeys(NioEventLoop.java:497)
	at io.netty.channel.nio.NioEventLoop.run(NioEventLoop.java:459)
	at io.netty.util.concurrent.SingleThreadEventExecutor$5.run(SingleThreadEventExecutor.java:858)
	at java.lang.Thread.run(Thread.java:748)
Caused by: javax.net.ssl.SSLHandshakeException: Received fatal alert: certificate_unknown
	at sun.security.ssl.Alert.createSSLException(Alert.java:131)
	at sun.security.ssl.Alert.createSSLException(Alert.java:117)
	at sun.security.ssl.TransportContext.fatal(TransportContext.java:311)
	at sun.security.ssl.Alert$AlertConsumer.consume(Alert.java:293)
	at sun.security.ssl.TransportContext.dispatch(TransportContext.java:185)
	at sun.security.ssl.SSLTransport.decode(SSLTransport.java:149)
	at sun.security.ssl.SSLEngineImpl.decode(SSLEngineImpl.java:575)
	at sun.security.ssl.SSLEngineImpl.readRecord(SSLEngineImpl.java:531)
	at sun.security.ssl.SSLEngineImpl.unwrap(SSLEngineImpl.java:398)
	at sun.security.ssl.SSLEngineImpl.unwrap(SSLEngineImpl.java:377)
	at javax.net.ssl.SSLEngine.unwrap(SSLEngine.java:626)
	at io.netty.handler.ssl.SslHandler$SslEngineType$3.unwrap(SslHandler.java:281)
	at io.netty.handler.ssl.SslHandler.unwrap(SslHandler.java:1215)
	at io.netty.handler.ssl.SslHandler.decodeJdkCompatible(SslHandler.java:1127)
	at io.netty.handler.ssl.SslHandler.decode(SslHandler.java:1162)
	at io.netty.handler.codec.ByteToMessageDecoder.decodeRemovalReentryProtection(ByteToMessageDecoder.java:489)
	at io.netty.handler.codec.ByteToMessageDecoder.callDecode(ByteToMessageDecoder.java:428)
	... 15 common frames omitted
11:48:32.567 WARN  vert.x-eventloop-thread-0 DefaultChannelPipeline : An exceptionCaught() event was fired, and it reached at the tail of the pipeline. It usually means the last handler in the pipeline did not handle the exception.
io.netty.handler.codec.DecoderException: javax.net.ssl.SSLHandshakeException: Received fatal alert: certificate_unknown
	at io.netty.handler.codec.ByteToMessageDecoder.callDecode(ByteToMessageDecoder.java:459)
	at io.netty.handler.codec.ByteToMessageDecoder.channelRead(ByteToMessageDecoder.java:265)
	at io.netty.channel.AbstractChannelHandlerContext.invokeChannelRead(AbstractChannelHandlerContext.java:362)
	at io.netty.channel.AbstractChannelHandlerContext.invokeChannelRead(AbstractChannelHandlerContext.java:348)
	at io.netty.channel.AbstractChannelHandlerContext.fireChannelRead(AbstractChannelHandlerContext.java:340)
	at io.netty.channel.DefaultChannelPipeline$HeadContext.channelRead(DefaultChannelPipeline.java:1359)
	at io.netty.channel.AbstractChannelHandlerContext.invokeChannelRead(AbstractChannelHandlerContext.java:362)
	at io.netty.channel.AbstractChannelHandlerContext.invokeChannelRead(AbstractChannelHandlerContext.java:348)
	at io.netty.channel.DefaultChannelPipeline.fireChannelRead(DefaultChannelPipeline.java:935)
	at io.netty.channel.nio.AbstractNioByteChannel$NioByteUnsafe.read(AbstractNioByteChannel.java:134)
	at io.netty.channel.nio.NioEventLoop.processSelectedKey(NioEventLoop.java:645)
	at io.netty.channel.nio.NioEventLoop.processSelectedKeysOptimized(NioEventLoop.java:580)
	at io.netty.channel.nio.NioEventLoop.processSelectedKeys(NioEventLoop.java:497)
	at io.netty.channel.nio.NioEventLoop.run(NioEventLoop.java:459)
	at io.netty.util.concurrent.SingleThreadEventExecutor$5.run(SingleThreadEventExecutor.java:858)
	at java.lang.Thread.run(Thread.java:748)
Caused by: javax.net.ssl.SSLHandshakeException: Received fatal alert: certificate_unknown
	at sun.security.ssl.Alert.createSSLException(Alert.java:131)
	at sun.security.ssl.Alert.createSSLException(Alert.java:117)
	at sun.security.ssl.TransportContext.fatal(TransportContext.java:311)
	at sun.security.ssl.Alert$AlertConsumer.consume(Alert.java:293)
	at sun.security.ssl.TransportContext.dispatch(TransportContext.java:185)
	at sun.security.ssl.SSLTransport.decode(SSLTransport.java:149)
	at sun.security.ssl.SSLEngineImpl.decode(SSLEngineImpl.java:575)
	at sun.security.ssl.SSLEngineImpl.readRecord(SSLEngineImpl.java:531)
	at sun.security.ssl.SSLEngineImpl.unwrap(SSLEngineImpl.java:398)
	at sun.security.ssl.SSLEngineImpl.unwrap(SSLEngineImpl.java:377)
	at javax.net.ssl.SSLEngine.unwrap(SSLEngine.java:626)
	at io.netty.handler.ssl.SslHandler$SslEngineType$3.unwrap(SslHandler.java:281)
	at io.netty.handler.ssl.SslHandler.unwrap(SslHandler.java:1215)
	at io.netty.handler.ssl.SslHandler.decodeJdkCompatible(SslHandler.java:1127)
	at io.netty.handler.ssl.SslHandler.decode(SslHandler.java:1162)
	at io.netty.handler.codec.ByteToMessageDecoder.decodeRemovalReentryProtection(ByteToMessageDecoder.java:489)
	at io.netty.handler.codec.ByteToMessageDecoder.callDecode(ByteToMessageDecoder.java:428)
	... 15 common frames omitted
11:48:33.205 INFO  vert.x-eventloop-thread-0 BaseServiceProxy     : -> GET /v1/portal/iserver/auth/status,401|220ms
