23:53:10.105 INFO  main GatewayStart         : config conf.yaml !!ibgroup.web.core.clientportal.gw.Config
authDelay: 3000
cors: {origin.allowed: '*', allowCredentials: false}
ip2loc: US
ips:
  allow: [192.*, 131.216.*, 127.0.0.1]
  deny: [212.90.324.10]
listenPort: 5000
listenSsl: true
portalBaseURL: ''
proxyRemoteHost: https://api.ibkr.com
proxyRemoteSsl: true
sslCert: vertx.jks
sslPwd: mywebapi
ssoPing: 5
svcEnvironment: v1
tst: false
twsBaseURL: /tws.proxy
webApps:
- {cache: true, index: index.html, listing: false, name: demo, proxy: ''}

23:53:10.454 INFO  vert.x-eventloop-thread-0 GatewayHttpProxy     :  -> mount demo on /demo
23:53:10.500 INFO  vert.x-eventloop-thread-0 GatewayVerticle      : version: f0ac9e2075f850a3d6951fb9a769c9b16fa4df1f Tue, 18 Aug 2020 15:26:30 -0400
23:53:10.501 INFO  vert.x-eventloop-thread-0 GatewayVerticle      : Java Version: 1.8.0_282
23:53:15.811 WARN  vert.x-eventloop-thread-0 DefaultChannelPipeline : An exceptionCaught() event was fired, and it reached at the tail of the pipeline. It usually means the last handler in the pipeline did not handle the exception.
io.netty.handler.codec.DecoderException: javax.net.ssl.SSLHandshakeException: Received fatal alert: certificate_unknown
	at io.netty.handler.codec.ByteToMessageDecoder.callDecode(ByteToMessageDecoder.java:459)
	at io.netty.handler.codec.ByteToMessageDecoder.channelRead(ByteToMessageDecoder.java:265)
	at io.netty.channel.AbstractChannelHandlerContext.invokeChannelRead(AbstractChannelHandlerContext.java:362)
	at io.netty.channel.AbstractChannelHandlerContext.invokeChannelRead(AbstractChannelHandlerContext.java:348)
	at io.netty.channel.AbstractChannelHandlerContext.fireChannelRead(AbstractChannelHandlerContext.java:340)
	at io.netty.channel.DefaultChannelPipeline$HeadContext.channelRead(DefaultChannelPipeline.java:1359)
	at io.netty.channel.AbstractChannelHandlerContext.invokeChannelRead(AbstractChannelHandlerContext.java:362)
	at io.netty.channel.AbstractChannelHandlerContext.invokeChannelRead(AbstractChannelHandlerContext.java:348)
	at io.netty.channel.DefaultChannelPipeline.fireChannelRead(DefaultChannelPipeline.java:935)
	at io.netty.channel.nio.AbstractNioByteChannel$NioByteUnsafe.read(AbstractNioByteChannel.java:134)
	at io.netty.channel.nio.NioEventLoop.processSelectedKey(NioEventLoop.java:645)
	at io.netty.channel.nio.NioEventLoop.processSelectedKeysOptimized(NioEventLoop.java:580)
	at io.netty.channel.nio.NioEventLoop.processSelectedKeys(NioEventLoop.java:497)
	at io.netty.channel.nio.NioEventLoop.run(NioEventLoop.java:459)
	at io.netty.util.concurrent.SingleThreadEventExecutor$5.run(SingleThreadEventExecutor.java:858)
	at java.lang.Thread.run(Thread.java:748)
Caused by: javax.net.ssl.SSLHandshakeException: Received fatal alert: certificate_unknown
	at sun.security.ssl.Alert.createSSLException(Alert.java:131)
	at sun.security.ssl.Alert.createSSLException(Alert.java:117)
	at sun.security.ssl.TransportContext.fatal(TransportContext.java:311)
	at sun.security.ssl.Alert$AlertConsumer.consume(Alert.java:293)
	at sun.security.ssl.TransportContext.dispatch(TransportContext.java:185)
	at sun.security.ssl.SSLTransport.decode(SSLTransport.java:149)
	at sun.security.ssl.SSLEngineImpl.decode(SSLEngineImpl.java:575)
	at sun.security.ssl.SSLEngineImpl.readRecord(SSLEngineImpl.java:531)
	at sun.security.ssl.SSLEngineImpl.unwrap(SSLEngineImpl.java:398)
	at sun.security.ssl.SSLEngineImpl.unwrap(SSLEngineImpl.java:377)
	at javax.net.ssl.SSLEngine.unwrap(SSLEngine.java:626)
	at io.netty.handler.ssl.SslHandler$SslEngineType$3.unwrap(SslHandler.java:281)
	at io.netty.handler.ssl.SslHandler.unwrap(SslHandler.java:1215)
	at io.netty.handler.ssl.SslHandler.decodeJdkCompatible(SslHandler.java:1127)
	at io.netty.handler.ssl.SslHandler.decode(SslHandler.java:1162)
	at io.netty.handler.codec.ByteToMessageDecoder.decodeRemovalReentryProtection(ByteToMessageDecoder.java:489)
	at io.netty.handler.codec.ByteToMessageDecoder.callDecode(ByteToMessageDecoder.java:428)
	... 15 common frames omitted
23:53:15.813 WARN  vert.x-eventloop-thread-0 DefaultChannelPipeline : An exceptionCaught() event was fired, and it reached at the tail of the pipeline. It usually means the last handler in the pipeline did not handle the exception.
io.netty.handler.codec.DecoderException: javax.net.ssl.SSLHandshakeException: Received fatal alert: certificate_unknown
	at io.netty.handler.codec.ByteToMessageDecoder.callDecode(ByteToMessageDecoder.java:459)
	at io.netty.handler.codec.ByteToMessageDecoder.channelRead(ByteToMessageDecoder.java:265)
	at io.netty.channel.AbstractChannelHandlerContext.invokeChannelRead(AbstractChannelHandlerContext.java:362)
	at io.netty.channel.AbstractChannelHandlerContext.invokeChannelRead(AbstractChannelHandlerContext.java:348)
	at io.netty.channel.AbstractChannelHandlerContext.fireChannelRead(AbstractChannelHandlerContext.java:340)
	at io.netty.channel.DefaultChannelPipeline$HeadContext.channelRead(DefaultChannelPipeline.java:1359)
	at io.netty.channel.AbstractChannelHandlerContext.invokeChannelRead(AbstractChannelHandlerContext.java:362)
	at io.netty.channel.AbstractChannelHandlerContext.invokeChannelRead(AbstractChannelHandlerContext.java:348)
	at io.netty.channel.DefaultChannelPipeline.fireChannelRead(DefaultChannelPipeline.java:935)
	at io.netty.channel.nio.AbstractNioByteChannel$NioByteUnsafe.read(AbstractNioByteChannel.java:134)
	at io.netty.channel.nio.NioEventLoop.processSelectedKey(NioEventLoop.java:645)
	at io.netty.channel.nio.NioEventLoop.processSelectedKeysOptimized(NioEventLoop.java:580)
	at io.netty.channel.nio.NioEventLoop.processSelectedKeys(NioEventLoop.java:497)
	at io.netty.channel.nio.NioEventLoop.run(NioEventLoop.java:459)
	at io.netty.util.concurrent.SingleThreadEventExecutor$5.run(SingleThreadEventExecutor.java:858)
	at java.lang.Thread.run(Thread.java:748)
Caused by: javax.net.ssl.SSLHandshakeException: Received fatal alert: certificate_unknown
	at sun.security.ssl.Alert.createSSLException(Alert.java:131)
	at sun.security.ssl.Alert.createSSLException(Alert.java:117)
	at sun.security.ssl.TransportContext.fatal(TransportContext.java:311)
	at sun.security.ssl.Alert$AlertConsumer.consume(Alert.java:293)
	at sun.security.ssl.TransportContext.dispatch(TransportContext.java:185)
	at sun.security.ssl.SSLTransport.decode(SSLTransport.java:149)
	at sun.security.ssl.SSLEngineImpl.decode(SSLEngineImpl.java:575)
	at sun.security.ssl.SSLEngineImpl.readRecord(SSLEngineImpl.java:531)
	at sun.security.ssl.SSLEngineImpl.unwrap(SSLEngineImpl.java:398)
	at sun.security.ssl.SSLEngineImpl.unwrap(SSLEngineImpl.java:377)
	at javax.net.ssl.SSLEngine.unwrap(SSLEngine.java:626)
	at io.netty.handler.ssl.SslHandler$SslEngineType$3.unwrap(SslHandler.java:281)
	at io.netty.handler.ssl.SslHandler.unwrap(SslHandler.java:1215)
	at io.netty.handler.ssl.SslHandler.decodeJdkCompatible(SslHandler.java:1127)
	at io.netty.handler.ssl.SslHandler.decode(SslHandler.java:1162)
	at io.netty.handler.codec.ByteToMessageDecoder.decodeRemovalReentryProtection(ByteToMessageDecoder.java:489)
	at io.netty.handler.codec.ByteToMessageDecoder.callDecode(ByteToMessageDecoder.java:428)
	... 15 common frames omitted
23:53:15.834 WARN  vert.x-eventloop-thread-0 DefaultChannelPipeline : An exceptionCaught() event was fired, and it reached at the tail of the pipeline. It usually means the last handler in the pipeline did not handle the exception.
io.netty.handler.codec.DecoderException: javax.net.ssl.SSLHandshakeException: Received fatal alert: certificate_unknown
	at io.netty.handler.codec.ByteToMessageDecoder.callDecode(ByteToMessageDecoder.java:459)
	at io.netty.handler.codec.ByteToMessageDecoder.channelRead(ByteToMessageDecoder.java:265)
	at io.netty.channel.AbstractChannelHandlerContext.invokeChannelRead(AbstractChannelHandlerContext.java:362)
	at io.netty.channel.AbstractChannelHandlerContext.invokeChannelRead(AbstractChannelHandlerContext.java:348)
	at io.netty.channel.AbstractChannelHandlerContext.fireChannelRead(AbstractChannelHandlerContext.java:340)
	at io.netty.channel.DefaultChannelPipeline$HeadContext.channelRead(DefaultChannelPipeline.java:1359)
	at io.netty.channel.AbstractChannelHandlerContext.invokeChannelRead(AbstractChannelHandlerContext.java:362)
	at io.netty.channel.AbstractChannelHandlerContext.invokeChannelRead(AbstractChannelHandlerContext.java:348)
	at io.netty.channel.DefaultChannelPipeline.fireChannelRead(DefaultChannelPipeline.java:935)
	at io.netty.channel.nio.AbstractNioByteChannel$NioByteUnsafe.read(AbstractNioByteChannel.java:134)
	at io.netty.channel.nio.NioEventLoop.processSelectedKey(NioEventLoop.java:645)
	at io.netty.channel.nio.NioEventLoop.processSelectedKeysOptimized(NioEventLoop.java:580)
	at io.netty.channel.nio.NioEventLoop.processSelectedKeys(NioEventLoop.java:497)
	at io.netty.channel.nio.NioEventLoop.run(NioEventLoop.java:459)
	at io.netty.util.concurrent.SingleThreadEventExecutor$5.run(SingleThreadEventExecutor.java:858)
	at java.lang.Thread.run(Thread.java:748)
Caused by: javax.net.ssl.SSLHandshakeException: Received fatal alert: certificate_unknown
	at sun.security.ssl.Alert.createSSLException(Alert.java:131)
	at sun.security.ssl.Alert.createSSLException(Alert.java:117)
	at sun.security.ssl.TransportContext.fatal(TransportContext.java:311)
	at sun.security.ssl.Alert$AlertConsumer.consume(Alert.java:293)
	at sun.security.ssl.TransportContext.dispatch(TransportContext.java:185)
	at sun.security.ssl.SSLTransport.decode(SSLTransport.java:149)
	at sun.security.ssl.SSLEngineImpl.decode(SSLEngineImpl.java:575)
	at sun.security.ssl.SSLEngineImpl.readRecord(SSLEngineImpl.java:531)
	at sun.security.ssl.SSLEngineImpl.unwrap(SSLEngineImpl.java:398)
	at sun.security.ssl.SSLEngineImpl.unwrap(SSLEngineImpl.java:377)
	at javax.net.ssl.SSLEngine.unwrap(SSLEngine.java:626)
	at io.netty.handler.ssl.SslHandler$SslEngineType$3.unwrap(SslHandler.java:281)
	at io.netty.handler.ssl.SslHandler.unwrap(SslHandler.java:1215)
	at io.netty.handler.ssl.SslHandler.decodeJdkCompatible(SslHandler.java:1127)
	at io.netty.handler.ssl.SslHandler.decode(SslHandler.java:1162)
	at io.netty.handler.codec.ByteToMessageDecoder.decodeRemovalReentryProtection(ByteToMessageDecoder.java:489)
	at io.netty.handler.codec.ByteToMessageDecoder.callDecode(ByteToMessageDecoder.java:428)
	... 15 common frames omitted
23:53:17.167 INFO  vert.x-eventloop-thread-0 BaseServiceProxy     : -> GET /sso/Login?forwardTo=22&RL=1&ip2loc=on,200|746ms
23:53:17.168 INFO  vert.x-eventloop-thread-0 CookieManager        : set cookies [XYZAB_AM.LOGIN=""; Domain=.ibkr.com; Path=/;Secure;SameSite=None, XYZAB=""; Domain=.ibkr.com; Path=/;Secure;SameSite=None, URL_PARAM="forwardTo=22&RL=1&ip2loc=on"; Version=1; Domain=.ibkr.com; Path=/;Secure;HttpOnly, JSESSIONID=3CD45D566B98030F8324E33347B9E781.ny5wwwdam1-internet; Path=/sso; HttpOnly;Secure;SameSite=None]
23:53:17.170 DEBUG vert.x-eventloop-thread-0 BaseServiceProxy     : Remapping Set-cookies [XYZAB_AM.LOGIN=""; Domain=.ibkr.com; Path=/;Secure;SameSite=None, XYZAB=""; Domain=.ibkr.com; Path=/;Secure;SameSite=None, URL_PARAM="forwardTo=22&RL=1&ip2loc=on"; Version=1; Domain=.ibkr.com; Path=/;Secure;HttpOnly, JSESSIONID=3CD45D566B98030F8324E33347B9E781.ny5wwwdam1-internet; Path=/sso; HttpOnly;Secure;SameSite=None] -> 
23:53:17.352 INFO  vert.x-eventloop-thread-0 BaseServiceProxy     : -> GET /sso/Templates/otp-responsive.css?1639003995288,200|81ms
23:53:17.368 INFO  vert.x-eventloop-thread-0 BaseServiceProxy     : -> GET /scripts/common/js/jquery-3.4.1/jquery.min.js,200|90ms
23:53:17.416 INFO  vert.x-eventloop-thread-0 BaseServiceProxy     : -> GET /scripts/common/js/jquery-ui-1.12.1/jquery-ui.min.js,200|53ms
23:53:17.510 INFO  vert.x-eventloop-thread-0 BaseServiceProxy     : -> GET /scripts/common/js/bootstrap-switch-3.3.2/bootstrap-switch.min.js,200|61ms
23:53:17.518 INFO  vert.x-eventloop-thread-0 BaseServiceProxy     : -> GET /scripts/common/js/bootstrap-4.3.1/bootstrap.bundle.min.js,200|71ms
23:53:17.540 INFO  vert.x-eventloop-thread-0 BaseServiceProxy     : -> GET /scripts/common/js/switchery/switchery.min.js,200|25ms
23:53:17.563 INFO  vert.x-eventloop-thread-0 BaseServiceProxy     : -> GET /scripts/common/js/switchery/switchery-init.js,200|26ms
23:53:17.584 INFO  vert.x-eventloop-thread-0 BaseServiceProxy     : -> GET /scripts/common/js/icheck-1.0.2/icheck.min.js,200|36ms
23:53:17.610 INFO  vert.x-eventloop-thread-0 BaseServiceProxy     : -> GET /scripts/common/js/icheck-1.0.2/icheck-init.js,200|36ms
23:53:17.614 WARN  vert.x-eventloop-thread-0 DefaultChannelPipeline : An exceptionCaught() event was fired, and it reached at the tail of the pipeline. It usually means the last handler in the pipeline did not handle the exception.
io.netty.handler.codec.DecoderException: javax.net.ssl.SSLHandshakeException: Received fatal alert: certificate_unknown
	at io.netty.handler.codec.ByteToMessageDecoder.callDecode(ByteToMessageDecoder.java:459)
	at io.netty.handler.codec.ByteToMessageDecoder.channelRead(ByteToMessageDecoder.java:265)
	at io.netty.channel.AbstractChannelHandlerContext.invokeChannelRead(AbstractChannelHandlerContext.java:362)
	at io.netty.channel.AbstractChannelHandlerContext.invokeChannelRead(AbstractChannelHandlerContext.java:348)
	at io.netty.channel.AbstractChannelHandlerContext.fireChannelRead(AbstractChannelHandlerContext.java:340)
	at io.netty.channel.DefaultChannelPipeline$HeadContext.channelRead(DefaultChannelPipeline.java:1359)
	at io.netty.channel.AbstractChannelHandlerContext.invokeChannelRead(AbstractChannelHandlerContext.java:362)
	at io.netty.channel.AbstractChannelHandlerContext.invokeChannelRead(AbstractChannelHandlerContext.java:348)
	at io.netty.channel.DefaultChannelPipeline.fireChannelRead(DefaultChannelPipeline.java:935)
	at io.netty.channel.nio.AbstractNioByteChannel$NioByteUnsafe.read(AbstractNioByteChannel.java:134)
	at io.netty.channel.nio.NioEventLoop.processSelectedKey(NioEventLoop.java:645)
	at io.netty.channel.nio.NioEventLoop.processSelectedKeysOptimized(NioEventLoop.java:580)
	at io.netty.channel.nio.NioEventLoop.processSelectedKeys(NioEventLoop.java:497)
	at io.netty.channel.nio.NioEventLoop.run(NioEventLoop.java:459)
	at io.netty.util.concurrent.SingleThreadEventExecutor$5.run(SingleThreadEventExecutor.java:858)
	at java.lang.Thread.run(Thread.java:748)
Caused by: javax.net.ssl.SSLHandshakeException: Received fatal alert: certificate_unknown
	at sun.security.ssl.Alert.createSSLException(Alert.java:131)
	at sun.security.ssl.Alert.createSSLException(Alert.java:117)
	at sun.security.ssl.TransportContext.fatal(TransportContext.java:311)
	at sun.security.ssl.Alert$AlertConsumer.consume(Alert.java:293)
	at sun.security.ssl.TransportContext.dispatch(TransportContext.java:185)
	at sun.security.ssl.SSLTransport.decode(SSLTransport.java:149)
	at sun.security.ssl.SSLEngineImpl.decode(SSLEngineImpl.java:575)
	at sun.security.ssl.SSLEngineImpl.readRecord(SSLEngineImpl.java:531)
	at sun.security.ssl.SSLEngineImpl.unwrap(SSLEngineImpl.java:398)
	at sun.security.ssl.SSLEngineImpl.unwrap(SSLEngineImpl.java:377)
	at javax.net.ssl.SSLEngine.unwrap(SSLEngine.java:626)
	at io.netty.handler.ssl.SslHandler$SslEngineType$3.unwrap(SslHandler.java:281)
	at io.netty.handler.ssl.SslHandler.unwrap(SslHandler.java:1215)
	at io.netty.handler.ssl.SslHandler.decodeJdkCompatible(SslHandler.java:1127)
	at io.netty.handler.ssl.SslHandler.decode(SslHandler.java:1162)
	at io.netty.handler.codec.ByteToMessageDecoder.decodeRemovalReentryProtection(ByteToMessageDecoder.java:489)
	at io.netty.handler.codec.ByteToMessageDecoder.callDecode(ByteToMessageDecoder.java:428)
	... 15 common frames omitted
23:53:17.615 WARN  vert.x-eventloop-thread-0 DefaultChannelPipeline : An exceptionCaught() event was fired, and it reached at the tail of the pipeline. It usually means the last handler in the pipeline did not handle the exception.
io.netty.handler.codec.DecoderException: javax.net.ssl.SSLHandshakeException: Received fatal alert: certificate_unknown
	at io.netty.handler.codec.ByteToMessageDecoder.callDecode(ByteToMessageDecoder.java:459)
	at io.netty.handler.codec.ByteToMessageDecoder.channelRead(ByteToMessageDecoder.java:265)
	at io.netty.channel.AbstractChannelHandlerContext.invokeChannelRead(AbstractChannelHandlerContext.java:362)
	at io.netty.channel.AbstractChannelHandlerContext.invokeChannelRead(AbstractChannelHandlerContext.java:348)
	at io.netty.channel.AbstractChannelHandlerContext.fireChannelRead(AbstractChannelHandlerContext.java:340)
	at io.netty.channel.DefaultChannelPipeline$HeadContext.channelRead(DefaultChannelPipeline.java:1359)
	at io.netty.channel.AbstractChannelHandlerContext.invokeChannelRead(AbstractChannelHandlerContext.java:362)
	at io.netty.channel.AbstractChannelHandlerContext.invokeChannelRead(AbstractChannelHandlerContext.java:348)
	at io.netty.channel.DefaultChannelPipeline.fireChannelRead(DefaultChannelPipeline.java:935)
	at io.netty.channel.nio.AbstractNioByteChannel$NioByteUnsafe.read(AbstractNioByteChannel.java:134)
	at io.netty.channel.nio.NioEventLoop.processSelectedKey(NioEventLoop.java:645)
	at io.netty.channel.nio.NioEventLoop.processSelectedKeysOptimized(NioEventLoop.java:580)
	at io.netty.channel.nio.NioEventLoop.processSelectedKeys(NioEventLoop.java:497)
	at io.netty.channel.nio.NioEventLoop.run(NioEventLoop.java:459)
	at io.netty.util.concurrent.SingleThreadEventExecutor$5.run(SingleThreadEventExecutor.java:858)
	at java.lang.Thread.run(Thread.java:748)
Caused by: javax.net.ssl.SSLHandshakeException: Received fatal alert: certificate_unknown
	at sun.security.ssl.Alert.createSSLException(Alert.java:131)
	at sun.security.ssl.Alert.createSSLException(Alert.java:117)
	at sun.security.ssl.TransportContext.fatal(TransportContext.java:311)
	at sun.security.ssl.Alert$AlertConsumer.consume(Alert.java:293)
	at sun.security.ssl.TransportContext.dispatch(TransportContext.java:185)
	at sun.security.ssl.SSLTransport.decode(SSLTransport.java:149)
	at sun.security.ssl.SSLEngineImpl.decode(SSLEngineImpl.java:575)
	at sun.security.ssl.SSLEngineImpl.readRecord(SSLEngineImpl.java:531)
	at sun.security.ssl.SSLEngineImpl.unwrap(SSLEngineImpl.java:398)
	at sun.security.ssl.SSLEngineImpl.unwrap(SSLEngineImpl.java:377)
	at javax.net.ssl.SSLEngine.unwrap(SSLEngine.java:626)
	at io.netty.handler.ssl.SslHandler$SslEngineType$3.unwrap(SslHandler.java:281)
	at io.netty.handler.ssl.SslHandler.unwrap(SslHandler.java:1215)
	at io.netty.handler.ssl.SslHandler.decodeJdkCompatible(SslHandler.java:1127)
	at io.netty.handler.ssl.SslHandler.decode(SslHandler.java:1162)
	at io.netty.handler.codec.ByteToMessageDecoder.decodeRemovalReentryProtection(ByteToMessageDecoder.java:489)
	at io.netty.handler.codec.ByteToMessageDecoder.callDecode(ByteToMessageDecoder.java:428)
	... 15 common frames omitted
23:53:17.617 WARN  vert.x-eventloop-thread-0 DefaultChannelPipeline : An exceptionCaught() event was fired, and it reached at the tail of the pipeline. It usually means the last handler in the pipeline did not handle the exception.
io.netty.handler.codec.DecoderException: javax.net.ssl.SSLHandshakeException: Received fatal alert: certificate_unknown
	at io.netty.handler.codec.ByteToMessageDecoder.callDecode(ByteToMessageDecoder.java:459)
	at io.netty.handler.codec.ByteToMessageDecoder.channelRead(ByteToMessageDecoder.java:265)
	at io.netty.channel.AbstractChannelHandlerContext.invokeChannelRead(AbstractChannelHandlerContext.java:362)
	at io.netty.channel.AbstractChannelHandlerContext.invokeChannelRead(AbstractChannelHandlerContext.java:348)
	at io.netty.channel.AbstractChannelHandlerContext.fireChannelRead(AbstractChannelHandlerContext.java:340)
	at io.netty.channel.DefaultChannelPipeline$HeadContext.channelRead(DefaultChannelPipeline.java:1359)
	at io.netty.channel.AbstractChannelHandlerContext.invokeChannelRead(AbstractChannelHandlerContext.java:362)
	at io.netty.channel.AbstractChannelHandlerContext.invokeChannelRead(AbstractChannelHandlerContext.java:348)
	at io.netty.channel.DefaultChannelPipeline.fireChannelRead(DefaultChannelPipeline.java:935)
	at io.netty.channel.nio.AbstractNioByteChannel$NioByteUnsafe.read(AbstractNioByteChannel.java:134)
	at io.netty.channel.nio.NioEventLoop.processSelectedKey(NioEventLoop.java:645)
	at io.netty.channel.nio.NioEventLoop.processSelectedKeysOptimized(NioEventLoop.java:580)
	at io.netty.channel.nio.NioEventLoop.processSelectedKeys(NioEventLoop.java:497)
	at io.netty.channel.nio.NioEventLoop.run(NioEventLoop.java:459)
	at io.netty.util.concurrent.SingleThreadEventExecutor$5.run(SingleThreadEventExecutor.java:858)
	at java.lang.Thread.run(Thread.java:748)
Caused by: javax.net.ssl.SSLHandshakeException: Received fatal alert: certificate_unknown
	at sun.security.ssl.Alert.createSSLException(Alert.java:131)
	at sun.security.ssl.Alert.createSSLException(Alert.java:117)
	at sun.security.ssl.TransportContext.fatal(TransportContext.java:311)
	at sun.security.ssl.Alert$AlertConsumer.consume(Alert.java:293)
	at sun.security.ssl.TransportContext.dispatch(TransportContext.java:185)
	at sun.security.ssl.SSLTransport.decode(SSLTransport.java:149)
	at sun.security.ssl.SSLEngineImpl.decode(SSLEngineImpl.java:575)
	at sun.security.ssl.SSLEngineImpl.readRecord(SSLEngineImpl.java:531)
	at sun.security.ssl.SSLEngineImpl.unwrap(SSLEngineImpl.java:398)
	at sun.security.ssl.SSLEngineImpl.unwrap(SSLEngineImpl.java:377)
	at javax.net.ssl.SSLEngine.unwrap(SSLEngine.java:626)
	at io.netty.handler.ssl.SslHandler$SslEngineType$3.unwrap(SslHandler.java:281)
	at io.netty.handler.ssl.SslHandler.unwrap(SslHandler.java:1215)
	at io.netty.handler.ssl.SslHandler.decodeJdkCompatible(SslHandler.java:1127)
	at io.netty.handler.ssl.SslHandler.decode(SslHandler.java:1162)
	at io.netty.handler.codec.ByteToMessageDecoder.decodeRemovalReentryProtection(ByteToMessageDecoder.java:489)
	at io.netty.handler.codec.ByteToMessageDecoder.callDecode(ByteToMessageDecoder.java:428)
	... 15 common frames omitted
23:53:17.619 WARN  vert.x-eventloop-thread-0 DefaultChannelPipeline : An exceptionCaught() event was fired, and it reached at the tail of the pipeline. It usually means the last handler in the pipeline did not handle the exception.
io.netty.handler.codec.DecoderException: javax.net.ssl.SSLHandshakeException: Received fatal alert: certificate_unknown
	at io.netty.handler.codec.ByteToMessageDecoder.callDecode(ByteToMessageDecoder.java:459)
	at io.netty.handler.codec.ByteToMessageDecoder.channelRead(ByteToMessageDecoder.java:265)
	at io.netty.channel.AbstractChannelHandlerContext.invokeChannelRead(AbstractChannelHandlerContext.java:362)
	at io.netty.channel.AbstractChannelHandlerContext.invokeChannelRead(AbstractChannelHandlerContext.java:348)
	at io.netty.channel.AbstractChannelHandlerContext.fireChannelRead(AbstractChannelHandlerContext.java:340)
	at io.netty.channel.DefaultChannelPipeline$HeadContext.channelRead(DefaultChannelPipeline.java:1359)
	at io.netty.channel.AbstractChannelHandlerContext.invokeChannelRead(AbstractChannelHandlerContext.java:362)
	at io.netty.channel.AbstractChannelHandlerContext.invokeChannelRead(AbstractChannelHandlerContext.java:348)
	at io.netty.channel.DefaultChannelPipeline.fireChannelRead(DefaultChannelPipeline.java:935)
	at io.netty.channel.nio.AbstractNioByteChannel$NioByteUnsafe.read(AbstractNioByteChannel.java:134)
	at io.netty.channel.nio.NioEventLoop.processSelectedKey(NioEventLoop.java:645)
	at io.netty.channel.nio.NioEventLoop.processSelectedKeysOptimized(NioEventLoop.java:580)
	at io.netty.channel.nio.NioEventLoop.processSelectedKeys(NioEventLoop.java:497)
	at io.netty.channel.nio.NioEventLoop.run(NioEventLoop.java:459)
	at io.netty.util.concurrent.SingleThreadEventExecutor$5.run(SingleThreadEventExecutor.java:858)
	at java.lang.Thread.run(Thread.java:748)
Caused by: javax.net.ssl.SSLHandshakeException: Received fatal alert: certificate_unknown
	at sun.security.ssl.Alert.createSSLException(Alert.java:131)
	at sun.security.ssl.Alert.createSSLException(Alert.java:117)
	at sun.security.ssl.TransportContext.fatal(TransportContext.java:311)
	at sun.security.ssl.Alert$AlertConsumer.consume(Alert.java:293)
	at sun.security.ssl.TransportContext.dispatch(TransportContext.java:185)
	at sun.security.ssl.SSLTransport.decode(SSLTransport.java:149)
	at sun.security.ssl.SSLEngineImpl.decode(SSLEngineImpl.java:575)
	at sun.security.ssl.SSLEngineImpl.readRecord(SSLEngineImpl.java:531)
	at sun.security.ssl.SSLEngineImpl.unwrap(SSLEngineImpl.java:398)
	at sun.security.ssl.SSLEngineImpl.unwrap(SSLEngineImpl.java:377)
	at javax.net.ssl.SSLEngine.unwrap(SSLEngine.java:626)
	at io.netty.handler.ssl.SslHandler$SslEngineType$3.unwrap(SslHandler.java:281)
	at io.netty.handler.ssl.SslHandler.unwrap(SslHandler.java:1215)
	at io.netty.handler.ssl.SslHandler.decodeJdkCompatible(SslHandler.java:1127)
	at io.netty.handler.ssl.SslHandler.decode(SslHandler.java:1162)
	at io.netty.handler.codec.ByteToMessageDecoder.decodeRemovalReentryProtection(ByteToMessageDecoder.java:489)
	at io.netty.handler.codec.ByteToMessageDecoder.callDecode(ByteToMessageDecoder.java:428)
	... 15 common frames omitted
23:53:17.656 INFO  vert.x-eventloop-thread-0 BaseServiceProxy     : -> GET /sso/images/2fa.png,200|21ms
23:53:17.724 INFO  vert.x-eventloop-thread-0 BaseServiceProxy     : -> GET /images/2015/btn-app-apple.png,200|51ms
23:53:17.787 INFO  vert.x-eventloop-thread-0 BaseServiceProxy     : -> GET /images/2015/btn-app-google.png,200|23ms
23:53:17.829 INFO  vert.x-eventloop-thread-0 BaseServiceProxy     : -> GET /images/2015/btn-app-tws.png,200|26ms
23:53:17.887 INFO  vert.x-eventloop-thread-0 BaseServiceProxy     : -> GET /images/2015/button_discover_apis.png,200|48ms
23:53:18.180 INFO  vert.x-eventloop-thread-0 BaseServiceProxy     : -> GET /sso/CombineFiles,200|571ms
23:53:34.809 INFO  vert.x-eventloop-thread-0 BaseServiceProxy     : -> GET /sso/Authenticator;jsessionid=3CD45D566B98030F8324E33347B9E781.ny5wwwdam1-internet?567,200|262ms
23:53:44.052 INFO  vert.x-eventloop-thread-0 BaseServiceProxy     : -> GET /sso/Authenticator;jsessionid=3CD45D566B98030F8324E33347B9E781.ny5wwwdam1-internet?42850,200|234ms
23:53:44.053 INFO  vert.x-eventloop-thread-0 CookieManager        : set cookies [web=855219791; Domain=.ibkr.com; Expires=Thu, 08-Dec-2022 22:53:42 GMT; Path=/; Secure;Secure;SameSite=None]
23:53:44.055 DEBUG vert.x-eventloop-thread-0 BaseServiceProxy     : Remapping Set-cookies [web=855219791; Domain=.ibkr.com; Expires=Thu, 08-Dec-2022 22:53:42 GMT; Path=/; Secure;Secure;SameSite=None] -> 
23:53:44.250 INFO  vert.x-eventloop-thread-0 BaseServiceProxy     : -> GET /sso/Authenticator;jsessionid=3CD45D566B98030F8324E33347B9E781.ny5wwwdam1-internet?64663,200|132ms
23:53:44.389 INFO  vert.x-eventloop-thread-0 BaseServiceProxy     : -> GET /fonts/sourcesanspro-regular-webfont.woff2,200|47ms
23:53:44.427 INFO  vert.x-eventloop-thread-0 BaseServiceProxy     : -> GET /sso/Authenticator;jsessionid=3CD45D566B98030F8324E33347B9E781.ny5wwwdam1-internet?82475,200|135ms
23:53:44.475 INFO  vert.x-eventloop-thread-0 BaseServiceProxy     : -> GET /fonts/sourcesanspro-semibold-webfont.woff2,200|55ms
23:53:44.710 WARN  vert.x-eventloop-thread-0 DefaultChannelPipeline : An exceptionCaught() event was fired, and it reached at the tail of the pipeline. It usually means the last handler in the pipeline did not handle the exception.
io.netty.handler.codec.DecoderException: javax.net.ssl.SSLHandshakeException: Received fatal alert: certificate_unknown
	at io.netty.handler.codec.ByteToMessageDecoder.callDecode(ByteToMessageDecoder.java:459)
	at io.netty.handler.codec.ByteToMessageDecoder.channelRead(ByteToMessageDecoder.java:265)
	at io.netty.channel.AbstractChannelHandlerContext.invokeChannelRead(AbstractChannelHandlerContext.java:362)
	at io.netty.channel.AbstractChannelHandlerContext.invokeChannelRead(AbstractChannelHandlerContext.java:348)
	at io.netty.channel.AbstractChannelHandlerContext.fireChannelRead(AbstractChannelHandlerContext.java:340)
	at io.netty.channel.DefaultChannelPipeline$HeadContext.channelRead(DefaultChannelPipeline.java:1359)
	at io.netty.channel.AbstractChannelHandlerContext.invokeChannelRead(AbstractChannelHandlerContext.java:362)
	at io.netty.channel.AbstractChannelHandlerContext.invokeChannelRead(AbstractChannelHandlerContext.java:348)
	at io.netty.channel.DefaultChannelPipeline.fireChannelRead(DefaultChannelPipeline.java:935)
	at io.netty.channel.nio.AbstractNioByteChannel$NioByteUnsafe.read(AbstractNioByteChannel.java:134)
	at io.netty.channel.nio.NioEventLoop.processSelectedKey(NioEventLoop.java:645)
	at io.netty.channel.nio.NioEventLoop.processSelectedKeysOptimized(NioEventLoop.java:580)
	at io.netty.channel.nio.NioEventLoop.processSelectedKeys(NioEventLoop.java:497)
	at io.netty.channel.nio.NioEventLoop.run(NioEventLoop.java:459)
	at io.netty.util.concurrent.SingleThreadEventExecutor$5.run(SingleThreadEventExecutor.java:858)
	at java.lang.Thread.run(Thread.java:748)
Caused by: javax.net.ssl.SSLHandshakeException: Received fatal alert: certificate_unknown
	at sun.security.ssl.Alert.createSSLException(Alert.java:131)
	at sun.security.ssl.Alert.createSSLException(Alert.java:117)
	at sun.security.ssl.TransportContext.fatal(TransportContext.java:311)
	at sun.security.ssl.Alert$AlertConsumer.consume(Alert.java:293)
	at sun.security.ssl.TransportContext.dispatch(TransportContext.java:185)
	at sun.security.ssl.SSLTransport.decode(SSLTransport.java:149)
	at sun.security.ssl.SSLEngineImpl.decode(SSLEngineImpl.java:575)
	at sun.security.ssl.SSLEngineImpl.readRecord(SSLEngineImpl.java:531)
	at sun.security.ssl.SSLEngineImpl.unwrap(SSLEngineImpl.java:398)
	at sun.security.ssl.SSLEngineImpl.unwrap(SSLEngineImpl.java:377)
	at javax.net.ssl.SSLEngine.unwrap(SSLEngine.java:626)
	at io.netty.handler.ssl.SslHandler$SslEngineType$3.unwrap(SslHandler.java:281)
	at io.netty.handler.ssl.SslHandler.unwrap(SslHandler.java:1215)
	at io.netty.handler.ssl.SslHandler.decodeJdkCompatible(SslHandler.java:1127)
	at io.netty.handler.ssl.SslHandler.decode(SslHandler.java:1162)
	at io.netty.handler.codec.ByteToMessageDecoder.decodeRemovalReentryProtection(ByteToMessageDecoder.java:489)
	at io.netty.handler.codec.ByteToMessageDecoder.callDecode(ByteToMessageDecoder.java:428)
	... 15 common frames omitted
23:53:49.611 INFO  vert.x-eventloop-thread-0 BaseServiceProxy     : -> GET /sso/Authenticator;jsessionid=3CD45D566B98030F8324E33347B9E781.ny5wwwdam1-internet?90521,200|129ms
23:53:54.861 INFO  vert.x-eventloop-thread-0 BaseServiceProxy     : -> GET /sso/Authenticator;jsessionid=3CD45D566B98030F8324E33347B9E781.ny5wwwdam1-internet?84350,200|230ms
23:54:00.114 INFO  vert.x-eventloop-thread-0 BaseServiceProxy     : -> GET /sso/Authenticator;jsessionid=3CD45D566B98030F8324E33347B9E781.ny5wwwdam1-internet?97704,200|218ms
23:54:05.366 INFO  vert.x-eventloop-thread-0 BaseServiceProxy     : -> GET /sso/Authenticator;jsessionid=3CD45D566B98030F8324E33347B9E781.ny5wwwdam1-internet?72570,200|220ms
23:54:10.653 INFO  vert.x-eventloop-thread-0 BaseServiceProxy     : -> GET /sso/Authenticator;jsessionid=3CD45D566B98030F8324E33347B9E781.ny5wwwdam1-internet?41854,200|260ms
23:54:11.021 INFO  vert.x-eventloop-thread-0 BaseServiceProxy     : -> GET /sso/Dispatcher;jsessionid=3CD45D566B98030F8324E33347B9E781.ny5wwwdam1-internet,302|317ms
23:54:11.022 INFO  vert.x-eventloop-thread-0 CookieManager        : set cookies [USERID=55063482; Domain=.ibkr.com; Path=/;Secure;SameSite=None, REGION=us; Domain=.ibkr.com; Path=/;Secure;HttpOnly;SameSite=None, USERID=55063482; Domain=.interactiveadvisors.com; Path=/; Secure;Secure;SameSite=None, REGION=us; Domain=.interactiveadvisors.com; Path=/; Secure;Secure;HttpOnly;SameSite=None, XYZAB_AM.LOGIN=9fa2d2bf526f1bd322b5e8bd25e4c18ce396ca31; Domain=.interactiveadvisors.com; Path=/; Secure;Secure;SameSite=None, XYZAB=9fa2d2bf526f1bd322b5e8bd25e4c18ce396ca31; Domain=.interactiveadvisors.com; Path=/; Secure;Secure;SameSite=None]
23:54:11.022 DEBUG vert.x-eventloop-thread-0 BaseServiceProxy     : Remapping Set-cookies [USERID=55063482; Domain=.ibkr.com; Path=/;Secure;SameSite=None, REGION=us; Domain=.ibkr.com; Path=/;Secure;HttpOnly;SameSite=None, USERID=55063482; Domain=.interactiveadvisors.com; Path=/; Secure;Secure;SameSite=None, REGION=us; Domain=.interactiveadvisors.com; Path=/; Secure;Secure;HttpOnly;SameSite=None, XYZAB_AM.LOGIN=9fa2d2bf526f1bd322b5e8bd25e4c18ce396ca31; Domain=.interactiveadvisors.com; Path=/; Secure;Secure;SameSite=None, XYZAB=9fa2d2bf526f1bd322b5e8bd25e4c18ce396ca31; Domain=.interactiveadvisors.com; Path=/; Secure;Secure;SameSite=None] -> 
23:54:11.025 INFO  vert.x-eventloop-thread-0 GatewayHttpProxy     : Client login succeeds
23:54:11.042 INFO  vert.x-eventloop-thread-0 AmService            : authenticating with AM https://api.ibkr.com/AccountManagement/OneBarAuthentication?json=1
23:54:11.294 INFO  vert.x-eventloop-thread-0 BaseServiceProxy     : -> GET /AccountManagement/OneBarAuthentication?json=1,404|248ms
23:54:11.309 WARN  vert.x-eventloop-thread-0 BaseServiceProxy     : failed /AccountManagement/OneBarAuthentication?json=1 | reason <!DOCTYPE HTML PUBLIC "-//IETF//DTD HTML 2.0//EN">
<html><head>
<title>404 Not Found</title>
</head><body>
<h1>Not Found</h1>
<p>The requested URL was not found on this server.</p>
<p>Additionally, a 404 Not Found
error was encountered while trying to use an ErrorDocument to handle the request.</p>
</body></html>

23:54:11.316 ERROR vert.x-eventloop-thread-0 AmService            : am authentication failed
io.vertx.core.impl.NoStackTraceThrowable: <!DOCTYPE HTML PUBLIC "-//IETF//DTD HTML 2.0//EN">
<html><head>
<title>404 Not Found</title>
</head><body>
<h1>Not Found</h1>
<p>The requested URL was not found on this server.</p>
<p>Additionally, a 404 Not Found
error was encountered while trying to use an ErrorDocument to handle the request.</p>
</body></html>

23:54:11.317 WARN  vert.x-eventloop-thread-0 BaseServiceProxy     : failed /AccountManagement/OneBarAuthentication?json=1 | reason 404
23:54:11.318 ERROR vert.x-eventloop-thread-0 AmService            : am authentication failed
io.vertx.core.impl.NoStackTraceThrowable: 404
23:54:11.346 INFO  vert.x-eventloop-thread-0 BaseServiceProxy     : -> GET /v1/api/sso/validate?gw=1,200|315ms
23:54:11.349 DEBUG vert.x-eventloop-thread-0 ClientPortalService  : portal validate response: {"SFT":"5.2a","LOGIN_TYPE":1,"LANDING_APP":"AM","IS_PENDING_APPLICANT":false,"SF_ENABLED":true,"AUTH_TIME":1639004045182,"CREDENTIAL":"fire202x","SF_CONFIG":"5.2a","USER_NAME":"fire202x","CREDENTIAL_TYPE":0,"RESULT":true,"IS_FREE_TRIAL":false,"IP":"81.221.196.91","USER_ID":55063482,"EXPIRES":1639004049624,"TOKEN":"9fa2d2bf526f1bd322b5e8bd25e4c18ce396ca31","took":110,"features":{"env":"PROD","wlms":true,"realtime":true,"bond":true,"optionChains":true,"calendar":true,"newMf":true}}
23:54:12.013 INFO  vert.x-eventloop-thread-0 GatewayHttpProxy     : authenticated to cp
23:54:12.014 DEBUG vert.x-eventloop-thread-0 BaseServiceProxy     : cancel timer SsoService 0
23:54:12.014 DEBUG vert.x-eventloop-thread-0 BaseServiceProxy     : start timer 300000 SsoService
23:54:12.019 DEBUG vert.x-eventloop-thread-0 BaseServiceProxy     : forward event ON_SSO_VALIDATION, payload 55063482
23:54:12.281 INFO  vert.x-eventloop-thread-0 SsoService           : sso init status=200, url=https://api.ibkr.com/sso/AuthenticateSSODH?ACTION=INIT
23:54:12.299 DEBUG vert.x-eventloop-thread-0 SsoService           : sso init reponse: <ib_auth_res>
<dh_params>
<hash>SHA-1</hash>
<p>8e956dc5ee737dfeaa6de8b7d2f2e115f79bc1540778abf395dc6e63549b1b1837be9e8a7c4677783080c379f30e3c2a259d55bbdad32806f6d4314bdeccc2a1</p>
<g>ba1e8a4b964a384627edeaa10ca37ff944e1280bd3de4f6104e7e9c02462390194620a6ef9a995fed01e3627ea155448a932ee40709e9371ba46309667c26645</g>
<A>2cfda353565e647f120672f742cabda16e680b58f22be9c2bf198e5a17e741f44c21f23b8785ea7c634c91af09f3e7a428d9d3fd0aac0f3684bb56be95cd21ac</A>
<challenge>46945a334ce950bc32455f6bba8ab14aec7aea3e</challenge>
<info></info>
</dh_params>
</ib_auth_res>

23:54:12.303 DEBUG vert.x-eventloop-thread-0 SsoService           : p 8e956dc5ee737dfeaa6de8b7d2f2e115f79bc1540778abf395dc6e63549b1b1837be9e8a7c4677783080c379f30e3c2a259d55bbdad32806f6d4314bdeccc2a1
23:54:12.317 DEBUG vert.x-eventloop-thread-0 SsoService           : K 28cbe336d21abee4f65a4d3c06ad3c7a506880fc
23:54:12.319 DEBUG vert.x-eventloop-thread-0 SsoService           : chlRes 6f7cefcff101ac0109237152cc67fbe967b40730
23:54:12.323 DEBUG vert.x-eventloop-thread-0 SsoService           : B 55f55abe587b310d1735908dd83d112115db6eb63ee1c965cd44221eefc9341beab06e5db6c7bbc7c5104bc65b186968e8dcf33b78980edfb805def55d1c976f
23:54:12.659 INFO  vert.x-eventloop-thread-0 SsoService           : sso complete url status=200, url=https://api.ibkr.com/sso/AuthenticateSSODH?ACTION=COMPLETE&B=55f55abe587b310d1735908dd83d112115db6eb63ee1c965cd44221eefc9341beab06e5db6c7bbc7c5104bc65b186968e8dcf33b78980edfb805def55d1c976f&CHRESPONSE=6f7cefcff101ac0109237152cc67fbe967b40730
23:54:12.676 DEBUG vert.x-eventloop-thread-0 SsoService           : challenge reply:
<ib_auth_res>
<dh_params>
<enc>AES</enc>
<einfo>-69b90d4ac0247ae5490d34fa7ea1e7c8</einfo>
<info></info>
</dh_params>
</ib_auth_res>

23:54:12.679 DEBUG vert.x-eventloop-thread-0 BaseServiceProxy     : forward event ON_SSODH_COMPLETED, payload none
23:54:12.682 DEBUG vert.x-eventloop-thread-0 GatewayHttpProxy     : delaying authentication for 3000
23:54:12.834 INFO  vert.x-eventloop-thread-0 TstTokenUtils        : Current MAC address : F0-6E-0B-BD-A2-D6
23:54:12.839 DEBUG vert.x-eventloop-thread-0 SsoService           : tst token generated: a33c6c53dbd10abfa17cf821413ea2c8afd16e70
23:54:12.968 INFO  vert.x-eventloop-thread-0 SsoService           : publish tst token status=200, url=https://api.ibkr.com/sso/Authenticator?ACTION=PUBLISH_TST&RESP_TYPE=JSON&DEVICE_ID=3a5bf58d|F0-6E-0B-BD-A2-D6
23:54:12.969 DEBUG vert.x-eventloop-thread-0 SsoService           : publish tst token reply:
{"ST_EXPIRY_TIME":108000,"ST_EXPIRY_END":1639112051208,"USER_ID":55063482,"RESULT":true}
23:54:15.737 INFO  vert.x-eventloop-thread-0 BaseServiceProxy     : -> GET /v1/api/iserver/auth/status,200|38ms
23:54:15.739 DEBUG vert.x-eventloop-thread-0 ClientPortalService  : status {"authenticated":false,"competing":false,"connected":false,"MAC":"F4:03:43:E4:EF:C0"}
23:54:15.740 INFO  vert.x-eventloop-thread-0 ClientPortalService  : process auth status {"authenticated":false,"competing":false,"connected":false,"MAC":"F4:03:43:E4:EF:C0"}
23:54:15.820 DEBUG vert.x-eventloop-thread-0 ClientPortalService  : auth brokerage, k=28cbe336d21abee4f65a4d3c06ad3c7a506880fc, post={"username":"fire202x","machineId":"3bc30451","compete":true}
23:54:16.190 INFO  vert.x-eventloop-thread-0 BaseServiceProxy     : -> POST https://api.ibkr.com/v1/api/iserver/auth/ssodh/init,200|369ms
23:54:16.194 DEBUG vert.x-eventloop-thread-0 ClientPortalService  : iserver init : {"challenge":"efb781eb94b68dee5b81f753e6d05a2217ed8a3d"}
23:54:16.195 INFO  vert.x-eventloop-thread-0 ClientPortalService  : sending sso dh response, k=431fed87126ce3ecf2e4c0adf3c5e9fee2c92bdb
23:54:16.374 INFO  vert.x-eventloop-thread-0 BaseServiceProxy     : -> POST https://api.ibkr.com/v1/api/iserver/auth/ssodh/response,200|176ms
23:54:16.375 INFO  vert.x-eventloop-thread-0 ClientPortalService  : server sso dh response {"passed":true,"authenticated":true,"connected":true,"competing":false}
23:54:16.375 INFO  vert.x-eventloop-thread-0 ClientPortalService  : process auth status {"passed":true,"authenticated":true,"connected":true,"competing":false}
23:54:16.376 DEBUG vert.x-eventloop-thread-0 BaseServiceProxy     : start timer 30000 ClientPortalService
23:54:16.413 INFO  vert.x-eventloop-thread-0 BaseServiceProxy     : -> GET /v1/api/iserver/accounts,200|38ms
23:54:16.413 DEBUG vert.x-eventloop-thread-0 ClientPortalService  : iserver accounts {}
23:54:16.414 INFO  vert.x-eventloop-thread-0 BaseServiceProxy     : -> GET /v1/portal/iserver/auth/status,200|36ms
23:54:22.058 INFO  vert.x-eventloop-thread-0 BaseServiceProxy     : -> GET /v1/api/one/user,503|10044ms
23:54:22.059 WARN  vert.x-eventloop-thread-0 BaseServiceProxy     : failed /v1/api/one/user | reason 503
23:54:22.060 INFO  vert.x-eventloop-thread-0 ClientPortalService  : get user reply null
23:54:22.061 ERROR vert.x-eventloop-thread-0 ClientPortalService  : get user failed {}
io.vertx.core.impl.NoStackTraceThrowable: 503
23:54:46.425 INFO  vert.x-eventloop-thread-0 BaseServiceProxy     : -> GET /v1/api/tickle,200|40ms
23:54:46.428 DEBUG vert.x-eventloop-thread-0 ClientPortalService  : tickle {"session":"6f8f540608451e555ec2b21d86da0d29","ssoExpires":564920,"collission":false,"userId":55063482,"iserver":{"authStatus":{"authenticated":true,"competing":false,"connected":true,"message":"","MAC":"F4:03:43:E4:EF:C0"}}}
23:55:16.422 INFO  vert.x-eventloop-thread-0 BaseServiceProxy     : -> GET /v1/api/tickle,200|40ms
23:55:16.422 DEBUG vert.x-eventloop-thread-0 ClientPortalService  : tickle {"session":"6f8f540608451e555ec2b21d86da0d29","ssoExpires":534921,"collission":false,"userId":55063482,"iserver":{"authStatus":{"authenticated":true,"competing":false,"connected":true,"message":"","MAC":"F4:03:43:E4:EF:C0"}}}
23:55:32.533 INFO  vert.x-eventloop-thread-0 BaseServiceProxy     : -> GET /v1/portal/iserver/auth/status,200|39ms
23:55:46.415 INFO  vert.x-eventloop-thread-0 BaseServiceProxy     : -> GET /v1/api/tickle,200|39ms
23:55:46.415 DEBUG vert.x-eventloop-thread-0 ClientPortalService  : tickle {"session":"6f8f540608451e555ec2b21d86da0d29","ssoExpires":504928,"collission":false,"userId":55063482,"iserver":{"authStatus":{"authenticated":true,"competing":false,"connected":true,"message":"","MAC":"F4:03:43:E4:EF:C0"}}}
23:56:16.418 INFO  vert.x-eventloop-thread-0 BaseServiceProxy     : -> GET /v1/api/tickle,200|41ms
23:56:16.419 DEBUG vert.x-eventloop-thread-0 ClientPortalService  : tickle {"session":"6f8f540608451e555ec2b21d86da0d29","ssoExpires":474925,"collission":false,"userId":55063482,"iserver":{"authStatus":{"authenticated":true,"competing":false,"connected":true,"message":"","MAC":"F4:03:43:E4:EF:C0"}}}
23:56:30.784 INFO  vert.x-eventloop-thread-0 BaseServiceProxy     : -> GET /v1/portal/iserver/auth/status,200|33ms
23:56:46.444 INFO  vert.x-eventloop-thread-0 BaseServiceProxy     : -> GET /v1/api/tickle,200|63ms
23:56:46.446 DEBUG vert.x-eventloop-thread-0 ClientPortalService  : tickle {"session":"6f8f540608451e555ec2b21d86da0d29","ssoExpires":444905,"collission":false,"userId":55063482,"iserver":{"authStatus":{"authenticated":true,"competing":false,"connected":true,"message":"","MAC":"F4:03:43:E4:EF:C0"}}}
23:57:16.438 INFO  vert.x-eventloop-thread-0 BaseServiceProxy     : -> GET /v1/api/tickle,200|59ms
23:57:16.440 DEBUG vert.x-eventloop-thread-0 ClientPortalService  : tickle {"session":"6f8f540608451e555ec2b21d86da0d29","ssoExpires":414922,"collission":false,"userId":55063482,"iserver":{"authStatus":{"authenticated":true,"competing":false,"connected":true,"message":"","MAC":"F4:03:43:E4:EF:C0"}}}
23:57:46.431 INFO  vert.x-eventloop-thread-0 BaseServiceProxy     : -> GET /v1/api/tickle,200|54ms
23:57:46.432 DEBUG vert.x-eventloop-thread-0 ClientPortalService  : tickle {"session":"6f8f540608451e555ec2b21d86da0d29","ssoExpires":384923,"collission":false,"userId":55063482,"iserver":{"authStatus":{"authenticated":true,"competing":false,"connected":true,"message":"","MAC":"F4:03:43:E4:EF:C0"}}}
23:58:16.431 INFO  vert.x-eventloop-thread-0 BaseServiceProxy     : -> GET /v1/api/tickle,200|45ms
23:58:16.433 DEBUG vert.x-eventloop-thread-0 ClientPortalService  : tickle {"session":"6f8f540608451e555ec2b21d86da0d29","ssoExpires":354915,"collission":false,"userId":55063482,"iserver":{"authStatus":{"authenticated":true,"competing":false,"connected":true,"message":"","MAC":"F4:03:43:E4:EF:C0"}}}
23:58:46.416 INFO  vert.x-eventloop-thread-0 BaseServiceProxy     : -> GET /v1/api/tickle,200|35ms
23:58:46.417 DEBUG vert.x-eventloop-thread-0 ClientPortalService  : tickle {"session":"6f8f540608451e555ec2b21d86da0d29","ssoExpires":324931,"collission":false,"userId":55063482,"iserver":{"authStatus":{"authenticated":true,"competing":false,"connected":true,"message":"","MAC":"F4:03:43:E4:EF:C0"}}}
23:58:55.623 INFO  vert.x-eventloop-thread-0 BaseServiceProxy     : -> GET /v1/portal/iserver/auth/status,200|40ms
23:59:12.238 INFO  vert.x-eventloop-thread-0 BaseServiceProxy     : -> GET /sso/ping,200|211ms
23:59:12.239 INFO  vert.x-eventloop-thread-0 SsoService           : sso ping {"result": "true"}
23:59:16.445 INFO  vert.x-eventloop-thread-0 BaseServiceProxy     : -> GET /v1/api/tickle,200|68ms
23:59:16.448 DEBUG vert.x-eventloop-thread-0 ClientPortalService  : tickle {"session":"6f8f540608451e555ec2b21d86da0d29","ssoExpires":294904,"collission":false,"userId":55063482,"iserver":{"authStatus":{"authenticated":true,"competing":false,"connected":true,"message":"","MAC":"F4:03:43:E4:EF:C0"}}}
23:59:46.419 INFO  vert.x-eventloop-thread-0 BaseServiceProxy     : -> GET /v1/api/tickle,200|38ms
23:59:46.425 DEBUG vert.x-eventloop-thread-0 ClientPortalService  : tickle {"session":"6f8f540608451e555ec2b21d86da0d29","ssoExpires":264930,"collission":false,"userId":55063482,"iserver":{"authStatus":{"authenticated":true,"competing":false,"connected":true,"message":"","MAC":"F4:03:43:E4:EF:C0"}}}
