-> request: /sso/ping
-> request: /sso/ping
-> request: /sso/ping
-> request: /sso/ping
-> request: /sso/ping
-> request: /sso/ping
-> request: /sso/ping
-> request: /sso/ping
-> request: /sso/ping
-> request: /sso/ping
-> request: /sso/ping
-> request: /sso/ping
-> GET /sso/ping,200|830ms
-> GET /sso/ping,200|889ms
-> GET /sso/ping,200|890ms
-> GET /sso/ping,200|890ms
-> GET /sso/ping,200|893ms
-> GET /sso/ping,200|980ms
-> GET /sso/ping,200|36116ms
-> request: /sso/ping
-> request: /sso/ping
-> request: /sso/ping
-> request: /sso/ping
-> request: /sso/ping
-> request: /sso/ping
-> request: /sso/ping
-> request: /sso/ping
-> request: /sso/ping
-> request: /sso/ping
-> request: /sso/ping
-> request: /sso/ping
-> GET /sso/ping,200|891ms
-> GET /sso/ping,200|824ms
-> GET /sso/ping,200|516ms
-> GET /sso/ping,200|513ms
-> GET /sso/ping,200|523ms
-> GET /sso/ping,200|523ms
-> GET /sso/ping,200|523ms
-> GET /sso/ping,200|632ms
-> GET /sso/ping,200|632ms
-> GET /sso/ping,200|633ms
-> request: /sso/ping
-> request: /sso/ping
-> request: /sso/ping
-> request: /sso/ping
-> request: /sso/ping
-> GET /sso/ping,200|425ms
-> request: /sso/ping
-> GET /sso/ping,200|116ms
-> request: /sso/ping
-> request: /sso/ping
-> request: /sso/ping
-> request: /sso/ping
-> request: /sso/ping
-> request: /sso/ping
-> GET /sso/ping,200|336ms
-> GET /sso/ping,200|190ms
-> GET /sso/ping,200|186ms
-> GET /sso/ping,200|250ms
-> GET /sso/ping,200|259ms
-> request: /sso/ping
-> request: /sso/ping
-> request: /sso/ping
-> request: /sso/ping
-> request: /sso/ping
-> request: /sso/ping
-> request: /sso/ping
-> request: /sso/ping
-> request: /sso/ping
-> request: /sso/ping
-> request: /sso/ping
-> request: /sso/ping
-> request: /sso/ping
-> request: /sso/ping
-> request: /sso/ping
-> request: /sso/ping
-> request: /sso/ping
-> request: /sso/ping
-> request: /sso/ping
-> request: /sso/ping
-> request: /sso/ping
-> request: /sso/ping
-> request: /sso/ping
-> request: /sso/ping
-> request: /sso/ping
-> request: /sso/ping
-> request: /sso/ping
-> request: /sso/ping
-> request: /sso/ping
-> request: /sso/ping
-> request: /sso/ping
-> request: /sso/ping
-> request: /sso/ping
-> request: /sso/ping
-> request: /sso/ping
-> request: /sso/ping
-> GET /sso/ping,200|492ms
-> GET /sso/ping,200|414ms
-> GET /sso/ping,200|445ms
-> GET /sso/ping,200|499ms
-> GET /sso/ping,200|497ms
-> GET /sso/ping,200|500ms
-> GET /sso/ping,200|533ms
-> GET /sso/ping,200|563ms
-> GET /sso/ping,200|608ms
-> GET /sso/ping,200|610ms
-> GET /sso/ping,200|615ms
-> GET /sso/ping,200|649ms
-> request: /sso/ping
-> request: /sso/ping
-> request: /sso/ping
-> request: /sso/ping
-> request: /sso/ping
-> request: /sso/ping
-> request: /sso/ping
-> request: /sso/ping
-> request: /sso/ping
-> request: /sso/ping
-> request: /sso/ping
-> request: /sso/ping
-> GET /sso/ping,200|477ms
-> GET /sso/ping,200|347ms
-> GET /sso/ping,200|346ms
-> GET /sso/ping,200|447ms
-> GET /sso/ping,200|467ms
-> GET /sso/ping,200|459ms
-> GET /sso/ping,200|457ms
-> request: /sso/ping
-> request: /sso/ping
-> request: /sso/ping
-> request: /sso/ping
-> request: /sso/ping
-> request: /sso/ping
-> request: /sso/ping
-> request: /sso/ping
-> request: /sso/ping
-> request: /sso/ping
-> request: /sso/ping
-> request: /sso/ping
-> GET /sso/ping,200|310ms
-> GET /sso/ping,200|339ms
-> GET /sso/ping,200|345ms
-> GET /sso/ping,200|410ms
-> GET /sso/ping,200|419ms
-> GET /sso/ping,200|416ms
-> GET /sso/ping,200|504ms
-> request: /sso/ping
-> request: /sso/ping
-> request: /sso/ping
-> request: /sso/ping
-> request: /sso/ping
-> request: /sso/ping
-> request: /sso/ping
-> request: /sso/ping
-> request: /sso/ping
-> request: /sso/ping
-> request: /sso/ping
-> request: /sso/ping
-> GET /sso/ping,200|493ms
-> GET /sso/ping,200|602ms
-> GET /sso/ping,200|605ms
-> GET /sso/ping,200|654ms
-> GET /sso/ping,200|655ms
-> GET /sso/ping,200|695ms
-> GET /sso/ping,200|747ms
-> request: /sso/ping
-> request: /sso/ping
-> request: /sso/ping
-> request: /sso/ping
-> request: /sso/ping
-> request: /sso/ping
-> request: /sso/ping
-> request: /sso/ping
-> request: /sso/ping
-> request: /sso/ping
-> request: /sso/ping
-> request: /sso/ping
-> GET /sso/ping,200|400ms
-> GET /sso/ping,200|475ms
-> GET /sso/ping,200|549ms
-> GET /sso/ping,200|561ms
-> GET /sso/ping,200|570ms
-> GET /sso/ping,200|584ms
-> GET /sso/ping,200|621ms
-> request: /sso/ping
-> request: /sso/ping
-> request: /sso/ping
-> request: /sso/ping
-> request: /sso/ping
-> request: /sso/ping
-> request: /sso/ping
-> GET /sso/ping,200|2136ms
-> GET /sso/ping,200|2251ms
-> GET /v1/portal/iserver/auth/status
<- 401 GET /v1/portal/iserver/auth/status
-> request: /sso/ping
-> GET /sso/ping,200|219ms
-> request: /sso/ping
-> GET /sso/ping,200|570ms
-> request: /sso/ping
-> GET /sso/ping,200|1015ms
-> request: /sso/ping
-> request: /sso/ping
-> request: /sso/ping
-> GET /sso/ping,200|2296ms
-> GET /v1/portal/iserver/auth/status
uri /v1/portal/iserver/auth/status failed
java.io.IOException: An existing connection was forcibly closed by the remote host
	at sun.nio.ch.SocketDispatcher.read0(Native Method) ~[na:1.8.0_282]
	at sun.nio.ch.SocketDispatcher.read(SocketDispatcher.java:43) ~[na:1.8.0_282]
	at sun.nio.ch.IOUtil.readIntoNativeBuffer(IOUtil.java:223) ~[na:1.8.0_282]
	at sun.nio.ch.IOUtil.read(IOUtil.java:192) ~[na:1.8.0_282]
	at sun.nio.ch.SocketChannelImpl.read(SocketChannelImpl.java:379) ~[na:1.8.0_282]
	at io.netty.buffer.PooledUnsafeDirectByteBuf.setBytes(PooledUnsafeDirectByteBuf.java:288) ~[netty-buffer-4.1.15.Final.jar:4.1.15.Final]
	at io.netty.buffer.AbstractByteBuf.writeBytes(AbstractByteBuf.java:1106) ~[netty-buffer-4.1.15.Final.jar:4.1.15.Final]
	at io.netty.channel.socket.nio.NioSocketChannel.doReadBytes(NioSocketChannel.java:373) ~[netty-transport-4.1.15.Final.jar:4.1.15.Final]
	at io.netty.channel.nio.AbstractNioByteChannel$NioByteUnsafe.read(AbstractNioByteChannel.java:123) ~[netty-transport-4.1.15.Final.jar:4.1.15.Final]
	at io.netty.channel.nio.NioEventLoop.processSelectedKey(NioEventLoop.java:645) ~[netty-transport-4.1.15.Final.jar:4.1.15.Final]
	at io.netty.channel.nio.NioEventLoop.processSelectedKeysOptimized(NioEventLoop.java:580) ~[netty-transport-4.1.15.Final.jar:4.1.15.Final]
	at io.netty.channel.nio.NioEventLoop.processSelectedKeys(NioEventLoop.java:497) ~[netty-transport-4.1.15.Final.jar:4.1.15.Final]
	at io.netty.channel.nio.NioEventLoop.run(NioEventLoop.java:459) ~[netty-transport-4.1.15.Final.jar:4.1.15.Final]
	at io.netty.util.concurrent.SingleThreadEventExecutor$5.run(SingleThreadEventExecutor.java:858) ~[netty-common-4.1.15.Final.jar:4.1.15.Final]
	at java.lang.Thread.run(Thread.java:748) ~[na:1.8.0_282]
