-> GET /v1/portal/iserver/auth/status
<- 401 GET /v1/portal/iserver/auth/status
-> GET /sso/Login?forwardTo=22&RL=1&ip2loc=on
<- 200 GET /sso/Login?forwardTo=22&RL=1&ip2loc=on
-> GET /sso/Templates/otp-responsive.css?1638200952195
-> GET /scripts/common/js/jquery-3.4.1/jquery.min.js
<- 200 GET /sso/Templates/otp-responsive.css?1638200952195
-> GET /scripts/common/js/jquery-ui-1.12.1/jquery-ui.min.js
<- 200 GET /scripts/common/js/jquery-ui-1.12.1/jquery-ui.min.js
<- 200 GET /scripts/common/js/jquery-3.4.1/jquery.min.js
-> GET /scripts/common/js/bootstrap-4.3.1/bootstrap.bundle.min.js
<- 200 GET /scripts/common/js/bootstrap-4.3.1/bootstrap.bundle.min.js
-> GET /scripts/common/js/icheck-1.0.2/icheck-init.js
-> GET /sso/CombineFiles
<- 200 GET /scripts/common/js/icheck-1.0.2/icheck-init.js
-> GET /scripts/common/js/bootstrap-switch-3.3.2/bootstrap-switch.min.js
<- 200 GET /scripts/common/js/bootstrap-switch-3.3.2/bootstrap-switch.min.js
-> GET /scripts/common/js/switchery/switchery.min.js
<- 200 GET /scripts/common/js/switchery/switchery.min.js
-> GET /scripts/common/js/switchery/switchery-init.js
<- 200 GET /scripts/common/js/switchery/switchery-init.js
-> GET /scripts/common/js/icheck-1.0.2/icheck.min.js
<- 200 GET /scripts/common/js/icheck-1.0.2/icheck.min.js
-> GET /sso/images/2fa.png
<- 200 GET /sso/images/2fa.png
-> GET /images/2015/btn-app-apple.png
<- 200 GET /images/2015/btn-app-apple.png
-> GET /images/2015/btn-app-google.png
<- 200 GET /images/2015/btn-app-google.png
-> GET /images/2015/btn-app-tws.png
<- 200 GET /images/2015/btn-app-tws.png
-> GET /images/2015/button_discover_apis.png
<- 200 GET /images/2015/button_discover_apis.png
<- 200 GET /sso/CombineFiles
-> GET /images/web/favicons/home-screen-icon-128x128.png
<- 200 GET /images/web/favicons/home-screen-icon-128x128.png
-> POST /sso/Authenticator;jsessionid=4F2B6F975476DF6DE91D2055A81DFB82.ny5wwwdam1-internet?38182
<- 200 POST /sso/Authenticator;jsessionid=4F2B6F975476DF6DE91D2055A81DFB82.ny5wwwdam1-internet?38182
-> POST /sso/Authenticator;jsessionid=4F2B6F975476DF6DE91D2055A81DFB82.ny5wwwdam1-internet?59491
<- 200 POST /sso/Authenticator;jsessionid=4F2B6F975476DF6DE91D2055A81DFB82.ny5wwwdam1-internet?59491
-> POST /sso/Dispatcher;jsessionid=4F2B6F975476DF6DE91D2055A81DFB82.ny5wwwdam1-internet
<- 302 POST /sso/Dispatcher;jsessionid=4F2B6F975476DF6DE91D2055A81DFB82.ny5wwwdam1-internet
-> request: /v1/api/sso/validate?gw=1
-> request: /AccountManagement/OneBarAuthentication?json=1
-> GET /AccountManagement/OneBarAuthentication?json=1,404|107ms
-> GET /v1/api/sso/validate?gw=1,200|183ms
-> request: /v1/api/one/user
-> request: /sso/AuthenticateSSODH?ACTION=INIT
-> sso GET https://api.ibkr.com/sso/AuthenticateSSODH?ACTION=INIT
-> request: /sso/AuthenticateSSODH?ACTION=COMPLETE&B=6a63cdaa18d6f873ddf47a22910210677b16647dc7edfa679a4b1b31aa60f4b04238782d031f40fe3434213408a7b264e0445cec4ef5d33533cca8c8a3aab291&CHRESPONSE=f47290e21549fe81715d4ac4a1a75086fc32bfc9
-> sso GET https://api.ibkr.com/sso/AuthenticateSSODH?ACTION=COMPLETE&B=6a63cdaa18d6f873ddf47a22910210677b16647dc7edfa679a4b1b31aa60f4b04238782d031f40fe3434213408a7b264e0445cec4ef5d33533cca8c8a3aab291&CHRESPONSE=f47290e21549fe81715d4ac4a1a75086fc32bfc9
-> request: /sso/Authenticator?ACTION=PUBLISH_TST&RESP_TYPE=JSON&DEVICE_ID=21ca5dd7|F0-6E-0B-BD-A2-D6
-> sso GET https://api.ibkr.com/sso/Authenticator?ACTION=PUBLISH_TST&RESP_TYPE=JSON&DEVICE_ID=21ca5dd7|F0-6E-0B-BD-A2-D6
<- 200 GET https://api.ibkr.com/sso/Authenticator?ACTION=PUBLISH_TST&RESP_TYPE=JSON&DEVICE_ID=21ca5dd7|F0-6E-0B-BD-A2-D6 0
-> request: /v1/api/iserver/auth/status
-> GET /v1/api/iserver/auth/status,200|37ms
-> request: /v1/api/iserver/auth/ssodh/init
-> POST https://api.ibkr.com/v1/api/iserver/auth/ssodh/init,200|334ms
-> request: /v1/api/iserver/auth/ssodh/response
-> POST https://api.ibkr.com/v1/api/iserver/auth/ssodh/response,200|134ms
-> request: /v1/api/iserver/accounts
-> GET /v1/api/iserver/accounts,200|40ms
-> GET /v1/api/one/user,503|10052ms
-> request: /v1/api/tickle
-> GET /v1/api/tickle,200|35ms
-> request: /v1/api/tickle
-> GET /v1/api/tickle,200|39ms
-> request: /v1/api/tickle
-> GET /v1/api/tickle,200|45ms
-> request: /v1/api/tickle
-> GET /v1/api/tickle,200|40ms
-> request: /v1/api/tickle
-> GET /v1/api/tickle,200|64ms
-> request: /v1/api/tickle
-> GET /v1/api/tickle,200|37ms
-> GET /v1/portal/iserver/auth/status
<- 401 GET /v1/portal/iserver/auth/status
-> GET /sso/Login?forwardTo=22&RL=1&ip2loc=on
<- 200 GET /sso/Login?forwardTo=22&RL=1&ip2loc=on
-> GET /sso/Templates/otp-responsive.css?1638201285485
-> GET /scripts/common/js/jquery-3.4.1/jquery.min.js
<- 200 GET /sso/Templates/otp-responsive.css?1638201285485
-> GET /scripts/common/js/jquery-ui-1.12.1/jquery-ui.min.js
<- 200 GET /scripts/common/js/jquery-3.4.1/jquery.min.js
<- 200 GET /scripts/common/js/jquery-ui-1.12.1/jquery-ui.min.js
-> GET /scripts/common/js/bootstrap-4.3.1/bootstrap.bundle.min.js
-> GET /scripts/common/js/bootstrap-switch-3.3.2/bootstrap-switch.min.js
<- 200 GET /scripts/common/js/bootstrap-4.3.1/bootstrap.bundle.min.js
<- 200 GET /scripts/common/js/bootstrap-switch-3.3.2/bootstrap-switch.min.js
-> GET /scripts/common/js/switchery/switchery.min.js
-> GET /scripts/common/js/switchery/switchery-init.js
<- 200 GET /scripts/common/js/switchery/switchery-init.js
<- 200 GET /scripts/common/js/switchery/switchery.min.js
-> GET /scripts/common/js/icheck-1.0.2/icheck-init.js
-> GET /sso/CombineFiles
<- 200 GET /scripts/common/js/icheck-1.0.2/icheck-init.js
-> GET /scripts/common/js/icheck-1.0.2/icheck.min.js
<- 200 GET /scripts/common/js/icheck-1.0.2/icheck.min.js
-> GET /sso/images/2fa.png
<- 200 GET /sso/images/2fa.png
-> GET /images/2015/btn-app-apple.png
<- 200 GET /images/2015/btn-app-apple.png
-> GET /images/2015/btn-app-google.png
<- 200 GET /images/2015/btn-app-google.png
-> GET /images/2015/btn-app-tws.png
<- 200 GET /images/2015/btn-app-tws.png
-> GET /images/2015/button_discover_apis.png
<- 200 GET /images/2015/button_discover_apis.png
<- 200 GET /sso/CombineFiles
-> POST /sso/Authenticator;jsessionid=CB211E95D13F0BDEE976F901D5388436.ny5wwwdam1-internet?22595
<- 200 POST /sso/Authenticator;jsessionid=CB211E95D13F0BDEE976F901D5388436.ny5wwwdam1-internet?22595
-> POST /sso/Authenticator;jsessionid=CB211E95D13F0BDEE976F901D5388436.ny5wwwdam1-internet?10688
<- 200 POST /sso/Authenticator;jsessionid=CB211E95D13F0BDEE976F901D5388436.ny5wwwdam1-internet?10688
-> POST /sso/Dispatcher;jsessionid=CB211E95D13F0BDEE976F901D5388436.ny5wwwdam1-internet
<- 200 POST /sso/Dispatcher;jsessionid=CB211E95D13F0BDEE976F901D5388436.ny5wwwdam1-internet
-> GET /sso/Templates/otp-responsive.css?1638201300643
-> GET /sso/CombineFiles
<- 200 GET /sso/Templates/otp-responsive.css?1638201300643
<- 200 GET /sso/CombineFiles
-> POST /sso/Authenticator?49547
<- 200 POST /sso/Authenticator?49547
-> POST /sso/Authenticator?37851
<- 200 POST /sso/Authenticator?37851
-> POST /sso/Dispatcher
<- 302 POST /sso/Dispatcher
-> request: /v1/api/sso/validate?gw=1
-> request: /AccountManagement/OneBarAuthentication?json=1
-> GET /AccountManagement/OneBarAuthentication?json=1,404|227ms
-> GET /v1/api/sso/validate?gw=1,200|318ms
-> request: /v1/api/one/user
-> request: /sso/AuthenticateSSODH?ACTION=INIT
-> sso GET https://api.ibkr.com/sso/AuthenticateSSODH?ACTION=INIT
-> GET /v1/api/one/user,200|48ms
-> request: /sso/AuthenticateSSODH?ACTION=COMPLETE&B=5da925cfa191eeeedf50e50062e3bd005dff573102fe7ce28f4c382df924bf174dfc49c886c562f92c9457f0d4bc3d4aac77a420822f96372b8779f6913ac01f&CHRESPONSE=5c0c6f93e60d094bc117e46d41db7f283cf1716c
-> sso GET https://api.ibkr.com/sso/AuthenticateSSODH?ACTION=COMPLETE&B=5da925cfa191eeeedf50e50062e3bd005dff573102fe7ce28f4c382df924bf174dfc49c886c562f92c9457f0d4bc3d4aac77a420822f96372b8779f6913ac01f&CHRESPONSE=5c0c6f93e60d094bc117e46d41db7f283cf1716c
-> request: /sso/Authenticator?ACTION=PUBLISH_TST&RESP_TYPE=JSON&DEVICE_ID=41717c17|F0-6E-0B-BD-A2-D6
-> sso GET https://api.ibkr.com/sso/Authenticator?ACTION=PUBLISH_TST&RESP_TYPE=JSON&DEVICE_ID=41717c17|F0-6E-0B-BD-A2-D6
<- 200 GET https://api.ibkr.com/sso/Authenticator?ACTION=PUBLISH_TST&RESP_TYPE=JSON&DEVICE_ID=41717c17|F0-6E-0B-BD-A2-D6 0
-> request: /v1/api/iserver/auth/status
-> GET /v1/api/iserver/auth/status,200|43ms
-> request: /v1/api/iserver/accounts
-> GET /v1/api/iserver/accounts,200|58ms
-> GET /v1/portal/iserver/auth/status
<- 200 GET /v1/portal/iserver/auth/status
-> POST /v1/portal/iserver/auth/status
<- 200 POST /v1/portal/iserver/auth/status
-> GET /v1/portal/iserver/accounts
<- 200 GET /v1/portal/iserver/accounts
-> request: /v1/api/tickle
-> GET /v1/api/tickle,200|66ms
-> GET /v1/portal/iserver/account/orders
<- 200 GET /v1/portal/iserver/account/orders
-> GET /v1/portal/iserver/account/orders
<- 200 GET /v1/portal/iserver/account/orders
-> GET /v1/portal/portfolio/DU2971300/ledger
<- 200 GET /v1/portal/portfolio/DU2971300/ledger
-> GET /v1/portal/portfolio/DU2971300/positions/0
<- 200 GET /v1/portal/portfolio/DU2971300/positions/0
-> POST /v1/portal/iserver/secdef/search
<- 200 POST /v1/portal/iserver/secdef/search
-> GET /v1/portal/iserver/marketdata/snapshot?conids=12087792&since=0&fields=31%2C84%2C86
<- 200 GET /v1/portal/iserver/marketdata/snapshot?conids=12087792&since=0&fields=31%2C84%2C86
-> GET /v1/portal/iserver/marketdata/snapshot?conids=12087792&since=0&fields=31%2C84%2C86
<- 200 GET /v1/portal/iserver/marketdata/snapshot?conids=12087792&since=0&fields=31%2C84%2C86
-> POST /v1/portal/iserver/secdef/search
<- 200 POST /v1/portal/iserver/secdef/search
-> GET /v1/portal/iserver/marketdata/snapshot?conids=12087802&since=0&fields=31%2C84%2C86
<- 200 GET /v1/portal/iserver/marketdata/snapshot?conids=12087802&since=0&fields=31%2C84%2C86
-> GET /v1/portal/iserver/marketdata/snapshot?conids=12087802&since=0&fields=31%2C84%2C86
<- 200 GET /v1/portal/iserver/marketdata/snapshot?conids=12087802&since=0&fields=31%2C84%2C86
-> POST /v1/portal/iserver/secdef/search
<- 200 POST /v1/portal/iserver/secdef/search
-> GET /v1/portal/iserver/marketdata/snapshot?conids=12087817&since=0&fields=31%2C84%2C86
<- 200 GET /v1/portal/iserver/marketdata/snapshot?conids=12087817&since=0&fields=31%2C84%2C86
-> GET /v1/portal/iserver/marketdata/snapshot?conids=12087817&since=0&fields=31%2C84%2C86
<- 200 GET /v1/portal/iserver/marketdata/snapshot?conids=12087817&since=0&fields=31%2C84%2C86
-> request: /v1/api/tickle
-> GET /v1/api/tickle,200|44ms
-> GET /v1/portal//iserver/contract/72065355/info-and-rules
<- 200 GET /v1/portal//iserver/contract/72065355/info-and-rules
-> GET /v1/portal/iserver/marketdata/snapshot?conids=72065355&since=0&fields=31%2C84%2C86
<- 200 GET /v1/portal/iserver/marketdata/snapshot?conids=72065355&since=0&fields=31%2C84%2C86
-> GET /v1/portal/iserver/marketdata/snapshot?conids=72065355&since=0&fields=31%2C84%2C86
<- 200 GET /v1/portal/iserver/marketdata/snapshot?conids=72065355&since=0&fields=31%2C84%2C86
-> GET /v1/portal//iserver/contract/72065355/info-and-rules
<- 200 GET /v1/portal//iserver/contract/72065355/info-and-rules
-> GET /v1/portal//iserver/contract/72065355/info-and-rules
<- 200 GET /v1/portal//iserver/contract/72065355/info-and-rules
-> GET /v1/portal//iserver/contract/150029461/info-and-rules
<- 200 GET /v1/portal//iserver/contract/150029461/info-and-rules
-> GET /v1/portal/iserver/marketdata/snapshot?conids=150029461&since=0&fields=31%2C84%2C86
<- 200 GET /v1/portal/iserver/marketdata/snapshot?conids=150029461&since=0&fields=31%2C84%2C86
-> GET /v1/portal/iserver/marketdata/snapshot?conids=150029461&since=0&fields=31%2C84%2C86
<- 200 GET /v1/portal/iserver/marketdata/snapshot?conids=150029461&since=0&fields=31%2C84%2C86
-> GET /v1/portal//iserver/contract/150029461/info-and-rules
<- 200 GET /v1/portal//iserver/contract/150029461/info-and-rules
-> GET /v1/portal//iserver/contract/150029461/info-and-rules
<- 200 GET /v1/portal//iserver/contract/150029461/info-and-rules
-> GET /v1/portal//iserver/contract/72065358/info-and-rules
<- 200 GET /v1/portal//iserver/contract/72065358/info-and-rules
-> GET /v1/portal/iserver/marketdata/snapshot?conids=72065358&since=0&fields=31%2C84%2C86
<- 200 GET /v1/portal/iserver/marketdata/snapshot?conids=72065358&since=0&fields=31%2C84%2C86
-> request: /v1/api/tickle
-> GET /v1/api/tickle,200|37ms
-> GET /v1/portal/iserver/marketdata/snapshot?conids=72065358&since=0&fields=31%2C84%2C86
<- 200 GET /v1/portal/iserver/marketdata/snapshot?conids=72065358&since=0&fields=31%2C84%2C86
-> GET /v1/portal//iserver/contract/72065358/info-and-rules
<- 200 GET /v1/portal//iserver/contract/72065358/info-and-rules
-> GET /v1/portal//iserver/contract/72065358/info-and-rules
<- 200 GET /v1/portal//iserver/contract/72065358/info-and-rules
-> GET /v1/portal//iserver/contract/56347260/info-and-rules
<- 200 GET /v1/portal//iserver/contract/56347260/info-and-rules
-> GET /v1/portal/iserver/marketdata/snapshot?conids=56347260&since=0&fields=31%2C84%2C86
<- 200 GET /v1/portal/iserver/marketdata/snapshot?conids=56347260&since=0&fields=31%2C84%2C86
-> GET /v1/portal/iserver/marketdata/snapshot?conids=56347260&since=0&fields=31%2C84%2C86
<- 200 GET /v1/portal/iserver/marketdata/snapshot?conids=56347260&since=0&fields=31%2C84%2C86
-> GET /v1/portal//iserver/contract/56347260/info-and-rules
<- 200 GET /v1/portal//iserver/contract/56347260/info-and-rules
-> GET /v1/portal//iserver/contract/56347260/info-and-rules
<- 200 GET /v1/portal//iserver/contract/56347260/info-and-rules
-> GET /v1/portal//iserver/contract/39622933/info-and-rules
<- 200 GET /v1/portal//iserver/contract/39622933/info-and-rules
-> GET /v1/portal/iserver/marketdata/snapshot?conids=39622933&since=0&fields=31%2C84%2C86
<- 200 GET /v1/portal/iserver/marketdata/snapshot?conids=39622933&since=0&fields=31%2C84%2C86
-> GET /v1/portal/iserver/marketdata/snapshot?conids=39622933&since=0&fields=31%2C84%2C86
<- 200 GET /v1/portal/iserver/marketdata/snapshot?conids=39622933&since=0&fields=31%2C84%2C86
-> GET /v1/portal//iserver/contract/39622933/info-and-rules
<- 200 GET /v1/portal//iserver/contract/39622933/info-and-rules
-> GET /v1/portal//iserver/contract/39622933/info-and-rules
<- 200 GET /v1/portal//iserver/contract/39622933/info-and-rules
-> request: /v1/api/tickle
-> GET /v1/api/tickle,200|56ms
-> GET /v1/portal//iserver/contract/42808839/info-and-rules
<- 200 GET /v1/portal//iserver/contract/42808839/info-and-rules
-> GET /v1/portal/iserver/marketdata/snapshot?conids=42808839&since=0&fields=31%2C84%2C86
<- 200 GET /v1/portal/iserver/marketdata/snapshot?conids=42808839&since=0&fields=31%2C84%2C86
-> GET /v1/portal/iserver/marketdata/snapshot?conids=42808839&since=0&fields=31%2C84%2C86
<- 200 GET /v1/portal/iserver/marketdata/snapshot?conids=42808839&since=0&fields=31%2C84%2C86
-> GET /v1/portal//iserver/contract/42808839/info-and-rules
<- 200 GET /v1/portal//iserver/contract/42808839/info-and-rules
-> GET /v1/portal//iserver/contract/42808839/info-and-rules
<- 200 GET /v1/portal//iserver/contract/42808839/info-and-rules
-> GET /v1/portal//iserver/contract/42808827/info-and-rules
<- 200 GET /v1/portal//iserver/contract/42808827/info-and-rules
-> GET /v1/portal/iserver/marketdata/snapshot?conids=42808827&since=0&fields=31%2C84%2C86
<- 200 GET /v1/portal/iserver/marketdata/snapshot?conids=42808827&since=0&fields=31%2C84%2C86
-> GET /v1/portal/iserver/marketdata/snapshot?conids=42808827&since=0&fields=31%2C84%2C86
<- 200 GET /v1/portal/iserver/marketdata/snapshot?conids=42808827&since=0&fields=31%2C84%2C86
-> GET /v1/portal//iserver/contract/42808827/info-and-rules
<- 200 GET /v1/portal//iserver/contract/42808827/info-and-rules
-> GET /v1/portal//iserver/contract/42808827/info-and-rules
<- 200 GET /v1/portal//iserver/contract/42808827/info-and-rules
-> GET /v1/portal//iserver/contract/265598/info-and-rules
<- 200 GET /v1/portal//iserver/contract/265598/info-and-rules
-> GET /v1/portal/iserver/marketdata/snapshot?conids=265598&since=0&fields=31%2C84%2C86
<- 200 GET /v1/portal/iserver/marketdata/snapshot?conids=265598&since=0&fields=31%2C84%2C86
-> GET /v1/portal/iserver/marketdata/snapshot?conids=265598&since=0&fields=31%2C84%2C86
<- 200 GET /v1/portal/iserver/marketdata/snapshot?conids=265598&since=0&fields=31%2C84%2C86
-> request: /v1/api/tickle
-> GET /v1/api/tickle,200|55ms
-> GET /v1/portal//iserver/contract/265598/info-and-rules
<- 200 GET /v1/portal//iserver/contract/265598/info-and-rules
-> GET /v1/portal//iserver/contract/265598/info-and-rules
<- 200 GET /v1/portal//iserver/contract/265598/info-and-rules
-> request: /v1/api/tickle
-> GET /v1/api/tickle,200|29ms
-> request: /v1/api/tickle
-> GET /v1/api/tickle,200|34ms
-> request: /v1/api/tickle
-> GET /v1/api/tickle,200|63ms
-> request: /v1/api/tickle
-> GET /v1/api/tickle,200|102ms
-> request: /sso/ping
-> GET /sso/ping,200|215ms
-> request: /v1/api/tickle
-> GET /v1/api/tickle,200|35ms
-> request: /v1/api/tickle
-> GET /v1/api/tickle,200|52ms
-> GET /v1/portal/iserver/account/orders
<- 200 GET /v1/portal/iserver/account/orders
-> request: /v1/api/tickle
-> GET /v1/api/tickle,200|42ms
-> request: /v1/api/tickle
-> GET /v1/api/tickle,200|36ms
-> request: /v1/api/tickle
-> GET /v1/api/tickle,200|599ms
-> request: /v1/api/tickle
-> GET /v1/api/tickle,200|58ms
-> request: /v1/api/tickle
-> GET /v1/api/tickle,200|30ms
-> request: /v1/api/tickle
-> GET /v1/api/tickle,200|41ms
-> request: /v1/api/tickle
-> GET /v1/api/tickle,200|72ms
-> request: /v1/api/tickle
-> GET /v1/api/tickle,200|39ms
-> request: /sso/ping
-> GET /sso/ping,200|233ms
-> request: /v1/api/tickle
-> GET /v1/api/tickle,200|31ms
-> request: /v1/api/tickle
-> GET /v1/api/tickle,200|51ms
-> GET /v1/portal/iserver/account/orders
<- 200 GET /v1/portal/iserver/account/orders
-> request: /v1/api/tickle
-> GET /v1/api/tickle,200|205ms
-> request: /v1/api/tickle
-> GET /v1/api/tickle,200|32ms
-> request: /v1/api/tickle
-> GET /v1/api/tickle,200|39ms
-> request: /v1/api/tickle
-> GET /v1/api/tickle,200|41ms
-> request: /v1/api/tickle
-> GET /v1/api/tickle,200|49ms
-> request: /v1/api/tickle
-> GET /v1/api/tickle,200|33ms
-> request: /v1/api/tickle
-> GET /v1/api/tickle,200|39ms
-> request: /v1/api/tickle
-> GET /v1/api/tickle,200|42ms
-> request: /sso/ping
-> GET /sso/ping,200|216ms
-> request: /v1/api/tickle
-> GET /v1/api/tickle,200|38ms
-> request: /v1/api/tickle
-> GET /v1/api/tickle,200|46ms
-> GET /v1/portal/iserver/account/orders
<- 200 GET /v1/portal/iserver/account/orders
-> request: /v1/api/tickle
-> GET /v1/api/tickle,200|64ms
-> request: /v1/api/tickle
-> GET /v1/api/tickle,200|47ms
-> request: /v1/api/tickle
-> GET /v1/api/tickle,200|38ms
-> request: /v1/api/tickle
-> GET /v1/api/tickle,200|37ms
-> request: /v1/api/tickle
-> GET /v1/api/tickle,200|52ms
-> request: /v1/api/tickle
-> GET /v1/api/tickle,200|34ms
-> request: /v1/api/tickle
-> GET /v1/api/tickle,200|36ms
-> request: /v1/api/tickle
-> GET /v1/api/tickle,200|45ms
-> request: /sso/ping
-> GET /sso/ping,200|207ms
-> request: /v1/api/tickle
-> GET /v1/api/tickle,200|115ms
-> request: /v1/api/tickle
-> GET /v1/api/tickle,200|46ms
-> GET /v1/portal/iserver/account/orders
<- 200 GET /v1/portal/iserver/account/orders
-> request: /v1/api/tickle
-> GET /v1/api/tickle,200|49ms
-> request: /v1/api/tickle
-> GET /v1/api/tickle,200|39ms
-> request: /v1/api/tickle
-> GET /v1/api/tickle,200|40ms
-> request: /v1/api/tickle
-> GET /v1/api/tickle,200|36ms
-> request: /v1/api/tickle
-> GET /v1/api/tickle,200|120ms
-> request: /v1/api/tickle
-> GET /v1/api/tickle,200|35ms
-> request: /v1/api/tickle
-> GET /v1/api/tickle,200|44ms
-> request: /v1/api/tickle
-> GET /v1/api/tickle,200|88ms
-> request: /sso/ping
-> GET /sso/ping,200|209ms
-> request: /v1/api/tickle
-> GET /v1/api/tickle,200|42ms
-> request: /v1/api/tickle
-> GET /v1/api/tickle,200|39ms
-> GET /v1/portal/iserver/account/orders
<- 200 GET /v1/portal/iserver/account/orders
-> request: /v1/api/tickle
-> GET /v1/api/tickle,200|64ms
-> request: /v1/api/tickle
-> GET /v1/api/tickle,200|41ms
-> request: /v1/api/tickle
-> GET /v1/api/tickle,200|46ms
-> request: /v1/api/tickle
-> GET /v1/api/tickle,200|69ms
-> request: /v1/api/tickle
-> GET /v1/api/tickle,200|36ms
-> request: /v1/api/tickle
-> GET /v1/api/tickle,200|43ms
-> request: /v1/api/tickle
-> GET /v1/api/tickle,200|45ms
-> request: /v1/api/tickle
-> GET /v1/api/tickle,200|39ms
-> request: /sso/ping
-> GET /sso/ping,200|202ms
-> request: /v1/api/tickle
-> GET /v1/api/tickle,200|35ms
-> request: /v1/api/tickle
-> GET /v1/api/tickle,200|38ms
-> GET /v1/portal/iserver/account/orders
<- 200 GET /v1/portal/iserver/account/orders
-> request: /v1/api/tickle
-> GET /v1/api/tickle,200|41ms
-> request: /v1/api/tickle
-> GET /v1/api/tickle,200|46ms
-> request: /v1/api/tickle
-> GET /v1/api/tickle,200|92ms
-> request: /v1/api/tickle
-> GET /v1/api/tickle,200|131ms
-> request: /v1/api/tickle
-> GET /v1/api/tickle,200|60ms
-> request: /v1/api/tickle
-> GET /v1/api/tickle,200|46ms
-> request: /v1/api/tickle
-> GET /v1/api/tickle,200|39ms
-> request: /v1/api/tickle
-> GET /v1/api/tickle,200|38ms
-> request: /sso/ping
-> GET /sso/ping,200|213ms
-> request: /v1/api/tickle
-> GET /v1/api/tickle,200|37ms
-> request: /v1/api/tickle
-> GET /v1/api/tickle,200|48ms
-> GET /v1/portal/iserver/account/orders
<- 200 GET /v1/portal/iserver/account/orders
-> request: /v1/api/tickle
-> GET /v1/api/tickle,200|35ms
-> request: /v1/api/tickle
-> GET /v1/api/tickle,200|39ms
-> request: /v1/api/tickle
-> GET /v1/api/tickle,200|54ms
-> request: /v1/api/tickle
-> GET /v1/api/tickle,200|34ms
-> request: /v1/api/tickle
-> GET /v1/api/tickle,200|35ms
-> request: /v1/api/tickle
-> GET /v1/api/tickle,200|53ms
-> request: /v1/api/tickle
-> GET /v1/api/tickle,200|33ms
-> request: /v1/api/tickle
-> GET /v1/api/tickle,200|56ms
-> request: /sso/ping
-> GET /sso/ping,200|211ms
-> request: /v1/api/tickle
-> GET /v1/api/tickle,200|35ms
-> request: /v1/api/tickle
-> GET /v1/api/tickle,200|36ms
-> GET /v1/portal/iserver/account/orders
<- 200 GET /v1/portal/iserver/account/orders
-> request: /v1/api/tickle
-> GET /v1/api/tickle,200|46ms
-> request: /v1/api/tickle
-> GET /v1/api/tickle,200|32ms
-> request: /v1/api/tickle
-> GET /v1/api/tickle,401|414ms
-> request: /v1/api/sso/validate?gw=1
-> GET /v1/api/sso/validate?gw=1,401|160ms
-> request: /v1/api/sso/validate?gw=1
-> GET /v1/api/sso/validate?gw=1,401|151ms
-> request: /v1/api/sso/validate?gw=1
-> GET /v1/api/sso/validate?gw=1,401|162ms
-> request: /v1/api/sso/validate?gw=1
-> GET /v1/api/sso/validate?gw=1,401|146ms
-> request: /v1/api/sso/validate?gw=1
-> GET /v1/api/sso/validate?gw=1,401|167ms
-> request: /sso/ping
-> GET /sso/ping,200|220ms
-> GET /v1/portal/iserver/account/orders
<- 401 GET /v1/portal/iserver/account/orders
-> request: /sso/ping
-> GET /sso/ping,200|121ms
-> GET /v1/portal/iserver/account/orders
<- 401 GET /v1/portal/iserver/account/orders
-> request: /sso/ping
-> GET /sso/ping,200|235ms
-> GET /v1/portal/iserver/account/orders
<- 401 GET /v1/portal/iserver/account/orders
-> request: /sso/ping
-> GET /sso/ping,200|282ms
-> GET /v1/portal/iserver/account/orders
<- 401 GET /v1/portal/iserver/account/orders
-> request: /sso/ping
-> GET /sso/ping,200|198ms
-> GET /v1/portal/iserver/account/orders
<- 401 GET /v1/portal/iserver/account/orders
-> request: /sso/ping
-> GET /sso/ping,200|204ms
-> GET /v1/portal/iserver/account/orders
<- 401 GET /v1/portal/iserver/account/orders
-> request: /sso/ping
-> GET /sso/ping,200|201ms
-> GET /v1/portal/iserver/account/orders
<- 401 GET /v1/portal/iserver/account/orders
-> request: /sso/ping
-> GET /sso/ping,200|212ms
-> GET /v1/portal/iserver/account/orders
<- 401 GET /v1/portal/iserver/account/orders
-> request: /sso/ping
-> GET /sso/ping,200|116ms
-> GET /v1/portal/iserver/account/orders
<- 401 GET /v1/portal/iserver/account/orders
-> request: /sso/ping
-> GET /sso/ping,200|213ms
-> GET /v1/portal/iserver/account/orders
<- 401 GET /v1/portal/iserver/account/orders
-> request: /sso/ping
-> request: /sso/ping
-> GET /sso/ping,200|481ms
-> GET /v1/portal/iserver/account/orders
<- 401 GET /v1/portal/iserver/account/orders
-> request: /sso/ping
-> GET /sso/ping,200|239ms
-> GET /v1/portal/iserver/account/orders
<- 401 GET /v1/portal/iserver/account/orders
-> request: /sso/ping
-> GET /sso/ping,200|251ms
-> GET /v1/portal/iserver/account/orders
<- 401 GET /v1/portal/iserver/account/orders
-> request: /sso/ping
-> GET /sso/ping,200|238ms
-> GET /v1/portal/iserver/account/orders
<- 401 GET /v1/portal/iserver/account/orders
-> request: /sso/ping
-> GET /sso/ping,200|157ms
-> GET /v1/portal/iserver/account/orders
<- 401 GET /v1/portal/iserver/account/orders
-> request: /sso/ping
-> GET /sso/ping,200|235ms
-> GET /v1/portal/iserver/account/orders
<- 401 GET /v1/portal/iserver/account/orders
-> request: /sso/ping
-> GET /sso/ping,200|255ms
-> GET /v1/portal/iserver/account/orders
<- 401 GET /v1/portal/iserver/account/orders
-> request: /sso/ping
-> GET /sso/ping,200|257ms
-> GET /v1/portal/iserver/account/orders
<- 401 GET /v1/portal/iserver/account/orders
-> request: /sso/ping
-> GET /sso/ping,200|330ms
-> GET /v1/portal/iserver/account/orders
<- 401 GET /v1/portal/iserver/account/orders
-> request: /sso/ping
-> GET /sso/ping,200|280ms
-> GET /v1/portal/iserver/account/orders
<- 401 GET /v1/portal/iserver/account/orders
-> request: /sso/ping
-> GET /sso/ping,200|247ms
-> GET /v1/portal/iserver/account/orders
<- 401 GET /v1/portal/iserver/account/orders
-> GET /v1/portal/iserver/auth/status
<- 401 GET /v1/portal/iserver/auth/status
-> POST /v1/portal/iserver/auth/status
<- 401 POST /v1/portal/iserver/auth/status
-> request: /sso/ping
-> GET /sso/ping,200|435ms
-> GET /v1/portal/iserver/auth/status
<- 401 GET /v1/portal/iserver/auth/status
-> GET /v1/portal/iserver/account/orders
<- 401 GET /v1/portal/iserver/account/orders
-> POST /v1/portal/iserver/auth/status
<- 401 POST /v1/portal/iserver/auth/status
-> GET /v1/portal/iserver/auth/status
<- 401 GET /v1/portal/iserver/auth/status
-> GET /v1/portal/iserver/auth/status
<- 401 GET /v1/portal/iserver/auth/status
-> GET /v1/portal/iserver/auth/status
<- 401 GET /v1/portal/iserver/auth/status
-> GET /v1/portal/iserver/auth/status
<- 401 GET /v1/portal/iserver/auth/status
-> POST /v1/portal/iserver/auth/status
<- 401 POST /v1/portal/iserver/auth/status
-> GET /v1/portal/iserver/auth/status
<- 401 GET /v1/portal/iserver/auth/status
-> GET /v1/portal/iserver/auth/status
<- 401 GET /v1/portal/iserver/auth/status
-> GET /v1/portal/iserver/auth/status
<- 401 GET /v1/portal/iserver/auth/status
-> GET /v1/portal/iserver/auth/status
<- 401 GET /v1/portal/iserver/auth/status
-> GET /v1/portal/iserver/auth/status
<- 401 GET /v1/portal/iserver/auth/status
-> GET /v1/portal/iserver/auth/status
<- 401 GET /v1/portal/iserver/auth/status
-> GET /v1/portal/iserver/auth/status
<- 401 GET /v1/portal/iserver/auth/status
-> GET /v1/portal/iserver/auth/status
<- 401 GET /v1/portal/iserver/auth/status
-> GET /sso/Login?forwardTo=22&RL=1&ip2loc=on
<- 200 GET /sso/Login?forwardTo=22&RL=1&ip2loc=on
-> GET /sso/Templates/otp-responsive.css?1638210911842
-> GET /scripts/common/js/jquery-3.4.1/jquery.min.js
<- 200 GET /sso/Templates/otp-responsive.css?1638210911842
-> GET /scripts/common/js/jquery-ui-1.12.1/jquery-ui.min.js
<- 200 GET /scripts/common/js/jquery-ui-1.12.1/jquery-ui.min.js
<- 200 GET /scripts/common/js/jquery-3.4.1/jquery.min.js
-> GET /scripts/common/js/bootstrap-4.3.1/bootstrap.bundle.min.js
-> GET /scripts/common/js/bootstrap-switch-3.3.2/bootstrap-switch.min.js
<- 200 GET /scripts/common/js/bootstrap-switch-3.3.2/bootstrap-switch.min.js
<- 200 GET /scripts/common/js/bootstrap-4.3.1/bootstrap.bundle.min.js
-> GET /scripts/common/js/switchery/switchery.min.js
-> GET /scripts/common/js/switchery/switchery-init.js
<- 200 GET /scripts/common/js/switchery/switchery.min.js
-> GET /scripts/common/js/icheck-1.0.2/icheck-init.js
<- 200 GET /scripts/common/js/icheck-1.0.2/icheck-init.js
-> GET /sso/CombineFiles
<- 200 GET /scripts/common/js/switchery/switchery-init.js
-> GET /scripts/common/js/icheck-1.0.2/icheck.min.js
<- 200 GET /scripts/common/js/icheck-1.0.2/icheck.min.js
-> GET /sso/images/2fa.png
<- 200 GET /sso/images/2fa.png
-> GET /images/2015/btn-app-apple.png
<- 200 GET /images/2015/btn-app-apple.png
-> GET /images/2015/btn-app-google.png
<- 200 GET /images/2015/btn-app-google.png
-> GET /images/2015/btn-app-tws.png
<- 200 GET /images/2015/btn-app-tws.png
-> GET /images/2015/button_discover_apis.png
<- 200 GET /images/2015/button_discover_apis.png
<- 200 GET /sso/CombineFiles
-> POST /sso/Authenticator;jsessionid=41982096F8FA439AEE5D5FCD2D53DB15.ny5wwwdam1-internet?13864
<- 200 POST /sso/Authenticator;jsessionid=41982096F8FA439AEE5D5FCD2D53DB15.ny5wwwdam1-internet?13864
-> POST /sso/Authenticator;jsessionid=41982096F8FA439AEE5D5FCD2D53DB15.ny5wwwdam1-internet?48459
<- 200 POST /sso/Authenticator;jsessionid=41982096F8FA439AEE5D5FCD2D53DB15.ny5wwwdam1-internet?48459
-> POST /sso/Dispatcher;jsessionid=41982096F8FA439AEE5D5FCD2D53DB15.ny5wwwdam1-internet
<- 302 POST /sso/Dispatcher;jsessionid=41982096F8FA439AEE5D5FCD2D53DB15.ny5wwwdam1-internet
-> request: /v1/api/sso/validate?gw=1
-> request: /AccountManagement/OneBarAuthentication?json=1
-> GET /AccountManagement/OneBarAuthentication?json=1,404|144ms
-> GET /v1/api/sso/validate?gw=1,200|467ms
-> request: /v1/api/one/user
-> request: /sso/AuthenticateSSODH?ACTION=INIT
-> sso GET https://api.ibkr.com/sso/AuthenticateSSODH?ACTION=INIT
-> request: /sso/AuthenticateSSODH?ACTION=COMPLETE&B=668149a779d5ac252db3e7537086578a2de7e9777ebae660ee9b5ec334f92b0ec108d9fcf046c0e56b1e271a133155961685511776d3af243e31e0d6389a7ca8&CHRESPONSE=1706fd8bdfc993f2abd00fbfe3ffb6f8b0128aaa
-> sso GET https://api.ibkr.com/sso/AuthenticateSSODH?ACTION=COMPLETE&B=668149a779d5ac252db3e7537086578a2de7e9777ebae660ee9b5ec334f92b0ec108d9fcf046c0e56b1e271a133155961685511776d3af243e31e0d6389a7ca8&CHRESPONSE=1706fd8bdfc993f2abd00fbfe3ffb6f8b0128aaa
-> request: /sso/Authenticator?ACTION=PUBLISH_TST&RESP_TYPE=JSON&DEVICE_ID=12ecad42|F0-6E-0B-BD-A2-D6
-> sso GET https://api.ibkr.com/sso/Authenticator?ACTION=PUBLISH_TST&RESP_TYPE=JSON&DEVICE_ID=12ecad42|F0-6E-0B-BD-A2-D6
<- 200 GET https://api.ibkr.com/sso/Authenticator?ACTION=PUBLISH_TST&RESP_TYPE=JSON&DEVICE_ID=12ecad42|F0-6E-0B-BD-A2-D6 0
-> request: /v1/api/iserver/auth/status
-> GET /v1/api/iserver/auth/status,200|82ms
-> request: /v1/api/iserver/auth/ssodh/init
-> POST https://api.ibkr.com/v1/api/iserver/auth/ssodh/init,200|78ms
-> request: /v1/api/iserver/accounts
-> GET /v1/api/iserver/accounts,200|85ms
-> GET /v1/api/one/user,503|10072ms
-> GET /v1/portal/iserver/auth/status
<- 200 GET /v1/portal/iserver/auth/status
-> GET /v1/portal/iserver/account/orders
<- 200 GET /v1/portal/iserver/account/orders
-> request: /v1/api/tickle
-> GET /v1/api/tickle,200|72ms
-> GET /v1/portal/iserver/auth/status
<- 200 GET /v1/portal/iserver/auth/status
-> request: /v1/api/tickle
-> GET /v1/api/tickle,200|79ms
-> request: /v1/api/tickle
-> GET /v1/api/tickle,200|89ms
-> request: /v1/api/tickle
-> GET /v1/api/tickle,200|71ms
-> request: /v1/api/tickle
-> GET /v1/api/tickle,200|78ms
-> request: /v1/api/tickle
-> GET /v1/api/tickle,200|1064ms
-> request: /v1/api/tickle
-> GET /v1/api/tickle,200|78ms
-> request: /v1/api/tickle
-> GET /v1/api/tickle,200|69ms
-> request: /v1/api/tickle
-> GET /v1/api/tickle,200|85ms
-> request: /sso/ping
-> GET /sso/ping,200|336ms
-> request: /v1/api/tickle
-> GET /v1/api/tickle,200|62ms
-> GET /v1/portal/iserver/account/orders
<- 200 GET /v1/portal/iserver/account/orders
-> request: /v1/api/tickle
-> GET /v1/api/tickle,200|90ms
-> GET /v1/portal/iserver/auth/status
<- 401 GET /v1/portal/iserver/auth/status
-> GET /v1/portal/iserver/auth/status
<- 401 GET /v1/portal/iserver/auth/status
-> GET /sso/Login?forwardTo=22&RL=1&ip2loc=on
<- 200 GET /sso/Login?forwardTo=22&RL=1&ip2loc=on
-> GET /sso/Templates/otp-responsive.css?1638212595256
-> GET /scripts/common/js/jquery-3.4.1/jquery.min.js
<- 200 GET /sso/Templates/otp-responsive.css?1638212595256
-> GET /scripts/common/js/jquery-ui-1.12.1/jquery-ui.min.js
<- 200 GET /scripts/common/js/jquery-3.4.1/jquery.min.js
<- 200 GET /scripts/common/js/jquery-ui-1.12.1/jquery-ui.min.js
-> GET /scripts/common/js/bootstrap-4.3.1/bootstrap.bundle.min.js
-> GET /scripts/common/js/bootstrap-switch-3.3.2/bootstrap-switch.min.js
<- 200 GET /scripts/common/js/bootstrap-4.3.1/bootstrap.bundle.min.js
-> GET /scripts/common/js/switchery/switchery.min.js
<- 200 GET /scripts/common/js/bootstrap-switch-3.3.2/bootstrap-switch.min.js
-> GET /scripts/common/js/switchery/switchery-init.js
<- 200 GET /scripts/common/js/switchery/switchery.min.js
-> GET /scripts/common/js/icheck-1.0.2/icheck.min.js
<- 200 GET /scripts/common/js/switchery/switchery-init.js
-> GET /scripts/common/js/icheck-1.0.2/icheck-init.js
<- 200 GET /scripts/common/js/icheck-1.0.2/icheck.min.js
-> GET /sso/CombineFiles
<- 200 GET /scripts/common/js/icheck-1.0.2/icheck-init.js
-> GET /sso/images/2fa.png
<- 200 GET /sso/images/2fa.png
-> GET /images/2015/btn-app-apple.png
<- 200 GET /images/2015/btn-app-apple.png
-> GET /images/2015/btn-app-google.png
<- 200 GET /images/2015/btn-app-google.png
-> GET /images/2015/btn-app-tws.png
<- 200 GET /images/2015/btn-app-tws.png
-> GET /images/2015/button_discover_apis.png
<- 200 GET /images/2015/button_discover_apis.png
<- 200 GET /sso/CombineFiles
-> GET /images/web/favicons/home-screen-icon-128x128.png
<- 200 GET /images/web/favicons/home-screen-icon-128x128.png
-> POST /sso/Authenticator;jsessionid=384F6360A3935FAACB3A57EC681E3D96.ny5wwwdam1-internet?94206
<- 200 POST /sso/Authenticator;jsessionid=384F6360A3935FAACB3A57EC681E3D96.ny5wwwdam1-internet?94206
-> POST /sso/Authenticator;jsessionid=384F6360A3935FAACB3A57EC681E3D96.ny5wwwdam1-internet?61976
<- 200 POST /sso/Authenticator;jsessionid=384F6360A3935FAACB3A57EC681E3D96.ny5wwwdam1-internet?61976
-> POST /sso/Dispatcher;jsessionid=384F6360A3935FAACB3A57EC681E3D96.ny5wwwdam1-internet
<- 200 POST /sso/Dispatcher;jsessionid=384F6360A3935FAACB3A57EC681E3D96.ny5wwwdam1-internet
-> GET /sso/Templates/otp-responsive.css?1638212605697
-> GET /sso/CombineFiles
<- 200 GET /sso/Templates/otp-responsive.css?1638212605697
<- 200 GET /sso/CombineFiles
-> POST /sso/Authenticator?1065
<- 200 POST /sso/Authenticator?1065
-> POST /sso/Authenticator?19108
<- 200 POST /sso/Authenticator?19108
-> POST /sso/Dispatcher
<- 302 POST /sso/Dispatcher
-> request: /v1/api/sso/validate?gw=1
-> request: /AccountManagement/OneBarAuthentication?json=1
-> GET /AccountManagement/OneBarAuthentication?json=1,404|87ms
-> GET /v1/api/sso/validate?gw=1,200|169ms
-> request: /v1/api/one/user
-> request: /sso/AuthenticateSSODH?ACTION=INIT
-> sso GET https://api.ibkr.com/sso/AuthenticateSSODH?ACTION=INIT
-> GET /v1/api/one/user,200|39ms
-> request: /sso/AuthenticateSSODH?ACTION=COMPLETE&B=3526db1eb282eaf0d29442689d4765fccdf1bccec1d4d51def826108cb2e708edb13b318bdf8234e0da616a6052cb69b5663889546c2f533cd2b056aa9ef777b&CHRESPONSE=84b4b1202ed9188caf6b2cea9e8565c33886180c
-> sso GET https://api.ibkr.com/sso/AuthenticateSSODH?ACTION=COMPLETE&B=3526db1eb282eaf0d29442689d4765fccdf1bccec1d4d51def826108cb2e708edb13b318bdf8234e0da616a6052cb69b5663889546c2f533cd2b056aa9ef777b&CHRESPONSE=84b4b1202ed9188caf6b2cea9e8565c33886180c
-> request: /sso/Authenticator?ACTION=PUBLISH_TST&RESP_TYPE=JSON&DEVICE_ID=29b49be5|F0-6E-0B-BD-A2-D6
-> sso GET https://api.ibkr.com/sso/Authenticator?ACTION=PUBLISH_TST&RESP_TYPE=JSON&DEVICE_ID=29b49be5|F0-6E-0B-BD-A2-D6
<- 200 GET https://api.ibkr.com/sso/Authenticator?ACTION=PUBLISH_TST&RESP_TYPE=JSON&DEVICE_ID=29b49be5|F0-6E-0B-BD-A2-D6 0
-> request: /v1/api/iserver/auth/status
-> GET /v1/api/iserver/auth/status,200|62ms
-> request: /v1/api/iserver/auth/ssodh/init
-> POST https://api.ibkr.com/v1/api/iserver/auth/ssodh/init,200|66ms
-> request: /v1/api/iserver/accounts
-> GET /v1/api/iserver/accounts,200|31ms
-> GET /v1/portal/iserver/auth/status
<- 200 GET /v1/portal/iserver/auth/status
-> GET /v1/portal/iserver/auth/status
<- 200 GET /v1/portal/iserver/auth/status
-> request: /v1/api/tickle
-> GET /v1/api/tickle,200|322ms
-> request: /v1/api/tickle
-> GET /v1/api/tickle,200|39ms
-> request: /v1/api/tickle
-> GET /v1/api/tickle,200|79ms
-> GET /sso/Login?forwardTo=22&RL=1&ip2loc=on
<- 200 GET /sso/Login?forwardTo=22&RL=1&ip2loc=on
-> GET /sso/Templates/otp-responsive.css?1638212769045
-> GET /scripts/common/js/jquery-3.4.1/jquery.min.js
<- 200 GET /scripts/common/js/jquery-3.4.1/jquery.min.js
<- 200 GET /sso/Templates/otp-responsive.css?1638212769045
-> GET /scripts/common/js/jquery-ui-1.12.1/jquery-ui.min.js
-> GET /scripts/common/js/bootstrap-4.3.1/bootstrap.bundle.min.js
<- 200 GET /scripts/common/js/jquery-ui-1.12.1/jquery-ui.min.js
-> GET /scripts/common/js/bootstrap-switch-3.3.2/bootstrap-switch.min.js
<- 200 GET /scripts/common/js/bootstrap-4.3.1/bootstrap.bundle.min.js
-> GET /scripts/common/js/switchery/switchery.min.js
<- 200 GET /scripts/common/js/bootstrap-switch-3.3.2/bootstrap-switch.min.js
-> GET /scripts/common/js/switchery/switchery-init.js
<- 200 GET /scripts/common/js/switchery/switchery.min.js
-> GET /scripts/common/js/icheck-1.0.2/icheck.min.js
<- 200 GET /scripts/common/js/switchery/switchery-init.js
-> GET /scripts/common/js/icheck-1.0.2/icheck-init.js
<- 200 GET /scripts/common/js/icheck-1.0.2/icheck.min.js
-> GET /sso/CombineFiles
<- 200 GET /scripts/common/js/icheck-1.0.2/icheck-init.js
-> GET /sso/images/2fa.png
<- 200 GET /sso/images/2fa.png
-> GET /images/2015/btn-app-apple.png
<- 200 GET /images/2015/btn-app-apple.png
-> GET /images/2015/btn-app-google.png
<- 200 GET /images/2015/btn-app-google.png
-> GET /images/2015/btn-app-tws.png
<- 200 GET /images/2015/btn-app-tws.png
-> GET /images/2015/button_discover_apis.png
<- 200 GET /images/2015/button_discover_apis.png
<- 200 GET /sso/CombineFiles
-> POST /sso/Authenticator;jsessionid=3439616FC9BFE9E8E0BE50B2CF40B83C.ny5wwwdam1-internet?37000
<- 200 POST /sso/Authenticator;jsessionid=3439616FC9BFE9E8E0BE50B2CF40B83C.ny5wwwdam1-internet?37000
-> POST /sso/Authenticator;jsessionid=3439616FC9BFE9E8E0BE50B2CF40B83C.ny5wwwdam1-internet?11526
<- 200 POST /sso/Authenticator;jsessionid=3439616FC9BFE9E8E0BE50B2CF40B83C.ny5wwwdam1-internet?11526
-> POST /sso/Dispatcher;jsessionid=3439616FC9BFE9E8E0BE50B2CF40B83C.ny5wwwdam1-internet
<- 200 POST /sso/Dispatcher;jsessionid=3439616FC9BFE9E8E0BE50B2CF40B83C.ny5wwwdam1-internet
-> GET /sso/Templates/otp-responsive.css?1638212784848
-> GET /sso/CombineFiles
<- 200 GET /sso/Templates/otp-responsive.css?1638212784848
<- 200 GET /sso/CombineFiles
-> POST /sso/Authenticator?38856
<- 200 POST /sso/Authenticator?38856
-> POST /sso/Authenticator?60444
<- 200 POST /sso/Authenticator?60444
-> POST /sso/Dispatcher
<- 302 POST /sso/Dispatcher
-> request: /v1/api/sso/validate?gw=1
-> request: /AccountManagement/OneBarAuthentication?json=1
-> GET /AccountManagement/OneBarAuthentication?json=1,404|106ms
-> GET /v1/api/sso/validate?gw=1,200|158ms
-> request: /v1/api/one/user
-> request: /sso/AuthenticateSSODH?ACTION=INIT
-> sso GET https://api.ibkr.com/sso/AuthenticateSSODH?ACTION=INIT
-> request: /sso/AuthenticateSSODH?ACTION=COMPLETE&B=4e48326ab382c6f93b8231ce0ebe74f862940b850f65f36c13b9841268828aed88d5523f5710b1685ef36bdf65fe0f7cb4a8b17b974660e88c71160714d6615e&CHRESPONSE=1277067351c59827e5486e9399ef4c7333a261d7
-> sso GET https://api.ibkr.com/sso/AuthenticateSSODH?ACTION=COMPLETE&B=4e48326ab382c6f93b8231ce0ebe74f862940b850f65f36c13b9841268828aed88d5523f5710b1685ef36bdf65fe0f7cb4a8b17b974660e88c71160714d6615e&CHRESPONSE=1277067351c59827e5486e9399ef4c7333a261d7
-> request: /sso/Authenticator?ACTION=PUBLISH_TST&RESP_TYPE=JSON&DEVICE_ID=36469076|F0-6E-0B-BD-A2-D6
-> sso GET https://api.ibkr.com/sso/Authenticator?ACTION=PUBLISH_TST&RESP_TYPE=JSON&DEVICE_ID=36469076|F0-6E-0B-BD-A2-D6
<- 200 GET https://api.ibkr.com/sso/Authenticator?ACTION=PUBLISH_TST&RESP_TYPE=JSON&DEVICE_ID=36469076|F0-6E-0B-BD-A2-D6 0
-> request: /v1/api/iserver/auth/status
-> GET /v1/api/iserver/auth/status,200|41ms
-> request: /v1/api/iserver/accounts
-> GET /v1/api/iserver/accounts,200|32ms
-> GET /v1/portal/iserver/auth/status
<- 200 GET /v1/portal/iserver/auth/status
-> GET /v1/portal/iserver/auth/status
-> GET /v1/api/one/user,503|10065ms
<- 200 GET /v1/portal/iserver/auth/status
-> POST /v1/portal/iserver/auth/status
<- 200 POST /v1/portal/iserver/auth/status
-> GET /v1/portal/iserver/accounts
<- 200 GET /v1/portal/iserver/accounts
-> GET /v1/portal/iserver/account/orders
<- 200 GET /v1/portal/iserver/account/orders
-> GET /v1/portal/iserver/account/orders
<- 200 GET /v1/portal/iserver/account/orders
-> GET /v1/portal/portfolio/DU2971300/ledger
<- 200 GET /v1/portal/portfolio/DU2971300/ledger
-> GET /v1/portal/portfolio/DU2971300/positions/0
<- 200 GET /v1/portal/portfolio/DU2971300/positions/0
-> POST /v1/portal/iserver/secdef/search
<- 200 POST /v1/portal/iserver/secdef/search
-> request: /v1/api/tickle
-> GET /v1/api/tickle,200|27ms
-> GET /v1/portal/iserver/marketdata/snapshot?conids=12087792&since=0&fields=31%2C84%2C86
<- 200 GET /v1/portal/iserver/marketdata/snapshot?conids=12087792&since=0&fields=31%2C84%2C86
-> GET /v1/portal/iserver/marketdata/snapshot?conids=12087792&since=0&fields=31%2C84%2C86
<- 200 GET /v1/portal/iserver/marketdata/snapshot?conids=12087792&since=0&fields=31%2C84%2C86
-> POST /v1/portal/iserver/secdef/search
<- 200 POST /v1/portal/iserver/secdef/search
-> GET /v1/portal/iserver/marketdata/snapshot?conids=12087802&since=0&fields=31%2C84%2C86
<- 200 GET /v1/portal/iserver/marketdata/snapshot?conids=12087802&since=0&fields=31%2C84%2C86
-> GET /v1/portal/iserver/marketdata/snapshot?conids=12087802&since=0&fields=31%2C84%2C86
<- 200 GET /v1/portal/iserver/marketdata/snapshot?conids=12087802&since=0&fields=31%2C84%2C86
-> POST /v1/portal/iserver/secdef/search
<- 200 POST /v1/portal/iserver/secdef/search
-> GET /v1/portal/iserver/marketdata/snapshot?conids=12087817&since=0&fields=31%2C84%2C86
<- 200 GET /v1/portal/iserver/marketdata/snapshot?conids=12087817&since=0&fields=31%2C84%2C86
-> GET /v1/portal/iserver/marketdata/snapshot?conids=12087817&since=0&fields=31%2C84%2C86
<- 200 GET /v1/portal/iserver/marketdata/snapshot?conids=12087817&since=0&fields=31%2C84%2C86
-> request: /v1/api/tickle
-> GET /v1/api/tickle,200|32ms
-> request: /v1/api/tickle
-> GET /v1/api/tickle,200|109ms
-> request: /v1/api/tickle
-> GET /v1/api/tickle,200|31ms
-> request: /v1/api/tickle
-> GET /v1/api/tickle,200|47ms
-> request: /v1/api/tickle
-> GET /v1/api/tickle,200|32ms
-> request: /v1/api/tickle
-> GET /v1/api/tickle,200|32ms
-> request: /v1/api/tickle
-> GET /v1/api/tickle,200|32ms
-> GET /v1/portal/iserver/account/orders
<- 200 GET /v1/portal/iserver/account/orders
-> request: /v1/api/tickle
-> GET /v1/api/tickle,200|32ms
-> request: /sso/ping
-> GET /sso/ping,200|203ms
-> request: /v1/api/tickle
-> GET /v1/api/tickle,200|32ms
-> GET /v1/portal/iserver/account/orders
<- 200 GET /v1/portal/iserver/account/orders
-> request: /v1/api/tickle
-> GET /v1/api/tickle,200|31ms
-> request: /v1/api/tickle
-> GET /v1/api/tickle,200|31ms
-> request: /v1/api/tickle
-> GET /v1/api/tickle,200|47ms
-> request: /v1/api/tickle
-> GET /v1/api/tickle,200|61ms
-> request: /v1/api/tickle
-> GET /v1/api/tickle,200|31ms
-> request: /v1/api/tickle
-> GET /v1/api/tickle,200|47ms
-> request: /v1/api/tickle
-> GET /v1/api/tickle,200|31ms
-> request: /v1/api/tickle
-> GET /v1/api/tickle,200|47ms
-> GET /v1/portal/iserver/account/orders
<- 200 GET /v1/portal/iserver/account/orders
-> request: /v1/api/tickle
-> GET /v1/api/tickle,200|47ms
-> request: /sso/ping
-> GET /sso/ping,200|507ms
-> request: /v1/api/tickle
-> GET /v1/api/tickle,200|32ms
-> GET /v1/portal/iserver/account/orders
<- 200 GET /v1/portal/iserver/account/orders
-> request: /v1/api/tickle
-> GET /v1/api/tickle,200|57ms
-> request: /v1/api/tickle
-> GET /v1/api/tickle,200|56ms
-> request: /v1/api/tickle
-> GET /v1/api/tickle,200|119ms
-> request: /v1/api/tickle
-> GET /v1/api/tickle,200|67ms
-> request: /v1/api/tickle
-> GET /v1/api/tickle,200|45ms
-> request: /v1/api/tickle
-> GET /v1/api/tickle,200|46ms
-> request: /v1/api/tickle
-> GET /v1/api/tickle,200|58ms
-> request: /v1/api/tickle
-> GET /v1/api/tickle,200|41ms
-> GET /v1/portal/iserver/account/orders
<- 200 GET /v1/portal/iserver/account/orders
-> request: /v1/api/tickle
-> GET /v1/api/tickle,200|71ms
-> request: /sso/ping
-> GET /sso/ping,200|460ms
-> request: /v1/api/tickle
-> GET /v1/api/tickle,200|33ms
-> GET /v1/portal/iserver/account/orders
<- 200 GET /v1/portal/iserver/account/orders
-> request: /v1/api/tickle
-> GET /v1/api/tickle,200|46ms
-> request: /v1/api/tickle
-> GET /v1/api/tickle,200|50ms
-> request: /v1/api/tickle
-> GET /v1/api/tickle,200|34ms
-> request: /v1/api/tickle
-> GET /v1/api/tickle,200|90ms
-> request: /v1/api/tickle
-> GET /v1/api/tickle,200|39ms
-> request: /v1/api/tickle
-> GET /v1/api/tickle,200|41ms
-> request: /v1/api/tickle
-> GET /v1/api/tickle,200|200ms
-> request: /v1/api/tickle
-> GET /v1/api/tickle,200|94ms
-> GET /v1/portal/iserver/account/orders
<- 200 GET /v1/portal/iserver/account/orders
-> request: /v1/api/tickle
-> GET /v1/api/tickle,200|62ms
-> request: /sso/ping
-> GET /sso/ping,200|211ms
-> request: /v1/api/tickle
-> GET /v1/api/tickle,200|126ms
-> GET /v1/portal/iserver/account/orders
<- 200 GET /v1/portal/iserver/account/orders
-> request: /v1/api/tickle
-> GET /v1/api/tickle,200|76ms
-> request: /v1/api/tickle
-> GET /v1/api/tickle,200|70ms
-> request: /v1/api/tickle
-> GET /v1/api/tickle,200|61ms
-> request: /v1/api/tickle
-> GET /v1/api/tickle,200|358ms
-> request: /v1/api/tickle
-> GET /v1/api/tickle,200|94ms
-> request: /v1/api/tickle
-> GET /v1/api/tickle,200|41ms
-> request: /v1/api/tickle
-> GET /v1/api/tickle,200|37ms
-> request: /v1/api/tickle
-> GET /v1/api/tickle,200|43ms
-> GET /v1/portal/iserver/account/orders
<- 200 GET /v1/portal/iserver/account/orders
-> request: /v1/api/tickle
-> GET /v1/api/tickle,200|44ms
-> request: /sso/ping
-> GET /sso/ping,200|137ms
-> request: /v1/api/tickle
-> GET /v1/api/tickle,200|42ms
-> GET /v1/portal/iserver/account/orders
<- 200 GET /v1/portal/iserver/account/orders
-> request: /v1/api/tickle
-> GET /v1/api/tickle,200|40ms
-> request: /v1/api/tickle
-> GET /v1/api/tickle,200|35ms
-> request: /v1/api/tickle
-> GET /v1/api/tickle,200|37ms
-> request: /v1/api/tickle
-> GET /v1/api/tickle,200|87ms
-> request: /v1/api/tickle
-> GET /v1/api/tickle,200|41ms
-> request: /v1/api/tickle
-> GET /v1/api/tickle,200|106ms
-> request: /v1/api/tickle
-> GET /v1/api/tickle,200|39ms
-> request: /v1/api/tickle
-> GET /v1/api/tickle,200|36ms
-> GET /v1/portal/iserver/account/orders
<- 200 GET /v1/portal/iserver/account/orders
-> request: /v1/api/tickle
-> GET /v1/api/tickle,200|34ms
-> request: /sso/ping
-> GET /sso/ping,200|246ms
-> request: /v1/api/tickle
-> GET /v1/api/tickle,200|46ms
-> GET /v1/portal/iserver/account/orders
<- 200 GET /v1/portal/iserver/account/orders
-> request: /v1/api/tickle
-> GET /v1/api/tickle,200|53ms
-> request: /v1/api/tickle
-> GET /v1/api/tickle,200|63ms
-> request: /v1/api/tickle
-> GET /v1/api/tickle,200|55ms
-> request: /v1/api/tickle
-> GET /v1/api/tickle,200|50ms
-> request: /v1/api/tickle
-> GET /v1/api/tickle,200|41ms
-> request: /v1/api/tickle
-> GET /v1/api/tickle,200|74ms
-> request: /v1/api/tickle
-> GET /v1/api/tickle,200|47ms
-> request: /v1/api/tickle
-> GET /v1/api/tickle,200|40ms
-> GET /v1/portal/iserver/account/orders
<- 200 GET /v1/portal/iserver/account/orders
-> request: /v1/api/tickle
-> GET /v1/api/tickle,200|31ms
-> request: /sso/ping
-> GET /sso/ping,200|123ms
-> request: /v1/api/tickle
-> GET /v1/api/tickle,200|84ms
-> GET /v1/portal/iserver/account/orders
<- 200 GET /v1/portal/iserver/account/orders
-> request: /v1/api/tickle
-> GET /v1/api/tickle,200|105ms
-> request: /v1/api/tickle
-> GET /v1/api/tickle,200|50ms
-> request: /v1/api/tickle
-> GET /v1/api/tickle,200|49ms
-> request: /v1/api/tickle
-> GET /v1/api/tickle,200|37ms
-> request: /v1/api/tickle
-> GET /v1/api/tickle,200|36ms
-> request: /v1/api/tickle
-> GET /v1/api/tickle,200|38ms
-> request: /v1/api/tickle
-> GET /v1/api/tickle,200|95ms
-> request: /v1/api/tickle
-> GET /v1/api/tickle,200|45ms
-> GET /v1/portal/iserver/account/orders
<- 200 GET /v1/portal/iserver/account/orders
-> request: /v1/api/tickle
-> GET /v1/api/tickle,200|37ms
-> request: /sso/ping
-> GET /sso/ping,200|238ms
-> request: /v1/api/tickle
-> GET /v1/api/tickle,200|55ms
-> GET /v1/portal/iserver/account/orders
<- 200 GET /v1/portal/iserver/account/orders
-> request: /v1/api/tickle
-> GET /v1/api/tickle,200|39ms
-> request: /v1/api/tickle
-> GET /v1/api/tickle,200|39ms
-> request: /v1/api/tickle
-> GET /v1/api/tickle,200|129ms
-> request: /v1/api/tickle
-> GET /v1/api/tickle,200|38ms
-> request: /v1/api/tickle
-> GET /v1/api/tickle,200|245ms
-> request: /v1/api/tickle
-> GET /v1/api/tickle,200|60ms
-> request: /v1/api/tickle
-> GET /v1/api/tickle,200|64ms
-> request: /v1/api/tickle
-> GET /v1/api/tickle,200|43ms
-> GET /v1/portal/iserver/account/orders
<- 200 GET /v1/portal/iserver/account/orders
-> request: /v1/api/tickle
-> GET /v1/api/tickle,200|35ms
-> request: /sso/ping
-> GET /sso/ping,200|230ms
-> request: /v1/api/tickle
-> GET /v1/api/tickle,200|70ms
-> GET /v1/portal/iserver/account/orders
<- 200 GET /v1/portal/iserver/account/orders
-> request: /v1/api/tickle
-> GET /v1/api/tickle,200|51ms
-> request: /v1/api/tickle
-> GET /v1/api/tickle,200|51ms
-> request: /v1/api/tickle
-> GET /v1/api/tickle,200|47ms
-> request: /v1/api/tickle
-> GET /v1/api/tickle,200|123ms
-> request: /v1/api/tickle
-> GET /v1/api/tickle,200|36ms
-> request: /v1/api/tickle
-> GET /v1/api/tickle,200|46ms
-> request: /v1/api/tickle
-> GET /v1/api/tickle,200|71ms
-> request: /v1/api/tickle
-> GET /v1/api/tickle,200|47ms
-> GET /v1/portal/iserver/account/orders
<- 200 GET /v1/portal/iserver/account/orders
-> request: /v1/api/tickle
-> GET /v1/api/tickle,200|59ms
-> request: /sso/ping
-> GET /sso/ping,200|188ms
-> request: /v1/api/tickle
-> GET /v1/api/tickle,200|40ms
-> GET /v1/portal/iserver/account/orders
<- 200 GET /v1/portal/iserver/account/orders
-> request: /v1/api/tickle
-> GET /v1/api/tickle,200|38ms
-> request: /v1/api/tickle
-> GET /v1/api/tickle,200|55ms
-> request: /v1/api/tickle
-> GET /v1/api/tickle,200|48ms
-> request: /v1/api/tickle
-> GET /v1/api/tickle,200|78ms
-> request: /v1/api/tickle
-> GET /v1/api/tickle,200|36ms
-> request: /v1/api/tickle
-> GET /v1/api/tickle,200|565ms
-> request: /v1/api/tickle
-> GET /v1/api/tickle,200|56ms
-> request: /v1/api/tickle
-> GET /v1/api/tickle,200|104ms
-> GET /v1/portal/iserver/account/orders
<- 200 GET /v1/portal/iserver/account/orders
-> request: /v1/api/tickle
-> GET /v1/api/tickle,200|88ms
-> request: /sso/ping
-> GET /sso/ping,200|211ms
-> request: /v1/api/tickle
-> GET /v1/api/tickle,200|42ms
-> GET /v1/portal/iserver/account/orders
<- 200 GET /v1/portal/iserver/account/orders
-> request: /v1/api/tickle
-> GET /v1/api/tickle,200|85ms
-> request: /v1/api/tickle
-> GET /v1/api/tickle,200|44ms
-> request: /v1/api/tickle
-> GET /v1/api/tickle,200|49ms
-> request: /v1/api/tickle
-> GET /v1/api/tickle,200|32ms
-> request: /v1/api/tickle
-> GET /v1/api/tickle,200|58ms
-> request: /v1/api/tickle
-> GET /v1/api/tickle,200|41ms
-> request: /v1/api/tickle
-> GET /v1/api/tickle,200|35ms
-> request: /v1/api/tickle
-> GET /v1/api/tickle,200|41ms
-> GET /sso/Login?forwardTo=22&RL=1&ip2loc=on
<- 200 GET /sso/Login?forwardTo=22&RL=1&ip2loc=on
-> GET /sso/Templates/otp-responsive.css?1638216386001
-> GET /scripts/common/js/jquery-3.4.1/jquery.min.js
<- 200 GET /sso/Templates/otp-responsive.css?1638216386001
-> GET /scripts/common/js/jquery-ui-1.12.1/jquery-ui.min.js
<- 200 GET /scripts/common/js/jquery-3.4.1/jquery.min.js
<- 200 GET /scripts/common/js/jquery-ui-1.12.1/jquery-ui.min.js
-> GET /scripts/common/js/bootstrap-4.3.1/bootstrap.bundle.min.js
-> GET /scripts/common/js/bootstrap-switch-3.3.2/bootstrap-switch.min.js
<- 200 GET /scripts/common/js/bootstrap-4.3.1/bootstrap.bundle.min.js
<- 200 GET /scripts/common/js/bootstrap-switch-3.3.2/bootstrap-switch.min.js
-> GET /sso/CombineFiles
-> GET /scripts/common/js/switchery/switchery.min.js
<- 200 GET /scripts/common/js/switchery/switchery.min.js
-> GET /scripts/common/js/switchery/switchery-init.js
<- 200 GET /scripts/common/js/switchery/switchery-init.js
-> GET /scripts/common/js/icheck-1.0.2/icheck.min.js
<- 200 GET /scripts/common/js/icheck-1.0.2/icheck.min.js
-> GET /scripts/common/js/icheck-1.0.2/icheck-init.js
<- 200 GET /scripts/common/js/icheck-1.0.2/icheck-init.js
-> GET /sso/images/2fa.png
<- 200 GET /sso/images/2fa.png
-> GET /images/2015/btn-app-apple.png
<- 200 GET /images/2015/btn-app-apple.png
-> GET /images/2015/btn-app-google.png
<- 200 GET /images/2015/btn-app-google.png
-> GET /images/2015/btn-app-tws.png
<- 200 GET /images/2015/btn-app-tws.png
-> GET /images/2015/button_discover_apis.png
<- 200 GET /images/2015/button_discover_apis.png
<- 200 GET /sso/CombineFiles
-> POST /sso/Authenticator;jsessionid=617CBE749E1FB4789C9B9EA310EBBC61.ny5wwwdam1-internet?42662
<- 200 POST /sso/Authenticator;jsessionid=617CBE749E1FB4789C9B9EA310EBBC61.ny5wwwdam1-internet?42662
-> POST /sso/Authenticator;jsessionid=617CBE749E1FB4789C9B9EA310EBBC61.ny5wwwdam1-internet?37713
<- 200 POST /sso/Authenticator;jsessionid=617CBE749E1FB4789C9B9EA310EBBC61.ny5wwwdam1-internet?37713
-> POST /sso/Dispatcher;jsessionid=617CBE749E1FB4789C9B9EA310EBBC61.ny5wwwdam1-internet
<- 200 POST /sso/Dispatcher;jsessionid=617CBE749E1FB4789C9B9EA310EBBC61.ny5wwwdam1-internet
-> GET /sso/Templates/otp-responsive.css?1638216402082
-> GET /sso/CombineFiles
<- 200 GET /sso/Templates/otp-responsive.css?1638216402082
<- 200 GET /sso/CombineFiles
-> POST /sso/Authenticator?70106
<- 200 POST /sso/Authenticator?70106
-> POST /sso/Authenticator?16179
<- 200 POST /sso/Authenticator?16179
-> POST /sso/Dispatcher
<- 302 POST /sso/Dispatcher
-> request: /v1/api/sso/validate?gw=1
-> request: /AccountManagement/OneBarAuthentication?json=1
-> GET /AccountManagement/OneBarAuthentication?json=1,404|417ms
-> GET /v1/api/sso/validate?gw=1,200|634ms
-> request: /v1/api/one/user
-> request: /sso/AuthenticateSSODH?ACTION=INIT
-> sso GET https://api.ibkr.com/sso/AuthenticateSSODH?ACTION=INIT
-> request: /sso/AuthenticateSSODH?ACTION=COMPLETE&B=8973e3d966baa0326a4ca6c0aa04f7e36108c51642a16b08a2058b7805167cb08130c8c1f36005eaa8e16054775baa62532a09542fec26909f0a500b10d84a0c&CHRESPONSE=7fe901be90ef7a88aaeac67442699517c67cce80
-> sso GET https://api.ibkr.com/sso/AuthenticateSSODH?ACTION=COMPLETE&B=8973e3d966baa0326a4ca6c0aa04f7e36108c51642a16b08a2058b7805167cb08130c8c1f36005eaa8e16054775baa62532a09542fec26909f0a500b10d84a0c&CHRESPONSE=7fe901be90ef7a88aaeac67442699517c67cce80
-> request: /sso/Authenticator?ACTION=PUBLISH_TST&RESP_TYPE=JSON&DEVICE_ID=26b1da72|F0-6E-0B-BD-A2-D6
-> sso GET https://api.ibkr.com/sso/Authenticator?ACTION=PUBLISH_TST&RESP_TYPE=JSON&DEVICE_ID=26b1da72|F0-6E-0B-BD-A2-D6
<- 200 GET https://api.ibkr.com/sso/Authenticator?ACTION=PUBLISH_TST&RESP_TYPE=JSON&DEVICE_ID=26b1da72|F0-6E-0B-BD-A2-D6 0
-> request: /v1/api/iserver/auth/status
-> GET /v1/api/iserver/auth/status,200|72ms
-> request: /v1/api/iserver/accounts
-> GET /v1/api/iserver/accounts,200|99ms
-> GET /v1/portal/iserver/auth/status
<- 200 GET /v1/portal/iserver/auth/status
-> GET /v1/portal/iserver/auth/status
<- 200 GET /v1/portal/iserver/auth/status
-> GET /v1/api/one/user,503|10074ms
-> POST /v1/portal/iserver/auth/status
<- 200 POST /v1/portal/iserver/auth/status
-> GET /v1/portal/iserver/accounts
<- 200 GET /v1/portal/iserver/accounts
-> GET /v1/portal/iserver/account/orders
<- 200 GET /v1/portal/iserver/account/orders
-> GET /v1/portal/iserver/account/orders
<- 200 GET /v1/portal/iserver/account/orders
-> GET /v1/portal/portfolio/DU2971300/ledger
<- 200 GET /v1/portal/portfolio/DU2971300/ledger
-> request: /v1/api/tickle
-> GET /v1/api/tickle,200|82ms
-> GET /sso/Login?forwardTo=22&RL=1&ip2loc=on
<- 200 GET /sso/Login?forwardTo=22&RL=1&ip2loc=on
-> GET /sso/Templates/otp-responsive.css?1638216498834
-> GET /scripts/common/js/jquery-3.4.1/jquery.min.js
<- 200 GET /sso/Templates/otp-responsive.css?1638216498834
-> GET /scripts/common/js/jquery-ui-1.12.1/jquery-ui.min.js
<- 200 GET /scripts/common/js/jquery-3.4.1/jquery.min.js
<- 200 GET /scripts/common/js/jquery-ui-1.12.1/jquery-ui.min.js
-> GET /scripts/common/js/bootstrap-4.3.1/bootstrap.bundle.min.js
-> GET /scripts/common/js/bootstrap-switch-3.3.2/bootstrap-switch.min.js
<- 200 GET /scripts/common/js/bootstrap-4.3.1/bootstrap.bundle.min.js
-> GET /scripts/common/js/switchery/switchery.min.js
<- 200 GET /scripts/common/js/bootstrap-switch-3.3.2/bootstrap-switch.min.js
-> GET /scripts/common/js/switchery/switchery-init.js
<- 200 GET /scripts/common/js/switchery/switchery-init.js
<- 200 GET /scripts/common/js/switchery/switchery.min.js
-> GET /scripts/common/js/icheck-1.0.2/icheck-init.js
-> GET /sso/CombineFiles
<- 200 GET /scripts/common/js/icheck-1.0.2/icheck-init.js
-> GET /scripts/common/js/icheck-1.0.2/icheck.min.js
<- 200 GET /scripts/common/js/icheck-1.0.2/icheck.min.js
-> GET /sso/images/2fa.png
<- 200 GET /sso/images/2fa.png
-> GET /images/2015/btn-app-apple.png
<- 200 GET /images/2015/btn-app-apple.png
-> GET /images/2015/btn-app-google.png
<- 200 GET /images/2015/btn-app-google.png
-> GET /images/2015/btn-app-tws.png
<- 200 GET /images/2015/btn-app-tws.png
-> GET /images/2015/button_discover_apis.png
<- 200 GET /images/2015/button_discover_apis.png
<- 200 GET /sso/CombineFiles
-> POST /sso/Authenticator;jsessionid=41919C8D9EB32833CA53D01B4A605035.ny5wwwdam1-internet?27647
<- 200 POST /sso/Authenticator;jsessionid=41919C8D9EB32833CA53D01B4A605035.ny5wwwdam1-internet?27647
-> POST /sso/Authenticator;jsessionid=41919C8D9EB32833CA53D01B4A605035.ny5wwwdam1-internet?68173
<- 200 POST /sso/Authenticator;jsessionid=41919C8D9EB32833CA53D01B4A605035.ny5wwwdam1-internet?68173
-> POST /sso/Dispatcher;jsessionid=41919C8D9EB32833CA53D01B4A605035.ny5wwwdam1-internet
<- 200 POST /sso/Dispatcher;jsessionid=41919C8D9EB32833CA53D01B4A605035.ny5wwwdam1-internet
-> GET /sso/Templates/otp-responsive.css?1638216513522
-> GET /sso/CombineFiles
<- 200 GET /sso/Templates/otp-responsive.css?1638216513522
<- 200 GET /sso/CombineFiles
-> POST /sso/Authenticator?87158
<- 200 POST /sso/Authenticator?87158
-> POST /sso/Authenticator?20695
<- 200 POST /sso/Authenticator?20695
-> POST /sso/Dispatcher
<- 302 POST /sso/Dispatcher
-> request: /v1/api/sso/validate?gw=1
-> request: /AccountManagement/OneBarAuthentication?json=1
-> GET /AccountManagement/OneBarAuthentication?json=1,404|190ms
-> GET /v1/api/sso/validate?gw=1,200|506ms
-> request: /v1/api/one/user
-> request: /sso/AuthenticateSSODH?ACTION=INIT
-> sso GET https://api.ibkr.com/sso/AuthenticateSSODH?ACTION=INIT
-> GET /v1/api/one/user,200|77ms
-> request: /sso/AuthenticateSSODH?ACTION=COMPLETE&B=1309fe76a70410e36dbb0f93627e745efaf1bf02749ab74d0f1cb1763638960131cb08d7597ee525faa7952bc24f095364d2c6891589e56d893452571afdc86c&CHRESPONSE=5eed77372126eaca2ea07d1182e87385cfd64c04
-> sso GET https://api.ibkr.com/sso/AuthenticateSSODH?ACTION=COMPLETE&B=1309fe76a70410e36dbb0f93627e745efaf1bf02749ab74d0f1cb1763638960131cb08d7597ee525faa7952bc24f095364d2c6891589e56d893452571afdc86c&CHRESPONSE=5eed77372126eaca2ea07d1182e87385cfd64c04
-> request: /sso/Authenticator?ACTION=PUBLISH_TST&RESP_TYPE=JSON&DEVICE_ID=1357a3e3|F0-6E-0B-BD-A2-D6
-> sso GET https://api.ibkr.com/sso/Authenticator?ACTION=PUBLISH_TST&RESP_TYPE=JSON&DEVICE_ID=1357a3e3|F0-6E-0B-BD-A2-D6
<- 200 GET https://api.ibkr.com/sso/Authenticator?ACTION=PUBLISH_TST&RESP_TYPE=JSON&DEVICE_ID=1357a3e3|F0-6E-0B-BD-A2-D6 0
-> request: /v1/api/iserver/auth/status
-> GET /v1/api/iserver/auth/status,200|74ms
-> request: /v1/api/iserver/accounts
-> GET /v1/api/iserver/accounts,200|179ms
-> GET /v1/portal/iserver/auth/status
<- 200 GET /v1/portal/iserver/auth/status
-> GET /v1/portal/iserver/auth/status
<- 200 GET /v1/portal/iserver/auth/status
-> POST /v1/portal/iserver/auth/status
<- 200 POST /v1/portal/iserver/auth/status
-> GET /v1/portal/iserver/accounts
<- 200 GET /v1/portal/iserver/accounts
-> GET /v1/portal/iserver/account/orders
<- 200 GET /v1/portal/iserver/account/orders
-> GET /v1/portal/iserver/account/orders
<- 200 GET /v1/portal/iserver/account/orders
-> GET /v1/portal/portfolio/DU2971300/ledger
<- 200 GET /v1/portal/portfolio/DU2971300/ledger
-> request: /v1/api/tickle
-> GET /v1/api/tickle,200|75ms
-> GET /v1/portal/portfolio/DU2971300/positions/0
<- 200 GET /v1/portal/portfolio/DU2971300/positions/0
-> request: /v1/api/tickle
-> GET /v1/api/tickle,200|109ms
-> POST /v1/portal/iserver/secdef/search
<- 200 POST /v1/portal/iserver/secdef/search
-> GET /v1/portal/iserver/marketdata/snapshot?conids=12087792&since=0&fields=31%2C84%2C86
<- 200 GET /v1/portal/iserver/marketdata/snapshot?conids=12087792&since=0&fields=31%2C84%2C86
-> GET /v1/portal/iserver/marketdata/snapshot?conids=12087792&since=0&fields=31%2C84%2C86
<- 200 GET /v1/portal/iserver/marketdata/snapshot?conids=12087792&since=0&fields=31%2C84%2C86
-> POST /v1/portal/iserver/secdef/search
<- 200 POST /v1/portal/iserver/secdef/search
-> GET /v1/portal/iserver/marketdata/snapshot?conids=12087802&since=0&fields=31%2C84%2C86
<- 200 GET /v1/portal/iserver/marketdata/snapshot?conids=12087802&since=0&fields=31%2C84%2C86
-> GET /v1/portal/iserver/marketdata/snapshot?conids=12087802&since=0&fields=31%2C84%2C86
<- 200 GET /v1/portal/iserver/marketdata/snapshot?conids=12087802&since=0&fields=31%2C84%2C86
-> POST /v1/portal/iserver/secdef/search
<- 200 POST /v1/portal/iserver/secdef/search
-> GET /v1/portal/iserver/marketdata/snapshot?conids=12087817&since=0&fields=31%2C84%2C86
<- 200 GET /v1/portal/iserver/marketdata/snapshot?conids=12087817&since=0&fields=31%2C84%2C86
-> GET /v1/portal/iserver/marketdata/snapshot?conids=12087817&since=0&fields=31%2C84%2C86
<- 200 GET /v1/portal/iserver/marketdata/snapshot?conids=12087817&since=0&fields=31%2C84%2C86
-> request: /v1/api/tickle
-> GET /v1/api/tickle,200|83ms
-> request: /v1/api/tickle
-> GET /v1/api/tickle,200|67ms
-> GET /v1/portal/iserver/account/orders
<- 200 GET /v1/portal/iserver/account/orders
-> request: /v1/api/tickle
-> GET /v1/api/tickle,200|125ms
-> request: /v1/api/tickle
-> GET /v1/api/tickle,200|72ms
-> request: /v1/api/tickle
-> GET /v1/api/tickle,200|160ms
-> request: /v1/api/tickle
-> GET /v1/api/tickle,200|85ms
-> request: /v1/api/tickle
-> GET /v1/api/tickle,200|81ms
-> request: /sso/ping
-> GET /sso/ping,200|269ms
-> request: /v1/api/tickle
-> GET /v1/api/tickle,200|85ms
-> GET /v1/portal/iserver/account/orders
<- 200 GET /v1/portal/iserver/account/orders
-> request: /v1/api/tickle
-> GET /v1/api/tickle,200|74ms
-> request: /v1/api/tickle
-> GET /v1/api/tickle,200|74ms
-> request: /v1/api/tickle
-> GET /v1/api/tickle,200|1233ms
-> request: /v1/api/tickle
-> GET /v1/api/tickle,200|63ms
-> GET /v1/portal/iserver/account/orders
<- 200 GET /v1/portal/iserver/account/orders
-> request: /v1/api/tickle
-> GET /v1/api/tickle,200|85ms
-> request: /v1/api/tickle
-> GET /v1/api/tickle,200|132ms
-> request: /v1/api/tickle
-> GET /v1/api/tickle,200|78ms
-> request: /v1/api/tickle
-> GET /v1/api/tickle,200|91ms
-> request: /v1/api/tickle
-> GET /v1/api/tickle,200|87ms
-> request: /sso/ping
-> GET /sso/ping,200|275ms
-> request: /v1/api/tickle
-> GET /v1/api/tickle,200|113ms
-> GET /v1/portal/iserver/account/orders
<- 200 GET /v1/portal/iserver/account/orders
-> request: /v1/api/tickle
-> GET /v1/api/tickle,200|75ms
-> request: /v1/api/tickle
-> GET /v1/api/tickle,200|91ms
-> request: /v1/api/tickle
-> GET /v1/api/tickle,200|77ms
-> request: /v1/api/tickle
-> GET /v1/api/tickle,200|117ms
-> GET /v1/portal/iserver/account/orders
<- 200 GET /v1/portal/iserver/account/orders
-> request: /v1/api/tickle
-> GET /v1/api/tickle,200|139ms
-> request: /v1/api/tickle
-> GET /v1/api/tickle,200|101ms
-> request: /v1/api/tickle
-> GET /v1/api/tickle,200|75ms
-> request: /v1/api/tickle
-> GET /v1/api/tickle,200|341ms
-> request: /v1/api/tickle
-> GET /v1/api/tickle,200|67ms
-> request: /sso/ping
-> GET /sso/ping,200|234ms
-> request: /v1/api/tickle
-> GET /v1/api/tickle,200|82ms
-> GET /v1/portal/iserver/account/orders
<- 200 GET /v1/portal/iserver/account/orders
-> request: /v1/api/tickle
-> GET /v1/api/tickle,200|66ms
-> request: /v1/api/tickle
-> GET /v1/api/tickle,200|87ms
-> request: /v1/api/tickle
-> GET /v1/api/tickle,200|86ms
-> request: /v1/api/tickle
-> GET /v1/api/tickle,200|106ms
-> GET /v1/portal/iserver/account/orders
<- 200 GET /v1/portal/iserver/account/orders
-> request: /v1/api/tickle
-> GET /v1/api/tickle,200|65ms
-> request: /v1/api/tickle
-> GET /v1/api/tickle,200|95ms
-> request: /v1/api/tickle
-> GET /v1/api/tickle,200|71ms
-> request: /v1/api/tickle
-> GET /v1/api/tickle,200|88ms
-> request: /v1/api/tickle
-> GET /v1/api/tickle,200|81ms
-> request: /sso/ping
-> GET /sso/ping,200|153ms
-> request: /v1/api/tickle
-> GET /v1/api/tickle,200|182ms
-> GET /v1/portal/iserver/account/orders
<- 200 GET /v1/portal/iserver/account/orders
-> request: /v1/api/tickle
-> GET /v1/api/tickle,200|70ms
-> GET /v1/portal//iserver/contract/72065355/info-and-rules
<- 200 GET /v1/portal//iserver/contract/72065355/info-and-rules
-> GET /v1/portal/iserver/marketdata/snapshot?conids=72065355&since=0&fields=31%2C84%2C86
<- 200 GET /v1/portal/iserver/marketdata/snapshot?conids=72065355&since=0&fields=31%2C84%2C86
-> GET /v1/portal/iserver/marketdata/snapshot?conids=72065355&since=0&fields=31%2C84%2C86
<- 200 GET /v1/portal/iserver/marketdata/snapshot?conids=72065355&since=0&fields=31%2C84%2C86
-> GET /v1/portal//iserver/contract/72065355/info-and-rules
<- 200 GET /v1/portal//iserver/contract/72065355/info-and-rules
-> request: /v1/api/tickle
-> GET /v1/api/tickle,200|126ms
-> GET /v1/portal//iserver/contract/72065355/info-and-rules
<- 200 GET /v1/portal//iserver/contract/72065355/info-and-rules
-> GET /v1/portal//iserver/contract/150029461/info-and-rules
<- 200 GET /v1/portal//iserver/contract/150029461/info-and-rules
-> GET /v1/portal/iserver/marketdata/snapshot?conids=150029461&since=0&fields=31%2C84%2C86
<- 200 GET /v1/portal/iserver/marketdata/snapshot?conids=150029461&since=0&fields=31%2C84%2C86
-> GET /v1/portal/iserver/marketdata/snapshot?conids=150029461&since=0&fields=31%2C84%2C86
<- 200 GET /v1/portal/iserver/marketdata/snapshot?conids=150029461&since=0&fields=31%2C84%2C86
-> GET /v1/portal//iserver/contract/150029461/info-and-rules
<- 200 GET /v1/portal//iserver/contract/150029461/info-and-rules
-> GET /v1/portal//iserver/contract/150029461/info-and-rules
<- 200 GET /v1/portal//iserver/contract/150029461/info-and-rules
-> GET /v1/portal//iserver/contract/72065358/info-and-rules
<- 200 GET /v1/portal//iserver/contract/72065358/info-and-rules
-> GET /v1/portal/iserver/marketdata/snapshot?conids=72065358&since=0&fields=31%2C84%2C86
<- 200 GET /v1/portal/iserver/marketdata/snapshot?conids=72065358&since=0&fields=31%2C84%2C86
-> GET /v1/portal/iserver/marketdata/snapshot?conids=72065358&since=0&fields=31%2C84%2C86
<- 200 GET /v1/portal/iserver/marketdata/snapshot?conids=72065358&since=0&fields=31%2C84%2C86
-> GET /v1/portal//iserver/contract/72065358/info-and-rules
<- 200 GET /v1/portal//iserver/contract/72065358/info-and-rules
-> GET /v1/portal//iserver/contract/72065358/info-and-rules
<- 200 GET /v1/portal//iserver/contract/72065358/info-and-rules
-> GET /v1/portal//iserver/contract/56347260/info-and-rules
<- 200 GET /v1/portal//iserver/contract/56347260/info-and-rules
-> GET /v1/portal/iserver/marketdata/snapshot?conids=56347260&since=0&fields=31%2C84%2C86
<- 200 GET /v1/portal/iserver/marketdata/snapshot?conids=56347260&since=0&fields=31%2C84%2C86
-> request: /v1/api/tickle
-> GET /v1/api/tickle,200|69ms
-> GET /v1/portal/iserver/marketdata/snapshot?conids=56347260&since=0&fields=31%2C84%2C86
<- 200 GET /v1/portal/iserver/marketdata/snapshot?conids=56347260&since=0&fields=31%2C84%2C86
-> GET /v1/portal//iserver/contract/56347260/info-and-rules
<- 200 GET /v1/portal//iserver/contract/56347260/info-and-rules
-> GET /v1/portal//iserver/contract/56347260/info-and-rules
<- 200 GET /v1/portal//iserver/contract/56347260/info-and-rules
-> GET /v1/portal//iserver/contract/39622933/info-and-rules
<- 200 GET /v1/portal//iserver/contract/39622933/info-and-rules
-> GET /v1/portal/iserver/marketdata/snapshot?conids=39622933&since=0&fields=31%2C84%2C86
<- 200 GET /v1/portal/iserver/marketdata/snapshot?conids=39622933&since=0&fields=31%2C84%2C86
-> GET /v1/portal/iserver/marketdata/snapshot?conids=39622933&since=0&fields=31%2C84%2C86
<- 200 GET /v1/portal/iserver/marketdata/snapshot?conids=39622933&since=0&fields=31%2C84%2C86
-> GET /v1/portal//iserver/contract/39622933/info-and-rules
<- 200 GET /v1/portal//iserver/contract/39622933/info-and-rules
-> GET /v1/portal//iserver/contract/39622933/info-and-rules
<- 200 GET /v1/portal//iserver/contract/39622933/info-and-rules
-> GET /v1/portal//iserver/contract/42808839/info-and-rules
<- 200 GET /v1/portal//iserver/contract/42808839/info-and-rules
-> GET /v1/portal/iserver/marketdata/snapshot?conids=42808839&since=0&fields=31%2C84%2C86
<- 200 GET /v1/portal/iserver/marketdata/snapshot?conids=42808839&since=0&fields=31%2C84%2C86
-> GET /v1/portal/iserver/marketdata/snapshot?conids=42808839&since=0&fields=31%2C84%2C86
<- 200 GET /v1/portal/iserver/marketdata/snapshot?conids=42808839&since=0&fields=31%2C84%2C86
-> GET /v1/portal//iserver/contract/42808839/info-and-rules
<- 200 GET /v1/portal//iserver/contract/42808839/info-and-rules
-> GET /v1/portal//iserver/contract/42808839/info-and-rules
<- 200 GET /v1/portal//iserver/contract/42808839/info-and-rules
-> request: /v1/api/tickle
-> GET /v1/api/tickle,200|85ms
-> GET /v1/portal//iserver/contract/42808827/info-and-rules
<- 200 GET /v1/portal//iserver/contract/42808827/info-and-rules
-> GET /v1/portal/iserver/marketdata/snapshot?conids=42808827&since=0&fields=31%2C84%2C86
<- 200 GET /v1/portal/iserver/marketdata/snapshot?conids=42808827&since=0&fields=31%2C84%2C86
-> GET /v1/portal/iserver/marketdata/snapshot?conids=42808827&since=0&fields=31%2C84%2C86
<- 200 GET /v1/portal/iserver/marketdata/snapshot?conids=42808827&since=0&fields=31%2C84%2C86
-> GET /v1/portal//iserver/contract/42808827/info-and-rules
<- 200 GET /v1/portal//iserver/contract/42808827/info-and-rules
-> GET /v1/portal//iserver/contract/42808827/info-and-rules
<- 200 GET /v1/portal//iserver/contract/42808827/info-and-rules
-> GET /v1/portal//iserver/contract/265598/info-and-rules
<- 200 GET /v1/portal//iserver/contract/265598/info-and-rules
-> GET /v1/portal/iserver/account/orders
<- 200 GET /v1/portal/iserver/account/orders
-> GET /v1/portal/iserver/marketdata/snapshot?conids=265598&since=0&fields=31%2C84%2C86
<- 200 GET /v1/portal/iserver/marketdata/snapshot?conids=265598&since=0&fields=31%2C84%2C86
-> GET /v1/portal/iserver/marketdata/snapshot?conids=265598&since=0&fields=31%2C84%2C86
<- 200 GET /v1/portal/iserver/marketdata/snapshot?conids=265598&since=0&fields=31%2C84%2C86
-> GET /v1/portal//iserver/contract/265598/info-and-rules
<- 200 GET /v1/portal//iserver/contract/265598/info-and-rules
-> GET /v1/portal//iserver/contract/265598/info-and-rules
<- 200 GET /v1/portal//iserver/contract/265598/info-and-rules
-> request: /v1/api/tickle
-> GET /v1/api/tickle,200|78ms
-> request: /v1/api/tickle
-> GET /v1/api/tickle,200|82ms
-> request: /v1/api/tickle
-> GET /v1/api/tickle,200|89ms
-> request: /v1/api/tickle
-> GET /v1/api/tickle,200|110ms
-> request: /v1/api/tickle
-> GET /v1/api/tickle,200|542ms
-> request: /sso/ping
-> request: /v1/api/tickle
-> request: /v1/api/tickle
-> GET /v1/portal/iserver/account/orders
<- 200 GET /v1/portal/iserver/account/orders
-> request: /v1/api/tickle
-> GET /v1/api/tickle,200|67ms
-> request: /v1/api/tickle
-> GET /v1/api/tickle,200|52ms
-> request: /v1/api/tickle
-> GET /v1/api/tickle,200|98ms
-> request: /v1/api/tickle
-> GET /v1/api/tickle,200|238ms
-> GET /v1/portal/iserver/account/orders
<- 200 GET /v1/portal/iserver/account/orders
-> request: /v1/api/tickle
-> GET /v1/api/tickle,200|868ms
-> request: /v1/api/tickle
-> GET /v1/api/tickle,200|156ms
-> request: /v1/api/tickle
-> GET /v1/api/tickle,200|128ms
-> request: /v1/api/tickle
-> GET /v1/api/tickle,200|95ms
-> request: /sso/ping
-> GET /sso/ping,200|141ms
-> request: /v1/api/tickle
-> GET /v1/api/tickle,200|51ms
-> request: /v1/api/tickle
-> GET /v1/api/tickle,200|44ms
-> GET /v1/portal/iserver/account/orders
<- 200 GET /v1/portal/iserver/account/orders
-> request: /v1/api/tickle
-> GET /v1/api/tickle,200|168ms
-> request: /v1/api/tickle
-> GET /v1/api/tickle,200|86ms
-> request: /v1/api/tickle
-> GET /v1/api/tickle,200|98ms
-> request: /v1/api/tickle
-> GET /v1/api/tickle,200|113ms
-> GET /v1/portal/iserver/account/orders
<- 200 GET /v1/portal/iserver/account/orders
-> request: /v1/api/tickle
-> GET /v1/api/tickle,200|49ms
-> request: /v1/api/tickle
-> GET /v1/api/tickle,200|51ms
-> request: /v1/api/tickle
-> GET /v1/api/tickle,200|56ms
-> request: /v1/api/tickle
-> GET /v1/api/tickle,200|144ms
-> request: /sso/ping
-> GET /sso/ping,200|311ms
-> request: /v1/api/tickle
-> GET /v1/api/tickle,200|58ms
-> request: /v1/api/tickle
-> GET /v1/api/tickle,200|56ms
-> GET /v1/portal/iserver/account/orders
<- 200 GET /v1/portal/iserver/account/orders
-> request: /v1/api/tickle
-> GET /v1/api/tickle,200|84ms
-> GET /sso/Login?forwardTo=22&RL=1&ip2loc=on
<- 200 GET /sso/Login?forwardTo=22&RL=1&ip2loc=on
-> GET /scripts/common/js/jquery-3.4.1/jquery.min.js
-> GET /sso/Templates/otp-responsive.css?1638218985115
<- 200 GET /scripts/common/js/jquery-3.4.1/jquery.min.js
-> GET /scripts/common/js/jquery-ui-1.12.1/jquery-ui.min.js
-> GET /scripts/common/js/switchery/switchery-init.js
-> GET /scripts/common/js/icheck-1.0.2/icheck.min.js
-> GET /scripts/common/js/icheck-1.0.2/icheck-init.js
<- 200 GET /scripts/common/js/jquery-ui-1.12.1/jquery-ui.min.js
-> GET /sso/CombineFiles
<- 200 GET /sso/Templates/otp-responsive.css?1638218985115
-> GET /scripts/common/js/bootstrap-4.3.1/bootstrap.bundle.min.js
-> GET /scripts/common/js/bootstrap-switch-3.3.2/bootstrap-switch.min.js
<- 200 GET /scripts/common/js/switchery/switchery-init.js
-> GET /scripts/common/js/switchery/switchery.min.js
<- 200 GET /scripts/common/js/bootstrap-switch-3.3.2/bootstrap-switch.min.js
<- 200 GET /scripts/common/js/bootstrap-4.3.1/bootstrap.bundle.min.js
<- 200 GET /scripts/common/js/icheck-1.0.2/icheck.min.js
<- 200 GET /scripts/common/js/icheck-1.0.2/icheck-init.js
<- 200 GET /scripts/common/js/switchery/switchery.min.js
<- 200 GET /sso/CombineFiles
-> GET /sso/images/2fa.png
-> GET /images/2015/btn-app-apple.png
<- 200 GET /sso/images/2fa.png
<- 200 GET /images/2015/btn-app-apple.png
-> GET /images/2015/btn-app-google.png
-> GET /images/2015/btn-app-tws.png
-> GET /images/2015/button_discover_apis.png
<- 200 GET /images/2015/btn-app-tws.png
<- 200 GET /images/2015/button_discover_apis.png
<- 200 GET /images/2015/btn-app-google.png
-> POST /sso/Authenticator;jsessionid=2FBBA269830E401DE811902B2EF3D6CF.ny5wwwdam2-internet?6613
<- 200 POST /sso/Authenticator;jsessionid=2FBBA269830E401DE811902B2EF3D6CF.ny5wwwdam2-internet?6613
-> POST /sso/Authenticator;jsessionid=2FBBA269830E401DE811902B2EF3D6CF.ny5wwwdam2-internet?61869
<- 200 POST /sso/Authenticator;jsessionid=2FBBA269830E401DE811902B2EF3D6CF.ny5wwwdam2-internet?61869
-> POST /sso/Dispatcher;jsessionid=2FBBA269830E401DE811902B2EF3D6CF.ny5wwwdam2-internet
<- 200 POST /sso/Dispatcher;jsessionid=2FBBA269830E401DE811902B2EF3D6CF.ny5wwwdam2-internet
-> GET /sso/Templates/otp-responsive.css?1638219016934
-> GET /sso/CombineFiles
<- 200 GET /sso/Templates/otp-responsive.css?1638219016934
<- 200 GET /sso/CombineFiles
-> POST /sso/Authenticator?37212
<- 200 POST /sso/Authenticator?37212
-> POST /sso/Authenticator?30034
<- 200 POST /sso/Authenticator?30034
-> POST /sso/Dispatcher
<- 302 POST /sso/Dispatcher
-> request: /v1/api/sso/validate?gw=1
-> request: /AccountManagement/OneBarAuthentication?json=1
-> GET /AccountManagement/OneBarAuthentication?json=1,404|63ms
-> GET /v1/api/sso/validate?gw=1,200|458ms
-> request: /v1/api/one/user
-> request: /sso/AuthenticateSSODH?ACTION=INIT
-> sso GET https://api.ibkr.com/sso/AuthenticateSSODH?ACTION=INIT
-> request: /sso/AuthenticateSSODH?ACTION=COMPLETE&B=859f32d778e18003f20a34c1eb91135a6c20dddfbea3a68f871e97e9404cec88ff2fcadfe5f96a29aa5cab83d84d37f6319f8cbca5785ec98ca3149eca658cf8&CHRESPONSE=e1cd1ac72b75252634b5027f8f56fc1fc783768f
-> sso GET https://api.ibkr.com/sso/AuthenticateSSODH?ACTION=COMPLETE&B=859f32d778e18003f20a34c1eb91135a6c20dddfbea3a68f871e97e9404cec88ff2fcadfe5f96a29aa5cab83d84d37f6319f8cbca5785ec98ca3149eca658cf8&CHRESPONSE=e1cd1ac72b75252634b5027f8f56fc1fc783768f
-> request: /sso/Authenticator?ACTION=PUBLISH_TST&RESP_TYPE=JSON&DEVICE_ID=1117d493|F0-6E-0B-BD-A2-D6
-> sso GET https://api.ibkr.com/sso/Authenticator?ACTION=PUBLISH_TST&RESP_TYPE=JSON&DEVICE_ID=1117d493|F0-6E-0B-BD-A2-D6
<- 200 GET https://api.ibkr.com/sso/Authenticator?ACTION=PUBLISH_TST&RESP_TYPE=JSON&DEVICE_ID=1117d493|F0-6E-0B-BD-A2-D6 0
-> request: /v1/api/iserver/auth/status
-> GET /v1/api/iserver/auth/status,200|59ms
-> request: /v1/api/iserver/accounts
-> GET /v1/api/iserver/accounts,200|42ms
-> GET /v1/portal/iserver/auth/status
<- 200 GET /v1/portal/iserver/auth/status
-> GET /v1/api/one/user,503|10062ms
-> GET /v1/portal/iserver/auth/status
<- 200 GET /v1/portal/iserver/auth/status
-> POST /v1/portal/iserver/auth/status
<- 200 POST /v1/portal/iserver/auth/status
-> GET /v1/portal/iserver/accounts
<- 200 GET /v1/portal/iserver/accounts
-> GET /v1/portal/iserver/account/orders
<- 200 GET /v1/portal/iserver/account/orders
-> GET /v1/portal/iserver/account/orders
<- 200 GET /v1/portal/iserver/account/orders
-> GET /v1/portal/portfolio/DU2971300/ledger
<- 200 GET /v1/portal/portfolio/DU2971300/ledger
-> request: /v1/api/tickle
-> GET /v1/api/tickle,200|59ms
-> GET /v1/portal/portfolio/DU2971300/positions/0
<- 200 GET /v1/portal/portfolio/DU2971300/positions/0
-> POST /v1/portal/iserver/secdef/search
<- 200 POST /v1/portal/iserver/secdef/search
-> GET /v1/portal/iserver/marketdata/snapshot?conids=12087792&since=0&fields=31%2C84%2C86
<- 200 GET /v1/portal/iserver/marketdata/snapshot?conids=12087792&since=0&fields=31%2C84%2C86
-> GET /v1/portal/iserver/marketdata/snapshot?conids=12087792&since=0&fields=31%2C84%2C86
<- 200 GET /v1/portal/iserver/marketdata/snapshot?conids=12087792&since=0&fields=31%2C84%2C86
-> POST /v1/portal/iserver/secdef/search
<- 200 POST /v1/portal/iserver/secdef/search
-> GET /v1/portal/iserver/marketdata/snapshot?conids=12087802&since=0&fields=31%2C84%2C86
<- 200 GET /v1/portal/iserver/marketdata/snapshot?conids=12087802&since=0&fields=31%2C84%2C86
-> GET /v1/portal/iserver/marketdata/snapshot?conids=12087802&since=0&fields=31%2C84%2C86
<- 200 GET /v1/portal/iserver/marketdata/snapshot?conids=12087802&since=0&fields=31%2C84%2C86
-> request: /v1/api/tickle
-> GET /v1/api/tickle,200|62ms
-> POST /v1/portal/iserver/secdef/search
<- 200 POST /v1/portal/iserver/secdef/search
-> GET /v1/portal/iserver/marketdata/snapshot?conids=12087817&since=0&fields=31%2C84%2C86
<- 200 GET /v1/portal/iserver/marketdata/snapshot?conids=12087817&since=0&fields=31%2C84%2C86
-> GET /v1/portal/iserver/marketdata/snapshot?conids=12087817&since=0&fields=31%2C84%2C86
<- 200 GET /v1/portal/iserver/marketdata/snapshot?conids=12087817&since=0&fields=31%2C84%2C86
-> GET /v1/portal/iserver/account/orders
<- 200 GET /v1/portal/iserver/account/orders
-> request: /v1/api/tickle
-> GET /v1/api/tickle,200|62ms
-> request: /v1/api/tickle
-> GET /v1/api/tickle,200|117ms
-> request: /v1/api/tickle
-> GET /v1/api/tickle,200|59ms
-> request: /v1/api/tickle
-> GET /v1/api/tickle,200|50ms
-> request: /v1/api/tickle
-> GET /v1/api/tickle,200|72ms
-> request: /v1/api/tickle
-> GET /v1/api/tickle,200|73ms
-> request: /v1/api/tickle
-> GET /v1/api/tickle,200|103ms
-> request: /sso/ping
-> GET /sso/ping,200|224ms
-> request: /v1/api/tickle
-> GET /v1/api/tickle,200|95ms
-> GET /v1/portal/iserver/account/orders
<- 200 GET /v1/portal/iserver/account/orders
-> request: /v1/api/tickle
-> GET /v1/api/tickle,200|53ms
-> request: /v1/api/tickle
-> GET /v1/api/tickle,200|77ms
-> GET /v1/portal/iserver/account/orders
<- 200 GET /v1/portal/iserver/account/orders
-> request: /v1/api/tickle
-> GET /v1/api/tickle,200|68ms
-> request: /v1/api/tickle
-> GET /v1/api/tickle,200|56ms
-> request: /v1/api/tickle
-> GET /v1/api/tickle,200|56ms
-> GET /v1/portal/portfolio/DU2971300/positions/0
<- 200 GET /v1/portal/portfolio/DU2971300/positions/0
-> request: /v1/api/tickle
-> GET /v1/api/tickle,200|70ms
-> request: /v1/api/tickle
-> GET /v1/api/tickle,200|320ms
-> request: /v1/api/tickle
-> GET /v1/api/tickle,200|58ms
-> request: /v1/api/tickle
-> GET /v1/api/tickle,200|294ms
-> request: /sso/ping
-> GET /sso/ping,200|214ms
-> request: /v1/api/tickle
-> GET /v1/api/tickle,200|136ms
-> GET /v1/portal/iserver/account/orders
<- 200 GET /v1/portal/iserver/account/orders
-> request: /v1/api/tickle
-> GET /v1/api/tickle,200|287ms
-> request: /v1/api/tickle
-> GET /v1/api/tickle,200|115ms
-> GET /v1/portal/iserver/account/orders
<- 200 GET /v1/portal/iserver/account/orders
-> request: /v1/api/tickle
-> GET /v1/api/tickle,200|180ms
-> request: /v1/api/tickle
-> GET /v1/api/tickle,200|110ms
-> request: /v1/api/tickle
-> GET /v1/api/tickle,200|95ms
-> request: /v1/api/tickle
-> GET /v1/api/tickle,200|72ms
-> request: /v1/api/tickle
-> GET /v1/api/tickle,200|47ms
-> request: /v1/api/tickle
-> GET /v1/api/tickle,200|54ms
-> request: /v1/api/tickle
-> GET /v1/api/tickle,200|269ms
-> request: /sso/ping
-> GET /sso/ping,200|226ms
-> request: /v1/api/tickle
-> GET /v1/api/tickle,200|50ms
-> GET /v1/portal/iserver/account/orders
<- 200 GET /v1/portal/iserver/account/orders
-> request: /v1/api/tickle
-> GET /v1/api/tickle,200|51ms
-> request: /v1/api/tickle
-> GET /v1/api/tickle,200|74ms
-> GET /v1/portal/iserver/account/orders
<- 200 GET /v1/portal/iserver/account/orders
-> request: /v1/api/tickle
-> GET /v1/api/tickle,200|55ms
-> request: /v1/api/tickle
-> GET /v1/api/tickle,200|140ms
-> request: /v1/api/tickle
-> GET /v1/api/tickle,200|171ms
-> request: /v1/api/tickle
-> GET /v1/api/tickle,200|64ms
-> request: /v1/api/tickle
-> GET /v1/api/tickle,200|54ms
-> request: /v1/api/tickle
-> GET /v1/api/tickle,200|128ms
-> request: /v1/api/tickle
-> GET /v1/api/tickle,200|63ms
-> request: /sso/ping
-> GET /sso/ping,200|215ms
-> request: /v1/api/tickle
-> GET /v1/api/tickle,200|142ms
-> GET /v1/portal/portfolio/DU2971300/positions/0
<- 200 GET /v1/portal/portfolio/DU2971300/positions/0
-> GET /v1/portal/iserver/account/orders
<- 200 GET /v1/portal/iserver/account/orders
-> request: /v1/api/tickle
-> GET /v1/api/tickle,200|73ms
-> request: /v1/api/tickle
-> GET /v1/api/tickle,200|80ms
-> GET /v1/portal/portfolio/DU2971300/positions/0
<- 200 GET /v1/portal/portfolio/DU2971300/positions/0
-> GET /v1/portal/iserver/account/orders
<- 200 GET /v1/portal/iserver/account/orders
-> request: /v1/api/tickle
-> GET /v1/api/tickle,200|71ms
-> request: /v1/api/tickle
-> GET /v1/api/tickle,200|195ms
-> GET /v1/portal/portfolio/DU2971300/positions/0
<- 200 GET /v1/portal/portfolio/DU2971300/positions/0
-> request: /v1/api/tickle
-> GET /v1/api/tickle,200|73ms
-> request: /v1/api/tickle
-> GET /v1/api/tickle,200|47ms
-> request: /v1/api/tickle
-> GET /v1/api/tickle,200|54ms
-> request: /v1/api/tickle
-> GET /v1/api/tickle,200|53ms
-> request: /v1/api/tickle
-> GET /v1/api/tickle,200|52ms
-> request: /sso/ping
-> GET /sso/ping,200|282ms
-> request: /v1/api/tickle
-> GET /v1/api/tickle,200|58ms
-> GET /v1/portal/iserver/account/orders
<- 200 GET /v1/portal/iserver/account/orders
-> request: /v1/api/tickle
-> GET /v1/api/tickle,200|56ms
-> request: /v1/api/tickle
-> GET /v1/api/tickle,200|52ms
-> GET /v1/portal/iserver/account/orders
<- 200 GET /v1/portal/iserver/account/orders
-> request: /v1/api/tickle
-> GET /v1/api/tickle,200|46ms
-> request: /v1/api/tickle
-> GET /v1/api/tickle,200|52ms
-> request: /v1/api/tickle
-> GET /v1/api/tickle,200|51ms
-> request: /v1/api/tickle
-> GET /v1/api/tickle,200|53ms
-> request: /v1/api/tickle
-> GET /v1/api/tickle,200|61ms
-> request: /v1/api/tickle
-> GET /v1/api/tickle,200|52ms
-> request: /v1/api/tickle
-> GET /v1/api/tickle,200|58ms
-> request: /sso/ping
-> GET /sso/ping,200|376ms
-> request: /v1/api/tickle
-> GET /v1/api/tickle,200|50ms
-> GET /v1/portal/iserver/account/orders
<- 200 GET /v1/portal/iserver/account/orders
-> request: /v1/api/tickle
-> GET /v1/api/tickle,200|54ms
-> request: /v1/api/tickle
-> GET /v1/api/tickle,200|56ms
-> GET /v1/portal/iserver/account/orders
<- 200 GET /v1/portal/iserver/account/orders
-> request: /v1/api/tickle
-> GET /v1/api/tickle,200|307ms
-> request: /v1/api/tickle
-> GET /v1/api/tickle,200|79ms
-> request: /v1/api/tickle
-> GET /v1/api/tickle,200|51ms
-> request: /v1/api/tickle
-> GET /v1/api/tickle,200|50ms
-> request: /v1/api/tickle
-> GET /v1/api/tickle,200|53ms
-> request: /v1/api/tickle
-> GET /v1/api/tickle,200|66ms
-> request: /v1/api/tickle
-> GET /v1/api/tickle,200|48ms
-> request: /sso/ping
-> GET /sso/ping,200|246ms
-> request: /v1/api/tickle
-> GET /v1/api/tickle,200|51ms
-> GET /v1/portal/iserver/account/orders
<- 200 GET /v1/portal/iserver/account/orders
-> request: /v1/api/tickle
-> GET /v1/api/tickle,200|58ms
-> request: /v1/api/tickle
-> GET /v1/api/tickle,200|109ms
-> GET /v1/portal/iserver/account/orders
<- 200 GET /v1/portal/iserver/account/orders
-> request: /v1/api/tickle
-> GET /v1/api/tickle,200|56ms
-> request: /v1/api/tickle
-> GET /v1/api/tickle,200|49ms
-> request: /v1/api/tickle
-> GET /v1/api/tickle,200|54ms
-> request: /v1/api/tickle
-> GET /v1/api/tickle,200|53ms
-> request: /v1/api/tickle
-> GET /v1/api/tickle,200|176ms
-> request: /v1/api/tickle
-> GET /v1/api/tickle,200|299ms
-> request: /v1/api/tickle
-> GET /v1/api/tickle,200|87ms
-> request: /sso/ping
-> GET /sso/ping,200|228ms
-> request: /v1/api/tickle
-> GET /v1/api/tickle,200|72ms
-> GET /v1/portal/iserver/account/orders
<- 200 GET /v1/portal/iserver/account/orders
-> request: /v1/api/tickle
-> GET /v1/api/tickle,200|54ms
-> request: /v1/api/tickle
-> GET /v1/api/tickle,200|141ms
-> GET /v1/portal/iserver/account/orders
<- 200 GET /v1/portal/iserver/account/orders
-> request: /v1/api/tickle
-> GET /v1/api/tickle,200|374ms
-> request: /v1/api/tickle
-> GET /v1/api/tickle,200|61ms
-> request: /v1/api/tickle
-> GET /v1/api/tickle,200|53ms
-> request: /v1/api/tickle
-> GET /v1/api/tickle,200|61ms
-> request: /v1/api/tickle
-> GET /v1/api/tickle,200|60ms
-> request: /v1/api/tickle
-> GET /v1/api/tickle,200|162ms
-> request: /v1/api/tickle
-> GET /v1/api/tickle,200|1116ms
-> request: /sso/ping
-> GET /sso/ping,200|235ms
-> request: /v1/api/tickle
-> GET /v1/api/tickle,200|57ms
-> GET /v1/portal/iserver/account/orders
<- 200 GET /v1/portal/iserver/account/orders
-> request: /v1/api/tickle
-> GET /v1/api/tickle,200|58ms
-> request: /v1/api/tickle
-> GET /v1/api/tickle,200|190ms
-> GET /v1/portal/iserver/account/orders
<- 200 GET /v1/portal/iserver/account/orders
-> request: /v1/api/tickle
-> GET /v1/api/tickle,200|65ms
-> request: /v1/api/tickle
-> GET /v1/api/tickle,200|58ms
-> request: /v1/api/tickle
-> GET /v1/api/tickle,200|87ms
-> request: /v1/api/tickle
-> GET /v1/api/tickle,200|57ms
-> request: /v1/api/tickle
-> GET /v1/api/tickle,200|349ms
-> request: /v1/api/tickle
-> GET /v1/api/tickle,200|71ms
-> request: /v1/api/tickle
-> GET /v1/api/tickle,200|58ms
-> request: /sso/ping
-> GET /sso/ping,200|245ms
-> request: /v1/api/tickle
-> GET /v1/api/tickle,200|69ms
-> GET /v1/portal/iserver/account/orders
<- 200 GET /v1/portal/iserver/account/orders
-> request: /v1/api/tickle
-> GET /v1/api/tickle,200|74ms
-> request: /v1/api/tickle
-> GET /v1/api/tickle,200|66ms
-> GET /v1/portal/iserver/account/orders
<- 200 GET /v1/portal/iserver/account/orders
-> request: /v1/api/tickle
-> GET /v1/api/tickle,200|62ms
-> request: /v1/api/tickle
-> GET /v1/api/tickle,200|63ms
-> request: /v1/api/tickle
-> GET /v1/api/tickle,200|236ms
-> request: /v1/api/tickle
-> GET /v1/api/tickle,200|73ms
-> request: /v1/api/tickle
-> GET /v1/api/tickle,200|1098ms
-> request: /v1/api/tickle
-> GET /v1/api/tickle,200|1313ms
-> request: /v1/api/tickle
-> GET /v1/api/tickle,200|59ms
-> request: /sso/ping
-> GET /sso/ping,200|332ms
-> request: /v1/api/tickle
-> GET /v1/api/tickle,200|541ms
-> GET /v1/portal/iserver/account/orders
<- 500 GET /v1/portal/iserver/account/orders
-> request: /v1/api/tickle
-> GET /v1/api/tickle,200|246ms
-> request: /v1/api/tickle
-> GET /v1/api/tickle,200|186ms
-> GET /v1/portal/iserver/account/orders
<- 500 GET /v1/portal/iserver/account/orders
-> request: /v1/api/tickle
-> GET /v1/api/tickle,200|428ms
-> request: /v1/api/tickle
-> GET /v1/api/tickle,200|139ms
-> request: /v1/api/tickle
-> GET /v1/api/tickle,200|220ms
-> request: /v1/api/tickle
-> GET /v1/api/tickle,200|203ms
-> request: /v1/api/tickle
-> GET /v1/api/tickle,200|207ms
-> request: /v1/api/tickle
-> GET /v1/api/tickle,200|264ms
-> request: /v1/api/tickle
-> GET /v1/api/tickle,200|118ms
-> request: /sso/ping
-> GET /sso/ping,200|265ms
-> request: /v1/api/tickle
-> GET /v1/api/tickle,200|138ms
-> GET /v1/portal/iserver/account/orders
<- 500 GET /v1/portal/iserver/account/orders
-> request: /v1/api/tickle
-> GET /v1/api/tickle,200|467ms
-> request: /v1/api/tickle
-> GET /v1/api/tickle,200|118ms
-> GET /v1/portal/iserver/account/orders
<- 500 GET /v1/portal/iserver/account/orders
-> request: /v1/api/tickle
-> GET /v1/api/tickle,200|352ms
-> request: /v1/api/tickle
-> GET /v1/api/tickle,200|476ms
-> request: /v1/api/tickle
-> GET /v1/api/tickle,200|170ms
-> request: /v1/api/tickle
-> GET /v1/api/tickle,200|315ms
-> request: /v1/api/tickle
-> GET /v1/api/tickle,200|177ms
-> request: /v1/api/tickle
-> GET /v1/api/tickle,200|177ms
-> request: /v1/api/tickle
-> GET /v1/api/tickle,200|264ms
-> request: /sso/ping
-> GET /sso/ping,200|600ms
-> request: /v1/api/tickle
-> GET /v1/api/tickle,200|164ms
-> GET /v1/portal/iserver/account/orders
<- 500 GET /v1/portal/iserver/account/orders
-> request: /v1/api/tickle
-> GET /v1/api/tickle,200|186ms
-> request: /v1/api/tickle
-> GET /v1/api/tickle,200|247ms
-> GET /v1/portal/iserver/account/orders
<- 500 GET /v1/portal/iserver/account/orders
-> request: /v1/api/tickle
-> GET /v1/api/tickle,200|155ms
-> request: /v1/api/tickle
-> GET /v1/api/tickle,200|821ms
-> request: /v1/api/tickle
-> GET /v1/api/tickle,200|247ms
-> request: /v1/api/tickle
-> GET /v1/api/tickle,200|234ms
-> request: /v1/api/tickle
-> GET /v1/api/tickle,200|282ms
-> request: /v1/api/tickle
-> GET /v1/api/tickle,200|1903ms
-> request: /v1/api/tickle
-> GET /v1/api/tickle,200|54ms
-> request: /sso/ping
-> GET /sso/ping,200|293ms
-> request: /v1/api/tickle
-> GET /v1/api/tickle,200|178ms
-> GET /v1/portal/iserver/account/orders
<- 500 GET /v1/portal/iserver/account/orders
-> request: /v1/api/tickle
-> GET /v1/api/tickle,200|407ms
-> request: /v1/api/tickle
-> GET /v1/api/tickle,200|203ms
-> GET /v1/portal/iserver/account/orders
<- 500 GET /v1/portal/iserver/account/orders
-> request: /v1/api/tickle
-> GET /v1/api/tickle,200|126ms
-> request: /v1/api/tickle
-> GET /v1/api/tickle,200|176ms
-> request: /v1/api/tickle
-> GET /v1/api/tickle,200|133ms
-> request: /v1/api/tickle
-> GET /v1/api/tickle,200|139ms
-> request: /v1/api/tickle
-> GET /v1/api/tickle,200|134ms
-> request: /v1/api/tickle
-> GET /v1/api/tickle,200|117ms
-> request: /v1/api/tickle
-> GET /v1/api/tickle,200|177ms
-> request: /sso/ping
-> GET /sso/ping,200|124ms
-> request: /v1/api/tickle
-> GET /v1/api/tickle,200|120ms
-> GET /v1/portal/iserver/account/orders
<- 500 GET /v1/portal/iserver/account/orders
-> request: /v1/api/tickle
-> GET /v1/api/tickle,200|155ms
-> request: /v1/api/tickle
-> GET /v1/api/tickle,200|194ms
-> GET /v1/portal/iserver/account/orders
<- 500 GET /v1/portal/iserver/account/orders
-> request: /v1/api/tickle
-> GET /v1/api/tickle,200|220ms
-> request: /v1/api/tickle
-> GET /v1/api/tickle,200|135ms
-> request: /v1/api/tickle
-> GET /v1/api/tickle,200|145ms
-> request: /v1/api/tickle
-> GET /v1/api/tickle,200|396ms
-> request: /v1/api/tickle
-> GET /v1/api/tickle,200|221ms
-> request: /v1/api/tickle
-> GET /v1/api/tickle,200|225ms
-> request: /v1/api/tickle
-> GET /v1/api/tickle,200|61ms
-> request: /sso/ping
-> GET /sso/ping,200|235ms
-> request: /v1/api/tickle
-> GET /v1/api/tickle,200|250ms
-> GET /v1/portal/iserver/account/orders
<- 200 GET /v1/portal/iserver/account/orders
-> request: /v1/api/tickle
-> GET /v1/api/tickle,200|456ms
-> request: /v1/api/tickle
-> GET /v1/api/tickle,200|53ms
-> GET /v1/portal/iserver/account/orders
<- 200 GET /v1/portal/iserver/account/orders
-> request: /v1/api/tickle
-> GET /v1/api/tickle,200|53ms
-> request: /v1/api/tickle
-> GET /v1/api/tickle,200|51ms
-> request: /v1/api/tickle
-> GET /v1/api/tickle,200|48ms
-> request: /v1/api/tickle
-> GET /v1/api/tickle,200|43ms
-> request: /v1/api/tickle
-> GET /v1/api/tickle,200|49ms
-> request: /v1/api/tickle
-> GET /v1/api/tickle,200|42ms
-> request: /v1/api/tickle
-> GET /v1/api/tickle,200|54ms
-> request: /sso/ping
-> GET /sso/ping,200|406ms
-> request: /v1/api/tickle
-> GET /v1/api/tickle,200|49ms
-> GET /v1/portal/iserver/account/orders
<- 200 GET /v1/portal/iserver/account/orders
-> request: /v1/api/tickle
-> GET /v1/api/tickle,200|117ms
-> request: /v1/api/tickle
-> GET /v1/api/tickle,200|54ms
-> GET /v1/portal/iserver/account/orders
<- 200 GET /v1/portal/iserver/account/orders
-> request: /v1/api/tickle
-> GET /v1/api/tickle,200|61ms
-> request: /v1/api/tickle
-> GET /v1/api/tickle,200|51ms
-> request: /v1/api/tickle
-> GET /v1/api/tickle,200|53ms
-> request: /v1/api/tickle
-> GET /v1/api/tickle,200|58ms
-> request: /v1/api/tickle
-> GET /v1/api/tickle,200|52ms
-> request: /v1/api/tickle
-> GET /v1/api/tickle,200|60ms
-> request: /v1/api/tickle
-> GET /v1/api/tickle,200|269ms
-> request: /sso/ping
-> GET /sso/ping,200|283ms
-> request: /v1/api/tickle
-> GET /v1/api/tickle,200|54ms
-> GET /v1/portal/iserver/account/orders
<- 200 GET /v1/portal/iserver/account/orders
-> request: /v1/api/tickle
-> GET /v1/api/tickle,200|60ms
-> request: /v1/api/tickle
-> GET /v1/api/tickle,200|55ms
-> GET /v1/portal/iserver/account/orders
<- 200 GET /v1/portal/iserver/account/orders
-> request: /v1/api/tickle
-> GET /v1/api/tickle,200|57ms
-> request: /v1/api/tickle
-> GET /v1/api/tickle,200|62ms
-> request: /v1/api/tickle
-> GET /v1/api/tickle,200|771ms
-> request: /v1/api/tickle
-> GET /v1/api/tickle,200|459ms
-> request: /v1/api/tickle
-> GET /v1/api/tickle,200|64ms
-> request: /v1/api/tickle
-> GET /v1/api/tickle,200|265ms
-> request: /v1/api/tickle
-> GET /v1/api/tickle,200|196ms
-> request: /sso/ping
-> GET /sso/ping,200|165ms
-> request: /v1/api/tickle
-> GET /v1/api/tickle,200|538ms
-> GET /v1/portal/iserver/account/orders
<- 500 GET /v1/portal/iserver/account/orders
-> request: /v1/api/tickle
-> GET /v1/api/tickle,200|159ms
-> request: /v1/api/tickle
-> GET /v1/api/tickle,200|289ms
-> GET /v1/portal/iserver/account/orders
<- 200 GET /v1/portal/iserver/account/orders
-> request: /v1/api/tickle
-> GET /v1/api/tickle,200|195ms
-> request: /v1/api/tickle
-> GET /v1/api/tickle,200|60ms
-> request: /v1/api/tickle
-> GET /v1/api/tickle,200|196ms
-> request: /v1/api/tickle
-> GET /v1/api/tickle,200|200ms
-> request: /v1/api/tickle
-> GET /v1/api/tickle,200|130ms
-> request: /v1/api/tickle
-> GET /v1/api/tickle,200|233ms
-> request: /v1/api/tickle
-> GET /v1/api/tickle,200|227ms
-> request: /sso/ping
-> GET /sso/ping,200|204ms
-> request: /v1/api/tickle
-> GET /v1/api/tickle,200|228ms
-> GET /v1/portal/iserver/account/orders
<- 500 GET /v1/portal/iserver/account/orders
-> request: /v1/api/tickle
-> GET /v1/api/tickle,200|275ms
-> request: /v1/api/tickle
-> GET /v1/api/tickle,200|233ms
-> GET /v1/portal/iserver/account/orders
<- 500 GET /v1/portal/iserver/account/orders
-> request: /v1/api/tickle
-> GET /v1/api/tickle,200|249ms
-> request: /v1/api/tickle
-> GET /v1/api/tickle,200|241ms
-> request: /v1/api/tickle
-> GET /v1/api/tickle,200|233ms
-> request: /v1/api/tickle
-> GET /v1/api/tickle,200|283ms
-> request: /v1/api/tickle
-> GET /v1/api/tickle,200|247ms
-> request: /v1/api/tickle
-> GET /v1/api/tickle,200|349ms
-> request: /v1/api/tickle
-> GET /v1/api/tickle,200|153ms
-> request: /sso/ping
-> GET /sso/ping,200|234ms
-> request: /v1/api/tickle
-> GET /v1/api/tickle,200|223ms
-> GET /v1/portal/iserver/account/orders
<- 500 GET /v1/portal/iserver/account/orders
-> request: /v1/api/tickle
-> GET /v1/api/tickle,200|444ms
-> request: /v1/api/tickle
-> GET /v1/api/tickle,200|178ms
-> GET /v1/portal/iserver/account/orders
<- 500 GET /v1/portal/iserver/account/orders
-> request: /v1/api/tickle
-> GET /v1/api/tickle,200|127ms
-> request: /v1/api/tickle
-> GET /v1/api/tickle,200|895ms
-> request: /v1/api/tickle
-> GET /v1/api/tickle,200|377ms
-> request: /v1/api/tickle
-> GET /v1/api/tickle,200|601ms
-> request: /v1/api/tickle
-> GET /v1/api/tickle,200|352ms
