-> request: /v1/api/tickle
-> GET /v1/api/tickle,200|630ms
-> GET /v1/portal/iserver/auth/status
<- 200 GET /v1/portal/iserver/auth/status
-> GET /v1/portal/iserver/auth/status
<- 200 GET /v1/portal/iserver/auth/status
-> GET /v1/portal/iserver/auth/status
<- 200 GET /v1/portal/iserver/auth/status
-> GET /v1/portal/iserver/auth/status
<- 200 GET /v1/portal/iserver/auth/status
-> request: /v1/api/tickle
-> GET /v1/api/tickle,200|477ms
-> request: /v1/api/tickle
-> GET /v1/api/tickle,200|675ms
-> GET /v1/portal/iserver/auth/status
<- 200 GET /v1/portal/iserver/auth/status
-> GET /v1/portal/iserver/auth/status
<- 200 GET /v1/portal/iserver/auth/status
-> GET /v1/portal/iserver/auth/status
<- 200 GET /v1/portal/iserver/auth/status
-> GET /v1/portal/iserver/auth/status
<- 200 GET /v1/portal/iserver/auth/status
-> request: /v1/api/tickle
-> GET /v1/api/tickle,200|500ms
-> request: /v1/api/tickle
-> GET /v1/api/tickle,200|723ms
-> GET /v1/portal/iserver/auth/status
<- 200 GET /v1/portal/iserver/auth/status
-> GET /v1/portal/iserver/auth/status
<- 200 GET /v1/portal/iserver/auth/status
-> GET /v1/portal/iserver/auth/status
<- 200 GET /v1/portal/iserver/auth/status
-> GET /v1/portal/iserver/auth/status
<- 200 GET /v1/portal/iserver/auth/status
-> request: /v1/api/tickle
-> GET /v1/api/tickle,200|537ms
-> request: /v1/api/tickle
-> GET /v1/api/tickle,200|709ms
-> GET /v1/portal/iserver/auth/status
<- 200 GET /v1/portal/iserver/auth/status
-> GET /v1/portal/iserver/auth/status
<- 200 GET /v1/portal/iserver/auth/status
-> GET /v1/portal/iserver/auth/status
<- 200 GET /v1/portal/iserver/auth/status
-> GET /v1/portal/iserver/auth/status
<- 200 GET /v1/portal/iserver/auth/status
-> request: /v1/api/tickle
-> GET /v1/api/tickle,200|467ms
-> request: /sso/ping
-> GET /sso/ping,200|475ms
-> request: /v1/api/tickle
-> GET /v1/api/tickle,200|130ms
-> GET /v1/portal/iserver/auth/status
<- 200 GET /v1/portal/iserver/auth/status
-> GET /v1/portal/iserver/auth/status
<- 200 GET /v1/portal/iserver/auth/status
-> GET /v1/portal/iserver/auth/status
<- 200 GET /v1/portal/iserver/auth/status
-> GET /v1/portal/iserver/auth/status
<- 200 GET /v1/portal/iserver/auth/status
-> request: /v1/api/tickle
-> GET /v1/api/tickle,200|1776ms
-> request: /v1/api/tickle
-> GET /v1/api/tickle,200|472ms
-> GET /v1/portal/iserver/auth/status
<- 200 GET /v1/portal/iserver/auth/status
-> GET /v1/portal/iserver/auth/status
<- 200 GET /v1/portal/iserver/auth/status
-> GET /v1/portal/iserver/auth/status
<- 200 GET /v1/portal/iserver/auth/status
-> GET /v1/portal/iserver/auth/status
<- 200 GET /v1/portal/iserver/auth/status
-> request: /v1/api/tickle
-> GET /v1/api/tickle,200|445ms
-> request: /v1/api/tickle
-> GET /v1/api/tickle,200|716ms
-> GET /v1/portal/iserver/auth/status
<- 200 GET /v1/portal/iserver/auth/status
-> GET /v1/portal/iserver/auth/status
<- 200 GET /v1/portal/iserver/auth/status
-> GET /v1/portal/iserver/auth/status
<- 200 GET /v1/portal/iserver/auth/status
-> GET /v1/portal/iserver/auth/status
<- 200 GET /v1/portal/iserver/auth/status
-> request: /v1/api/tickle
-> GET /v1/api/tickle,200|432ms
-> request: /v1/api/tickle
-> GET /v1/api/tickle,200|836ms
-> GET /v1/portal/iserver/auth/status
<- 200 GET /v1/portal/iserver/auth/status
-> GET /v1/portal/iserver/auth/status
<- 200 GET /v1/portal/iserver/auth/status
-> GET /v1/portal/iserver/auth/status
<- 200 GET /v1/portal/iserver/auth/status
-> GET /v1/portal/iserver/auth/status
<- 200 GET /v1/portal/iserver/auth/status
-> GET /v1/portal/iserver/auth/status
<- 200 GET /v1/portal/iserver/auth/status
-> request: /v1/api/tickle
-> GET /v1/api/tickle,200|439ms
-> request: /v1/api/tickle
-> GET /v1/api/tickle,200|903ms
-> GET /v1/portal/iserver/auth/status
<- 200 GET /v1/portal/iserver/auth/status
-> GET /v1/portal/iserver/auth/status
<- 200 GET /v1/portal/iserver/auth/status
-> GET /v1/portal/iserver/auth/status
<- 200 GET /v1/portal/iserver/auth/status
-> GET /v1/portal/iserver/auth/status
<- 200 GET /v1/portal/iserver/auth/status
-> request: /v1/api/tickle
-> GET /v1/api/tickle,200|451ms
-> request: /sso/ping
-> GET /sso/ping,200|446ms
-> request: /v1/api/tickle
-> GET /v1/api/tickle,200|124ms
-> GET /v1/portal/iserver/auth/status
<- 200 GET /v1/portal/iserver/auth/status
-> GET /v1/portal/iserver/auth/status
<- 200 GET /v1/portal/iserver/auth/status
-> GET /v1/portal/iserver/auth/status
<- 200 GET /v1/portal/iserver/auth/status
-> GET /v1/portal/iserver/auth/status
<- 200 GET /v1/portal/iserver/auth/status
-> request: /v1/api/tickle
-> GET /v1/api/tickle,200|634ms
-> request: /v1/api/tickle
-> GET /v1/api/tickle,200|498ms
-> GET /v1/portal/iserver/auth/status
<- 200 GET /v1/portal/iserver/auth/status
-> GET /v1/portal/iserver/auth/status
<- 200 GET /v1/portal/iserver/auth/status
-> GET /v1/portal/iserver/auth/status
<- 200 GET /v1/portal/iserver/auth/status
-> GET /v1/portal/iserver/auth/status
<- 200 GET /v1/portal/iserver/auth/status
-> request: /v1/api/tickle
-> GET /v1/api/tickle,200|578ms
-> request: /v1/api/tickle
-> GET /v1/api/tickle,200|774ms
-> GET /v1/portal/iserver/auth/status
<- 200 GET /v1/portal/iserver/auth/status
-> GET /v1/portal/iserver/auth/status
<- 200 GET /v1/portal/iserver/auth/status
-> GET /v1/portal/iserver/auth/status
<- 200 GET /v1/portal/iserver/auth/status
-> GET /v1/portal/iserver/auth/status
<- 200 GET /v1/portal/iserver/auth/status
-> request: /v1/api/tickle
-> GET /v1/api/tickle,200|420ms
-> request: /v1/api/tickle
-> GET /v1/api/tickle,200|662ms
-> GET /v1/portal/iserver/auth/status
<- 200 GET /v1/portal/iserver/auth/status
-> GET /v1/portal/iserver/auth/status
<- 200 GET /v1/portal/iserver/auth/status
-> GET /v1/portal/iserver/auth/status
<- 200 GET /v1/portal/iserver/auth/status
-> GET /v1/portal/iserver/auth/status
<- 200 GET /v1/portal/iserver/auth/status
-> request: /v1/api/tickle
-> GET /v1/api/tickle,200|490ms
-> request: /v1/api/tickle
-> GET /v1/api/tickle,200|786ms
-> GET /v1/portal/iserver/auth/status
<- 200 GET /v1/portal/iserver/auth/status
-> GET /v1/portal/iserver/auth/status
<- 200 GET /v1/portal/iserver/auth/status
-> GET /v1/portal/iserver/auth/status
<- 200 GET /v1/portal/iserver/auth/status
-> GET /v1/portal/iserver/auth/status
<- 200 GET /v1/portal/iserver/auth/status
-> request: /v1/api/tickle
-> GET /v1/api/tickle,200|451ms
-> request: /sso/ping
-> GET /sso/ping,200|476ms
-> request: /v1/api/tickle
-> GET /v1/api/tickle,200|122ms
-> GET /v1/portal/iserver/auth/status
<- 200 GET /v1/portal/iserver/auth/status
-> GET /v1/portal/iserver/auth/status
<- 200 GET /v1/portal/iserver/auth/status
-> GET /v1/portal/iserver/auth/status
<- 200 GET /v1/portal/iserver/auth/status
-> GET /v1/portal/iserver/auth/status
<- 200 GET /v1/portal/iserver/auth/status
-> request: /v1/api/tickle
-> GET /v1/api/tickle,200|723ms
-> request: /v1/api/tickle
-> GET /v1/api/tickle,200|474ms
-> GET /v1/portal/iserver/auth/status
<- 200 GET /v1/portal/iserver/auth/status
-> GET /v1/portal/iserver/auth/status
<- 200 GET /v1/portal/iserver/auth/status
-> GET /v1/portal/iserver/auth/status
<- 200 GET /v1/portal/iserver/auth/status
-> GET /v1/portal/iserver/auth/status
<- 200 GET /v1/portal/iserver/auth/status
-> request: /v1/api/tickle
-> GET /v1/api/tickle,200|1645ms
-> request: /v1/api/tickle
-> GET /v1/api/tickle,200|649ms
-> GET /v1/portal/iserver/auth/status
<- 200 GET /v1/portal/iserver/auth/status
-> GET /v1/portal/iserver/auth/status
<- 200 GET /v1/portal/iserver/auth/status
-> GET /v1/portal/iserver/auth/status
<- 200 GET /v1/portal/iserver/auth/status
-> GET /v1/portal/iserver/auth/status
<- 200 GET /v1/portal/iserver/auth/status
-> request: /v1/api/tickle
-> GET /v1/api/tickle,200|448ms
-> request: /v1/api/tickle
-> GET /v1/api/tickle,200|615ms
-> GET /v1/portal/iserver/auth/status
<- 200 GET /v1/portal/iserver/auth/status
-> GET /v1/portal/iserver/auth/status
<- 200 GET /v1/portal/iserver/auth/status
-> GET /v1/portal/iserver/auth/status
<- 200 GET /v1/portal/iserver/auth/status
-> GET /v1/portal/iserver/auth/status
<- 200 GET /v1/portal/iserver/auth/status
-> request: /v1/api/tickle
-> GET /v1/api/tickle,200|469ms
-> request: /v1/api/tickle
-> GET /v1/api/tickle,200|1196ms
-> GET /v1/portal/iserver/auth/status
<- 200 GET /v1/portal/iserver/auth/status
-> GET /v1/portal/iserver/auth/status
<- 200 GET /v1/portal/iserver/auth/status
-> GET /v1/portal/iserver/auth/status
<- 200 GET /v1/portal/iserver/auth/status
-> GET /v1/portal/iserver/auth/status
<- 200 GET /v1/portal/iserver/auth/status
-> request: /v1/api/tickle
-> GET /v1/api/tickle,200|489ms
-> request: /sso/ping
-> GET /sso/ping,200|484ms
-> request: /v1/api/tickle
-> GET /v1/api/tickle,200|125ms
-> GET /v1/portal/iserver/auth/status
<- 200 GET /v1/portal/iserver/auth/status
-> GET /v1/portal/iserver/auth/status
<- 200 GET /v1/portal/iserver/auth/status
-> GET /v1/portal/iserver/auth/status
<- 200 GET /v1/portal/iserver/auth/status
-> GET /v1/portal/iserver/auth/status
<- 200 GET /v1/portal/iserver/auth/status
-> request: /v1/api/tickle
-> GET /v1/api/tickle,200|467ms
-> GET /v1/portal/iserver/auth/status
<- 200 GET /v1/portal/iserver/auth/status
-> POST /v1/portal/iserver/auth/status
<- 200 POST /v1/portal/iserver/auth/status
-> GET /v1/portal/iserver/accounts
<- 200 GET /v1/portal/iserver/accounts
-> GET /v1/portal/portfolio/DU2971300/ledger
<- 200 GET /v1/portal/portfolio/DU2971300/ledger
-> GET /v1/portal/portfolio/DU2971300/positions/0
<- 200 GET /v1/portal/portfolio/DU2971300/positions/0
-> request: /v1/api/tickle
-> GET /v1/api/tickle,200|109ms
-> POST /v1/portal/iserver/secdef/search
<- 200 POST /v1/portal/iserver/secdef/search
-> GET /v1/portal/iserver/marketdata/snapshot?conids=12087792&since=0&fields=31
<- 200 GET /v1/portal/iserver/marketdata/snapshot?conids=12087792&since=0&fields=31
-> POST /v1/portal/iserver/secdef/search
<- 200 POST /v1/portal/iserver/secdef/search
-> GET /v1/portal/iserver/auth/status
-> GET /v1/portal/iserver/marketdata/snapshot?conids=12087802&since=0&fields=31
<- 200 GET /v1/portal/iserver/auth/status
<- 200 GET /v1/portal/iserver/marketdata/snapshot?conids=12087802&since=0&fields=31
-> GET /v1/portal/iserver/auth/status
<- 200 GET /v1/portal/iserver/auth/status
-> GET /v1/portal/iserver/auth/status
<- 200 GET /v1/portal/iserver/auth/status
-> GET /v1/portal/iserver/auth/status
<- 200 GET /v1/portal/iserver/auth/status
-> request: /v1/api/tickle
-> GET /v1/api/tickle,200|445ms
-> GET /v1/portal/iserver/auth/status
<- 200 GET /v1/portal/iserver/auth/status
-> POST /v1/portal/iserver/auth/status
<- 200 POST /v1/portal/iserver/auth/status
-> GET /v1/portal/iserver/accounts
<- 200 GET /v1/portal/iserver/accounts
-> request: /v1/api/tickle
-> GET /v1/api/tickle,200|122ms
-> GET /v1/portal/portfolio/DU2971300/ledger
<- 200 GET /v1/portal/portfolio/DU2971300/ledger
-> GET /v1/portal/portfolio/DU2971300/positions/0
<- 200 GET /v1/portal/portfolio/DU2971300/positions/0
-> POST /v1/portal/iserver/secdef/search
<- 200 POST /v1/portal/iserver/secdef/search
-> GET /v1/portal/iserver/marketdata/snapshot?conids=12087792&since=0&fields=31
<- 200 GET /v1/portal/iserver/marketdata/snapshot?conids=12087792&since=0&fields=31
-> POST /v1/portal/iserver/secdef/search
<- 200 POST /v1/portal/iserver/secdef/search
-> GET /v1/portal/iserver/auth/status
<- 200 GET /v1/portal/iserver/auth/status
-> GET /v1/portal/iserver/auth/status
<- 200 GET /v1/portal/iserver/auth/status
-> GET /v1/portal/iserver/auth/status
<- 200 GET /v1/portal/iserver/auth/status
-> GET /v1/portal/iserver/auth/status
<- 200 GET /v1/portal/iserver/auth/status
-> GET /v1/portal/iserver/marketdata/snapshot?conids=12087802&since=0&fields=31
<- 200 GET /v1/portal/iserver/marketdata/snapshot?conids=12087802&since=0&fields=31
-> request: /v1/api/tickle
-> GET /v1/api/tickle,200|470ms
-> request: /v1/api/tickle
-> GET /v1/api/tickle,200|857ms
-> GET /v1/portal/iserver/account/orders
<- 200 GET /v1/portal/iserver/account/orders
-> GET /v1/portal/iserver/auth/status
<- 200 GET /v1/portal/iserver/auth/status
-> GET /v1/portal/iserver/auth/status
<- 200 GET /v1/portal/iserver/auth/status
-> GET /v1/portal/iserver/auth/status
<- 200 GET /v1/portal/iserver/auth/status
-> GET /v1/portal/iserver/auth/status
<- 200 GET /v1/portal/iserver/auth/status
-> request: /v1/api/tickle
-> GET /v1/api/tickle,200|454ms
-> request: /v1/api/tickle
-> GET /v1/api/tickle,200|849ms
-> GET /v1/portal/iserver/auth/status
<- 200 GET /v1/portal/iserver/auth/status
-> GET /v1/portal/iserver/auth/status
<- 200 GET /v1/portal/iserver/auth/status
-> GET /v1/portal/iserver/auth/status
<- 200 GET /v1/portal/iserver/auth/status
-> GET /v1/portal/iserver/auth/status
<- 200 GET /v1/portal/iserver/auth/status
-> request: /v1/api/tickle
-> GET /v1/api/tickle,200|1573ms
-> request: /sso/ping
-> GET /sso/ping,200|484ms
-> request: /v1/api/tickle
-> GET /v1/api/tickle,200|119ms
-> GET /v1/portal/iserver/auth/status
<- 200 GET /v1/portal/iserver/auth/status
-> GET /v1/portal/iserver/auth/status
<- 200 GET /v1/portal/iserver/auth/status
-> GET /v1/portal/iserver/auth/status
<- 200 GET /v1/portal/iserver/auth/status
-> GET /v1/portal/iserver/auth/status
<- 200 GET /v1/portal/iserver/auth/status
-> request: /v1/api/tickle
-> GET /v1/api/tickle,200|614ms
-> request: /v1/api/tickle
-> GET /v1/api/tickle,200|514ms
-> GET /v1/portal/iserver/auth/status
<- 200 GET /v1/portal/iserver/auth/status
-> GET /v1/portal/iserver/auth/status
<- 200 GET /v1/portal/iserver/auth/status
-> GET /v1/portal/iserver/auth/status
<- 200 GET /v1/portal/iserver/auth/status
-> GET /v1/portal/iserver/auth/status
<- 200 GET /v1/portal/iserver/auth/status
-> request: /v1/api/tickle
-> GET /v1/api/tickle,200|460ms
-> request: /v1/api/tickle
-> GET /v1/api/tickle,200|636ms
-> GET /v1/portal/iserver/auth/status
<- 200 GET /v1/portal/iserver/auth/status
-> GET /v1/portal/iserver/auth/status
<- 200 GET /v1/portal/iserver/auth/status
-> GET /v1/portal/iserver/auth/status
<- 200 GET /v1/portal/iserver/auth/status
-> GET /v1/portal/iserver/auth/status
<- 200 GET /v1/portal/iserver/auth/status
-> request: /v1/api/tickle
-> GET /v1/api/tickle,200|532ms
-> request: /v1/api/tickle
-> GET /v1/api/tickle,200|813ms
-> GET /v1/portal/iserver/auth/status
<- 200 GET /v1/portal/iserver/auth/status
-> GET /v1/portal/iserver/auth/status
<- 200 GET /v1/portal/iserver/auth/status
-> GET /v1/portal/iserver/auth/status
<- 200 GET /v1/portal/iserver/auth/status
-> GET /v1/portal/iserver/auth/status
<- 200 GET /v1/portal/iserver/auth/status
-> request: /v1/api/tickle
-> GET /v1/api/tickle,200|506ms
-> request: /v1/api/tickle
-> GET /v1/api/tickle,200|669ms
-> GET /v1/portal/iserver/auth/status
<- 200 GET /v1/portal/iserver/auth/status
-> GET /v1/portal/iserver/auth/status
<- 200 GET /v1/portal/iserver/auth/status
-> GET /v1/portal/iserver/auth/status
<- 200 GET /v1/portal/iserver/auth/status
-> GET /v1/portal/iserver/auth/status
<- 200 GET /v1/portal/iserver/auth/status
-> request: /v1/api/tickle
-> GET /v1/api/tickle,200|430ms
-> request: /sso/ping
-> GET /sso/ping,200|484ms
-> request: /v1/api/tickle
-> GET /v1/api/tickle,200|116ms
-> GET /v1/portal/iserver/auth/status
<- 200 GET /v1/portal/iserver/auth/status
-> GET /v1/portal/iserver/auth/status
<- 200 GET /v1/portal/iserver/auth/status
-> GET /v1/portal/iserver/auth/status
<- 200 GET /v1/portal/iserver/auth/status
-> GET /v1/portal/iserver/auth/status
<- 200 GET /v1/portal/iserver/auth/status
-> request: /v1/api/tickle
-> GET /v1/api/tickle,200|633ms
-> request: /v1/api/tickle
-> GET /v1/api/tickle,200|614ms
-> GET /v1/portal/iserver/auth/status
<- 200 GET /v1/portal/iserver/auth/status
-> GET /v1/portal/iserver/auth/status
<- 200 GET /v1/portal/iserver/auth/status
-> GET /v1/portal/iserver/auth/status
<- 200 GET /v1/portal/iserver/auth/status
-> GET /v1/portal/iserver/auth/status
<- 200 GET /v1/portal/iserver/auth/status
-> request: /v1/api/tickle
-> GET /v1/api/tickle,200|854ms
-> request: /v1/api/tickle
-> GET /v1/api/tickle,200|834ms
-> GET /v1/portal/iserver/auth/status
<- 200 GET /v1/portal/iserver/auth/status
-> GET /v1/portal/iserver/auth/status
<- 200 GET /v1/portal/iserver/auth/status
-> GET /v1/portal/iserver/auth/status
<- 200 GET /v1/portal/iserver/auth/status
-> GET /v1/portal/iserver/auth/status
<- 200 GET /v1/portal/iserver/auth/status
-> request: /v1/api/tickle
-> GET /v1/api/tickle,200|1252ms
-> request: /v1/api/tickle
-> GET /v1/api/tickle,200|862ms
-> GET /v1/portal/iserver/auth/status
<- 200 GET /v1/portal/iserver/auth/status
-> GET /v1/portal/iserver/auth/status
<- 200 GET /v1/portal/iserver/auth/status
-> GET /v1/portal/iserver/auth/status
<- 200 GET /v1/portal/iserver/auth/status
-> GET /v1/portal/iserver/auth/status
<- 200 GET /v1/portal/iserver/auth/status
-> request: /v1/api/tickle
-> GET /v1/api/tickle,200|467ms
-> request: /v1/api/tickle
-> GET /v1/api/tickle,200|671ms
-> GET /v1/portal/iserver/auth/status
<- 200 GET /v1/portal/iserver/auth/status
-> GET /v1/portal/iserver/auth/status
<- 200 GET /v1/portal/iserver/auth/status
-> GET /v1/portal/iserver/auth/status
<- 200 GET /v1/portal/iserver/auth/status
-> GET /v1/portal/iserver/auth/status
<- 200 GET /v1/portal/iserver/auth/status
-> request: /v1/api/tickle
-> GET /v1/api/tickle,200|485ms
-> request: /sso/ping
-> GET /sso/ping,200|497ms
-> request: /v1/api/tickle
-> GET /v1/api/tickle,200|124ms
-> GET /v1/portal/iserver/auth/status
<- 200 GET /v1/portal/iserver/auth/status
-> GET /v1/portal/iserver/auth/status
<- 200 GET /v1/portal/iserver/auth/status
-> GET /v1/portal/iserver/auth/status
<- 200 GET /v1/portal/iserver/auth/status
-> GET /v1/portal/iserver/auth/status
<- 200 GET /v1/portal/iserver/auth/status
-> request: /v1/api/tickle
-> GET /v1/api/tickle,200|696ms
-> request: /v1/api/tickle
-> GET /v1/api/tickle,200|552ms
-> GET /v1/portal/iserver/auth/status
<- 200 GET /v1/portal/iserver/auth/status
-> GET /v1/portal/iserver/auth/status
<- 200 GET /v1/portal/iserver/auth/status
-> GET /v1/portal/iserver/auth/status
<- 200 GET /v1/portal/iserver/auth/status
-> GET /v1/portal/iserver/auth/status
<- 200 GET /v1/portal/iserver/auth/status
-> request: /v1/api/tickle
-> GET /v1/api/tickle,200|477ms
-> request: /v1/api/tickle
-> GET /v1/api/tickle,200|826ms
-> GET /v1/portal/iserver/auth/status
<- 200 GET /v1/portal/iserver/auth/status
-> GET /v1/portal/iserver/auth/status
<- 200 GET /v1/portal/iserver/auth/status
-> GET /v1/portal/iserver/auth/status
<- 200 GET /v1/portal/iserver/auth/status
-> GET /v1/portal/iserver/auth/status
<- 200 GET /v1/portal/iserver/auth/status
-> request: /v1/api/tickle
-> GET /v1/api/tickle,200|499ms
-> request: /v1/api/tickle
-> GET /v1/api/tickle,200|941ms
-> GET /v1/portal/iserver/auth/status
<- 200 GET /v1/portal/iserver/auth/status
-> GET /v1/portal/iserver/auth/status
<- 200 GET /v1/portal/iserver/auth/status
-> GET /v1/portal/iserver/auth/status
<- 200 GET /v1/portal/iserver/auth/status
-> GET /v1/portal/iserver/auth/status
<- 200 GET /v1/portal/iserver/auth/status
-> request: /v1/api/tickle
-> GET /v1/api/tickle,200|499ms
-> request: /v1/api/tickle
-> GET /v1/api/tickle,200|727ms
-> GET /v1/portal/iserver/auth/status
<- 200 GET /v1/portal/iserver/auth/status
-> GET /v1/portal/sso/validate
<- 200 GET /v1/portal/sso/validate
-> GET /v1/portal/iserver/auth/status
<- 200 GET /v1/portal/iserver/auth/status
-> GET /v1/portal/iserver/auth/status
<- 200 GET /v1/portal/iserver/auth/status
-> GET /v1/portal/iserver/auth/status
<- 200 GET /v1/portal/iserver/auth/status
-> GET /v1/portal/iserver/auth/status
<- 200 GET /v1/portal/iserver/auth/status
-> GET /v1/portal/iserver/auth/status
<- 200 GET /v1/portal/iserver/auth/status
-> request: /v1/api/tickle
-> GET /v1/api/tickle,200|551ms
-> request: /sso/ping
-> GET /sso/ping,200|466ms
-> request: /v1/api/tickle
-> GET /v1/api/tickle,200|121ms
-> GET /v1/portal/sso/validate
<- 200 GET /v1/portal/sso/validate
-> GET /v1/portal/iserver/auth/status
<- 200 GET /v1/portal/iserver/auth/status
-> GET /v1/portal/iserver/auth/status
<- 200 GET /v1/portal/iserver/auth/status
-> GET /v1/portal/iserver/auth/status
<- 200 GET /v1/portal/iserver/auth/status
-> GET /v1/portal/iserver/auth/status
<- 200 GET /v1/portal/iserver/auth/status
-> GET /v1/portal/iserver/auth/status
<- 200 GET /v1/portal/iserver/auth/status
-> GET /v1/portal/iserver/account/trades
<- 200 GET /v1/portal/iserver/account/trades
-> request: /v1/api/tickle
-> GET /v1/api/tickle,200|599ms
-> GET /v1/portal/iserver/account/orders
<- 200 GET /v1/portal/iserver/account/orders
-> request: /v1/api/tickle
-> GET /v1/api/tickle,200|447ms
-> GET /v1/portal/sso/validate
<- 200 GET /v1/portal/sso/validate
-> GET /v1/portal/iserver/auth/status
<- 200 GET /v1/portal/iserver/auth/status
-> GET /v1/portal/iserver/auth/status
<- 200 GET /v1/portal/iserver/auth/status
-> GET /v1/portal/iserver/auth/status
<- 200 GET /v1/portal/iserver/auth/status
-> GET /v1/portal/iserver/auth/status
<- 200 GET /v1/portal/iserver/auth/status
-> GET /v1/portal/iserver/auth/status
<- 200 GET /v1/portal/iserver/auth/status
-> request: /v1/api/tickle
-> GET /v1/api/tickle,200|489ms
-> request: /v1/api/tickle
-> GET /v1/api/tickle,200|486ms
-> GET /v1/portal/sso/validate
<- 200 GET /v1/portal/sso/validate
-> GET /v1/portal/iserver/auth/status
<- 200 GET /v1/portal/iserver/auth/status
-> GET /v1/portal/iserver/auth/status
<- 200 GET /v1/portal/iserver/auth/status
-> GET /v1/portal/iserver/auth/status
<- 200 GET /v1/portal/iserver/auth/status
-> GET /v1/portal/iserver/auth/status
<- 200 GET /v1/portal/iserver/auth/status
-> GET /v1/portal/iserver/auth/status
<- 200 GET /v1/portal/iserver/auth/status
-> request: /v1/api/tickle
-> GET /v1/api/tickle,200|629ms
-> request: /v1/api/tickle
-> GET /v1/api/tickle,200|454ms
-> GET /v1/portal/sso/validate
<- 200 GET /v1/portal/sso/validate
-> GET /v1/portal/iserver/auth/status
<- 200 GET /v1/portal/iserver/auth/status
-> GET /v1/portal/iserver/auth/status
<- 200 GET /v1/portal/iserver/auth/status
-> GET /v1/portal/iserver/auth/status
<- 200 GET /v1/portal/iserver/auth/status
-> GET /v1/portal/iserver/auth/status
<- 200 GET /v1/portal/iserver/auth/status
-> GET /v1/portal/iserver/auth/status
<- 200 GET /v1/portal/iserver/auth/status
-> request: /v1/api/tickle
-> GET /v1/api/tickle,200|1340ms
-> GET /v1/portal/iserver/account/orders
<- 200 GET /v1/portal/iserver/account/orders
-> request: /v1/api/tickle
-> GET /v1/api/tickle,200|715ms
-> GET /v1/portal/sso/validate
<- 200 GET /v1/portal/sso/validate
-> GET /v1/portal/iserver/auth/status
<- 200 GET /v1/portal/iserver/auth/status
-> GET /v1/portal/iserver/auth/status
<- 200 GET /v1/portal/iserver/auth/status
-> GET /v1/portal/iserver/auth/status
<- 200 GET /v1/portal/iserver/auth/status
-> GET /v1/portal/iserver/auth/status
<- 200 GET /v1/portal/iserver/auth/status
-> GET /v1/portal/iserver/auth/status
<- 200 GET /v1/portal/iserver/auth/status
-> request: /v1/api/tickle
-> GET /v1/api/tickle,200|482ms
-> request: /sso/ping
-> GET /sso/ping,200|602ms
-> request: /v1/api/tickle
-> GET /v1/api/tickle,200|141ms
-> GET /v1/portal/sso/validate
<- 200 GET /v1/portal/sso/validate
-> GET /v1/portal/iserver/auth/status
<- 200 GET /v1/portal/iserver/auth/status
-> GET /v1/portal/iserver/auth/status
<- 200 GET /v1/portal/iserver/auth/status
-> GET /v1/portal/iserver/auth/status
<- 200 GET /v1/portal/iserver/auth/status
-> GET /v1/portal/iserver/auth/status
<- 200 GET /v1/portal/iserver/auth/status
-> GET /v1/portal/iserver/auth/status
<- 200 GET /v1/portal/iserver/auth/status
-> request: /v1/api/tickle
-> GET /v1/api/tickle,200|753ms
-> request: /v1/api/tickle
-> GET /v1/api/tickle,200|488ms
-> GET /v1/portal/sso/validate
<- 200 GET /v1/portal/sso/validate
-> GET /v1/portal/iserver/auth/status
<- 200 GET /v1/portal/iserver/auth/status
-> GET /v1/portal/iserver/auth/status
<- 200 GET /v1/portal/iserver/auth/status
-> GET /v1/portal/iserver/auth/status
<- 200 GET /v1/portal/iserver/auth/status
-> GET /v1/portal/iserver/auth/status
<- 200 GET /v1/portal/iserver/auth/status
-> GET /v1/portal/iserver/auth/status
<- 200 GET /v1/portal/iserver/auth/status
-> request: /v1/api/tickle
-> GET /v1/api/tickle,200|455ms
-> request: /v1/api/tickle
-> GET /v1/api/tickle,200|736ms
-> GET /v1/portal/sso/validate
-> GET /v1/portal/iserver/auth/status
<- 200 GET /v1/portal/sso/validate
<- 200 GET /v1/portal/iserver/auth/status
-> GET /v1/portal/iserver/auth/status
<- 200 GET /v1/portal/iserver/auth/status
-> GET /v1/portal/iserver/auth/status
<- 200 GET /v1/portal/iserver/auth/status
-> GET /v1/portal/iserver/auth/status
<- 200 GET /v1/portal/iserver/auth/status
-> GET /v1/portal/iserver/auth/status
<- 200 GET /v1/portal/iserver/auth/status
-> request: /v1/api/tickle
-> GET /v1/api/tickle,200|474ms
-> request: /v1/api/tickle
-> GET /v1/api/tickle,200|758ms
-> GET /v1/portal/sso/validate
<- 200 GET /v1/portal/sso/validate
-> GET /v1/portal/iserver/auth/status
<- 200 GET /v1/portal/iserver/auth/status
-> GET /v1/portal/iserver/auth/status
<- 200 GET /v1/portal/iserver/auth/status
-> GET /v1/portal/iserver/auth/status
<- 200 GET /v1/portal/iserver/auth/status
-> GET /v1/portal/iserver/auth/status
<- 200 GET /v1/portal/iserver/auth/status
-> GET /v1/portal/iserver/auth/status
<- 200 GET /v1/portal/iserver/auth/status
-> request: /v1/api/tickle
-> GET /v1/api/tickle,200|480ms
-> request: /v1/api/tickle
-> GET /v1/api/tickle,200|2570ms
-> GET /v1/portal/sso/validate
<- 200 GET /v1/portal/sso/validate
-> GET /v1/portal/iserver/auth/status
<- 200 GET /v1/portal/iserver/auth/status
-> GET /v1/portal/iserver/auth/status
<- 200 GET /v1/portal/iserver/auth/status
-> GET /v1/portal/iserver/auth/status
<- 200 GET /v1/portal/iserver/auth/status
-> GET /v1/portal/iserver/auth/status
<- 200 GET /v1/portal/iserver/auth/status
-> GET /v1/portal/iserver/auth/status
<- 200 GET /v1/portal/iserver/auth/status
-> request: /v1/api/tickle
-> GET /v1/api/tickle,200|550ms
-> request: /sso/ping
-> GET /sso/ping,200|455ms
-> request: /v1/api/tickle
-> GET /v1/api/tickle,200|127ms
-> GET /v1/portal/iserver/account/orders
<- 200 GET /v1/portal/iserver/account/orders
-> GET /v1/portal/sso/validate
<- 200 GET /v1/portal/sso/validate
-> GET /v1/portal/iserver/auth/status
<- 200 GET /v1/portal/iserver/auth/status
-> GET /v1/portal/iserver/auth/status
<- 200 GET /v1/portal/iserver/auth/status
-> GET /v1/portal/iserver/auth/status
<- 200 GET /v1/portal/iserver/auth/status
-> GET /v1/portal/iserver/auth/status
<- 200 GET /v1/portal/iserver/auth/status
-> GET /v1/portal/iserver/auth/status
<- 200 GET /v1/portal/iserver/auth/status
-> request: /v1/api/tickle
-> GET /v1/api/tickle,200|798ms
-> request: /v1/api/tickle
-> GET /v1/api/tickle,200|554ms
-> GET /v1/portal/sso/validate
<- 200 GET /v1/portal/sso/validate
-> GET /v1/portal/iserver/auth/status
<- 200 GET /v1/portal/iserver/auth/status
-> GET /v1/portal/iserver/auth/status
<- 200 GET /v1/portal/iserver/auth/status
-> GET /v1/portal/iserver/auth/status
<- 200 GET /v1/portal/iserver/auth/status
-> GET /v1/portal/iserver/auth/status
<- 200 GET /v1/portal/iserver/auth/status
-> GET /v1/portal/iserver/auth/status
<- 200 GET /v1/portal/iserver/auth/status
-> request: /v1/api/tickle
-> GET /v1/api/tickle,200|460ms
-> request: /v1/api/tickle
-> GET /v1/api/tickle,200|643ms
-> GET /v1/portal/sso/validate
<- 200 GET /v1/portal/sso/validate
-> GET /v1/portal/iserver/auth/status
<- 200 GET /v1/portal/iserver/auth/status
-> GET /v1/portal/iserver/auth/status
<- 200 GET /v1/portal/iserver/auth/status
-> GET /v1/portal/iserver/auth/status
<- 200 GET /v1/portal/iserver/auth/status
-> GET /v1/portal/iserver/auth/status
<- 200 GET /v1/portal/iserver/auth/status
-> GET /v1/portal/iserver/auth/status
<- 200 GET /v1/portal/iserver/auth/status
-> request: /v1/api/tickle
-> GET /v1/api/tickle,200|437ms
-> GET /v1/portal/iserver/account/orders
<- 200 GET /v1/portal/iserver/account/orders
-> request: /v1/api/tickle
-> GET /v1/api/tickle,200|109ms
-> GET /v1/portal/sso/validate
<- 200 GET /v1/portal/sso/validate
-> GET /v1/portal/iserver/auth/status
<- 200 GET /v1/portal/iserver/auth/status
-> GET /v1/portal/iserver/auth/status
<- 200 GET /v1/portal/iserver/auth/status
-> GET /v1/portal/iserver/auth/status
<- 200 GET /v1/portal/iserver/auth/status
-> GET /v1/portal/iserver/auth/status
<- 200 GET /v1/portal/iserver/auth/status
-> GET /v1/portal/iserver/auth/status
<- 200 GET /v1/portal/iserver/auth/status
-> request: /v1/api/tickle
-> GET /v1/api/tickle,200|628ms
-> request: /v1/api/tickle
-> GET /v1/api/tickle,200|498ms
-> GET /v1/portal/sso/validate
<- 200 GET /v1/portal/sso/validate
-> GET /v1/portal/iserver/auth/status
<- 200 GET /v1/portal/iserver/auth/status
-> GET /v1/portal/iserver/auth/status
<- 200 GET /v1/portal/iserver/auth/status
-> GET /v1/portal/iserver/auth/status
<- 200 GET /v1/portal/iserver/auth/status
-> GET /v1/portal/iserver/auth/status
<- 200 GET /v1/portal/iserver/auth/status
-> GET /v1/portal/iserver/auth/status
<- 200 GET /v1/portal/iserver/auth/status
-> request: /v1/api/tickle
-> GET /v1/api/tickle,200|491ms
-> request: /sso/ping
-> GET /sso/ping,200|626ms
-> request: /v1/api/tickle
-> GET /v1/api/tickle,200|125ms
-> GET /v1/portal/sso/validate
<- 200 GET /v1/portal/sso/validate
-> GET /v1/portal/iserver/auth/status
<- 200 GET /v1/portal/iserver/auth/status
-> GET /v1/portal/iserver/auth/status
<- 200 GET /v1/portal/iserver/auth/status
-> GET /v1/portal/iserver/auth/status
<- 200 GET /v1/portal/iserver/auth/status
-> GET /v1/portal/iserver/auth/status
<- 200 GET /v1/portal/iserver/auth/status
-> GET /v1/portal/iserver/auth/status
<- 200 GET /v1/portal/iserver/auth/status
-> request: /v1/api/tickle
-> GET /v1/api/tickle,200|643ms
-> request: /v1/api/tickle
-> GET /v1/api/tickle,200|628ms
-> GET /v1/portal/sso/validate
<- 200 GET /v1/portal/sso/validate
-> GET /v1/portal/iserver/auth/status
<- 200 GET /v1/portal/iserver/auth/status
-> GET /v1/portal/iserver/auth/status
<- 200 GET /v1/portal/iserver/auth/status
-> GET /v1/portal/iserver/auth/status
<- 200 GET /v1/portal/iserver/auth/status
-> GET /v1/portal/iserver/auth/status
<- 200 GET /v1/portal/iserver/auth/status
-> GET /v1/portal/iserver/auth/status
<- 200 GET /v1/portal/iserver/auth/status
-> request: /v1/api/tickle
-> GET /v1/api/tickle,200|464ms
-> request: /v1/api/tickle
-> GET /v1/api/tickle,200|760ms
-> GET /v1/portal/sso/validate
<- 200 GET /v1/portal/sso/validate
-> GET /v1/portal/iserver/auth/status
<- 200 GET /v1/portal/iserver/auth/status
-> GET /v1/portal/iserver/auth/status
<- 200 GET /v1/portal/iserver/auth/status
-> GET /v1/portal/iserver/auth/status
<- 200 GET /v1/portal/iserver/auth/status
-> GET /v1/portal/iserver/auth/status
<- 200 GET /v1/portal/iserver/auth/status
-> GET /v1/portal/iserver/auth/status
<- 200 GET /v1/portal/iserver/auth/status
-> request: /v1/api/tickle
-> GET /v1/api/tickle,200|467ms
-> request: /v1/api/tickle
-> GET /v1/api/tickle,200|1589ms
-> GET /v1/portal/sso/validate
-> GET /v1/portal/iserver/auth/status
<- 200 GET /v1/portal/iserver/auth/status
<- 200 GET /v1/portal/sso/validate
-> GET /v1/portal/iserver/auth/status
<- 200 GET /v1/portal/iserver/auth/status
-> GET /v1/portal/iserver/auth/status
<- 200 GET /v1/portal/iserver/auth/status
-> GET /v1/portal/iserver/auth/status
<- 200 GET /v1/portal/iserver/auth/status
-> GET /v1/portal/iserver/auth/status
<- 200 GET /v1/portal/iserver/auth/status
-> request: /v1/api/tickle
-> GET /v1/api/tickle,200|452ms
-> request: /v1/api/tickle
-> GET /v1/api/tickle,200|619ms
-> GET /v1/portal/sso/validate
<- 200 GET /v1/portal/sso/validate
-> GET /v1/portal/iserver/auth/status
<- 200 GET /v1/portal/iserver/auth/status
-> GET /v1/portal/iserver/auth/status
<- 200 GET /v1/portal/iserver/auth/status
-> GET /v1/portal/iserver/auth/status
<- 200 GET /v1/portal/iserver/auth/status
-> GET /v1/portal/iserver/auth/status
<- 200 GET /v1/portal/iserver/auth/status
-> GET /v1/portal/iserver/auth/status
<- 200 GET /v1/portal/iserver/auth/status
-> request: /v1/api/tickle
-> GET /v1/api/tickle,200|496ms
-> request: /sso/ping
-> GET /sso/ping,200|451ms
-> request: /v1/api/tickle
-> GET /v1/api/tickle,200|115ms
-> GET /v1/portal/sso/validate
<- 200 GET /v1/portal/sso/validate
-> GET /v1/portal/iserver/auth/status
<- 200 GET /v1/portal/iserver/auth/status
-> GET /v1/portal/iserver/auth/status
<- 200 GET /v1/portal/iserver/auth/status
-> GET /v1/portal/iserver/auth/status
<- 200 GET /v1/portal/iserver/auth/status
-> GET /v1/portal/iserver/auth/status
<- 200 GET /v1/portal/iserver/auth/status
-> GET /v1/portal/iserver/auth/status
<- 200 GET /v1/portal/iserver/auth/status
-> request: /v1/api/tickle
-> GET /v1/api/tickle,200|710ms
-> request: /v1/api/tickle
-> GET /v1/api/tickle,200|469ms
-> GET /v1/portal/sso/validate
<- 200 GET /v1/portal/sso/validate
-> GET /v1/portal/iserver/auth/status
<- 200 GET /v1/portal/iserver/auth/status
-> GET /v1/portal/iserver/auth/status
<- 200 GET /v1/portal/iserver/auth/status
-> GET /v1/portal/iserver/auth/status
<- 200 GET /v1/portal/iserver/auth/status
-> GET /v1/portal/iserver/auth/status
<- 200 GET /v1/portal/iserver/auth/status
-> GET /v1/portal/iserver/auth/status
<- 200 GET /v1/portal/iserver/auth/status
-> request: /v1/api/tickle
-> GET /v1/api/tickle,200|593ms
-> request: /v1/api/tickle
-> GET /v1/api/tickle,200|828ms
-> GET /v1/portal/sso/validate
<- 200 GET /v1/portal/sso/validate
-> GET /v1/portal/iserver/auth/status
<- 200 GET /v1/portal/iserver/auth/status
-> GET /v1/portal/iserver/auth/status
<- 200 GET /v1/portal/iserver/auth/status
-> GET /v1/portal/iserver/auth/status
<- 200 GET /v1/portal/iserver/auth/status
-> GET /v1/portal/iserver/auth/status
<- 200 GET /v1/portal/iserver/auth/status
-> GET /v1/portal/iserver/auth/status
<- 200 GET /v1/portal/iserver/auth/status
-> request: /v1/api/tickle
-> GET /v1/api/tickle,200|590ms
-> GET /v1/portal/sso/validate
<- 200 GET /v1/portal/sso/validate
-> GET /v1/portal/sso/validate
<- 200 GET /v1/portal/sso/validate
-> GET /v1/portal/sso/validate
<- 200 GET /v1/portal/sso/validate
-> GET /v1/portal/iserver/auth/status
<- 200 GET /v1/portal/iserver/auth/status
-> GET /v1/portal/iserver/auth/status
<- 200 GET /v1/portal/iserver/auth/status
-> GET /v1/portal/iserver/auth/status
<- 200 GET /v1/portal/iserver/auth/status
-> GET /v1/portal/iserver/auth/status
<- 200 GET /v1/portal/iserver/auth/status
-> GET /v1/portal/iserver/auth/status
<- 200 GET /v1/portal/iserver/auth/status
-> request: /v1/api/tickle
-> GET /v1/api/tickle,200|128ms
-> GET /v1/portal/sso/validate
<- 200 GET /v1/portal/sso/validate
-> GET /v1/portal/iserver/auth/status
<- 200 GET /v1/portal/iserver/auth/status
-> GET /v1/portal/iserver/auth/status
<- 200 GET /v1/portal/iserver/auth/status
-> GET /v1/portal/iserver/auth/status
<- 200 GET /v1/portal/iserver/auth/status
-> GET /v1/portal/iserver/auth/status
<- 200 GET /v1/portal/iserver/auth/status
-> GET /v1/portal/iserver/auth/status
<- 200 GET /v1/portal/iserver/auth/status
-> request: /v1/api/tickle
-> GET /v1/api/tickle,200|763ms
-> GET /v1/portal/sso/validate
<- 200 GET /v1/portal/sso/validate
-> GET /v1/portal/sso/validate
<- 200 GET /v1/portal/sso/validate
-> GET /v1/portal/sso/validate
<- 200 GET /v1/portal/sso/validate
-> GET /v1/portal/iserver/auth/status
<- 200 GET /v1/portal/iserver/auth/status
-> GET /v1/portal/iserver/auth/status
<- 200 GET /v1/portal/iserver/auth/status
-> GET /v1/portal/iserver/auth/status
<- 200 GET /v1/portal/iserver/auth/status
-> GET /v1/portal/iserver/auth/status
<- 200 GET /v1/portal/iserver/auth/status
-> GET /v1/portal/iserver/auth/status
<- 200 GET /v1/portal/iserver/auth/status
-> request: /v1/api/tickle
-> GET /v1/api/tickle,200|111ms
-> GET /v1/portal/sso/validate
-> GET /v1/portal/iserver/auth/status
<- 200 GET /v1/portal/iserver/auth/status
-> GET /v1/portal/iserver/auth/status
<- 200 GET /v1/portal/iserver/auth/status
-> GET /v1/portal/iserver/auth/status
<- 200 GET /v1/portal/iserver/auth/status
<- 200 GET /v1/portal/sso/validate
-> GET /v1/portal/iserver/auth/status
<- 200 GET /v1/portal/iserver/auth/status
-> GET /v1/portal/iserver/auth/status
<- 200 GET /v1/portal/iserver/auth/status
-> request: /v1/api/tickle
-> GET /v1/api/tickle,200|1597ms
-> GET /v1/portal/sso/validate
<- 200 GET /v1/portal/sso/validate
-> GET /v1/portal/sso/validate
<- 200 GET /v1/portal/sso/validate
-> GET /v1/portal/sso/validate
<- 200 GET /v1/portal/sso/validate
-> request: /sso/ping
-> GET /sso/ping,200|131ms
-> GET /v1/portal/iserver/auth/status
<- 200 GET /v1/portal/iserver/auth/status
-> GET /v1/portal/iserver/auth/status
<- 200 GET /v1/portal/iserver/auth/status
-> GET /v1/portal/iserver/auth/status
<- 200 GET /v1/portal/iserver/auth/status
-> GET /v1/portal/iserver/auth/status
<- 200 GET /v1/portal/iserver/auth/status
-> GET /v1/portal/iserver/auth/status
<- 200 GET /v1/portal/iserver/auth/status
-> request: /v1/api/tickle
-> GET /v1/api/tickle,200|116ms
-> GET /v1/portal/sso/validate
<- 200 GET /v1/portal/sso/validate
-> GET /v1/portal/iserver/auth/status
<- 200 GET /v1/portal/iserver/auth/status
-> GET /v1/portal/iserver/auth/status
<- 200 GET /v1/portal/iserver/auth/status
-> GET /v1/portal/iserver/auth/status
<- 200 GET /v1/portal/iserver/auth/status
-> GET /v1/portal/iserver/auth/status
<- 200 GET /v1/portal/iserver/auth/status
-> GET /v1/portal/iserver/auth/status
<- 200 GET /v1/portal/iserver/auth/status
-> request: /v1/api/tickle
-> GET /v1/api/tickle,200|437ms
-> GET /v1/portal/sso/validate
<- 200 GET /v1/portal/sso/validate
-> GET /v1/portal/sso/validate
<- 200 GET /v1/portal/sso/validate
-> GET /v1/portal/sso/validate
<- 200 GET /v1/portal/sso/validate
-> GET /v1/portal/iserver/auth/status
<- 200 GET /v1/portal/iserver/auth/status
-> GET /v1/portal/iserver/auth/status
<- 200 GET /v1/portal/iserver/auth/status
-> GET /v1/portal/iserver/auth/status
<- 200 GET /v1/portal/iserver/auth/status
-> GET /v1/portal/iserver/auth/status
<- 200 GET /v1/portal/iserver/auth/status
-> GET /v1/portal/iserver/auth/status
<- 200 GET /v1/portal/iserver/auth/status
-> request: /v1/api/tickle
-> GET /v1/api/tickle,200|109ms
-> GET /v1/portal/sso/validate
<- 200 GET /v1/portal/sso/validate
-> GET /v1/portal/iserver/auth/status
<- 200 GET /v1/portal/iserver/auth/status
-> GET /v1/portal/iserver/auth/status
<- 200 GET /v1/portal/iserver/auth/status
-> GET /v1/portal/iserver/auth/status
<- 200 GET /v1/portal/iserver/auth/status
-> GET /v1/portal/iserver/auth/status
<- 200 GET /v1/portal/iserver/auth/status
-> GET /v1/portal/iserver/auth/status
<- 200 GET /v1/portal/iserver/auth/status
-> request: /v1/api/tickle
-> GET /v1/api/tickle,200|439ms
-> GET /v1/portal/sso/validate
<- 200 GET /v1/portal/sso/validate
-> GET /v1/portal/sso/validate
<- 200 GET /v1/portal/sso/validate
-> GET /v1/portal/sso/validate
<- 200 GET /v1/portal/sso/validate
-> GET /v1/portal/iserver/auth/status
<- 200 GET /v1/portal/iserver/auth/status
-> GET /v1/portal/iserver/auth/status
<- 200 GET /v1/portal/iserver/auth/status
-> GET /v1/portal/iserver/auth/status
<- 200 GET /v1/portal/iserver/auth/status
-> GET /v1/portal/iserver/auth/status
<- 200 GET /v1/portal/iserver/auth/status
-> GET /v1/portal/iserver/auth/status
<- 200 GET /v1/portal/iserver/auth/status
-> request: /v1/api/tickle
-> GET /v1/api/tickle,200|116ms
-> GET /v1/portal/sso/validate
<- 200 GET /v1/portal/sso/validate
-> GET /v1/portal/iserver/auth/status
<- 200 GET /v1/portal/iserver/auth/status
-> GET /v1/portal/iserver/auth/status
<- 200 GET /v1/portal/iserver/auth/status
-> GET /v1/portal/iserver/auth/status
<- 200 GET /v1/portal/iserver/auth/status
-> GET /v1/portal/iserver/auth/status
<- 200 GET /v1/portal/iserver/auth/status
-> GET /v1/portal/iserver/auth/status
<- 200 GET /v1/portal/iserver/auth/status
-> request: /v1/api/tickle
-> GET /v1/api/tickle,200|517ms
-> GET /v1/portal/sso/validate
<- 200 GET /v1/portal/sso/validate
-> GET /v1/portal/sso/validate
<- 200 GET /v1/portal/sso/validate
-> GET /v1/portal/sso/validate
<- 200 GET /v1/portal/sso/validate
-> GET /v1/portal/iserver/auth/status
<- 200 GET /v1/portal/iserver/auth/status
-> GET /v1/portal/iserver/auth/status
<- 200 GET /v1/portal/iserver/auth/status
-> GET /v1/portal/iserver/auth/status
<- 200 GET /v1/portal/iserver/auth/status
-> GET /v1/portal/iserver/auth/status
<- 200 GET /v1/portal/iserver/auth/status
-> GET /v1/portal/iserver/auth/status
<- 200 GET /v1/portal/iserver/auth/status
-> request: /v1/api/tickle
-> GET /v1/api/tickle,200|98ms
-> GET /v1/portal/sso/validate
<- 200 GET /v1/portal/sso/validate
-> GET /v1/portal/iserver/auth/status
<- 200 GET /v1/portal/iserver/auth/status
-> GET /v1/portal/iserver/auth/status
<- 200 GET /v1/portal/iserver/auth/status
-> GET /v1/portal/iserver/auth/status
<- 200 GET /v1/portal/iserver/auth/status
-> GET /v1/portal/iserver/auth/status
<- 200 GET /v1/portal/iserver/auth/status
-> GET /v1/portal/iserver/auth/status
<- 200 GET /v1/portal/iserver/auth/status
-> request: /v1/api/tickle
-> GET /v1/api/tickle,200|497ms
-> GET /v1/portal/iserver/account/orders
<- 200 GET /v1/portal/iserver/account/orders
-> GET /v1/portal/sso/validate
<- 200 GET /v1/portal/sso/validate
-> GET /v1/portal/sso/validate
<- 200 GET /v1/portal/sso/validate
-> GET /v1/portal/sso/validate
<- 200 GET /v1/portal/sso/validate
-> GET /v1/portal/iserver/auth/status
<- 200 GET /v1/portal/iserver/auth/status
-> GET /v1/portal/iserver/auth/status
<- 200 GET /v1/portal/iserver/auth/status
-> GET /v1/portal/iserver/auth/status
<- 200 GET /v1/portal/iserver/auth/status
-> GET /v1/portal/iserver/auth/status
<- 200 GET /v1/portal/iserver/auth/status
-> GET /v1/portal/iserver/auth/status
<- 200 GET /v1/portal/iserver/auth/status
-> request: /v1/api/tickle
-> GET /v1/api/tickle,200|113ms
-> GET /v1/portal/sso/validate
<- 200 GET /v1/portal/sso/validate
-> GET /v1/portal/iserver/auth/status
<- 200 GET /v1/portal/iserver/auth/status
-> GET /v1/portal/iserver/auth/status
<- 200 GET /v1/portal/iserver/auth/status
-> GET /v1/portal/iserver/auth/status
<- 200 GET /v1/portal/iserver/auth/status
-> GET /v1/portal/iserver/auth/status
<- 200 GET /v1/portal/iserver/auth/status
-> GET /v1/portal/iserver/auth/status
<- 200 GET /v1/portal/iserver/auth/status
-> request: /v1/api/tickle
-> GET /v1/api/tickle,200|491ms
-> GET /v1/portal/sso/validate
<- 200 GET /v1/portal/sso/validate
-> GET /v1/portal/sso/validate
<- 200 GET /v1/portal/sso/validate
-> GET /v1/portal/sso/validate
<- 200 GET /v1/portal/sso/validate
-> request: /sso/ping
-> GET /sso/ping,200|112ms
-> GET /v1/portal/iserver/auth/status
<- 200 GET /v1/portal/iserver/auth/status
-> GET /v1/portal/iserver/auth/status
<- 200 GET /v1/portal/iserver/auth/status
-> GET /v1/portal/iserver/auth/status
<- 200 GET /v1/portal/iserver/auth/status
-> GET /v1/portal/iserver/auth/status
<- 200 GET /v1/portal/iserver/auth/status
-> GET /v1/portal/iserver/auth/status
<- 200 GET /v1/portal/iserver/auth/status
-> request: /v1/api/tickle
-> GET /v1/api/tickle,200|111ms
-> GET /v1/portal/sso/validate
<- 200 GET /v1/portal/sso/validate
-> GET /v1/portal/iserver/auth/status
<- 200 GET /v1/portal/iserver/auth/status
-> GET /v1/portal/iserver/auth/status
<- 200 GET /v1/portal/iserver/auth/status
-> GET /v1/portal/iserver/auth/status
<- 200 GET /v1/portal/iserver/auth/status
-> GET /v1/portal/iserver/auth/status
<- 200 GET /v1/portal/iserver/auth/status
-> GET /v1/portal/iserver/auth/status
<- 200 GET /v1/portal/iserver/auth/status
-> request: /v1/api/tickle
-> GET /v1/api/tickle,200|447ms
-> GET /v1/portal/sso/validate
<- 200 GET /v1/portal/sso/validate
-> GET /v1/portal/sso/validate
<- 200 GET /v1/portal/sso/validate
-> GET /v1/portal/sso/validate
<- 200 GET /v1/portal/sso/validate
-> GET /v1/portal/iserver/auth/status
<- 200 GET /v1/portal/iserver/auth/status
-> GET /v1/portal/iserver/auth/status
<- 200 GET /v1/portal/iserver/auth/status
-> GET /v1/portal/iserver/auth/status
<- 200 GET /v1/portal/iserver/auth/status
-> GET /v1/portal/iserver/auth/status
<- 200 GET /v1/portal/iserver/auth/status
-> GET /v1/portal/iserver/auth/status
<- 200 GET /v1/portal/iserver/auth/status
-> request: /v1/api/tickle
-> GET /v1/api/tickle,200|129ms
-> GET /v1/portal/sso/validate
<- 200 GET /v1/portal/sso/validate
-> GET /v1/portal/iserver/auth/status
<- 200 GET /v1/portal/iserver/auth/status
-> GET /v1/portal/iserver/auth/status
<- 200 GET /v1/portal/iserver/auth/status
-> GET /v1/portal/iserver/auth/status
<- 200 GET /v1/portal/iserver/auth/status
-> GET /v1/portal/iserver/auth/status
<- 200 GET /v1/portal/iserver/auth/status
-> GET /v1/portal/iserver/auth/status
<- 200 GET /v1/portal/iserver/auth/status
-> request: /v1/api/tickle
-> GET /v1/api/tickle,200|817ms
-> GET /v1/portal/sso/validate
<- 200 GET /v1/portal/sso/validate
-> GET /v1/portal/sso/validate
<- 200 GET /v1/portal/sso/validate
-> GET /v1/portal/sso/validate
<- 200 GET /v1/portal/sso/validate
-> GET /v1/portal/iserver/auth/status
<- 200 GET /v1/portal/iserver/auth/status
-> GET /v1/portal/iserver/auth/status
<- 200 GET /v1/portal/iserver/auth/status
-> GET /v1/portal/iserver/auth/status
<- 200 GET /v1/portal/iserver/auth/status
-> GET /v1/portal/iserver/auth/status
<- 200 GET /v1/portal/iserver/auth/status
-> GET /v1/portal/iserver/auth/status
<- 200 GET /v1/portal/iserver/auth/status
-> request: /v1/api/tickle
-> GET /v1/api/tickle,200|109ms
-> GET /v1/portal/sso/validate
<- 200 GET /v1/portal/sso/validate
-> GET /v1/portal/iserver/auth/status
<- 200 GET /v1/portal/iserver/auth/status
-> GET /v1/portal/iserver/auth/status
<- 200 GET /v1/portal/iserver/auth/status
-> GET /v1/portal/iserver/auth/status
<- 200 GET /v1/portal/iserver/auth/status
-> GET /v1/portal/iserver/auth/status
<- 200 GET /v1/portal/iserver/auth/status
-> GET /v1/portal/iserver/auth/status
<- 200 GET /v1/portal/iserver/auth/status
-> request: /v1/api/tickle
-> GET /v1/api/tickle,200|1848ms
-> GET /v1/portal/sso/validate
<- 200 GET /v1/portal/sso/validate
-> GET /v1/portal/sso/validate
<- 200 GET /v1/portal/sso/validate
-> GET /v1/portal/sso/validate
<- 200 GET /v1/portal/sso/validate
-> GET /v1/portal/iserver/auth/status
<- 200 GET /v1/portal/iserver/auth/status
-> GET /v1/portal/iserver/auth/status
<- 200 GET /v1/portal/iserver/auth/status
-> GET /v1/portal/iserver/auth/status
<- 200 GET /v1/portal/iserver/auth/status
-> GET /v1/portal/iserver/auth/status
<- 200 GET /v1/portal/iserver/auth/status
-> GET /v1/portal/iserver/auth/status
<- 200 GET /v1/portal/iserver/auth/status
-> request: /v1/api/tickle
-> GET /v1/api/tickle,200|109ms
-> GET /v1/portal/sso/validate
<- 200 GET /v1/portal/sso/validate
-> GET /v1/portal/iserver/auth/status
<- 200 GET /v1/portal/iserver/auth/status
-> GET /v1/portal/iserver/auth/status
<- 200 GET /v1/portal/iserver/auth/status
-> GET /v1/portal/iserver/auth/status
<- 200 GET /v1/portal/iserver/auth/status
-> GET /v1/portal/iserver/auth/status
<- 200 GET /v1/portal/iserver/auth/status
-> GET /v1/portal/iserver/auth/status
<- 200 GET /v1/portal/iserver/auth/status
-> request: /v1/api/tickle
-> GET /v1/api/tickle,200|462ms
-> GET /v1/portal/sso/validate
<- 200 GET /v1/portal/sso/validate
-> GET /v1/portal/sso/validate
<- 200 GET /v1/portal/sso/validate
-> GET /v1/portal/sso/validate
<- 200 GET /v1/portal/sso/validate
-> GET /v1/portal/iserver/auth/status
<- 200 GET /v1/portal/iserver/auth/status
-> GET /v1/portal/iserver/auth/status
<- 200 GET /v1/portal/iserver/auth/status
-> GET /v1/portal/iserver/auth/status
<- 200 GET /v1/portal/iserver/auth/status
-> GET /v1/portal/iserver/auth/status
<- 200 GET /v1/portal/iserver/auth/status
-> GET /v1/portal/iserver/auth/status
<- 200 GET /v1/portal/iserver/auth/status
-> request: /v1/api/tickle
-> GET /v1/api/tickle,200|131ms
-> GET /v1/portal/sso/validate
<- 200 GET /v1/portal/sso/validate
-> GET /v1/portal/iserver/auth/status
<- 200 GET /v1/portal/iserver/auth/status
-> GET /v1/portal/iserver/auth/status
<- 200 GET /v1/portal/iserver/auth/status
-> GET /v1/portal/iserver/auth/status
<- 200 GET /v1/portal/iserver/auth/status
-> GET /v1/portal/iserver/auth/status
<- 200 GET /v1/portal/iserver/auth/status
-> GET /v1/portal/iserver/auth/status
<- 200 GET /v1/portal/iserver/auth/status
-> request: /v1/api/tickle
-> GET /v1/api/tickle,200|472ms
-> GET /v1/portal/sso/validate
<- 200 GET /v1/portal/sso/validate
-> GET /v1/portal/sso/validate
<- 200 GET /v1/portal/sso/validate
-> GET /v1/portal/sso/validate
<- 200 GET /v1/portal/sso/validate
-> request: /sso/ping
-> GET /sso/ping,200|109ms
-> GET /v1/portal/iserver/auth/status
<- 200 GET /v1/portal/iserver/auth/status
-> GET /v1/portal/iserver/auth/status
<- 200 GET /v1/portal/iserver/auth/status
-> GET /v1/portal/iserver/auth/status
<- 200 GET /v1/portal/iserver/auth/status
-> GET /v1/portal/iserver/auth/status
<- 200 GET /v1/portal/iserver/auth/status
-> GET /v1/portal/iserver/auth/status
<- 200 GET /v1/portal/iserver/auth/status
-> request: /v1/api/tickle
-> GET /v1/api/tickle,200|109ms
-> GET /v1/portal/sso/validate
<- 200 GET /v1/portal/sso/validate
-> GET /v1/portal/iserver/auth/status
<- 200 GET /v1/portal/iserver/auth/status
-> GET /v1/portal/iserver/auth/status
<- 200 GET /v1/portal/iserver/auth/status
-> GET /v1/portal/iserver/auth/status
<- 200 GET /v1/portal/iserver/auth/status
-> GET /v1/portal/iserver/auth/status
<- 200 GET /v1/portal/iserver/auth/status
-> GET /v1/portal/iserver/auth/status
<- 200 GET /v1/portal/iserver/auth/status
-> request: /v1/api/tickle
-> GET /v1/api/tickle,200|717ms
-> GET /v1/portal/sso/validate
<- 200 GET /v1/portal/sso/validate
-> GET /v1/portal/sso/validate
<- 200 GET /v1/portal/sso/validate
-> GET /v1/portal/sso/validate
<- 200 GET /v1/portal/sso/validate
-> GET /v1/portal/iserver/auth/status
<- 200 GET /v1/portal/iserver/auth/status
-> GET /v1/portal/iserver/auth/status
<- 200 GET /v1/portal/iserver/auth/status
-> GET /v1/portal/iserver/auth/status
<- 200 GET /v1/portal/iserver/auth/status
-> GET /v1/portal/iserver/auth/status
<- 200 GET /v1/portal/iserver/auth/status
-> GET /v1/portal/iserver/auth/status
<- 200 GET /v1/portal/iserver/auth/status
-> request: /v1/api/tickle
-> GET /v1/api/tickle,200|115ms
-> GET /v1/portal/sso/validate
<- 200 GET /v1/portal/sso/validate
-> GET /v1/portal/iserver/auth/status
<- 200 GET /v1/portal/iserver/auth/status
-> GET /v1/portal/iserver/auth/status
<- 200 GET /v1/portal/iserver/auth/status
-> GET /v1/portal/iserver/auth/status
<- 200 GET /v1/portal/iserver/auth/status
-> GET /v1/portal/iserver/auth/status
<- 200 GET /v1/portal/iserver/auth/status
-> GET /v1/portal/iserver/auth/status
<- 200 GET /v1/portal/iserver/auth/status
-> request: /v1/api/tickle
-> GET /v1/api/tickle,200|436ms
-> GET /v1/portal/sso/validate
<- 200 GET /v1/portal/sso/validate
-> GET /v1/portal/sso/validate
<- 200 GET /v1/portal/sso/validate
-> GET /v1/portal/sso/validate
<- 200 GET /v1/portal/sso/validate
-> GET /v1/portal/iserver/auth/status
<- 200 GET /v1/portal/iserver/auth/status
-> GET /v1/portal/iserver/auth/status
<- 200 GET /v1/portal/iserver/auth/status
-> GET /v1/portal/iserver/auth/status
<- 200 GET /v1/portal/iserver/auth/status
-> GET /v1/portal/iserver/auth/status
<- 200 GET /v1/portal/iserver/auth/status
-> GET /v1/portal/iserver/auth/status
<- 200 GET /v1/portal/iserver/auth/status
-> request: /v1/api/tickle
-> GET /v1/api/tickle,200|127ms
-> GET /v1/portal/sso/validate
<- 200 GET /v1/portal/sso/validate
-> GET /v1/portal/iserver/auth/status
<- 200 GET /v1/portal/iserver/auth/status
-> GET /v1/portal/iserver/auth/status
<- 200 GET /v1/portal/iserver/auth/status
-> GET /v1/portal/iserver/auth/status
<- 200 GET /v1/portal/iserver/auth/status
-> GET /v1/portal/iserver/auth/status
<- 200 GET /v1/portal/iserver/auth/status
-> GET /v1/portal/iserver/auth/status
<- 200 GET /v1/portal/iserver/auth/status
-> request: /v1/api/tickle
-> GET /v1/api/tickle,200|605ms
-> GET /v1/portal/iserver/account/orders
<- 200 GET /v1/portal/iserver/account/orders
-> GET /v1/portal/sso/validate
<- 200 GET /v1/portal/sso/validate
-> GET /v1/portal/sso/validate
<- 200 GET /v1/portal/sso/validate
-> GET /v1/portal/sso/validate
<- 200 GET /v1/portal/sso/validate
-> GET /v1/portal/iserver/account/orders
<- 200 GET /v1/portal/iserver/account/orders
-> GET /v1/portal/iserver/auth/status
<- 200 GET /v1/portal/iserver/auth/status
-> GET /v1/portal/iserver/auth/status
<- 200 GET /v1/portal/iserver/auth/status
-> GET /v1/portal/iserver/auth/status
<- 200 GET /v1/portal/iserver/auth/status
-> GET /v1/portal/iserver/auth/status
<- 200 GET /v1/portal/iserver/auth/status
-> GET /v1/portal/iserver/auth/status
<- 200 GET /v1/portal/iserver/auth/status
-> request: /v1/api/tickle
-> GET /v1/api/tickle,200|109ms
-> GET /v1/portal/sso/validate
<- 200 GET /v1/portal/sso/validate
-> GET /v1/portal/iserver/auth/status
<- 200 GET /v1/portal/iserver/auth/status
-> GET /v1/portal/iserver/auth/status
<- 200 GET /v1/portal/iserver/auth/status
-> GET /v1/portal/iserver/auth/status
<- 200 GET /v1/portal/iserver/auth/status
-> GET /v1/portal/iserver/auth/status
<- 200 GET /v1/portal/iserver/auth/status
-> GET /v1/portal/iserver/auth/status
<- 200 GET /v1/portal/iserver/auth/status
-> GET /v1/portal/iserver/account/orders
<- 200 GET /v1/portal/iserver/account/orders
-> request: /v1/api/tickle
-> GET /v1/api/tickle,200|126ms
-> GET /v1/portal/sso/validate
<- 200 GET /v1/portal/sso/validate
-> GET /v1/portal/sso/validate
<- 200 GET /v1/portal/sso/validate
-> GET /v1/portal/sso/validate
<- 200 GET /v1/portal/sso/validate
-> GET /v1/portal/iserver/auth/status
<- 200 GET /v1/portal/iserver/auth/status
-> GET /v1/portal/iserver/auth/status
<- 200 GET /v1/portal/iserver/auth/status
-> GET /v1/portal/iserver/auth/status
<- 200 GET /v1/portal/iserver/auth/status
-> GET /v1/portal/iserver/auth/status
<- 200 GET /v1/portal/iserver/auth/status
-> GET /v1/portal/iserver/auth/status
<- 200 GET /v1/portal/iserver/auth/status
-> request: /v1/api/tickle
-> GET /v1/api/tickle,200|108ms
-> GET /v1/portal/sso/validate
<- 200 GET /v1/portal/sso/validate
-> GET /v1/portal/iserver/auth/status
<- 200 GET /v1/portal/iserver/auth/status
-> GET /v1/portal/iserver/auth/status
<- 200 GET /v1/portal/iserver/auth/status
-> GET /v1/portal/iserver/auth/status
<- 200 GET /v1/portal/iserver/auth/status
-> GET /v1/portal/iserver/auth/status
<- 200 GET /v1/portal/iserver/auth/status
-> GET /v1/portal/iserver/auth/status
<- 200 GET /v1/portal/iserver/auth/status
-> GET /v1/portal/iserver/account/orders
<- 200 GET /v1/portal/iserver/account/orders
-> request: /v1/api/tickle
-> GET /v1/api/tickle,200|110ms
-> GET /v1/portal/sso/validate
<- 200 GET /v1/portal/sso/validate
-> GET /v1/portal/sso/validate
<- 200 GET /v1/portal/sso/validate
-> GET /v1/portal/sso/validate
<- 200 GET /v1/portal/sso/validate
-> request: /sso/ping
-> GET /sso/ping,200|97ms
-> GET /v1/portal/iserver/auth/status
<- 200 GET /v1/portal/iserver/auth/status
-> GET /v1/portal/iserver/auth/status
<- 200 GET /v1/portal/iserver/auth/status
-> GET /v1/portal/iserver/auth/status
<- 200 GET /v1/portal/iserver/auth/status
-> GET /v1/portal/iserver/auth/status
<- 200 GET /v1/portal/iserver/auth/status
-> GET /v1/portal/iserver/auth/status
<- 200 GET /v1/portal/iserver/auth/status
-> request: /v1/api/tickle
-> GET /v1/api/tickle,200|109ms
-> GET /v1/portal/iserver/account/orders
<- 200 GET /v1/portal/iserver/account/orders
-> GET /v1/portal/sso/validate
<- 200 GET /v1/portal/sso/validate
-> GET /v1/portal/iserver/auth/status
<- 200 GET /v1/portal/iserver/auth/status
-> GET /v1/portal/iserver/auth/status
<- 200 GET /v1/portal/iserver/auth/status
-> GET /v1/portal/iserver/auth/status
<- 200 GET /v1/portal/iserver/auth/status
-> GET /v1/portal/iserver/auth/status
<- 200 GET /v1/portal/iserver/auth/status
-> GET /v1/portal/iserver/auth/status
<- 200 GET /v1/portal/iserver/auth/status
-> request: /v1/api/tickle
-> GET /v1/api/tickle,200|475ms
-> GET /v1/portal/sso/validate
<- 200 GET /v1/portal/sso/validate
-> GET /v1/portal/sso/validate
<- 200 GET /v1/portal/sso/validate
-> GET /v1/portal/sso/validate
<- 200 GET /v1/portal/sso/validate
-> GET /v1/portal/iserver/auth/status
<- 200 GET /v1/portal/iserver/auth/status
-> GET /v1/portal/iserver/auth/status
<- 200 GET /v1/portal/iserver/auth/status
-> GET /v1/portal/iserver/auth/status
<- 200 GET /v1/portal/iserver/auth/status
-> GET /v1/portal/iserver/auth/status
<- 200 GET /v1/portal/iserver/auth/status
-> GET /v1/portal/iserver/auth/status
<- 200 GET /v1/portal/iserver/auth/status
-> request: /v1/api/tickle
-> GET /v1/api/tickle,200|110ms
-> GET /v1/portal/sso/validate
<- 200 GET /v1/portal/sso/validate
-> GET /v1/portal/iserver/auth/status
<- 200 GET /v1/portal/iserver/auth/status
-> GET /v1/portal/iserver/auth/status
<- 200 GET /v1/portal/iserver/auth/status
-> GET /v1/portal/iserver/auth/status
<- 200 GET /v1/portal/iserver/auth/status
-> GET /v1/portal/iserver/auth/status
<- 200 GET /v1/portal/iserver/auth/status
-> GET /v1/portal/iserver/auth/status
<- 200 GET /v1/portal/iserver/auth/status
-> request: /v1/api/tickle
-> GET /v1/api/tickle,200|460ms
-> GET /v1/portal/sso/validate
<- 200 GET /v1/portal/sso/validate
-> GET /v1/portal/sso/validate
<- 200 GET /v1/portal/sso/validate
-> GET /v1/portal/sso/validate
<- 200 GET /v1/portal/sso/validate
-> GET /v1/portal/iserver/auth/status
<- 200 GET /v1/portal/iserver/auth/status
-> GET /v1/portal/iserver/auth/status
<- 200 GET /v1/portal/iserver/auth/status
-> GET /v1/portal/iserver/auth/status
<- 200 GET /v1/portal/iserver/auth/status
-> GET /v1/portal/iserver/auth/status
<- 200 GET /v1/portal/iserver/auth/status
-> GET /v1/portal/iserver/auth/status
<- 200 GET /v1/portal/iserver/auth/status
-> request: /v1/api/tickle
-> GET /v1/api/tickle,200|110ms
-> GET /v1/portal/sso/validate
<- 200 GET /v1/portal/sso/validate
-> GET /v1/portal/iserver/auth/status
<- 200 GET /v1/portal/iserver/auth/status
-> GET /v1/portal/iserver/auth/status
<- 200 GET /v1/portal/iserver/auth/status
-> GET /v1/portal/iserver/auth/status
<- 200 GET /v1/portal/iserver/auth/status
-> GET /v1/portal/iserver/auth/status
<- 200 GET /v1/portal/iserver/auth/status
-> GET /v1/portal/iserver/auth/status
<- 200 GET /v1/portal/iserver/auth/status
-> request: /v1/api/tickle
-> GET /v1/api/tickle,200|635ms
-> GET /v1/portal/sso/validate
<- 200 GET /v1/portal/sso/validate
-> GET /v1/portal/sso/validate
<- 200 GET /v1/portal/sso/validate
-> GET /v1/portal/sso/validate
<- 200 GET /v1/portal/sso/validate
-> GET /v1/portal/iserver/auth/status
<- 200 GET /v1/portal/iserver/auth/status
-> GET /v1/portal/iserver/auth/status
<- 200 GET /v1/portal/iserver/auth/status
-> GET /v1/portal/iserver/auth/status
<- 200 GET /v1/portal/iserver/auth/status
-> GET /v1/portal/iserver/auth/status
<- 200 GET /v1/portal/iserver/auth/status
-> GET /v1/portal/iserver/auth/status
<- 200 GET /v1/portal/iserver/auth/status
-> request: /v1/api/tickle
-> GET /v1/api/tickle,200|109ms
-> GET /v1/portal/sso/validate
<- 200 GET /v1/portal/sso/validate
-> GET /v1/portal/iserver/auth/status
<- 200 GET /v1/portal/iserver/auth/status
-> GET /v1/portal/iserver/auth/status
<- 200 GET /v1/portal/iserver/auth/status
-> GET /v1/portal/iserver/auth/status
<- 200 GET /v1/portal/iserver/auth/status
-> GET /v1/portal/iserver/auth/status
<- 200 GET /v1/portal/iserver/auth/status
-> GET /v1/portal/iserver/auth/status
<- 200 GET /v1/portal/iserver/auth/status
-> request: /v1/api/tickle
-> GET /v1/api/tickle,200|446ms
-> GET /v1/portal/sso/validate
<- 200 GET /v1/portal/sso/validate
-> GET /v1/portal/sso/validate
<- 200 GET /v1/portal/sso/validate
-> GET /v1/portal/sso/validate
<- 200 GET /v1/portal/sso/validate
-> GET /v1/portal/iserver/auth/status
<- 200 GET /v1/portal/iserver/auth/status
-> GET /v1/portal/iserver/auth/status
<- 200 GET /v1/portal/iserver/auth/status
-> GET /v1/portal/iserver/auth/status
<- 200 GET /v1/portal/iserver/auth/status
-> GET /v1/portal/iserver/auth/status
<- 200 GET /v1/portal/iserver/auth/status
-> GET /v1/portal/iserver/auth/status
<- 200 GET /v1/portal/iserver/auth/status
-> request: /v1/api/tickle
-> GET /v1/api/tickle,200|115ms
-> GET /v1/portal/sso/validate
<- 200 GET /v1/portal/sso/validate
-> GET /v1/portal/iserver/auth/status
<- 200 GET /v1/portal/iserver/auth/status
-> GET /v1/portal/iserver/auth/status
<- 200 GET /v1/portal/iserver/auth/status
-> GET /v1/portal/iserver/auth/status
<- 200 GET /v1/portal/iserver/auth/status
-> GET /v1/portal/iserver/auth/status
<- 200 GET /v1/portal/iserver/auth/status
-> GET /v1/portal/iserver/auth/status
<- 200 GET /v1/portal/iserver/auth/status
-> request: /v1/api/tickle
-> GET /v1/api/tickle,200|460ms
-> GET /v1/portal/sso/validate
<- 200 GET /v1/portal/sso/validate
-> GET /v1/portal/sso/validate
<- 200 GET /v1/portal/sso/validate
-> GET /v1/portal/sso/validate
<- 200 GET /v1/portal/sso/validate
-> request: /sso/ping
-> GET /sso/ping,200|110ms
-> GET /v1/portal/iserver/auth/status
<- 200 GET /v1/portal/iserver/auth/status
-> GET /v1/portal/iserver/auth/status
<- 200 GET /v1/portal/iserver/auth/status
-> GET /v1/portal/iserver/auth/status
<- 200 GET /v1/portal/iserver/auth/status
-> GET /v1/portal/iserver/auth/status
<- 200 GET /v1/portal/iserver/auth/status
-> GET /v1/portal/iserver/auth/status
<- 200 GET /v1/portal/iserver/auth/status
-> request: /v1/api/tickle
-> GET /v1/api/tickle,200|141ms
-> GET /v1/portal/sso/validate
<- 200 GET /v1/portal/sso/validate
-> GET /v1/portal/iserver/auth/status
<- 200 GET /v1/portal/iserver/auth/status
-> GET /v1/portal/iserver/auth/status
<- 200 GET /v1/portal/iserver/auth/status
-> GET /v1/portal/iserver/auth/status
<- 200 GET /v1/portal/iserver/auth/status
-> GET /v1/portal/iserver/auth/status
<- 200 GET /v1/portal/iserver/auth/status
-> GET /v1/portal/iserver/auth/status
<- 200 GET /v1/portal/iserver/auth/status
-> request: /v1/api/tickle
-> GET /v1/api/tickle,200|468ms
-> POST /v1/portal/logout
<- 200 POST /v1/portal/logout
