-> GET /v1/portal/iserver/auth/status
<- 401 GET /v1/portal/iserver/auth/status
-> GET /sso/Login?forwardTo=22&RL=1&ip2loc=on
uri /sso/Login?forwardTo=22&RL=1&ip2loc=on failed
java.net.UnknownHostException: api.ibkr.com
	at java.net.Inet4AddressImpl.lookupAllHostAddr(Native Method) ~[na:1.8.0_282]
	at java.net.InetAddress$2.lookupAllHostAddr(InetAddress.java:929) ~[na:1.8.0_282]
	at java.net.InetAddress.getAddressesFromNameService(InetAddress.java:1324) ~[na:1.8.0_282]
	at java.net.InetAddress.getAllByName0(InetAddress.java:1277) ~[na:1.8.0_282]
	at java.net.InetAddress.getAllByName(InetAddress.java:1193) ~[na:1.8.0_282]
	at java.net.InetAddress.getAllByName(InetAddress.java:1127) ~[na:1.8.0_282]
	at java.net.InetAddress.getByName(InetAddress.java:1077) ~[na:1.8.0_282]
	at io.netty.util.internal.SocketUtils$8.run(SocketUtils.java:146) ~[netty-common-4.1.15.Final.jar:4.1.15.Final]
	at io.netty.util.internal.SocketUtils$8.run(SocketUtils.java:143) ~[netty-common-4.1.15.Final.jar:4.1.15.Final]
	at java.security.AccessController.doPrivileged(Native Method) ~[na:1.8.0_282]
	at io.netty.util.internal.SocketUtils.addressByName(SocketUtils.java:143) ~[netty-common-4.1.15.Final.jar:4.1.15.Final]
	at io.netty.resolver.DefaultNameResolver.doResolve(DefaultNameResolver.java:43) ~[netty-resolver-4.1.15.Final.jar:4.1.15.Final]
	at io.netty.resolver.SimpleNameResolver.resolve(SimpleNameResolver.java:63) ~[netty-resolver-4.1.15.Final.jar:4.1.15.Final]
	at io.netty.resolver.SimpleNameResolver.resolve(SimpleNameResolver.java:55) ~[netty-resolver-4.1.15.Final.jar:4.1.15.Final]
	at io.netty.resolver.InetSocketAddressResolver.doResolve(InetSocketAddressResolver.java:57) ~[netty-resolver-4.1.15.Final.jar:4.1.15.Final]
	at io.netty.resolver.InetSocketAddressResolver.doResolve(InetSocketAddressResolver.java:32) ~[netty-resolver-4.1.15.Final.jar:4.1.15.Final]
	at io.netty.resolver.AbstractAddressResolver.resolve(AbstractAddressResolver.java:108) ~[netty-resolver-4.1.15.Final.jar:4.1.15.Final]
	at io.netty.bootstrap.Bootstrap.doResolveAndConnect0(Bootstrap.java:208) ~[netty-transport-4.1.15.Final.jar:4.1.15.Final]
	at io.netty.bootstrap.Bootstrap.doResolveAndConnect(Bootstrap.java:170) ~[netty-transport-4.1.15.Final.jar:4.1.15.Final]
	at io.netty.bootstrap.Bootstrap.connect(Bootstrap.java:145) ~[netty-transport-4.1.15.Final.jar:4.1.15.Final]
	at io.vertx.core.net.impl.ChannelProvider.connect(ChannelProvider.java:38) ~[vertx-core-3.5.0.jar:na]
	at io.vertx.core.http.impl.ConnectionManager$ChannelConnector.connect(ConnectionManager.java:537) ~[vertx-core-3.5.0.jar:na]
	at io.vertx.core.http.impl.ConnectionManager$ConnQueue.createNewConnection(ConnectionManager.java:294) ~[vertx-core-3.5.0.jar:na]
	at io.vertx.core.http.impl.ConnectionManager$ConnQueue.getConnection(ConnectionManager.java:237) ~[vertx-core-3.5.0.jar:na]
	at io.vertx.core.http.impl.ConnectionManager.getConnectionForRequest(ConnectionManager.java:171) ~[vertx-core-3.5.0.jar:na]
	at io.vertx.core.http.impl.HttpClientImpl.getConnectionForRequest(HttpClientImpl.java:950) ~[vertx-core-3.5.0.jar:na]
	at io.vertx.core.http.impl.HttpClientRequestImpl.connect(HttpClientRequestImpl.java:745) ~[vertx-core-3.5.0.jar:na]
	at io.vertx.core.http.impl.HttpClientRequestImpl.write(HttpClientRequestImpl.java:867) ~[vertx-core-3.5.0.jar:na]
	at io.vertx.core.http.impl.HttpClientRequestImpl.end(HttpClientRequestImpl.java:358) ~[vertx-core-3.5.0.jar:na]
	at ibgroup.web.core.clientportal.gw.http.HttpProxy.lambda$internalProxy$9(HttpProxy.java:151) ~[ibgroup.web.core.iblink.router.clientportal.gw.jar:na]
	at io.vertx.core.http.impl.HttpServerRequestImpl.handleEnd(HttpServerRequestImpl.java:418) ~[vertx-core-3.5.0.jar:na]
	at io.vertx.core.http.impl.ServerConnection.handleLastHttpContent(ServerConnection.java:475) ~[vertx-core-3.5.0.jar:na]
	at io.vertx.core.http.impl.ServerConnection.processMessage(ServerConnection.java:446) ~[vertx-core-3.5.0.jar:na]
	at io.vertx.core.http.impl.ServerConnection.handleMessage(ServerConnection.java:156) ~[vertx-core-3.5.0.jar:na]
	at io.vertx.core.http.impl.HttpServerImpl$ServerHandlerWithWebSockets.handleMessage(HttpServerImpl.java:705) ~[vertx-core-3.5.0.jar:na]
	at io.vertx.core.http.impl.HttpServerImpl$ServerHandlerWithWebSockets.handleMessage(HttpServerImpl.java:614) ~[vertx-core-3.5.0.jar:na]
	at io.vertx.core.net.impl.VertxHandler.lambda$channelRead$1(VertxHandler.java:150) ~[vertx-core-3.5.0.jar:na]
	at io.vertx.core.impl.ContextImpl.lambda$wrapTask$2(ContextImpl.java:342) ~[vertx-core-3.5.0.jar:na]
	at io.vertx.core.impl.ContextImpl.executeFromIO(ContextImpl.java:200) ~[vertx-core-3.5.0.jar:na]
	at io.vertx.core.net.impl.VertxHandler.channelRead(VertxHandler.java:148) ~[vertx-core-3.5.0.jar:na]
	at io.netty.channel.AbstractChannelHandlerContext.invokeChannelRead(AbstractChannelHandlerContext.java:362) ~[netty-transport-4.1.15.Final.jar:4.1.15.Final]
	at io.netty.channel.AbstractChannelHandlerContext.invokeChannelRead(AbstractChannelHandlerContext.java:348) ~[netty-transport-4.1.15.Final.jar:4.1.15.Final]
	at io.netty.channel.AbstractChannelHandlerContext.fireChannelRead(AbstractChannelHandlerContext.java:340) ~[netty-transport-4.1.15.Final.jar:4.1.15.Final]
	at io.netty.channel.ChannelInboundHandlerAdapter.channelRead(ChannelInboundHandlerAdapter.java:86) ~[netty-transport-4.1.15.Final.jar:4.1.15.Final]
	at io.netty.channel.AbstractChannelHandlerContext.invokeChannelRead(AbstractChannelHandlerContext.java:362) ~[netty-transport-4.1.15.Final.jar:4.1.15.Final]
	at io.netty.channel.AbstractChannelHandlerContext.invokeChannelRead(AbstractChannelHandlerContext.java:348) ~[netty-transport-4.1.15.Final.jar:4.1.15.Final]
	at io.netty.channel.AbstractChannelHandlerContext.fireChannelRead(AbstractChannelHandlerContext.java:340) ~[netty-transport-4.1.15.Final.jar:4.1.15.Final]
	at io.netty.handler.codec.ByteToMessageDecoder.fireChannelRead(ByteToMessageDecoder.java:310) ~[netty-codec-4.1.15.Final.jar:4.1.15.Final]
	at io.netty.handler.codec.ByteToMessageDecoder.channelRead(ByteToMessageDecoder.java:284) ~[netty-codec-4.1.15.Final.jar:4.1.15.Final]
	at io.netty.channel.AbstractChannelHandlerContext.invokeChannelRead(AbstractChannelHandlerContext.java:362) ~[netty-transport-4.1.15.Final.jar:4.1.15.Final]
	at io.netty.channel.AbstractChannelHandlerContext.invokeChannelRead(AbstractChannelHandlerContext.java:348) ~[netty-transport-4.1.15.Final.jar:4.1.15.Final]
	at io.netty.channel.AbstractChannelHandlerContext.fireChannelRead(AbstractChannelHandlerContext.java:340) ~[netty-transport-4.1.15.Final.jar:4.1.15.Final]
	at io.netty.handler.ssl.SslHandler.unwrap(SslHandler.java:1336) ~[netty-handler-4.1.15.Final.jar:4.1.15.Final]
	at io.netty.handler.ssl.SslHandler.decodeJdkCompatible(SslHandler.java:1127) ~[netty-handler-4.1.15.Final.jar:4.1.15.Final]
	at io.netty.handler.ssl.SslHandler.decode(SslHandler.java:1162) ~[netty-handler-4.1.15.Final.jar:4.1.15.Final]
	at io.netty.handler.codec.ByteToMessageDecoder.decodeRemovalReentryProtection(ByteToMessageDecoder.java:489) ~[netty-codec-4.1.15.Final.jar:4.1.15.Final]
	at io.netty.handler.codec.ByteToMessageDecoder.callDecode(ByteToMessageDecoder.java:428) ~[netty-codec-4.1.15.Final.jar:4.1.15.Final]
	at io.netty.handler.codec.ByteToMessageDecoder.channelRead(ByteToMessageDecoder.java:265) ~[netty-codec-4.1.15.Final.jar:4.1.15.Final]
	at io.netty.channel.AbstractChannelHandlerContext.invokeChannelRead(AbstractChannelHandlerContext.java:362) ~[netty-transport-4.1.15.Final.jar:4.1.15.Final]
	at io.netty.channel.AbstractChannelHandlerContext.invokeChannelRead(AbstractChannelHandlerContext.java:348) ~[netty-transport-4.1.15.Final.jar:4.1.15.Final]
	at io.netty.channel.AbstractChannelHandlerContext.fireChannelRead(AbstractChannelHandlerContext.java:340) ~[netty-transport-4.1.15.Final.jar:4.1.15.Final]
	at io.netty.channel.DefaultChannelPipeline$HeadContext.channelRead(DefaultChannelPipeline.java:1359) ~[netty-transport-4.1.15.Final.jar:4.1.15.Final]
	at io.netty.channel.AbstractChannelHandlerContext.invokeChannelRead(AbstractChannelHandlerContext.java:362) ~[netty-transport-4.1.15.Final.jar:4.1.15.Final]
	at io.netty.channel.AbstractChannelHandlerContext.invokeChannelRead(AbstractChannelHandlerContext.java:348) ~[netty-transport-4.1.15.Final.jar:4.1.15.Final]
	at io.netty.channel.DefaultChannelPipeline.fireChannelRead(DefaultChannelPipeline.java:935) ~[netty-transport-4.1.15.Final.jar:4.1.15.Final]
	at io.netty.channel.nio.AbstractNioByteChannel$NioByteUnsafe.read(AbstractNioByteChannel.java:134) ~[netty-transport-4.1.15.Final.jar:4.1.15.Final]
	at io.netty.channel.nio.NioEventLoop.processSelectedKey(NioEventLoop.java:645) ~[netty-transport-4.1.15.Final.jar:4.1.15.Final]
	at io.netty.channel.nio.NioEventLoop.processSelectedKeysOptimized(NioEventLoop.java:580) ~[netty-transport-4.1.15.Final.jar:4.1.15.Final]
	at io.netty.channel.nio.NioEventLoop.processSelectedKeys(NioEventLoop.java:497) ~[netty-transport-4.1.15.Final.jar:4.1.15.Final]
	at io.netty.channel.nio.NioEventLoop.run(NioEventLoop.java:459) ~[netty-transport-4.1.15.Final.jar:4.1.15.Final]
	at io.netty.util.concurrent.SingleThreadEventExecutor$5.run(SingleThreadEventExecutor.java:858) ~[netty-common-4.1.15.Final.jar:4.1.15.Final]
	at java.lang.Thread.run(Thread.java:748) ~[na:1.8.0_282]
-> GET /sso/Login?forwardTo=22&RL=1&ip2loc=on
<- 200 GET /sso/Login?forwardTo=22&RL=1&ip2loc=on
-> GET /sso/Templates/otp-responsive.css?1638726898855
-> GET /scripts/common/js/jquery-3.4.1/jquery.min.js
<- 200 GET /sso/Templates/otp-responsive.css?1638726898855
-> GET /scripts/common/js/jquery-ui-1.12.1/jquery-ui.min.js
<- 200 GET /scripts/common/js/jquery-3.4.1/jquery.min.js
<- 200 GET /scripts/common/js/jquery-ui-1.12.1/jquery-ui.min.js
-> GET /scripts/common/js/bootstrap-4.3.1/bootstrap.bundle.min.js
-> GET /scripts/common/js/bootstrap-switch-3.3.2/bootstrap-switch.min.js
<- 200 GET /scripts/common/js/bootstrap-4.3.1/bootstrap.bundle.min.js
<- 200 GET /scripts/common/js/bootstrap-switch-3.3.2/bootstrap-switch.min.js
-> GET /scripts/common/js/switchery/switchery.min.js
-> GET /scripts/common/js/switchery/switchery-init.js
<- 200 GET /scripts/common/js/switchery/switchery.min.js
<- 200 GET /scripts/common/js/switchery/switchery-init.js
-> GET /scripts/common/js/icheck-1.0.2/icheck.min.js
-> GET /scripts/common/js/icheck-1.0.2/icheck-init.js
<- 200 GET /scripts/common/js/icheck-1.0.2/icheck.min.js
<- 200 GET /scripts/common/js/icheck-1.0.2/icheck-init.js
-> GET /sso/CombineFiles
-> GET /sso/images/2fa.png
<- 200 GET /sso/images/2fa.png
-> GET /images/2015/btn-app-apple.png
<- 200 GET /images/2015/btn-app-apple.png
-> GET /images/2015/btn-app-google.png
<- 200 GET /images/2015/btn-app-google.png
-> GET /images/2015/btn-app-tws.png
<- 200 GET /images/2015/btn-app-tws.png
-> GET /images/2015/button_discover_apis.png
<- 200 GET /images/2015/button_discover_apis.png
<- 200 GET /sso/CombineFiles
-> GET /images/web/favicons/home-screen-icon-128x128.png
<- 200 GET /images/web/favicons/home-screen-icon-128x128.png
-> POST /sso/Authenticator;jsessionid=7537E5C0A18CA646C31CA55DF0F74F70.ny5wwwdam1-internet?27014
<- 200 POST /sso/Authenticator;jsessionid=7537E5C0A18CA646C31CA55DF0F74F70.ny5wwwdam1-internet?27014
-> POST /sso/Authenticator;jsessionid=7537E5C0A18CA646C31CA55DF0F74F70.ny5wwwdam1-internet?49506
<- 200 POST /sso/Authenticator;jsessionid=7537E5C0A18CA646C31CA55DF0F74F70.ny5wwwdam1-internet?49506
-> POST /sso/Dispatcher;jsessionid=7537E5C0A18CA646C31CA55DF0F74F70.ny5wwwdam1-internet
<- 302 POST /sso/Dispatcher;jsessionid=7537E5C0A18CA646C31CA55DF0F74F70.ny5wwwdam1-internet
-> request: /v1/api/sso/validate?gw=1
-> request: /AccountManagement/OneBarAuthentication?json=1
-> GET /AccountManagement/OneBarAuthentication?json=1,404|118ms
-> GET /v1/api/sso/validate?gw=1,200|216ms
-> request: /v1/api/one/user
-> request: /sso/AuthenticateSSODH?ACTION=INIT
-> sso GET https://api.ibkr.com/sso/AuthenticateSSODH?ACTION=INIT
-> request: /sso/AuthenticateSSODH?ACTION=COMPLETE&B=21728216e965c72c84a397ffc845d31e02082921c7cb6a98a2613a46f6b9a1bce484946320eb624af606bcd939df10abacc54819e4b0cb15247549cd77d58d10&CHRESPONSE=7093c0e3da0ad4541e27107c2e36654458972b50
-> sso GET https://api.ibkr.com/sso/AuthenticateSSODH?ACTION=COMPLETE&B=21728216e965c72c84a397ffc845d31e02082921c7cb6a98a2613a46f6b9a1bce484946320eb624af606bcd939df10abacc54819e4b0cb15247549cd77d58d10&CHRESPONSE=7093c0e3da0ad4541e27107c2e36654458972b50
-> request: /sso/Authenticator?ACTION=PUBLISH_TST&RESP_TYPE=JSON&DEVICE_ID=117ed633|F0-6E-0B-BD-A2-D6
-> sso GET https://api.ibkr.com/sso/Authenticator?ACTION=PUBLISH_TST&RESP_TYPE=JSON&DEVICE_ID=117ed633|F0-6E-0B-BD-A2-D6
<- 200 GET https://api.ibkr.com/sso/Authenticator?ACTION=PUBLISH_TST&RESP_TYPE=JSON&DEVICE_ID=117ed633|F0-6E-0B-BD-A2-D6 0
-> request: /v1/api/iserver/auth/status
-> GET /v1/api/iserver/auth/status,200|38ms
-> request: /v1/api/iserver/auth/ssodh/init
-> POST https://api.ibkr.com/v1/api/iserver/auth/ssodh/init,200|301ms
-> request: /v1/api/iserver/auth/ssodh/response
-> POST https://api.ibkr.com/v1/api/iserver/auth/ssodh/response,200|138ms
-> request: /v1/api/iserver/accounts
-> GET /v1/api/iserver/accounts,200|51ms
-> GET /v1/portal/iserver/auth/status
<- 200 GET /v1/portal/iserver/auth/status
-> POST /v1/portal/iserver/auth/status
<- 200 POST /v1/portal/iserver/auth/status
-> GET /v1/api/one/user,503|10029ms
-> GET /v1/portal/iserver/accounts
<- 200 GET /v1/portal/iserver/accounts
-> request: /v1/api/tickle
-> GET /v1/api/tickle,200|32ms
-> request: /v1/api/tickle
-> GET /v1/api/tickle,200|31ms
-> request: /v1/api/tickle
-> GET /v1/api/tickle,200|31ms
-> request: /v1/api/tickle
-> GET /v1/api/tickle,200|47ms
-> request: /v1/api/tickle
-> GET /v1/api/tickle,200|31ms
-> request: /v1/api/tickle
-> GET /v1/api/tickle,200|47ms
-> request: /v1/api/tickle
-> GET /v1/api/tickle,200|31ms
-> request: /v1/api/tickle
-> GET /v1/api/tickle,200|63ms
-> request: /v1/api/tickle
-> GET /v1/api/tickle,200|41ms
-> request: /sso/ping
-> GET /sso/ping,200|123ms
-> request: /v1/api/tickle
-> GET /v1/api/tickle,200|45ms
-> request: /v1/api/tickle
-> GET /v1/api/tickle,200|30ms
-> POST /v1/portal/iserver/auth/status
<- 200 POST /v1/portal/iserver/auth/status
-> POST /v1/portal/iserver/auth/status
<- 200 POST /v1/portal/iserver/auth/status
-> request: /v1/api/tickle
-> GET /v1/api/tickle,200|47ms
-> request: /v1/api/tickle
-> GET /v1/api/tickle,200|28ms
-> request: /v1/api/tickle
-> GET /v1/api/tickle,200|44ms
-> request: /v1/api/tickle
-> GET /v1/api/tickle,200|28ms
-> request: /v1/api/tickle
-> GET /v1/api/tickle,200|60ms
-> request: /v1/api/tickle
-> GET /v1/api/tickle,200|45ms
-> request: /v1/api/tickle
-> GET /v1/api/tickle,200|169ms
-> request: /v1/api/tickle
-> GET /v1/api/tickle,200|30ms
-> request: /sso/ping
-> GET /sso/ping,200|119ms
-> request: /v1/api/tickle
-> GET /v1/api/tickle,200|42ms
-> request: /v1/api/tickle
-> GET /v1/api/tickle,200|38ms
-> request: /v1/api/tickle
-> GET /v1/api/tickle,200|46ms
-> request: /v1/api/tickle
-> request: /v1/api/tickle
-> GET /v1/api/tickle,200|289ms
-> GET /v1/api/tickle,200|289ms
-> request: /v1/api/tickle
-> GET /v1/api/tickle,200|38ms
-> request: /v1/api/tickle
-> GET /v1/api/tickle,200|51ms
-> request: /v1/api/tickle
-> GET /v1/api/tickle,200|41ms
-> request: /v1/api/tickle
-> GET /v1/api/tickle,200|35ms
-> request: /v1/api/tickle
-> GET /v1/api/tickle,200|60ms
-> request: /sso/ping
-> GET /sso/ping,200|193ms
-> request: /v1/api/tickle
-> GET /v1/api/tickle,200|38ms
-> request: /v1/api/tickle
-> GET /v1/api/tickle,200|46ms
-> request: /v1/api/tickle
-> GET /v1/api/tickle,200|45ms
-> request: /v1/api/tickle
-> GET /v1/api/tickle,200|52ms
-> request: /v1/api/tickle
-> GET /v1/api/tickle,200|39ms
-> request: /v1/api/tickle
-> GET /v1/api/tickle,200|50ms
-> request: /v1/api/tickle
-> GET /v1/api/tickle,200|54ms
-> request: /v1/api/tickle
-> GET /v1/api/tickle,200|38ms
-> request: /v1/api/tickle
-> GET /v1/api/tickle,200|49ms
-> request: /v1/api/tickle
-> GET /v1/api/tickle,200|57ms
-> request: /sso/ping
-> GET /sso/ping,200|233ms
-> request: /v1/api/tickle
-> GET /v1/api/tickle,200|40ms
-> request: /v1/api/tickle
-> GET /v1/api/tickle,200|33ms
