-> GET /sso/Login?forwardTo=22&RL=1&ip2loc=on
<- 200 GET /sso/Login?forwardTo=22&RL=1&ip2loc=on
-> GET /sso/Templates/otp-responsive.css?1639003995288
-> GET /scripts/common/js/jquery-3.4.1/jquery.min.js
<- 200 GET /sso/Templates/otp-responsive.css?1639003995288
-> GET /scripts/common/js/jquery-ui-1.12.1/jquery-ui.min.js
<- 200 GET /scripts/common/js/jquery-3.4.1/jquery.min.js
<- 200 GET /scripts/common/js/jquery-ui-1.12.1/jquery-ui.min.js
-> GET /scripts/common/js/bootstrap-4.3.1/bootstrap.bundle.min.js
-> GET /scripts/common/js/bootstrap-switch-3.3.2/bootstrap-switch.min.js
<- 200 GET /scripts/common/js/bootstrap-switch-3.3.2/bootstrap-switch.min.js
-> GET /scripts/common/js/switchery/switchery.min.js
<- 200 GET /scripts/common/js/bootstrap-4.3.1/bootstrap.bundle.min.js
-> GET /scripts/common/js/switchery/switchery-init.js
<- 200 GET /scripts/common/js/switchery/switchery.min.js
-> GET /scripts/common/js/icheck-1.0.2/icheck.min.js
<- 200 GET /scripts/common/js/switchery/switchery-init.js
-> GET /scripts/common/js/icheck-1.0.2/icheck-init.js
<- 200 GET /scripts/common/js/icheck-1.0.2/icheck.min.js
-> GET /sso/CombineFiles
<- 200 GET /scripts/common/js/icheck-1.0.2/icheck-init.js
-> GET /sso/images/2fa.png
<- 200 GET /sso/images/2fa.png
-> GET /images/2015/btn-app-apple.png
<- 200 GET /images/2015/btn-app-apple.png
-> GET /images/2015/btn-app-google.png
<- 200 GET /images/2015/btn-app-google.png
-> GET /images/2015/btn-app-tws.png
<- 200 GET /images/2015/btn-app-tws.png
-> GET /images/2015/button_discover_apis.png
<- 200 GET /images/2015/button_discover_apis.png
<- 200 GET /sso/CombineFiles
-> POST /sso/Authenticator;jsessionid=3CD45D566B98030F8324E33347B9E781.ny5wwwdam1-internet?567
<- 200 POST /sso/Authenticator;jsessionid=3CD45D566B98030F8324E33347B9E781.ny5wwwdam1-internet?567
-> POST /sso/Authenticator;jsessionid=3CD45D566B98030F8324E33347B9E781.ny5wwwdam1-internet?42850
<- 200 POST /sso/Authenticator;jsessionid=3CD45D566B98030F8324E33347B9E781.ny5wwwdam1-internet?42850
-> POST /sso/Authenticator;jsessionid=3CD45D566B98030F8324E33347B9E781.ny5wwwdam1-internet?64663
<- 200 POST /sso/Authenticator;jsessionid=3CD45D566B98030F8324E33347B9E781.ny5wwwdam1-internet?64663
-> POST /sso/Authenticator;jsessionid=3CD45D566B98030F8324E33347B9E781.ny5wwwdam1-internet?82475
-> GET /fonts/sourcesanspro-regular-webfont.woff2
<- 200 GET /fonts/sourcesanspro-regular-webfont.woff2
-> GET /fonts/sourcesanspro-semibold-webfont.woff2
<- 200 POST /sso/Authenticator;jsessionid=3CD45D566B98030F8324E33347B9E781.ny5wwwdam1-internet?82475
<- 200 GET /fonts/sourcesanspro-semibold-webfont.woff2
-> POST /sso/Authenticator;jsessionid=3CD45D566B98030F8324E33347B9E781.ny5wwwdam1-internet?90521
<- 200 POST /sso/Authenticator;jsessionid=3CD45D566B98030F8324E33347B9E781.ny5wwwdam1-internet?90521
-> POST /sso/Authenticator;jsessionid=3CD45D566B98030F8324E33347B9E781.ny5wwwdam1-internet?84350
<- 200 POST /sso/Authenticator;jsessionid=3CD45D566B98030F8324E33347B9E781.ny5wwwdam1-internet?84350
-> POST /sso/Authenticator;jsessionid=3CD45D566B98030F8324E33347B9E781.ny5wwwdam1-internet?97704
<- 200 POST /sso/Authenticator;jsessionid=3CD45D566B98030F8324E33347B9E781.ny5wwwdam1-internet?97704
-> POST /sso/Authenticator;jsessionid=3CD45D566B98030F8324E33347B9E781.ny5wwwdam1-internet?72570
<- 200 POST /sso/Authenticator;jsessionid=3CD45D566B98030F8324E33347B9E781.ny5wwwdam1-internet?72570
-> POST /sso/Authenticator;jsessionid=3CD45D566B98030F8324E33347B9E781.ny5wwwdam1-internet?41854
<- 200 POST /sso/Authenticator;jsessionid=3CD45D566B98030F8324E33347B9E781.ny5wwwdam1-internet?41854
-> POST /sso/Dispatcher;jsessionid=3CD45D566B98030F8324E33347B9E781.ny5wwwdam1-internet
<- 302 POST /sso/Dispatcher;jsessionid=3CD45D566B98030F8324E33347B9E781.ny5wwwdam1-internet
-> request: /v1/api/sso/validate?gw=1
-> request: /AccountManagement/OneBarAuthentication?json=1
-> GET /AccountManagement/OneBarAuthentication?json=1,404|248ms
-> GET /v1/api/sso/validate?gw=1,200|315ms
-> request: /v1/api/one/user
-> request: /sso/AuthenticateSSODH?ACTION=INIT
-> sso GET https://api.ibkr.com/sso/AuthenticateSSODH?ACTION=INIT
-> request: /sso/AuthenticateSSODH?ACTION=COMPLETE&B=55f55abe587b310d1735908dd83d112115db6eb63ee1c965cd44221eefc9341beab06e5db6c7bbc7c5104bc65b186968e8dcf33b78980edfb805def55d1c976f&CHRESPONSE=6f7cefcff101ac0109237152cc67fbe967b40730
-> sso GET https://api.ibkr.com/sso/AuthenticateSSODH?ACTION=COMPLETE&B=55f55abe587b310d1735908dd83d112115db6eb63ee1c965cd44221eefc9341beab06e5db6c7bbc7c5104bc65b186968e8dcf33b78980edfb805def55d1c976f&CHRESPONSE=6f7cefcff101ac0109237152cc67fbe967b40730
-> request: /sso/Authenticator?ACTION=PUBLISH_TST&RESP_TYPE=JSON&DEVICE_ID=3a5bf58d|F0-6E-0B-BD-A2-D6
-> sso GET https://api.ibkr.com/sso/Authenticator?ACTION=PUBLISH_TST&RESP_TYPE=JSON&DEVICE_ID=3a5bf58d|F0-6E-0B-BD-A2-D6
<- 200 GET https://api.ibkr.com/sso/Authenticator?ACTION=PUBLISH_TST&RESP_TYPE=JSON&DEVICE_ID=3a5bf58d|F0-6E-0B-BD-A2-D6 0
-> request: /v1/api/iserver/auth/status
-> GET /v1/api/iserver/auth/status,200|38ms
-> request: /v1/api/iserver/auth/ssodh/init
-> POST https://api.ibkr.com/v1/api/iserver/auth/ssodh/init,200|369ms
-> request: /v1/api/iserver/auth/ssodh/response
-> POST https://api.ibkr.com/v1/api/iserver/auth/ssodh/response,200|176ms
-> request: /v1/api/iserver/accounts
-> POST /v1/portal/iserver/auth/status
-> GET /v1/api/iserver/accounts,200|38ms
<- 200 POST /v1/portal/iserver/auth/status
-> GET /v1/api/one/user,503|10044ms
-> request: /v1/api/tickle
-> GET /v1/api/tickle,200|40ms
-> request: /v1/api/tickle
-> GET /v1/api/tickle,200|40ms
-> POST /v1/portal/iserver/auth/status
<- 200 POST /v1/portal/iserver/auth/status
-> request: /v1/api/tickle
-> GET /v1/api/tickle,200|39ms
-> request: /v1/api/tickle
-> GET /v1/api/tickle,200|41ms
-> POST /v1/portal/iserver/auth/status
<- 200 POST /v1/portal/iserver/auth/status
-> request: /v1/api/tickle
-> GET /v1/api/tickle,200|63ms
-> request: /v1/api/tickle
-> GET /v1/api/tickle,200|59ms
-> request: /v1/api/tickle
-> GET /v1/api/tickle,200|54ms
-> request: /v1/api/tickle
-> GET /v1/api/tickle,200|45ms
-> request: /v1/api/tickle
-> GET /v1/api/tickle,200|35ms
-> POST /v1/portal/iserver/auth/status
<- 200 POST /v1/portal/iserver/auth/status
-> request: /sso/ping
-> GET /sso/ping,200|211ms
-> request: /v1/api/tickle
-> GET /v1/api/tickle,200|68ms
-> request: /v1/api/tickle
-> GET /v1/api/tickle,200|38ms
