-> request: /v1/api/tickle
-> GET /v1/api/tickle,200|573ms
-> request: /sso/ping
-> GET /sso/ping,200|449ms
-> request: /v1/api/tickle
-> GET /v1/api/tickle,200|116ms
-> request: /v1/api/tickle
-> GET /v1/api/tickle,200|600ms
-> GET /v1/portal/iserver/account/orders
<- 200 GET /v1/portal/iserver/account/orders
-> request: /v1/api/tickle
-> GET /v1/api/tickle,200|423ms
-> request: /v1/api/tickle
-> GET /v1/api/tickle,200|570ms
-> request: /v1/api/tickle
-> GET /v1/api/tickle,200|424ms
-> request: /v1/api/tickle
-> GET /v1/api/tickle,200|561ms
-> GET /v1/portal/iserver/account/orders
<- 200 GET /v1/portal/iserver/account/orders
-> request: /v1/api/tickle
-> GET /v1/api/tickle,200|452ms
-> request: /v1/api/tickle
-> GET /v1/api/tickle,200|556ms
-> request: /v1/api/tickle
-> GET /v1/api/tickle,200|454ms
-> request: /v1/api/tickle
-> GET /v1/api/tickle,200|445ms
-> GET /v1/portal/iserver/account/orders
<- 200 GET /v1/portal/iserver/account/orders
-> request: /sso/ping
-> GET /sso/ping,200|723ms
-> request: /v1/api/tickle
-> GET /v1/api/tickle,200|112ms
-> request: /v1/api/tickle
-> GET /v1/api/tickle,200|473ms
-> request: /v1/api/tickle
-> GET /v1/api/tickle,200|432ms
-> request: /v1/api/tickle
-> GET /v1/api/tickle,200|601ms
-> GET /v1/portal/iserver/account/orders
<- 200 GET /v1/portal/iserver/account/orders
-> request: /v1/api/tickle
-> GET /v1/api/tickle,200|441ms
-> request: /v1/api/tickle
-> GET /v1/api/tickle,200|614ms
-> request: /v1/api/tickle
-> GET /v1/api/tickle,200|435ms
-> request: /v1/api/tickle
-> GET /v1/api/tickle,200|618ms
-> GET /v1/portal/iserver/account/orders
<- 200 GET /v1/portal/iserver/account/orders
-> request: /v1/api/tickle
-> GET /v1/api/tickle,200|452ms
-> request: /v1/api/tickle
-> GET /v1/api/tickle,200|1009ms
-> request: /sso/ping
-> GET /sso/ping,200|427ms
-> request: /v1/api/tickle
-> GET /v1/api/tickle,200|110ms
-> request: /v1/api/tickle
-> GET /v1/api/tickle,200|583ms
-> GET /v1/portal/iserver/account/orders
<- 200 GET /v1/portal/iserver/account/orders
-> request: /v1/api/tickle
-> GET /v1/api/tickle,200|462ms
-> request: /v1/api/tickle
-> GET /v1/api/tickle,200|1014ms
-> request: /v1/api/tickle
-> GET /v1/api/tickle,200|416ms
-> request: /v1/api/tickle
-> GET /v1/api/tickle,200|612ms
-> GET /v1/portal/iserver/account/orders
<- 200 GET /v1/portal/iserver/account/orders
-> request: /v1/api/tickle
-> GET /v1/api/tickle,200|448ms
-> request: /v1/api/tickle
-> GET /v1/api/tickle,200|617ms
-> request: /v1/api/tickle
-> GET /v1/api/tickle,200|426ms
-> request: /v1/api/tickle
-> GET /v1/api/tickle,200|638ms
-> GET /v1/portal/iserver/account/orders
<- 200 GET /v1/portal/iserver/account/orders
-> request: /sso/ping
-> GET /sso/ping,200|1000ms
-> request: /v1/api/tickle
-> GET /v1/api/tickle,200|120ms
-> request: /v1/api/tickle
-> GET /v1/api/tickle,200|601ms
-> request: /v1/api/tickle
-> GET /v1/api/tickle,200|457ms
-> request: /v1/api/tickle
-> GET /v1/api/tickle,200|583ms
-> GET /v1/portal/iserver/account/orders
<- 200 GET /v1/portal/iserver/account/orders
-> request: /v1/api/tickle
-> GET /v1/api/tickle,200|419ms
-> request: /v1/api/tickle
-> GET /v1/api/tickle,401|635ms
-> request: /v1/api/sso/validate?gw=1
-> GET /v1/api/sso/validate?gw=1,401|347ms
-> request: /v1/api/sso/validate?gw=1
-> GET /v1/api/sso/validate?gw=1,401|145ms
-> request: /v1/api/sso/validate?gw=1
-> GET /v1/api/sso/validate?gw=1,401|147ms
-> request: /v1/api/sso/validate?gw=1
-> GET /v1/api/sso/validate?gw=1,401|145ms
-> request: /v1/api/sso/validate?gw=1
-> GET /v1/api/sso/validate?gw=1,401|143ms
-> GET /v1/portal/iserver/account/orders
<- 401 GET /v1/portal/iserver/account/orders
-> request: /sso/ping
-> GET /sso/ping,200|599ms
-> GET /v1/portal/iserver/account/orders
<- 401 GET /v1/portal/iserver/account/orders
-> GET /v1/portal/iserver/account/orders
<- 401 GET /v1/portal/iserver/account/orders
-> GET /v1/portal/iserver/account/orders
<- 401 GET /v1/portal/iserver/account/orders
-> request: /sso/ping
-> GET /sso/ping,200|428ms
-> GET /v1/portal/iserver/account/orders
<- 401 GET /v1/portal/iserver/account/orders
-> GET /v1/portal/iserver/account/orders
<- 401 GET /v1/portal/iserver/account/orders
-> request: /sso/ping
-> GET /sso/ping,200|630ms
-> GET /v1/portal/iserver/account/orders
<- 401 GET /v1/portal/iserver/account/orders
-> GET /v1/portal/iserver/account/orders
<- 401 GET /v1/portal/iserver/account/orders
-> GET /v1/portal/iserver/account/orders
<- 401 GET /v1/portal/iserver/account/orders
-> request: /sso/ping
-> GET /sso/ping,200|430ms
-> GET /v1/portal/iserver/account/orders
<- 401 GET /v1/portal/iserver/account/orders
-> GET /v1/portal/iserver/account/orders
<- 401 GET /v1/portal/iserver/account/orders
-> request: /sso/ping
-> GET /sso/ping,200|489ms
-> GET /v1/portal/iserver/account/orders
<- 401 GET /v1/portal/iserver/account/orders
-> GET /v1/portal/iserver/account/orders
<- 401 GET /v1/portal/iserver/account/orders
-> GET /v1/portal/iserver/account/orders
<- 401 GET /v1/portal/iserver/account/orders
-> request: /sso/ping
-> GET /sso/ping,200|451ms
-> GET /v1/portal/iserver/account/orders
<- 401 GET /v1/portal/iserver/account/orders
-> GET /v1/portal/iserver/account/orders
<- 401 GET /v1/portal/iserver/account/orders
-> request: /sso/ping
-> GET /sso/ping,200|574ms
-> GET /v1/portal/iserver/account/orders
<- 401 GET /v1/portal/iserver/account/orders
-> GET /v1/portal/iserver/account/orders
<- 401 GET /v1/portal/iserver/account/orders
-> GET /v1/portal/iserver/account/orders
<- 401 GET /v1/portal/iserver/account/orders
-> request: /sso/ping
-> GET /sso/ping,200|430ms
-> GET /v1/portal/iserver/account/orders
<- 401 GET /v1/portal/iserver/account/orders
-> GET /v1/portal/iserver/account/orders
<- 401 GET /v1/portal/iserver/account/orders
-> request: /sso/ping
-> GET /sso/ping,200|1722ms
-> GET /v1/portal/iserver/account/orders
<- 401 GET /v1/portal/iserver/account/orders
-> GET /v1/portal/iserver/account/orders
<- 401 GET /v1/portal/iserver/account/orders
-> GET /v1/portal/iserver/account/orders
<- 401 GET /v1/portal/iserver/account/orders
-> request: /sso/ping
-> GET /sso/ping,200|468ms
-> GET /v1/portal/iserver/account/orders
<- 401 GET /v1/portal/iserver/account/orders
-> GET /v1/portal/iserver/account/orders
<- 401 GET /v1/portal/iserver/account/orders
-> request: /sso/ping
-> GET /sso/ping,200|442ms
-> GET /v1/portal/iserver/account/orders
<- 401 GET /v1/portal/iserver/account/orders
-> GET /v1/portal/iserver/account/orders
<- 401 GET /v1/portal/iserver/account/orders
-> GET /v1/portal/iserver/account/orders
<- 401 GET /v1/portal/iserver/account/orders
-> request: /sso/ping
-> GET /sso/ping,200|446ms
-> GET /v1/portal/iserver/account/orders
<- 401 GET /v1/portal/iserver/account/orders
-> GET /v1/portal/iserver/account/orders
<- 401 GET /v1/portal/iserver/account/orders
-> request: /sso/ping
-> GET /sso/ping,200|633ms
-> GET /v1/portal/iserver/account/orders
<- 401 GET /v1/portal/iserver/account/orders
-> GET /v1/portal/iserver/account/orders
<- 401 GET /v1/portal/iserver/account/orders
-> GET /v1/portal/iserver/account/orders
<- 401 GET /v1/portal/iserver/account/orders
-> request: /sso/ping
-> GET /sso/ping,200|453ms
-> GET /v1/portal/iserver/account/orders
<- 401 GET /v1/portal/iserver/account/orders
-> GET /v1/portal/iserver/account/orders
<- 401 GET /v1/portal/iserver/account/orders
-> request: /sso/ping
-> GET /sso/ping,200|596ms
-> GET /v1/portal/iserver/account/orders
<- 401 GET /v1/portal/iserver/account/orders
-> GET /v1/portal/iserver/account/orders
<- 401 GET /v1/portal/iserver/account/orders
-> GET /v1/portal/iserver/account/orders
<- 401 GET /v1/portal/iserver/account/orders
-> request: /sso/ping
-> GET /sso/ping,200|1647ms
-> GET /v1/portal/iserver/account/orders
<- 401 GET /v1/portal/iserver/account/orders
-> GET /v1/portal/iserver/account/orders
<- 401 GET /v1/portal/iserver/account/orders
-> request: /sso/ping
-> GET /sso/ping,200|614ms
-> GET /v1/portal/iserver/account/orders
<- 401 GET /v1/portal/iserver/account/orders
-> GET /v1/portal/iserver/account/orders
<- 401 GET /v1/portal/iserver/account/orders
-> GET /v1/portal/iserver/account/orders
<- 401 GET /v1/portal/iserver/account/orders
-> request: /sso/ping
-> GET /sso/ping,200|426ms
-> GET /v1/portal/iserver/account/orders
<- 401 GET /v1/portal/iserver/account/orders
-> GET /v1/portal/iserver/account/orders
<- 401 GET /v1/portal/iserver/account/orders
-> request: /sso/ping
-> GET /sso/ping,200|582ms
-> GET /v1/portal/iserver/account/orders
<- 401 GET /v1/portal/iserver/account/orders
-> GET /v1/portal/iserver/account/orders
<- 401 GET /v1/portal/iserver/account/orders
-> GET /v1/portal/iserver/account/orders
<- 401 GET /v1/portal/iserver/account/orders
-> request: /sso/ping
-> GET /sso/ping,200|434ms
-> GET /v1/portal/iserver/account/orders
<- 401 GET /v1/portal/iserver/account/orders
-> GET /v1/portal/iserver/account/orders
<- 401 GET /v1/portal/iserver/account/orders
-> request: /sso/ping
-> GET /sso/ping,200|590ms
-> GET /v1/portal/iserver/account/orders
<- 401 GET /v1/portal/iserver/account/orders
-> GET /v1/portal/iserver/account/orders
<- 401 GET /v1/portal/iserver/account/orders
-> GET /v1/portal/iserver/account/orders
<- 401 GET /v1/portal/iserver/account/orders
-> request: /sso/ping
-> GET /sso/ping,200|424ms
-> GET /v1/portal/iserver/account/orders
<- 401 GET /v1/portal/iserver/account/orders
-> GET /v1/portal/iserver/account/orders
<- 401 GET /v1/portal/iserver/account/orders
-> request: /sso/ping
-> GET /sso/ping,200|598ms
-> GET /v1/portal/iserver/account/orders
<- 401 GET /v1/portal/iserver/account/orders
-> GET /v1/portal/iserver/account/orders
<- 401 GET /v1/portal/iserver/account/orders
-> GET /v1/portal/iserver/account/orders
<- 401 GET /v1/portal/iserver/account/orders
-> request: /sso/ping
-> GET /sso/ping,200|419ms
-> GET /v1/portal/iserver/account/orders
<- 401 GET /v1/portal/iserver/account/orders
-> GET /v1/portal/iserver/account/orders
<- 401 GET /v1/portal/iserver/account/orders
-> request: /sso/ping
-> GET /sso/ping,200|588ms
-> GET /v1/portal/iserver/account/orders
<- 401 GET /v1/portal/iserver/account/orders
-> GET /v1/portal/iserver/account/orders
<- 401 GET /v1/portal/iserver/account/orders
-> GET /v1/portal/iserver/account/orders
<- 401 GET /v1/portal/iserver/account/orders
-> request: /sso/ping
-> GET /sso/ping,200|450ms
-> GET /v1/portal/iserver/account/orders
<- 401 GET /v1/portal/iserver/account/orders
-> GET /v1/portal/iserver/account/orders
<- 401 GET /v1/portal/iserver/account/orders
-> request: /sso/ping
-> GET /sso/ping,200|591ms
-> GET /v1/portal/iserver/account/orders
<- 401 GET /v1/portal/iserver/account/orders
-> GET /v1/portal/iserver/account/orders
<- 401 GET /v1/portal/iserver/account/orders
-> GET /v1/portal/iserver/account/orders
<- 401 GET /v1/portal/iserver/account/orders
-> request: /sso/ping
-> GET /sso/ping,200|457ms
-> GET /v1/portal/iserver/account/orders
<- 401 GET /v1/portal/iserver/account/orders
-> GET /v1/portal/iserver/account/orders
<- 401 GET /v1/portal/iserver/account/orders
-> request: /sso/ping
-> GET /sso/ping,200|564ms
-> GET /v1/portal/iserver/account/orders
<- 401 GET /v1/portal/iserver/account/orders
-> GET /v1/portal/iserver/account/orders
<- 401 GET /v1/portal/iserver/account/orders
-> GET /v1/portal/iserver/account/orders
<- 401 GET /v1/portal/iserver/account/orders
-> request: /sso/ping
-> GET /sso/ping,200|421ms
-> GET /v1/portal/iserver/account/orders
<- 401 GET /v1/portal/iserver/account/orders
-> GET /v1/portal/iserver/account/orders
<- 401 GET /v1/portal/iserver/account/orders
-> request: /sso/ping
-> GET /sso/ping,200|568ms
-> GET /v1/portal/iserver/account/orders
<- 401 GET /v1/portal/iserver/account/orders
-> GET /v1/portal/iserver/account/orders
<- 401 GET /v1/portal/iserver/account/orders
-> GET /v1/portal/iserver/account/orders
<- 401 GET /v1/portal/iserver/account/orders
-> request: /sso/ping
-> GET /sso/ping,200|449ms
-> GET /v1/portal/iserver/account/orders
<- 401 GET /v1/portal/iserver/account/orders
-> GET /v1/portal/iserver/account/orders
<- 401 GET /v1/portal/iserver/account/orders
-> request: /sso/ping
-> GET /sso/ping,200|585ms
-> GET /v1/portal/iserver/account/orders
<- 401 GET /v1/portal/iserver/account/orders
-> GET /v1/portal/iserver/account/orders
<- 401 GET /v1/portal/iserver/account/orders
-> GET /v1/portal/iserver/account/orders
<- 401 GET /v1/portal/iserver/account/orders
-> request: /sso/ping
-> GET /sso/ping,200|451ms
-> GET /v1/portal/iserver/account/orders
<- 401 GET /v1/portal/iserver/account/orders
-> GET /v1/portal/iserver/account/orders
<- 401 GET /v1/portal/iserver/account/orders
-> request: /sso/ping
-> GET /sso/ping,200|581ms
-> GET /v1/portal/iserver/account/orders
<- 401 GET /v1/portal/iserver/account/orders
-> GET /v1/portal/iserver/account/orders
<- 401 GET /v1/portal/iserver/account/orders
-> GET /v1/portal/iserver/account/orders
<- 401 GET /v1/portal/iserver/account/orders
-> request: /sso/ping
-> GET /sso/ping,200|427ms
-> GET /v1/portal/iserver/account/orders
<- 401 GET /v1/portal/iserver/account/orders
-> GET /v1/portal/iserver/account/orders
<- 401 GET /v1/portal/iserver/account/orders
-> request: /sso/ping
-> GET /sso/ping,200|599ms
-> GET /v1/portal/iserver/account/orders
<- 401 GET /v1/portal/iserver/account/orders
-> GET /v1/portal/iserver/account/orders
<- 401 GET /v1/portal/iserver/account/orders
-> GET /v1/portal/iserver/account/orders
<- 401 GET /v1/portal/iserver/account/orders
-> request: /sso/ping
-> GET /sso/ping,200|426ms
-> GET /v1/portal/iserver/account/orders
<- 401 GET /v1/portal/iserver/account/orders
-> GET /v1/portal/iserver/account/orders
<- 401 GET /v1/portal/iserver/account/orders
-> request: /sso/ping
-> GET /sso/ping,200|604ms
-> GET /v1/portal/iserver/account/orders
<- 401 GET /v1/portal/iserver/account/orders
-> GET /v1/portal/iserver/account/orders
<- 401 GET /v1/portal/iserver/account/orders
-> GET /v1/portal/iserver/account/orders
<- 401 GET /v1/portal/iserver/account/orders
-> request: /sso/ping
-> GET /sso/ping,200|423ms
-> GET /v1/portal/iserver/account/orders
<- 401 GET /v1/portal/iserver/account/orders
-> GET /v1/portal/iserver/account/orders
<- 401 GET /v1/portal/iserver/account/orders
-> request: /sso/ping
-> GET /sso/ping,200|579ms
-> GET /v1/portal/iserver/account/orders
<- 401 GET /v1/portal/iserver/account/orders
-> GET /v1/portal/iserver/account/orders
<- 401 GET /v1/portal/iserver/account/orders
-> GET /v1/portal/iserver/account/orders
<- 401 GET /v1/portal/iserver/account/orders
-> request: /sso/ping
-> GET /sso/ping,200|421ms
-> GET /v1/portal/iserver/account/orders
<- 401 GET /v1/portal/iserver/account/orders
-> GET /v1/portal/iserver/account/orders
<- 401 GET /v1/portal/iserver/account/orders
-> request: /sso/ping
-> GET /sso/ping,200|801ms
-> GET /v1/portal/iserver/account/orders
<- 401 GET /v1/portal/iserver/account/orders
-> GET /v1/portal/iserver/account/orders
<- 401 GET /v1/portal/iserver/account/orders
-> GET /v1/portal/iserver/account/orders
<- 401 GET /v1/portal/iserver/account/orders
-> request: /sso/ping
-> GET /sso/ping,200|425ms
-> GET /v1/portal/iserver/account/orders
<- 401 GET /v1/portal/iserver/account/orders
-> GET /v1/portal/iserver/account/orders
<- 401 GET /v1/portal/iserver/account/orders
-> request: /sso/ping
-> GET /sso/ping,200|630ms
-> GET /v1/portal/iserver/account/orders
<- 401 GET /v1/portal/iserver/account/orders
-> GET /v1/portal/iserver/account/orders
<- 401 GET /v1/portal/iserver/account/orders
-> GET /v1/portal/iserver/account/orders
<- 401 GET /v1/portal/iserver/account/orders
-> request: /sso/ping
-> GET /sso/ping,200|449ms
-> GET /v1/portal/iserver/account/orders
<- 401 GET /v1/portal/iserver/account/orders
-> GET /v1/portal/iserver/account/orders
<- 401 GET /v1/portal/iserver/account/orders
-> request: /sso/ping
-> GET /sso/ping,200|592ms
-> GET /v1/portal/iserver/account/orders
<- 401 GET /v1/portal/iserver/account/orders
-> GET /v1/portal/iserver/account/orders
<- 401 GET /v1/portal/iserver/account/orders
-> GET /v1/portal/iserver/account/orders
<- 401 GET /v1/portal/iserver/account/orders
-> request: /sso/ping
-> GET /sso/ping,200|421ms
-> GET /v1/portal/iserver/account/orders
<- 401 GET /v1/portal/iserver/account/orders
-> GET /v1/portal/iserver/account/orders
<- 401 GET /v1/portal/iserver/account/orders
-> request: /sso/ping
-> GET /sso/ping,200|575ms
-> GET /v1/portal/iserver/account/orders
<- 401 GET /v1/portal/iserver/account/orders
-> GET /v1/portal/iserver/account/orders
<- 401 GET /v1/portal/iserver/account/orders
-> GET /v1/portal/iserver/account/orders
<- 401 GET /v1/portal/iserver/account/orders
-> request: /sso/ping
-> GET /sso/ping,200|447ms
-> GET /v1/portal/iserver/account/orders
<- 401 GET /v1/portal/iserver/account/orders
-> GET /v1/portal/iserver/account/orders
<- 401 GET /v1/portal/iserver/account/orders
-> request: /sso/ping
-> GET /sso/ping,200|566ms
-> GET /v1/portal/iserver/account/orders
<- 401 GET /v1/portal/iserver/account/orders
-> GET /v1/portal/iserver/account/orders
<- 401 GET /v1/portal/iserver/account/orders
-> GET /v1/portal/iserver/account/orders
<- 401 GET /v1/portal/iserver/account/orders
-> request: /sso/ping
-> GET /sso/ping,200|416ms
-> GET /v1/portal/iserver/account/orders
<- 401 GET /v1/portal/iserver/account/orders
-> GET /v1/portal/iserver/account/orders
<- 401 GET /v1/portal/iserver/account/orders
-> request: /sso/ping
-> GET /sso/ping,200|607ms
-> GET /v1/portal/iserver/account/orders
<- 401 GET /v1/portal/iserver/account/orders
-> GET /v1/portal/iserver/account/orders
<- 401 GET /v1/portal/iserver/account/orders
-> GET /v1/portal/iserver/account/orders
<- 401 GET /v1/portal/iserver/account/orders
-> request: /sso/ping
-> GET /sso/ping,200|432ms
-> GET /v1/portal/iserver/account/orders
<- 401 GET /v1/portal/iserver/account/orders
-> GET /v1/portal/iserver/account/orders
<- 401 GET /v1/portal/iserver/account/orders
-> request: /sso/ping
-> GET /sso/ping,200|603ms
-> GET /v1/portal/iserver/account/orders
<- 401 GET /v1/portal/iserver/account/orders
-> GET /v1/portal/iserver/account/orders
<- 401 GET /v1/portal/iserver/account/orders
-> GET /v1/portal/iserver/account/orders
<- 401 GET /v1/portal/iserver/account/orders
-> request: /sso/ping
-> GET /sso/ping,200|458ms
-> GET /v1/portal/iserver/account/orders
<- 401 GET /v1/portal/iserver/account/orders
-> GET /v1/portal/iserver/account/orders
<- 401 GET /v1/portal/iserver/account/orders
-> request: /sso/ping
-> GET /sso/ping,200|589ms
-> GET /v1/portal/iserver/account/orders
<- 401 GET /v1/portal/iserver/account/orders
-> GET /v1/portal/iserver/account/orders
<- 401 GET /v1/portal/iserver/account/orders
-> GET /v1/portal/iserver/account/orders
<- 401 GET /v1/portal/iserver/account/orders
-> request: /sso/ping
-> GET /sso/ping,200|453ms
-> GET /v1/portal/iserver/account/orders
<- 401 GET /v1/portal/iserver/account/orders
-> GET /v1/portal/iserver/account/orders
<- 401 GET /v1/portal/iserver/account/orders
-> request: /sso/ping
-> GET /sso/ping,200|604ms
-> GET /v1/portal/iserver/account/orders
<- 401 GET /v1/portal/iserver/account/orders
-> GET /v1/portal/iserver/account/orders
<- 401 GET /v1/portal/iserver/account/orders
-> GET /v1/portal/iserver/account/orders
<- 401 GET /v1/portal/iserver/account/orders
-> request: /sso/ping
-> GET /sso/ping,200|449ms
-> GET /v1/portal/iserver/account/orders
<- 401 GET /v1/portal/iserver/account/orders
-> GET /v1/portal/iserver/account/orders
<- 401 GET /v1/portal/iserver/account/orders
-> request: /sso/ping
-> GET /sso/ping,200|580ms
-> GET /v1/portal/iserver/account/orders
<- 401 GET /v1/portal/iserver/account/orders
-> GET /v1/portal/iserver/account/orders
<- 401 GET /v1/portal/iserver/account/orders
-> GET /v1/portal/iserver/account/orders
<- 401 GET /v1/portal/iserver/account/orders
-> request: /sso/ping
-> GET /sso/ping,200|422ms
-> GET /v1/portal/iserver/account/orders
<- 401 GET /v1/portal/iserver/account/orders
-> GET /v1/portal/iserver/account/orders
<- 401 GET /v1/portal/iserver/account/orders
-> request: /sso/ping
-> GET /sso/ping,200|439ms
-> GET /v1/portal/iserver/account/orders
<- 401 GET /v1/portal/iserver/account/orders
-> GET /v1/portal/iserver/account/orders
<- 401 GET /v1/portal/iserver/account/orders
-> GET /v1/portal/iserver/account/orders
<- 401 GET /v1/portal/iserver/account/orders
-> request: /sso/ping
-> GET /sso/ping,200|460ms
-> GET /v1/portal/iserver/account/orders
<- 401 GET /v1/portal/iserver/account/orders
-> GET /v1/portal/iserver/account/orders
<- 401 GET /v1/portal/iserver/account/orders
-> request: /sso/ping
-> GET /sso/ping,200|631ms
-> GET /v1/portal/iserver/account/orders
<- 401 GET /v1/portal/iserver/account/orders
-> GET /v1/portal/iserver/account/orders
<- 401 GET /v1/portal/iserver/account/orders
-> GET /v1/portal/iserver/account/orders
<- 401 GET /v1/portal/iserver/account/orders
-> request: /sso/ping
-> GET /sso/ping,200|451ms
-> GET /v1/portal/iserver/account/orders
<- 401 GET /v1/portal/iserver/account/orders
-> GET /v1/portal/iserver/account/orders
<- 401 GET /v1/portal/iserver/account/orders
-> request: /sso/ping
-> GET /sso/ping,200|550ms
-> GET /v1/portal/iserver/account/orders
<- 401 GET /v1/portal/iserver/account/orders
-> GET /v1/portal/iserver/account/orders
<- 401 GET /v1/portal/iserver/account/orders
-> GET /v1/portal/iserver/account/orders
<- 401 GET /v1/portal/iserver/account/orders
-> request: /sso/ping
-> GET /sso/ping,200|428ms
-> GET /v1/portal/iserver/account/orders
<- 401 GET /v1/portal/iserver/account/orders
-> GET /v1/portal/iserver/account/orders
<- 401 GET /v1/portal/iserver/account/orders
-> request: /sso/ping
-> GET /sso/ping,200|463ms
-> GET /v1/portal/iserver/account/orders
<- 401 GET /v1/portal/iserver/account/orders
-> GET /v1/portal/iserver/account/orders
<- 401 GET /v1/portal/iserver/account/orders
-> GET /v1/portal/iserver/account/orders
<- 401 GET /v1/portal/iserver/account/orders
-> request: /sso/ping
-> GET /sso/ping,200|433ms
-> GET /v1/portal/iserver/account/orders
<- 401 GET /v1/portal/iserver/account/orders
-> GET /v1/portal/iserver/account/orders
<- 401 GET /v1/portal/iserver/account/orders
-> request: /sso/ping
-> GET /sso/ping,200|468ms
-> GET /v1/portal/iserver/account/orders
<- 401 GET /v1/portal/iserver/account/orders
-> GET /v1/portal/iserver/account/orders
<- 401 GET /v1/portal/iserver/account/orders
-> GET /v1/portal/iserver/account/orders
<- 401 GET /v1/portal/iserver/account/orders
-> request: /sso/ping
-> GET /sso/ping,200|451ms
-> GET /v1/portal/iserver/account/orders
<- 401 GET /v1/portal/iserver/account/orders
-> GET /v1/portal/iserver/account/orders
<- 401 GET /v1/portal/iserver/account/orders
-> request: /sso/ping
-> GET /sso/ping,200|586ms
-> GET /v1/portal/iserver/account/orders
<- 401 GET /v1/portal/iserver/account/orders
-> GET /v1/portal/iserver/account/orders
<- 401 GET /v1/portal/iserver/account/orders
-> GET /v1/portal/iserver/account/orders
<- 401 GET /v1/portal/iserver/account/orders
-> request: /sso/ping
-> GET /sso/ping,200|444ms
-> GET /v1/portal/iserver/account/orders
<- 401 GET /v1/portal/iserver/account/orders
-> GET /v1/portal/iserver/account/orders
<- 401 GET /v1/portal/iserver/account/orders
-> request: /sso/ping
-> GET /sso/ping,200|460ms
-> GET /v1/portal/iserver/account/orders
<- 401 GET /v1/portal/iserver/account/orders
-> GET /v1/portal/iserver/account/orders
<- 401 GET /v1/portal/iserver/account/orders
-> GET /v1/portal/iserver/account/orders
<- 401 GET /v1/portal/iserver/account/orders
-> request: /sso/ping
-> GET /sso/ping,200|450ms
-> GET /v1/portal/iserver/account/orders
<- 401 GET /v1/portal/iserver/account/orders
-> GET /v1/portal/iserver/account/orders
<- 401 GET /v1/portal/iserver/account/orders
-> request: /sso/ping
-> GET /sso/ping,200|602ms
-> GET /v1/portal/iserver/account/orders
<- 401 GET /v1/portal/iserver/account/orders
-> GET /v1/portal/iserver/account/orders
<- 401 GET /v1/portal/iserver/account/orders
-> GET /v1/portal/iserver/account/orders
<- 401 GET /v1/portal/iserver/account/orders
-> request: /sso/ping
-> GET /sso/ping,200|455ms
-> GET /v1/portal/iserver/account/orders
<- 401 GET /v1/portal/iserver/account/orders
-> GET /v1/portal/iserver/account/orders
<- 401 GET /v1/portal/iserver/account/orders
-> request: /sso/ping
-> GET /sso/ping,200|623ms
-> GET /v1/portal/iserver/account/orders
<- 401 GET /v1/portal/iserver/account/orders
-> GET /v1/portal/iserver/account/orders
<- 401 GET /v1/portal/iserver/account/orders
-> GET /v1/portal/iserver/account/orders
<- 401 GET /v1/portal/iserver/account/orders
-> request: /sso/ping
-> GET /sso/ping,200|429ms
-> GET /v1/portal/iserver/account/orders
<- 401 GET /v1/portal/iserver/account/orders
-> GET /v1/portal/iserver/account/orders
<- 401 GET /v1/portal/iserver/account/orders
-> request: /sso/ping
-> GET /sso/ping,200|542ms
-> GET /v1/portal/iserver/account/orders
<- 401 GET /v1/portal/iserver/account/orders
-> GET /v1/portal/iserver/account/orders
<- 401 GET /v1/portal/iserver/account/orders
-> GET /v1/portal/iserver/account/orders
<- 401 GET /v1/portal/iserver/account/orders
-> request: /sso/ping
-> GET /sso/ping,200|439ms
-> GET /v1/portal/iserver/account/orders
<- 401 GET /v1/portal/iserver/account/orders
-> GET /v1/portal/iserver/account/orders
<- 401 GET /v1/portal/iserver/account/orders
-> request: /sso/ping
-> GET /sso/ping,200|588ms
-> GET /v1/portal/iserver/account/orders
<- 401 GET /v1/portal/iserver/account/orders
-> GET /v1/portal/iserver/account/orders
<- 401 GET /v1/portal/iserver/account/orders
-> GET /v1/portal/iserver/account/orders
<- 401 GET /v1/portal/iserver/account/orders
-> request: /sso/ping
-> GET /sso/ping,200|420ms
-> GET /v1/portal/iserver/account/orders
<- 401 GET /v1/portal/iserver/account/orders
-> GET /v1/portal/iserver/account/orders
<- 401 GET /v1/portal/iserver/account/orders
-> request: /sso/ping
-> GET /sso/ping,200|575ms
-> GET /v1/portal/iserver/account/orders
<- 401 GET /v1/portal/iserver/account/orders
-> GET /v1/portal/iserver/account/orders
<- 401 GET /v1/portal/iserver/account/orders
-> GET /v1/portal/iserver/account/orders
<- 401 GET /v1/portal/iserver/account/orders
-> request: /sso/ping
-> GET /sso/ping,200|426ms
-> GET /v1/portal/iserver/account/orders
<- 401 GET /v1/portal/iserver/account/orders
-> GET /v1/portal/iserver/account/orders
<- 401 GET /v1/portal/iserver/account/orders
-> request: /sso/ping
-> GET /sso/ping,200|564ms
-> GET /v1/portal/iserver/account/orders
<- 401 GET /v1/portal/iserver/account/orders
-> GET /v1/portal/iserver/account/orders
<- 401 GET /v1/portal/iserver/account/orders
-> GET /v1/portal/iserver/account/orders
<- 401 GET /v1/portal/iserver/account/orders
-> request: /sso/ping
-> GET /sso/ping,200|422ms
-> GET /v1/portal/iserver/account/orders
<- 401 GET /v1/portal/iserver/account/orders
-> GET /v1/portal/iserver/account/orders
<- 401 GET /v1/portal/iserver/account/orders
-> request: /sso/ping
-> GET /sso/ping,200|636ms
-> GET /v1/portal/iserver/account/orders
<- 401 GET /v1/portal/iserver/account/orders
-> GET /v1/portal/iserver/account/orders
<- 401 GET /v1/portal/iserver/account/orders
-> GET /v1/portal/iserver/account/orders
<- 401 GET /v1/portal/iserver/account/orders
-> request: /sso/ping
-> GET /sso/ping,200|448ms
-> GET /v1/portal/iserver/account/orders
<- 401 GET /v1/portal/iserver/account/orders
-> GET /v1/portal/iserver/account/orders
<- 401 GET /v1/portal/iserver/account/orders
-> request: /sso/ping
-> GET /sso/ping,200|585ms
-> GET /v1/portal/iserver/account/orders
<- 401 GET /v1/portal/iserver/account/orders
-> GET /v1/portal/iserver/account/orders
<- 401 GET /v1/portal/iserver/account/orders
-> GET /v1/portal/iserver/account/orders
<- 401 GET /v1/portal/iserver/account/orders
-> request: /sso/ping
-> GET /sso/ping,200|425ms
-> GET /v1/portal/iserver/account/orders
<- 401 GET /v1/portal/iserver/account/orders
-> GET /v1/portal/iserver/account/orders
<- 401 GET /v1/portal/iserver/account/orders
-> request: /sso/ping
-> GET /sso/ping,200|595ms
-> GET /v1/portal/iserver/account/orders
<- 401 GET /v1/portal/iserver/account/orders
-> GET /v1/portal/iserver/account/orders
<- 401 GET /v1/portal/iserver/account/orders
-> GET /v1/portal/iserver/account/orders
<- 401 GET /v1/portal/iserver/account/orders
-> request: /sso/ping
-> GET /sso/ping,200|447ms
-> GET /v1/portal/iserver/account/orders
<- 401 GET /v1/portal/iserver/account/orders
-> GET /v1/portal/iserver/account/orders
<- 401 GET /v1/portal/iserver/account/orders
-> request: /sso/ping
-> GET /sso/ping,200|471ms
-> GET /v1/portal/iserver/account/orders
<- 401 GET /v1/portal/iserver/account/orders
-> GET /v1/portal/iserver/account/orders
<- 401 GET /v1/portal/iserver/account/orders
-> request: /sso/ping
-> GET /sso/ping,200|1696ms
-> GET /v1/portal/iserver/account/orders
<- 401 GET /v1/portal/iserver/account/orders
-> GET /v1/portal/iserver/account/orders
<- 401 GET /v1/portal/iserver/account/orders
-> GET /v1/portal/iserver/account/orders
<- 401 GET /v1/portal/iserver/account/orders
-> request: /sso/ping
-> GET /sso/ping,200|425ms
-> GET /v1/portal/iserver/account/orders
<- 401 GET /v1/portal/iserver/account/orders
-> GET /v1/portal/iserver/account/orders
<- 401 GET /v1/portal/iserver/account/orders
-> request: /sso/ping
-> GET /sso/ping,200|479ms
-> GET /v1/portal/iserver/account/orders
<- 401 GET /v1/portal/iserver/account/orders
-> GET /v1/portal/iserver/account/orders
<- 401 GET /v1/portal/iserver/account/orders
-> GET /v1/portal/iserver/account/orders
<- 401 GET /v1/portal/iserver/account/orders
-> request: /sso/ping
-> GET /sso/ping,200|430ms
-> GET /v1/portal/iserver/account/orders
<- 401 GET /v1/portal/iserver/account/orders
-> GET /v1/portal/iserver/account/orders
<- 401 GET /v1/portal/iserver/account/orders
-> request: /sso/ping
-> GET /sso/ping,200|596ms
-> GET /v1/portal/iserver/account/orders
<- 401 GET /v1/portal/iserver/account/orders
-> GET /v1/portal/iserver/account/orders
<- 401 GET /v1/portal/iserver/account/orders
-> GET /v1/portal/iserver/account/orders
<- 401 GET /v1/portal/iserver/account/orders
-> request: /sso/ping
-> GET /sso/ping,200|471ms
-> GET /v1/portal/iserver/account/orders
<- 401 GET /v1/portal/iserver/account/orders
-> GET /v1/portal/iserver/account/orders
<- 401 GET /v1/portal/iserver/account/orders
-> request: /sso/ping
-> GET /sso/ping,200|593ms
-> GET /v1/portal/iserver/account/orders
<- 401 GET /v1/portal/iserver/account/orders
-> GET /v1/portal/iserver/account/orders
<- 401 GET /v1/portal/iserver/account/orders
-> GET /v1/portal/iserver/account/orders
<- 401 GET /v1/portal/iserver/account/orders
-> request: /sso/ping
-> GET /sso/ping,200|463ms
-> GET /v1/portal/iserver/account/orders
<- 401 GET /v1/portal/iserver/account/orders
-> GET /v1/portal/iserver/account/orders
<- 401 GET /v1/portal/iserver/account/orders
-> request: /sso/ping
-> GET /sso/ping,200|592ms
-> GET /v1/portal/iserver/account/orders
<- 401 GET /v1/portal/iserver/account/orders
-> GET /v1/portal/iserver/account/orders
<- 401 GET /v1/portal/iserver/account/orders
-> GET /v1/portal/iserver/account/orders
<- 401 GET /v1/portal/iserver/account/orders
-> request: /sso/ping
-> GET /sso/ping,200|420ms
-> GET /v1/portal/iserver/account/orders
<- 401 GET /v1/portal/iserver/account/orders
-> GET /v1/portal/iserver/account/orders
<- 401 GET /v1/portal/iserver/account/orders
-> request: /sso/ping
-> GET /sso/ping,200|573ms
-> GET /v1/portal/iserver/account/orders
<- 401 GET /v1/portal/iserver/account/orders
-> GET /v1/portal/iserver/account/orders
<- 401 GET /v1/portal/iserver/account/orders
-> GET /v1/portal/iserver/account/orders
<- 401 GET /v1/portal/iserver/account/orders
-> request: /sso/ping
-> GET /sso/ping,200|464ms
-> GET /v1/portal/iserver/account/orders
<- 401 GET /v1/portal/iserver/account/orders
-> GET /v1/portal/iserver/account/orders
<- 401 GET /v1/portal/iserver/account/orders
-> request: /sso/ping
-> GET /sso/ping,200|649ms
-> GET /v1/portal/iserver/account/orders
<- 401 GET /v1/portal/iserver/account/orders
-> GET /v1/portal/portfolio/accounts
<- 401 GET /v1/portal/portfolio/accounts
-> GET /v1/portal/iserver/auth/status
<- 401 GET /v1/portal/iserver/auth/status
-> POST /v1/portal/iserver/auth/status
<- 401 POST /v1/portal/iserver/auth/status
-> GET /v1/portal/iserver/auth/status
<- 401 GET /v1/portal/iserver/auth/status
-> POST /v1/portal/iserver/auth/status
<- 401 POST /v1/portal/iserver/auth/status
-> GET /v1/portal/iserver/auth/status
<- 401 GET /v1/portal/iserver/auth/status
-> GET /v1/portal/iserver/auth/status
<- 401 GET /v1/portal/iserver/auth/status
-> POST /v1/portal/iserver/auth/status
<- 401 POST /v1/portal/iserver/auth/status
-> request: /sso/ping
-> GET /sso/ping,200|669ms
-> request: /sso/ping
-> GET /sso/ping,200|764ms
-> request: /sso/ping
-> GET /sso/ping,200|619ms
-> POST /v1/portal/iserver/auth/status
<- 401 POST /v1/portal/iserver/auth/status
-> GET /sso/Login?forwardTo=22&RL=1&ip2loc=on
<- 200 GET /sso/Login?forwardTo=22&RL=1&ip2loc=on
-> GET /stylesheet/web/bootstrap.v3.3.6.css
<- 200 GET /stylesheet/web/bootstrap.v3.3.6.css
-> GET /stylesheet/web/switchery.min.css
-> GET /stylesheet/web/login.css
<- 200 GET /stylesheet/web/switchery.min.css
-> GET /sso/Templates/otp-responsive.css?1615019746030
-> GET /stylesheet/web/bootstrap-switch.v3.3.2.min.css
-> GET /stylesheet/web/font-awesome.v4.7.0.css
<- 200 GET /sso/Templates/otp-responsive.css?1615019746030
-> GET /stylesheet/web/ib-common.css
-> GET /scripts/common/js/2015/jquery.min.js
<- 200 GET /stylesheet/web/ib-common.css
<- 200 GET /stylesheet/web/login.css
<- 200 GET /stylesheet/web/bootstrap-switch.v3.3.2.min.css
-> GET /scripts/common/js/jquery-ui-1.12.1.min.js
<- 200 GET /stylesheet/web/font-awesome.v4.7.0.css
-> GET /scripts/common/js/2015/bootstrap.min.js
<- 200 GET /scripts/common/js/2015/jquery.min.js
<- 200 GET /scripts/common/js/jquery-ui-1.12.1.min.js
-> GET /scripts/common/js/2015/bootstrap-switch.min.js
<- 200 GET /scripts/common/js/2015/bootstrap.min.js
-> GET /scripts/common/js/switchery.min.js
-> GET /sso/CombineFiles
<- 200 GET /scripts/common/js/2015/bootstrap-switch.min.js
<- 200 GET /scripts/common/js/switchery.min.js
<- 200 GET /sso/CombineFiles
-> GET /images/2015/btn-app-apple.png
-> GET /images/2015/btn-app-google.png
-> GET /images/2015/btn-app-tws.png
-> GET /images/2015/button_discover_apis.png
-> GET /images/2015/template/logo-ib-ibkr-txtwht.svg
<- 200 GET /images/2015/btn-app-apple.png
-> GET /images/2015/template/logo-ib-ibkr-txtblk.svg
<- 200 GET /images/2015/btn-app-google.png
<- 200 GET /images/2015/btn-app-tws.png
<- 200 GET /images/2015/template/logo-ib-ibkr-txtwht.svg
-> GET /fonts/Proxima-Nova-Light.woff2
-> GET /fonts/Proxima-Nova-Semibold.woff2
-> GET /fonts/fontawesome-webfont.woff2?v=4.6.1
<- 200 GET /images/2015/template/logo-ib-ibkr-txtblk.svg
-> GET /fonts/Proxima-Nova-Regular.woff2
<- 200 GET /fonts/Proxima-Nova-Light.woff2
<- 200 GET /fonts/fontawesome-webfont.woff2?v=4.6.1
<- 200 GET /fonts/Proxima-Nova-Regular.woff2
<- 200 GET /images/2015/button_discover_apis.png
<- 200 GET /fonts/Proxima-Nova-Semibold.woff2
-> POST /sso/Authenticator;jsessionid=CAB33690B96DB4C78DF7D7A5642C8F44.ny5wwwdam2-internet?18447
<- 200 POST /sso/Authenticator;jsessionid=CAB33690B96DB4C78DF7D7A5642C8F44.ny5wwwdam2-internet?18447
-> POST /sso/Authenticator;jsessionid=CAB33690B96DB4C78DF7D7A5642C8F44.ny5wwwdam2-internet?82857
<- 200 POST /sso/Authenticator;jsessionid=CAB33690B96DB4C78DF7D7A5642C8F44.ny5wwwdam2-internet?82857
-> POST /sso/Dispatcher;jsessionid=CAB33690B96DB4C78DF7D7A5642C8F44.ny5wwwdam2-internet
<- 302 POST /sso/Dispatcher;jsessionid=CAB33690B96DB4C78DF7D7A5642C8F44.ny5wwwdam2-internet
-> request: /v1/api/sso/validate?gw=1
-> request: /AccountManagement/OneBarAuthentication?json=1
-> GET /AccountManagement/OneBarAuthentication?json=1,404|344ms
-> GET /v1/api/sso/validate?gw=1,200|376ms
-> request: /v1/api/one/user
-> request: /sso/AuthenticateSSODH?ACTION=INIT
-> sso GET https://api.ibkr.com/sso/AuthenticateSSODH?ACTION=INIT
-> request: /sso/AuthenticateSSODH?ACTION=COMPLETE&B=8ad6808f0b36758d10fd7242938dd9eea53522d453c9f7e0b4d5303c6badcae9c956a307b82148f6f6fa0e5b5272026d2f53ebb691d7f8853be52f50abbd76cd&CHRESPONSE=4573422810fca663f40f967c1e47fcf5843fb29e
-> sso GET https://api.ibkr.com/sso/AuthenticateSSODH?ACTION=COMPLETE&B=8ad6808f0b36758d10fd7242938dd9eea53522d453c9f7e0b4d5303c6badcae9c956a307b82148f6f6fa0e5b5272026d2f53ebb691d7f8853be52f50abbd76cd&CHRESPONSE=4573422810fca663f40f967c1e47fcf5843fb29e
-> GET /v1/api/one/user,200|270ms
-> request: /sso/Authenticator?ACTION=PUBLISH_TST&RESP_TYPE=JSON&DEVICE_ID=0626ca3f|F0-6E-0B-BD-A2-D6
-> sso GET https://api.ibkr.com/sso/Authenticator?ACTION=PUBLISH_TST&RESP_TYPE=JSON&DEVICE_ID=0626ca3f|F0-6E-0B-BD-A2-D6
<- 200 GET https://api.ibkr.com/sso/Authenticator?ACTION=PUBLISH_TST&RESP_TYPE=JSON&DEVICE_ID=0626ca3f|F0-6E-0B-BD-A2-D6 0
-> request: /v1/api/iserver/auth/status
-> GET /v1/api/iserver/auth/status,200|169ms
-> request: /v1/api/iserver/auth/ssodh/init
-> POST https://api.ibkr.com/v1/api/iserver/auth/ssodh/init,200|150ms
-> request: /v1/api/iserver/auth/ssodh/response
-> POST https://api.ibkr.com/v1/api/iserver/auth/ssodh/response,200|252ms
-> request: /v1/api/iserver/accounts
-> GET /v1/api/iserver/accounts,200|114ms
-> GET /v1/portal/iserver/auth/status
<- 200 GET /v1/portal/iserver/auth/status
-> GET /v1/portal/iserver/accounts
<- 200 GET /v1/portal/iserver/accounts
-> GET /v1/portal/iserver/account/orders
<- 200 GET /v1/portal/iserver/account/orders
-> GET /v1/portal/iserver/account/orders
<- 200 GET /v1/portal/iserver/account/orders
-> GET /v1/portal/portfolio/DU2971300/ledger
<- 200 GET /v1/portal/portfolio/DU2971300/ledger
-> GET /v1/portal/portfolio/DU2971300/positions/0
<- 200 GET /v1/portal/portfolio/DU2971300/positions/0
-> POST /v1/portal/iserver/secdef/search
<- 200 POST /v1/portal/iserver/secdef/search
-> GET /v1/portal/iserver/marketdata/snapshot?conids=12087792&since=0&fields=31%2C84%2C85
<- 200 GET /v1/portal/iserver/marketdata/snapshot?conids=12087792&since=0&fields=31%2C84%2C85
-> GET /v1/portal/iserver/marketdata/snapshot?conids=12087792&since=0&fields=31%2C84%2C85
<- 200 GET /v1/portal/iserver/marketdata/snapshot?conids=12087792&since=0&fields=31%2C84%2C85
-> request: /v1/api/tickle
-> GET /v1/api/tickle,200|116ms
-> POST /v1/portal/logout
<- 200 POST /v1/portal/logout
-> GET /sso/Login?forwardTo=22&RL=1&ip2loc=on
<- 200 GET /sso/Login?forwardTo=22&RL=1&ip2loc=on
-> GET /stylesheet/web/bootstrap.v3.3.6.css
-> GET /stylesheet/web/bootstrap-switch.v3.3.2.min.css
<- 200 GET /stylesheet/web/bootstrap-switch.v3.3.2.min.css
-> GET /stylesheet/web/font-awesome.v4.7.0.css
<- 200 GET /stylesheet/web/bootstrap.v3.3.6.css
-> GET /stylesheet/web/switchery.min.css
-> GET /stylesheet/web/ib-common.css
<- 200 GET /stylesheet/web/font-awesome.v4.7.0.css
-> GET /stylesheet/web/login.css
<- 200 GET /stylesheet/web/login.css
-> GET /sso/Templates/otp-responsive.css?1615019848311
<- 200 GET /stylesheet/web/switchery.min.css
-> GET /scripts/common/js/2015/jquery.min.js
<- 200 GET /sso/Templates/otp-responsive.css?1615019848311
-> GET /scripts/common/js/jquery-ui-1.12.1.min.js
<- 200 GET /scripts/common/js/2015/jquery.min.js
<- 200 GET /stylesheet/web/ib-common.css
-> GET /scripts/common/js/2015/bootstrap-switch.min.js
<- 200 GET /scripts/common/js/jquery-ui-1.12.1.min.js
-> GET /scripts/common/js/switchery.min.js
<- 200 GET /scripts/common/js/2015/bootstrap-switch.min.js
<- 200 GET /scripts/common/js/switchery.min.js
-> GET /scripts/common/js/2015/bootstrap.min.js
-> GET /sso/CombineFiles
<- 200 GET /scripts/common/js/2015/bootstrap.min.js
<- 200 GET /sso/CombineFiles
-> GET /images/2015/btn-app-apple.png
<- 200 GET /images/2015/btn-app-apple.png
-> GET /images/2015/btn-app-google.png
-> GET /images/2015/btn-app-tws.png
-> GET /images/2015/button_discover_apis.png
-> GET /images/2015/template/logo-ib-ibkr-txtwht.svg
-> GET /images/2015/template/logo-ib-ibkr-txtblk.svg
-> GET /fonts/Proxima-Nova-Light.woff2
<- 200 GET /images/2015/btn-app-google.png
<- 200 GET /images/2015/button_discover_apis.png
<- 200 GET /images/2015/template/logo-ib-ibkr-txtwht.svg
-> GET /fonts/fontawesome-webfont.woff2?v=4.6.1
-> GET /fonts/Proxima-Nova-Semibold.woff2
<- 200 GET /images/2015/template/logo-ib-ibkr-txtblk.svg
-> GET /fonts/Proxima-Nova-Regular.woff2
<- 200 GET /fonts/fontawesome-webfont.woff2?v=4.6.1
<- 200 GET /fonts/Proxima-Nova-Semibold.woff2
<- 200 GET /images/2015/btn-app-tws.png
<- 200 GET /fonts/Proxima-Nova-Regular.woff2
<- 200 GET /fonts/Proxima-Nova-Light.woff2
-> POST /sso/Authenticator;jsessionid=B550C79BE8F0BB12143F14EAD555EEB7.ny5wwwdam2-internet?95518
uri /sso/Authenticator;jsessionid=B550C79BE8F0BB12143F14EAD555EEB7.ny5wwwdam2-internet?95518 failed
io.vertx.core.VertxException: Connection was closed
	at io.vertx.core.http.impl.ClientConnection.handleClosed(ClientConnection.java:406) ~[vertx-core-3.5.0.jar:na]
	at io.vertx.core.impl.ContextImpl.lambda$wrapTask$2(ContextImpl.java:342) ~[vertx-core-3.5.0.jar:na]
	at io.vertx.core.impl.ContextImpl.executeFromIO(ContextImpl.java:200) ~[vertx-core-3.5.0.jar:na]
	at io.vertx.core.net.impl.VertxHandler.channelInactive(VertxHandler.java:134) ~[vertx-core-3.5.0.jar:na]
	at io.netty.channel.AbstractChannelHandlerContext.invokeChannelInactive(AbstractChannelHandlerContext.java:245) ~[netty-transport-4.1.15.Final.jar:4.1.15.Final]
	at io.netty.channel.AbstractChannelHandlerContext.invokeChannelInactive(AbstractChannelHandlerContext.java:231) ~[netty-transport-4.1.15.Final.jar:4.1.15.Final]
	at io.netty.channel.AbstractChannelHandlerContext.fireChannelInactive(AbstractChannelHandlerContext.java:224) ~[netty-transport-4.1.15.Final.jar:4.1.15.Final]
	at io.netty.channel.CombinedChannelDuplexHandler$DelegatingChannelHandlerContext.fireChannelInactive(CombinedChannelDuplexHandler.java:420) ~[netty-transport-4.1.15.Final.jar:4.1.15.Final]
	at io.netty.handler.codec.ByteToMessageDecoder.channelInputClosed(ByteToMessageDecoder.java:377) ~[netty-codec-4.1.15.Final.jar:4.1.15.Final]
	at io.netty.handler.codec.ByteToMessageDecoder.channelInactive(ByteToMessageDecoder.java:342) ~[netty-codec-4.1.15.Final.jar:4.1.15.Final]
	at io.netty.handler.codec.http.HttpClientCodec$Decoder.channelInactive(HttpClientCodec.java:281) ~[netty-codec-http-4.1.15.Final.jar:4.1.15.Final]
	at io.netty.channel.CombinedChannelDuplexHandler.channelInactive(CombinedChannelDuplexHandler.java:223) ~[netty-transport-4.1.15.Final.jar:4.1.15.Final]
	at io.netty.channel.AbstractChannelHandlerContext.invokeChannelInactive(AbstractChannelHandlerContext.java:245) ~[netty-transport-4.1.15.Final.jar:4.1.15.Final]
	at io.netty.channel.AbstractChannelHandlerContext.invokeChannelInactive(AbstractChannelHandlerContext.java:231) ~[netty-transport-4.1.15.Final.jar:4.1.15.Final]
	at io.netty.channel.AbstractChannelHandlerContext.fireChannelInactive(AbstractChannelHandlerContext.java:224) ~[netty-transport-4.1.15.Final.jar:4.1.15.Final]
	at io.netty.handler.codec.ByteToMessageDecoder.channelInputClosed(ByteToMessageDecoder.java:377) ~[netty-codec-4.1.15.Final.jar:4.1.15.Final]
	at io.netty.handler.codec.ByteToMessageDecoder.channelInactive(ByteToMessageDecoder.java:342) ~[netty-codec-4.1.15.Final.jar:4.1.15.Final]
	at io.netty.handler.ssl.SslHandler.channelInactive(SslHandler.java:978) ~[netty-handler-4.1.15.Final.jar:4.1.15.Final]
	at io.netty.channel.AbstractChannelHandlerContext.invokeChannelInactive(AbstractChannelHandlerContext.java:245) ~[netty-transport-4.1.15.Final.jar:4.1.15.Final]
	at io.netty.channel.AbstractChannelHandlerContext.invokeChannelInactive(AbstractChannelHandlerContext.java:231) ~[netty-transport-4.1.15.Final.jar:4.1.15.Final]
	at io.netty.channel.AbstractChannelHandlerContext.fireChannelInactive(AbstractChannelHandlerContext.java:224) ~[netty-transport-4.1.15.Final.jar:4.1.15.Final]
	at io.netty.channel.DefaultChannelPipeline$HeadContext.channelInactive(DefaultChannelPipeline.java:1354) ~[netty-transport-4.1.15.Final.jar:4.1.15.Final]
	at io.netty.channel.AbstractChannelHandlerContext.invokeChannelInactive(AbstractChannelHandlerContext.java:245) ~[netty-transport-4.1.15.Final.jar:4.1.15.Final]
	at io.netty.channel.AbstractChannelHandlerContext.invokeChannelInactive(AbstractChannelHandlerContext.java:231) ~[netty-transport-4.1.15.Final.jar:4.1.15.Final]
	at io.netty.channel.DefaultChannelPipeline.fireChannelInactive(DefaultChannelPipeline.java:917) ~[netty-transport-4.1.15.Final.jar:4.1.15.Final]
	at io.netty.channel.AbstractChannel$AbstractUnsafe$7.run(AbstractChannel.java:763) ~[netty-transport-4.1.15.Final.jar:4.1.15.Final]
	at io.netty.util.concurrent.AbstractEventExecutor.safeExecute(AbstractEventExecutor.java:163) ~[netty-common-4.1.15.Final.jar:4.1.15.Final]
	at io.netty.util.concurrent.SingleThreadEventExecutor.runAllTasks(SingleThreadEventExecutor.java:403) ~[netty-common-4.1.15.Final.jar:4.1.15.Final]
	at io.netty.channel.nio.NioEventLoop.run(NioEventLoop.java:463) ~[netty-transport-4.1.15.Final.jar:4.1.15.Final]
	at io.netty.util.concurrent.SingleThreadEventExecutor$5.run(SingleThreadEventExecutor.java:858) ~[netty-common-4.1.15.Final.jar:4.1.15.Final]
	at java.lang.Thread.run(Thread.java:748) ~[na:1.8.0_282]
-> GET /sso/Login?forwardTo=22&RL=1&ip2loc=on
<- 200 GET /sso/Login?forwardTo=22&RL=1&ip2loc=on
-> GET /stylesheet/web/bootstrap.v3.3.6.css
-> GET /stylesheet/web/bootstrap-switch.v3.3.2.min.css
-> GET /stylesheet/web/font-awesome.v4.7.0.css
-> GET /stylesheet/web/switchery.min.css
-> GET /stylesheet/web/ib-common.css
<- 200 GET /stylesheet/web/ib-common.css
<- 200 GET /stylesheet/web/switchery.min.css
-> GET /sso/Templates/otp-responsive.css?1615019923896
<- 200 GET /stylesheet/web/font-awesome.v4.7.0.css
<- 200 GET /sso/Templates/otp-responsive.css?1615019923896
-> GET /stylesheet/web/login.css
<- 200 GET /stylesheet/web/bootstrap-switch.v3.3.2.min.css
-> GET /sso/CombineFiles
<- 200 GET /stylesheet/web/bootstrap.v3.3.6.css
<- 200 GET /stylesheet/web/login.css
<- 200 GET /sso/CombineFiles
-> GET /images/2015/template/home-screen-icon-128x128.png
<- 200 GET /images/2015/template/home-screen-icon-128x128.png
-> POST /sso/Authenticator?74987
uri /sso/Authenticator?74987 failed
io.vertx.core.VertxException: Connection was closed
	at io.vertx.core.http.impl.ClientConnection.handleClosed(ClientConnection.java:406) ~[vertx-core-3.5.0.jar:na]
	at io.vertx.core.impl.ContextImpl.lambda$wrapTask$2(ContextImpl.java:342) ~[vertx-core-3.5.0.jar:na]
	at io.vertx.core.impl.ContextImpl.executeFromIO(ContextImpl.java:200) ~[vertx-core-3.5.0.jar:na]
	at io.vertx.core.net.impl.VertxHandler.channelInactive(VertxHandler.java:134) ~[vertx-core-3.5.0.jar:na]
	at io.netty.channel.AbstractChannelHandlerContext.invokeChannelInactive(AbstractChannelHandlerContext.java:245) ~[netty-transport-4.1.15.Final.jar:4.1.15.Final]
	at io.netty.channel.AbstractChannelHandlerContext.invokeChannelInactive(AbstractChannelHandlerContext.java:231) ~[netty-transport-4.1.15.Final.jar:4.1.15.Final]
	at io.netty.channel.AbstractChannelHandlerContext.fireChannelInactive(AbstractChannelHandlerContext.java:224) ~[netty-transport-4.1.15.Final.jar:4.1.15.Final]
	at io.netty.channel.CombinedChannelDuplexHandler$DelegatingChannelHandlerContext.fireChannelInactive(CombinedChannelDuplexHandler.java:420) ~[netty-transport-4.1.15.Final.jar:4.1.15.Final]
	at io.netty.handler.codec.ByteToMessageDecoder.channelInputClosed(ByteToMessageDecoder.java:377) ~[netty-codec-4.1.15.Final.jar:4.1.15.Final]
	at io.netty.handler.codec.ByteToMessageDecoder.channelInactive(ByteToMessageDecoder.java:342) ~[netty-codec-4.1.15.Final.jar:4.1.15.Final]
	at io.netty.handler.codec.http.HttpClientCodec$Decoder.channelInactive(HttpClientCodec.java:281) ~[netty-codec-http-4.1.15.Final.jar:4.1.15.Final]
	at io.netty.channel.CombinedChannelDuplexHandler.channelInactive(CombinedChannelDuplexHandler.java:223) ~[netty-transport-4.1.15.Final.jar:4.1.15.Final]
	at io.netty.channel.AbstractChannelHandlerContext.invokeChannelInactive(AbstractChannelHandlerContext.java:245) ~[netty-transport-4.1.15.Final.jar:4.1.15.Final]
	at io.netty.channel.AbstractChannelHandlerContext.invokeChannelInactive(AbstractChannelHandlerContext.java:231) ~[netty-transport-4.1.15.Final.jar:4.1.15.Final]
	at io.netty.channel.AbstractChannelHandlerContext.fireChannelInactive(AbstractChannelHandlerContext.java:224) ~[netty-transport-4.1.15.Final.jar:4.1.15.Final]
	at io.netty.handler.codec.ByteToMessageDecoder.channelInputClosed(ByteToMessageDecoder.java:377) ~[netty-codec-4.1.15.Final.jar:4.1.15.Final]
	at io.netty.handler.codec.ByteToMessageDecoder.channelInactive(ByteToMessageDecoder.java:342) ~[netty-codec-4.1.15.Final.jar:4.1.15.Final]
	at io.netty.handler.ssl.SslHandler.channelInactive(SslHandler.java:978) ~[netty-handler-4.1.15.Final.jar:4.1.15.Final]
	at io.netty.channel.AbstractChannelHandlerContext.invokeChannelInactive(AbstractChannelHandlerContext.java:245) ~[netty-transport-4.1.15.Final.jar:4.1.15.Final]
	at io.netty.channel.AbstractChannelHandlerContext.invokeChannelInactive(AbstractChannelHandlerContext.java:231) ~[netty-transport-4.1.15.Final.jar:4.1.15.Final]
	at io.netty.channel.AbstractChannelHandlerContext.fireChannelInactive(AbstractChannelHandlerContext.java:224) ~[netty-transport-4.1.15.Final.jar:4.1.15.Final]
	at io.netty.channel.DefaultChannelPipeline$HeadContext.channelInactive(DefaultChannelPipeline.java:1354) ~[netty-transport-4.1.15.Final.jar:4.1.15.Final]
	at io.netty.channel.AbstractChannelHandlerContext.invokeChannelInactive(AbstractChannelHandlerContext.java:245) ~[netty-transport-4.1.15.Final.jar:4.1.15.Final]
	at io.netty.channel.AbstractChannelHandlerContext.invokeChannelInactive(AbstractChannelHandlerContext.java:231) ~[netty-transport-4.1.15.Final.jar:4.1.15.Final]
	at io.netty.channel.DefaultChannelPipeline.fireChannelInactive(DefaultChannelPipeline.java:917) ~[netty-transport-4.1.15.Final.jar:4.1.15.Final]
	at io.netty.channel.AbstractChannel$AbstractUnsafe$7.run(AbstractChannel.java:763) ~[netty-transport-4.1.15.Final.jar:4.1.15.Final]
	at io.netty.util.concurrent.AbstractEventExecutor.safeExecute(AbstractEventExecutor.java:163) ~[netty-common-4.1.15.Final.jar:4.1.15.Final]
	at io.netty.util.concurrent.SingleThreadEventExecutor.runAllTasks(SingleThreadEventExecutor.java:403) ~[netty-common-4.1.15.Final.jar:4.1.15.Final]
	at io.netty.channel.nio.NioEventLoop.run(NioEventLoop.java:463) ~[netty-transport-4.1.15.Final.jar:4.1.15.Final]
	at io.netty.util.concurrent.SingleThreadEventExecutor$5.run(SingleThreadEventExecutor.java:858) ~[netty-common-4.1.15.Final.jar:4.1.15.Final]
	at java.lang.Thread.run(Thread.java:748) ~[na:1.8.0_282]
-> GET /sso/Login?forwardTo=22&RL=1&ip2loc=on
<- 200 GET /sso/Login?forwardTo=22&RL=1&ip2loc=on
-> GET /stylesheet/web/bootstrap.v3.3.6.css
-> GET /stylesheet/web/bootstrap-switch.v3.3.2.min.css
-> GET /stylesheet/web/font-awesome.v4.7.0.css
<- 200 GET /stylesheet/web/bootstrap.v3.3.6.css
<- 200 GET /stylesheet/web/bootstrap-switch.v3.3.2.min.css
<- 200 GET /stylesheet/web/font-awesome.v4.7.0.css
-> GET /stylesheet/web/login.css
<- 200 GET /stylesheet/web/login.css
-> GET /stylesheet/web/ib-common.css
-> GET /sso/Templates/otp-responsive.css?1615019971802
-> GET /stylesheet/web/switchery.min.css
-> GET /sso/CombineFiles
<- 200 GET /sso/Templates/otp-responsive.css?1615019971802
<- 200 GET /stylesheet/web/ib-common.css
<- 200 GET /sso/CombineFiles
<- 200 GET /stylesheet/web/switchery.min.css
-> POST /sso/Authenticator?52578
<- 200 POST /sso/Authenticator?52578
-> POST /sso/Authenticator?73229
<- 200 POST /sso/Authenticator?73229
-> POST /sso/Dispatcher
<- 200 POST /sso/Dispatcher
-> GET /stylesheet/web/bootstrap.v3.3.6.css
-> GET /stylesheet/web/bootstrap-switch.v3.3.2.min.css
-> GET /stylesheet/web/font-awesome.v4.7.0.css
-> GET /stylesheet/web/switchery.min.css
<- 200 GET /stylesheet/web/switchery.min.css
<- 200 GET /stylesheet/web/bootstrap-switch.v3.3.2.min.css
-> GET /sso/Templates/otp-responsive.css?1615019981796
<- 200 GET /stylesheet/web/bootstrap.v3.3.6.css
<- 200 GET /stylesheet/web/font-awesome.v4.7.0.css
<- 200 GET /sso/Templates/otp-responsive.css?1615019981796
-> GET /stylesheet/web/ib-common.css
-> GET /stylesheet/web/login.css
<- 200 GET /stylesheet/web/login.css
-> GET /sso/CombineFiles
<- 200 GET /stylesheet/web/ib-common.css
<- 200 GET /sso/CombineFiles
-> POST /sso/Authenticator?24528
<- 200 POST /sso/Authenticator?24528
-> POST /sso/Authenticator?67677
<- 200 POST /sso/Authenticator?67677
-> POST /sso/Dispatcher
<- 302 POST /sso/Dispatcher
-> request: /v1/api/sso/validate?gw=1
-> request: /AccountManagement/OneBarAuthentication?json=1
-> GET /AccountManagement/OneBarAuthentication?json=1,404|482ms
-> GET /v1/api/sso/validate?gw=1,200|515ms
-> request: /v1/api/one/user
-> request: /sso/AuthenticateSSODH?ACTION=INIT
-> sso GET https://api.ibkr.com/sso/AuthenticateSSODH?ACTION=INIT
-> request: /sso/AuthenticateSSODH?ACTION=COMPLETE&B=69d4b66d5a3e93e276499b3f6bb42cb6627160debd9df8751a2cdafd30ce1687b5d637e3408e60c60c3a7433b101cb0819d77f3fa9da6262ec81056a3ee2a393&CHRESPONSE=1258860351efef0ada7a0467cee08dadedf9f004
-> sso GET https://api.ibkr.com/sso/AuthenticateSSODH?ACTION=COMPLETE&B=69d4b66d5a3e93e276499b3f6bb42cb6627160debd9df8751a2cdafd30ce1687b5d637e3408e60c60c3a7433b101cb0819d77f3fa9da6262ec81056a3ee2a393&CHRESPONSE=1258860351efef0ada7a0467cee08dadedf9f004
-> GET /v1/api/one/user,200|292ms
-> request: /sso/Authenticator?ACTION=PUBLISH_TST&RESP_TYPE=JSON&DEVICE_ID=33396e83|F0-6E-0B-BD-A2-D6
-> sso GET https://api.ibkr.com/sso/Authenticator?ACTION=PUBLISH_TST&RESP_TYPE=JSON&DEVICE_ID=33396e83|F0-6E-0B-BD-A2-D6
<- 200 GET https://api.ibkr.com/sso/Authenticator?ACTION=PUBLISH_TST&RESP_TYPE=JSON&DEVICE_ID=33396e83|F0-6E-0B-BD-A2-D6 0
-> request: /v1/api/iserver/auth/status
-> GET /v1/api/iserver/auth/status,200|128ms
-> request: /v1/api/iserver/auth/ssodh/init
-> POST https://api.ibkr.com/v1/api/iserver/auth/ssodh/init,200|144ms
-> request: /v1/api/iserver/auth/ssodh/response
-> POST https://api.ibkr.com/v1/api/iserver/auth/ssodh/response,200|201ms
-> request: /v1/api/iserver/accounts
-> GET /v1/api/iserver/accounts,200|200ms
-> GET /v1/portal/iserver/auth/status
<- 200 GET /v1/portal/iserver/auth/status
-> GET /v1/portal/iserver/accounts
<- 200 GET /v1/portal/iserver/accounts
-> GET /v1/portal/iserver/account/orders
<- 200 GET /v1/portal/iserver/account/orders
-> GET /v1/portal/iserver/account/orders
<- 200 GET /v1/portal/iserver/account/orders
-> GET /v1/portal/portfolio/DU2971300/ledger
<- 200 GET /v1/portal/portfolio/DU2971300/ledger
-> GET /v1/portal/portfolio/DU2971300/positions/0
<- 200 GET /v1/portal/portfolio/DU2971300/positions/0
-> POST /v1/portal/iserver/secdef/search
<- 200 POST /v1/portal/iserver/secdef/search
-> GET /v1/portal/iserver/marketdata/snapshot?conids=12087792&since=0&fields=31%2C84%2C85
<- 200 GET /v1/portal/iserver/marketdata/snapshot?conids=12087792&since=0&fields=31%2C84%2C85
-> GET /v1/portal/iserver/marketdata/snapshot?conids=12087792&since=0&fields=31%2C84%2C85
<- 200 GET /v1/portal/iserver/marketdata/snapshot?conids=12087792&since=0&fields=31%2C84%2C85
-> POST /v1/portal/iserver/secdef/search
<- 200 POST /v1/portal/iserver/secdef/search
-> GET /v1/portal/iserver/marketdata/snapshot?conids=12087802&since=0&fields=31%2C84%2C85
<- 200 GET /v1/portal/iserver/marketdata/snapshot?conids=12087802&since=0&fields=31%2C84%2C85
-> GET /v1/portal/iserver/marketdata/snapshot?conids=12087802&since=0&fields=31%2C84%2C85
<- 200 GET /v1/portal/iserver/marketdata/snapshot?conids=12087802&since=0&fields=31%2C84%2C85
-> POST /v1/portal/iserver/secdef/search
<- 200 POST /v1/portal/iserver/secdef/search
-> GET /v1/portal/iserver/marketdata/snapshot?conids=12087817&since=0&fields=31%2C84%2C85
<- 200 GET /v1/portal/iserver/marketdata/snapshot?conids=12087817&since=0&fields=31%2C84%2C85
-> request: /v1/api/tickle
-> GET /v1/api/tickle,200|118ms
-> GET /v1/portal/iserver/marketdata/snapshot?conids=12087817&since=0&fields=31%2C84%2C85
<- 200 GET /v1/portal/iserver/marketdata/snapshot?conids=12087817&since=0&fields=31%2C84%2C85
-> request: /v1/api/tickle
-> GET /v1/api/tickle,200|596ms
-> request: /v1/api/tickle
-> GET /v1/api/tickle,200|479ms
-> POST /v1/portal/iserver/secdef/search
<- 200 POST /v1/portal/iserver/secdef/search
-> POST /v1/portal/iserver/account/DU2971300/order
<- 200 POST /v1/portal/iserver/account/DU2971300/order
-> POST /v1/portal/iserver/secdef/search
<- 200 POST /v1/portal/iserver/secdef/search
-> POST /v1/portal/iserver/account/DU2971300/order
<- 200 POST /v1/portal/iserver/account/DU2971300/order
-> request: /v1/api/tickle
-> GET /v1/api/tickle,200|586ms
-> GET /v1/portal/iserver/account/orders
<- 200 GET /v1/portal/iserver/account/orders
-> request: /v1/api/tickle
-> GET /v1/api/tickle,200|591ms
-> request: /v1/api/tickle
-> GET /v1/api/tickle,200|649ms
-> request: /v1/api/tickle
-> GET /v1/api/tickle,200|592ms
-> request: /v1/api/tickle
-> GET /v1/api/tickle,200|647ms
-> GET /v1/portal/iserver/account/orders
<- 200 GET /v1/portal/iserver/account/orders
-> request: /v1/api/tickle
-> GET /v1/api/tickle,200|1266ms
-> request: /sso/ping
-> GET /sso/ping,200|717ms
-> request: /v1/api/tickle
-> GET /v1/api/tickle,200|112ms
-> GET /v1/portal/iserver/marketdata/snapshot?conids=72065355&since=0&fields=84%2C85
<- 200 GET /v1/portal/iserver/marketdata/snapshot?conids=72065355&since=0&fields=84%2C85
-> GET /v1/portal/iserver/marketdata/snapshot?conids=72065355&since=0&fields=84%2C85
<- 200 GET /v1/portal/iserver/marketdata/snapshot?conids=72065355&since=0&fields=84%2C85
-> request: /v1/api/tickle
-> GET /v1/api/tickle,200|724ms
-> GET /v1/portal/iserver/marketdata/snapshot?conids=72065355&since=0&fields=84%2C85
<- 200 GET /v1/portal/iserver/marketdata/snapshot?conids=72065355&since=0&fields=84%2C85
-> GET /v1/portal/iserver/marketdata/snapshot?conids=72065355&since=0&fields=84%2C85
<- 200 GET /v1/portal/iserver/marketdata/snapshot?conids=72065355&since=0&fields=84%2C85
-> request: /v1/api/tickle
-> GET /v1/api/tickle,200|720ms
-> GET /v1/portal/iserver/account/orders
<- 200 GET /v1/portal/iserver/account/orders
-> request: /v1/api/tickle
-> GET /v1/api/tickle,200|533ms
-> request: /v1/api/tickle
-> GET /v1/api/tickle,200|754ms
-> request: /v1/api/tickle
-> GET /v1/api/tickle,200|457ms
-> request: /v1/api/tickle
-> GET /v1/api/tickle,200|742ms
-> GET /v1/portal/iserver/account/orders
<- 200 GET /v1/portal/iserver/account/orders
-> request: /v1/api/tickle
-> GET /v1/api/tickle,200|740ms
-> request: /v1/api/tickle
-> GET /v1/api/tickle,200|972ms
-> request: /v1/api/tickle
-> GET /v1/api/tickle,200|685ms
-> request: /sso/ping
-> GET /sso/ping,200|654ms
-> request: /v1/api/tickle
-> GET /v1/api/tickle,200|172ms
-> GET /v1/portal/iserver/account/orders
<- 200 GET /v1/portal/iserver/account/orders
-> request: /v1/api/tickle
-> GET /v1/api/tickle,200|736ms
-> request: /v1/api/tickle
-> GET /v1/api/tickle,200|503ms
-> request: /v1/api/tickle
-> GET /v1/api/tickle,200|814ms
-> request: /v1/api/tickle
-> GET /v1/api/tickle,200|491ms
-> GET /v1/portal/iserver/account/orders
<- 200 GET /v1/portal/iserver/account/orders
-> request: /v1/api/tickle
-> GET /v1/api/tickle,200|2009ms
-> request: /v1/api/tickle
-> GET /v1/api/tickle,200|783ms
-> request: /v1/api/tickle
-> GET /v1/api/tickle,200|528ms
-> request: /v1/api/tickle
-> GET /v1/api/tickle,200|857ms
-> GET /v1/portal/iserver/account/orders
<- 200 GET /v1/portal/iserver/account/orders
-> request: /v1/api/tickle
-> GET /v1/api/tickle,200|810ms
-> request: /sso/ping
-> GET /sso/ping,200|584ms
-> request: /v1/api/tickle
-> GET /v1/api/tickle,200|138ms
-> request: /v1/api/tickle
-> GET /v1/api/tickle,200|800ms
-> request: /v1/api/tickle
-> GET /v1/api/tickle,200|625ms
-> GET /v1/portal/iserver/marketdata/snapshot?conids=72065355&since=0&fields=84%2C85
<- 200 GET /v1/portal/iserver/marketdata/snapshot?conids=72065355&since=0&fields=84%2C85
-> GET /v1/portal/iserver/account/orders
<- 200 GET /v1/portal/iserver/account/orders
-> GET /v1/portal/iserver/marketdata/snapshot?conids=72065355&since=0&fields=84%2C85
<- 200 GET /v1/portal/iserver/marketdata/snapshot?conids=72065355&since=0&fields=84%2C85
-> request: /v1/api/tickle
-> GET /v1/api/tickle,200|618ms
-> request: /v1/api/tickle
-> GET /v1/api/tickle,200|699ms
-> request: /v1/api/tickle
-> GET /v1/api/tickle,200|527ms
-> request: /v1/api/tickle
-> GET /v1/api/tickle,200|804ms
-> GET /v1/portal/iserver/account/orders
<- 200 GET /v1/portal/iserver/account/orders
-> request: /v1/api/tickle
-> GET /v1/api/tickle,200|495ms
-> request: /v1/api/tickle
-> GET /v1/api/tickle,200|775ms
-> request: /v1/api/tickle
-> GET /v1/api/tickle,200|595ms
-> request: /sso/ping
-> GET /sso/ping,200|665ms
-> request: /v1/api/tickle
-> GET /v1/api/tickle,200|139ms
-> GET /v1/portal/iserver/account/orders
<- 200 GET /v1/portal/iserver/account/orders
-> request: /v1/api/tickle
-> GET /v1/api/tickle,200|776ms
-> request: /v1/api/tickle
-> GET /v1/api/tickle,200|543ms
-> request: /v1/api/tickle
-> GET /v1/api/tickle,200|824ms
-> request: /v1/api/tickle
-> GET /v1/api/tickle,200|680ms
-> GET /v1/portal/iserver/account/orders
<- 200 GET /v1/portal/iserver/account/orders
-> request: /v1/api/tickle
-> GET /v1/api/tickle,200|949ms
-> request: /v1/api/tickle
-> GET /v1/api/tickle,200|682ms
-> request: /v1/api/tickle
-> GET /v1/api/tickle,200|637ms
-> request: /v1/api/tickle
-> GET /v1/api/tickle,200|838ms
-> GET /v1/portal/iserver/account/orders
<- 200 GET /v1/portal/iserver/account/orders
-> request: /v1/api/tickle
-> GET /v1/api/tickle,200|530ms
-> request: /sso/ping
-> GET /sso/ping,200|607ms
-> request: /v1/api/tickle
-> GET /v1/api/tickle,200|169ms
-> request: /v1/api/tickle
-> GET /v1/api/tickle,200|725ms
-> request: /v1/api/tickle
-> GET /v1/api/tickle,200|773ms
-> GET /v1/portal/iserver/account/orders
<- 200 GET /v1/portal/iserver/account/orders
-> request: /v1/api/tickle
-> GET /v1/api/tickle,200|468ms
-> request: /v1/api/tickle
-> GET /v1/api/tickle,200|760ms
-> request: /v1/api/tickle
-> GET /v1/api/tickle,200|594ms
-> request: /v1/api/tickle
-> GET /v1/api/tickle,200|779ms
-> GET /v1/portal/iserver/account/orders
<- 200 GET /v1/portal/iserver/account/orders
-> request: /v1/api/tickle
-> GET /v1/api/tickle,200|600ms
-> request: /v1/api/tickle
-> GET /v1/api/tickle,200|918ms
-> request: /v1/api/tickle
-> GET /v1/api/tickle,200|1581ms
-> request: /sso/ping
-> GET /sso/ping,200|872ms
-> request: /v1/api/tickle
-> GET /v1/api/tickle,200|228ms
-> GET /v1/portal/iserver/account/orders
<- 200 GET /v1/portal/iserver/account/orders
-> request: /v1/api/tickle
-> GET /v1/api/tickle,200|2082ms
-> request: /v1/api/tickle
-> GET /v1/api/tickle,200|764ms
-> request: /v1/api/tickle
-> GET /v1/api/tickle,200|767ms
-> request: /v1/api/tickle
-> GET /v1/api/tickle,200|654ms
-> GET /v1/portal/iserver/account/orders
<- 200 GET /v1/portal/iserver/account/orders
-> request: /v1/api/tickle
-> GET /v1/api/tickle,200|793ms
-> request: /v1/api/tickle
-> GET /v1/api/tickle,200|748ms
-> request: /v1/api/tickle
-> GET /v1/api/tickle,200|495ms
-> request: /v1/api/tickle
-> GET /v1/api/tickle,200|799ms
-> GET /v1/portal/iserver/account/orders
<- 200 GET /v1/portal/iserver/account/orders
-> request: /v1/api/tickle
-> GET /v1/api/tickle,200|630ms
-> request: /sso/ping
-> GET /sso/ping,200|549ms
-> request: /v1/api/tickle
-> GET /v1/api/tickle,200|176ms
-> request: /v1/api/tickle
-> GET /v1/api/tickle,200|804ms
-> request: /v1/api/tickle
-> GET /v1/api/tickle,200|596ms
-> GET /v1/portal/iserver/account/orders
<- 200 GET /v1/portal/iserver/account/orders
-> request: /v1/api/tickle
-> GET /v1/api/tickle,200|614ms
-> request: /v1/api/tickle
-> GET /v1/api/tickle,200|806ms
-> request: /v1/api/tickle
-> GET /v1/api/tickle,200|740ms
-> request: /v1/api/tickle
-> GET /v1/api/tickle,200|737ms
-> GET /v1/portal/iserver/account/orders
<- 200 GET /v1/portal/iserver/account/orders
-> request: /v1/api/tickle
-> GET /v1/api/tickle,200|617ms
-> request: /v1/api/tickle
-> GET /v1/api/tickle,200|815ms
-> request: /v1/api/tickle
-> GET /v1/api/tickle,200|737ms
-> request: /sso/ping
-> GET /sso/ping,200|447ms
-> request: /v1/api/tickle
-> GET /v1/api/tickle,200|211ms
-> GET /v1/portal/iserver/account/orders
<- 200 GET /v1/portal/iserver/account/orders
-> request: /v1/api/tickle
-> GET /v1/api/tickle,200|699ms
-> request: /v1/api/tickle
-> GET /v1/api/tickle,200|753ms
-> request: /v1/api/tickle
-> GET /v1/api/tickle,200|803ms
-> request: /v1/api/tickle
-> GET /v1/api/tickle,200|3687ms
-> GET /v1/portal/iserver/account/orders
<- 200 GET /v1/portal/iserver/account/orders
-> request: /v1/api/tickle
-> request: /v1/api/tickle
-> GET /v1/api/tickle,200|503ms
-> request: /v1/api/tickle
-> GET /v1/api/tickle,200|499ms
-> request: /v1/api/tickle
-> GET /v1/api/tickle,200|649ms
-> GET /v1/portal/iserver/account/orders
<- 200 GET /v1/portal/iserver/account/orders
-> request: /v1/api/tickle
-> GET /v1/api/tickle,200|576ms
-> request: /sso/ping
-> GET /sso/ping,200|483ms
-> request: /v1/api/tickle
-> GET /v1/api/tickle,200|109ms
-> request: /v1/api/tickle
-> GET /v1/api/tickle,200|634ms
-> request: /v1/api/tickle
-> GET /v1/api/tickle,200|617ms
-> GET /v1/portal/iserver/account/orders
<- 200 GET /v1/portal/iserver/account/orders
-> request: /v1/api/tickle
-> GET /v1/api/tickle,200|524ms
-> request: /v1/api/tickle
-> GET /v1/api/tickle,200|746ms
-> request: /v1/api/tickle
-> GET /v1/api/tickle,200|563ms
-> request: /v1/api/tickle
-> GET /v1/api/tickle,200|693ms
-> GET /v1/portal/iserver/account/orders
<- 200 GET /v1/portal/iserver/account/orders
-> request: /v1/api/tickle
-> GET /v1/api/tickle,200|659ms
-> request: /v1/api/tickle
-> GET /v1/api/tickle,200|649ms
-> request: /v1/api/tickle
-> GET /v1/api/tickle,200|523ms
-> request: /sso/ping
-> GET /sso/ping,200|734ms
-> request: /v1/api/tickle
-> GET /v1/api/tickle,200|143ms
-> GET /v1/portal/iserver/account/orders
<- 200 GET /v1/portal/iserver/account/orders
-> request: /v1/api/tickle
-> GET /v1/api/tickle,200|691ms
-> request: /v1/api/tickle
-> GET /v1/api/tickle,200|574ms
-> request: /v1/api/tickle
-> GET /v1/api/tickle,200|755ms
-> request: /v1/api/tickle
-> GET /v1/api/tickle,200|1037ms
-> GET /v1/portal/iserver/account/orders
<- 200 GET /v1/portal/iserver/account/orders
-> request: /v1/api/tickle
-> GET /v1/api/tickle,200|563ms
-> request: /v1/api/tickle
-> GET /v1/api/tickle,200|744ms
-> request: /v1/api/tickle
-> GET /v1/api/tickle,200|471ms
-> request: /v1/api/tickle
-> GET /v1/api/tickle,200|901ms
-> GET /v1/portal/iserver/account/orders
<- 200 GET /v1/portal/iserver/account/orders
-> request: /v1/api/tickle
-> GET /v1/api/tickle,200|517ms
-> request: /sso/ping
-> GET /sso/ping,200|570ms
-> request: /v1/api/tickle
-> GET /v1/api/tickle,200|178ms
-> request: /v1/api/tickle
-> GET /v1/api/tickle,200|686ms
-> request: /v1/api/tickle
-> GET /v1/api/tickle,200|620ms
-> GET /v1/portal/iserver/account/orders
<- 200 GET /v1/portal/iserver/account/orders
-> request: /v1/api/tickle
-> GET /v1/api/tickle,200|521ms
-> request: /v1/api/tickle
-> GET /v1/api/tickle,200|613ms
-> request: /v1/api/tickle
-> GET /v1/api/tickle,200|661ms
-> request: /v1/api/tickle
-> GET /v1/api/tickle,200|510ms
-> GET /v1/portal/iserver/account/orders
<- 200 GET /v1/portal/iserver/account/orders
-> request: /v1/api/tickle
-> GET /v1/api/tickle,200|518ms
-> request: /v1/api/tickle
-> GET /v1/api/tickle,200|825ms
-> request: /v1/api/tickle
-> GET /v1/api/tickle,200|642ms
-> request: /sso/ping
-> GET /sso/ping,200|715ms
-> request: /v1/api/tickle
-> GET /v1/api/tickle,200|121ms
-> GET /v1/portal/iserver/account/orders
<- 200 GET /v1/portal/iserver/account/orders
-> request: /v1/api/tickle
-> GET /v1/api/tickle,200|856ms
-> request: /v1/api/tickle
-> GET /v1/api/tickle,200|516ms
-> request: /v1/api/tickle
-> GET /v1/api/tickle,200|760ms
-> request: /v1/api/tickle
-> GET /v1/api/tickle,200|437ms
-> GET /v1/portal/iserver/account/orders
<- 200 GET /v1/portal/iserver/account/orders
-> request: /v1/api/tickle
-> GET /v1/api/tickle,200|503ms
-> request: /v1/api/tickle
-> GET /v1/api/tickle,200|696ms
-> request: /v1/api/tickle
-> GET /v1/api/tickle,200|626ms
-> request: /v1/api/tickle
-> GET /v1/api/tickle,200|760ms
-> GET /v1/portal/iserver/account/orders
<- 200 GET /v1/portal/iserver/account/orders
-> request: /v1/api/tickle
-> GET /v1/api/tickle,200|509ms
-> request: /sso/ping
-> GET /sso/ping,200|555ms
-> request: /v1/api/tickle
-> GET /v1/api/tickle,200|120ms
-> request: /v1/api/tickle
-> GET /v1/api/tickle,200|931ms
-> request: /v1/api/tickle
-> GET /v1/api/tickle,200|452ms
-> GET /v1/portal/iserver/account/orders
<- 200 GET /v1/portal/iserver/account/orders
-> request: /v1/api/tickle
-> GET /v1/api/tickle,200|495ms
-> request: /v1/api/tickle
-> GET /v1/api/tickle,200|646ms
-> request: /v1/api/tickle
-> GET /v1/api/tickle,200|482ms
-> request: /v1/api/tickle
-> GET /v1/api/tickle,200|681ms
-> GET /v1/portal/iserver/account/orders
<- 200 GET /v1/portal/iserver/account/orders
-> request: /v1/api/tickle
-> GET /v1/api/tickle,200|525ms
-> request: /v1/api/tickle
-> GET /v1/api/tickle,200|714ms
-> request: /v1/api/tickle
-> GET /v1/api/tickle,200|509ms
-> request: /sso/ping
-> GET /sso/ping,200|550ms
-> request: /v1/api/tickle
-> GET /v1/api/tickle,200|123ms
-> GET /v1/portal/iserver/account/orders
<- 200 GET /v1/portal/iserver/account/orders
-> request: /v1/api/tickle
-> GET /v1/api/tickle,200|663ms
-> request: /v1/api/tickle
-> GET /v1/api/tickle,200|444ms
-> request: /v1/api/tickle
-> GET /v1/api/tickle,200|671ms
-> request: /v1/api/tickle
-> GET /v1/api/tickle,200|502ms
-> GET /v1/portal/iserver/account/orders
<- 200 GET /v1/portal/iserver/account/orders
-> request: /v1/api/tickle
-> GET /v1/api/tickle,200|563ms
-> request: /v1/api/tickle
-> GET /v1/api/tickle,200|658ms
-> request: /v1/api/tickle
-> GET /v1/api/tickle,200|498ms
-> request: /v1/api/tickle
-> GET /v1/api/tickle,200|557ms
-> GET /v1/portal/iserver/account/orders
<- 200 GET /v1/portal/iserver/account/orders
-> request: /v1/api/tickle
-> GET /v1/api/tickle,200|481ms
-> request: /sso/ping
-> GET /sso/ping,200|649ms
-> request: /v1/api/tickle
-> GET /v1/api/tickle,200|160ms
-> request: /v1/api/tickle
-> GET /v1/api/tickle,200|470ms
-> request: /v1/api/tickle
-> GET /v1/api/tickle,200|999ms
-> GET /v1/portal/iserver/account/orders
<- 200 GET /v1/portal/iserver/account/orders
-> request: /v1/api/tickle
-> GET /v1/api/tickle,200|516ms
-> request: /v1/api/tickle
-> GET /v1/api/tickle,200|683ms
-> request: /v1/api/tickle
-> GET /v1/api/tickle,200|531ms
-> request: /v1/api/tickle
-> GET /v1/api/tickle,200|525ms
-> GET /v1/portal/iserver/account/orders
<- 200 GET /v1/portal/iserver/account/orders
-> request: /v1/api/tickle
-> GET /v1/api/tickle,200|647ms
-> request: /v1/api/tickle
-> GET /v1/api/tickle,200|634ms
-> request: /v1/api/tickle
-> GET /v1/api/tickle,200|801ms
-> request: /sso/ping
-> GET /sso/ping,200|602ms
-> request: /v1/api/tickle
-> GET /v1/api/tickle,200|136ms
-> GET /v1/portal/iserver/account/orders
<- 200 GET /v1/portal/iserver/account/orders
-> request: /v1/api/tickle
-> GET /v1/api/tickle,200|652ms
-> request: /v1/api/tickle
-> GET /v1/api/tickle,200|506ms
-> request: /v1/api/tickle
-> GET /v1/api/tickle,200|779ms
-> request: /v1/api/tickle
-> GET /v1/api/tickle,200|466ms
-> GET /v1/portal/iserver/account/orders
<- 200 GET /v1/portal/iserver/account/orders
-> request: /v1/api/tickle
-> GET /v1/api/tickle,200|562ms
-> request: /v1/api/tickle
-> GET /v1/api/tickle,200|671ms
-> request: /v1/api/tickle
-> GET /v1/api/tickle,200|473ms
-> request: /v1/api/tickle
-> GET /v1/api/tickle,200|982ms
-> GET /v1/portal/iserver/account/orders
<- 200 GET /v1/portal/iserver/account/orders
-> request: /v1/api/tickle
-> GET /v1/api/tickle,200|553ms
-> request: /sso/ping
-> GET /sso/ping,200|518ms
-> request: /v1/api/tickle
-> GET /v1/api/tickle,200|111ms
-> request: /v1/api/tickle
-> GET /v1/api/tickle,200|616ms
-> request: /v1/api/tickle
-> GET /v1/api/tickle,200|509ms
-> GET /v1/portal/iserver/account/orders
<- 200 GET /v1/portal/iserver/account/orders
-> request: /v1/api/tickle
-> GET /v1/api/tickle,200|1127ms
-> request: /v1/api/tickle
-> GET /v1/api/tickle,200|831ms
-> request: /v1/api/tickle
-> GET /v1/api/tickle,200|525ms
-> request: /v1/api/tickle
-> GET /v1/api/tickle,200|744ms
-> GET /v1/portal/iserver/account/orders
<- 200 GET /v1/portal/iserver/account/orders
-> request: /v1/api/tickle
-> GET /v1/api/tickle,200|904ms
-> request: /v1/api/tickle
-> GET /v1/api/tickle,200|656ms
-> request: /v1/api/tickle
-> GET /v1/api/tickle,200|582ms
-> request: /sso/ping
-> GET /sso/ping,200|478ms
-> request: /v1/api/tickle
-> GET /v1/api/tickle,200|117ms
-> GET /v1/portal/iserver/account/orders
<- 200 GET /v1/portal/iserver/account/orders
-> request: /v1/api/tickle
-> GET /v1/api/tickle,200|695ms
-> request: /v1/api/tickle
-> GET /v1/api/tickle,200|559ms
-> request: /v1/api/tickle
-> GET /v1/api/tickle,200|1013ms
-> request: /v1/api/tickle
-> GET /v1/api/tickle,200|689ms
-> GET /v1/portal/iserver/account/orders
<- 200 GET /v1/portal/iserver/account/orders
-> request: /v1/api/tickle
-> GET /v1/api/tickle,200|499ms
-> request: /v1/api/tickle
-> request: /sso/ping
-> request: /v1/api/tickle
-> request: /sso/ping
-> request: /v1/api/tickle
-> request: /sso/ping
-> request: /v1/api/tickle
-> request: /sso/ping
-> request: /v1/api/tickle
-> request: /sso/ping
-> request: /v1/api/tickle
-> request: /sso/ping
-> request: /v1/api/tickle
-> request: /sso/ping
-> request: /v1/api/tickle
-> request: /sso/ping
-> request: /v1/api/tickle
-> request: /sso/ping
-> request: /v1/api/tickle
-> request: /sso/ping
-> request: /v1/api/tickle
-> request: /v1/api/tickle
-> request: /v1/api/tickle
-> request: /v1/api/tickle
-> request: /v1/api/tickle
-> request: /v1/api/tickle
-> request: /v1/api/tickle
-> request: /v1/api/tickle
-> request: /v1/api/tickle
-> request: /v1/api/tickle
-> request: /v1/api/tickle
-> request: /v1/api/tickle
-> request: /v1/api/tickle
-> request: /v1/api/tickle
-> request: /v1/api/tickle
-> request: /v1/api/tickle
-> request: /v1/api/tickle
-> request: /v1/api/tickle
-> request: /v1/api/tickle
-> request: /v1/api/tickle
-> request: /v1/api/tickle
-> request: /v1/api/tickle
-> request: /v1/api/tickle
-> request: /v1/api/tickle
-> request: /v1/api/tickle
-> request: /v1/api/tickle
-> request: /v1/api/tickle
-> request: /v1/api/tickle
-> request: /v1/api/tickle
-> request: /v1/api/tickle
-> request: /v1/api/tickle
-> request: /v1/api/tickle
-> request: /v1/api/tickle
-> request: /v1/api/tickle
-> request: /v1/api/tickle
-> request: /v1/api/tickle
-> request: /v1/api/tickle
-> request: /v1/api/tickle
-> request: /v1/api/tickle
-> request: /v1/api/tickle
-> request: /v1/api/tickle
-> request: /v1/api/tickle
-> request: /v1/api/tickle
-> request: /v1/api/tickle
-> request: /v1/api/tickle
-> request: /v1/api/tickle
-> request: /v1/api/tickle
-> request: /v1/api/tickle
-> request: /v1/api/tickle
-> request: /v1/api/tickle
-> request: /v1/api/tickle
-> request: /v1/api/tickle
-> request: /v1/api/tickle
-> request: /v1/api/tickle
-> request: /v1/api/tickle
-> request: /v1/api/tickle
-> request: /v1/api/tickle
-> request: /v1/api/tickle
-> request: /v1/api/tickle
-> request: /v1/api/tickle
-> request: /v1/api/tickle
-> request: /v1/api/tickle
-> request: /v1/api/tickle
-> request: /v1/api/tickle
-> request: /v1/api/tickle
-> request: /v1/api/tickle
-> request: /v1/api/tickle
-> request: /v1/api/tickle
-> request: /v1/api/tickle
-> request: /v1/api/tickle
-> request: /v1/api/tickle
-> request: /v1/api/tickle
-> request: /v1/api/tickle
-> request: /v1/api/tickle
-> request: /v1/api/tickle
-> request: /v1/api/tickle
-> request: /v1/api/tickle
-> request: /v1/api/tickle
-> request: /v1/api/tickle
-> request: /v1/api/tickle
-> request: /v1/api/tickle
-> request: /v1/api/tickle
-> request: /v1/api/tickle
-> request: /v1/api/tickle
-> request: /v1/api/tickle
-> request: /v1/api/tickle
-> request: /v1/api/tickle
-> request: /v1/api/tickle
-> request: /v1/api/tickle
-> request: /v1/api/tickle
-> request: /v1/api/tickle
-> request: /v1/api/tickle
-> request: /v1/api/tickle
-> GET /v1/api/tickle,200|673ms
-> request: /v1/api/tickle
-> GET /v1/api/tickle,200|657ms
-> request: /sso/ping
-> GET /sso/ping,200|986ms
-> request: /v1/api/tickle
-> GET /v1/api/tickle,200|152ms
-> GET /v1/portal/iserver/account/orders
<- 500 GET /v1/portal/iserver/account/orders
-> request: /v1/api/tickle
-> GET /v1/api/tickle,200|486ms
-> request: /v1/api/tickle
-> GET /v1/api/tickle,200|594ms
-> request: /v1/api/tickle
-> GET /v1/api/tickle,200|558ms
-> request: /v1/api/tickle
-> GET /v1/api/tickle,200|498ms
-> GET /v1/portal/iserver/account/orders
<- 500 GET /v1/portal/iserver/account/orders
-> request: /v1/api/tickle
-> GET /v1/api/tickle,200|431ms
-> request: /v1/api/tickle
-> GET /v1/api/tickle,200|592ms
-> request: /v1/api/tickle
-> GET /v1/api/tickle,200|630ms
-> request: /v1/api/tickle
-> GET /v1/api/tickle,200|462ms
-> GET /v1/portal/iserver/account/orders
<- 500 GET /v1/portal/iserver/account/orders
-> request: /v1/api/tickle
-> GET /v1/api/tickle,200|681ms
-> request: /sso/ping
-> GET /sso/ping,200|476ms
-> request: /v1/api/tickle
-> GET /v1/api/tickle,200|122ms
-> request: /v1/api/tickle
-> GET /v1/api/tickle,200|784ms
-> request: /v1/api/tickle
-> GET /v1/api/tickle,200|625ms
-> GET /v1/portal/iserver/account/orders
<- 500 GET /v1/portal/iserver/account/orders
-> request: /v1/api/tickle
-> GET /v1/api/tickle,200|828ms
-> request: /v1/api/tickle
-> GET /v1/api/tickle,200|478ms
-> request: /v1/api/tickle
-> GET /v1/api/tickle,200|835ms
-> request: /v1/api/tickle
-> GET /v1/api/tickle,200|566ms
-> GET /v1/portal/iserver/account/orders
<- 500 GET /v1/portal/iserver/account/orders
-> request: /v1/api/tickle
-> GET /v1/api/tickle,200|659ms
-> request: /v1/api/tickle
-> GET /v1/api/tickle,200|478ms
-> request: /v1/api/tickle
-> GET /v1/api/tickle,200|487ms
-> request: /sso/ping
-> GET /sso/ping,200|621ms
-> request: /v1/api/tickle
-> GET /v1/api/tickle,200|140ms
-> GET /v1/portal/iserver/account/orders
<- 500 GET /v1/portal/iserver/account/orders
-> request: /v1/api/tickle
-> GET /v1/api/tickle,200|652ms
-> request: /v1/api/tickle
-> GET /v1/api/tickle,200|604ms
-> request: /v1/api/tickle
-> GET /v1/api/tickle,200|705ms
-> request: /v1/api/tickle
-> GET /v1/api/tickle,200|473ms
-> GET /v1/portal/iserver/account/orders
<- 500 GET /v1/portal/iserver/account/orders
-> request: /v1/api/tickle
-> GET /v1/api/tickle,200|940ms
-> request: /v1/api/tickle
-> GET /v1/api/tickle,200|623ms
-> request: /v1/api/tickle
-> GET /v1/api/tickle,200|831ms
-> request: /v1/api/tickle
-> GET /v1/api/tickle,200|465ms
-> GET /v1/portal/iserver/account/orders
<- 500 GET /v1/portal/iserver/account/orders
-> request: /v1/api/tickle
-> GET /v1/api/tickle,200|694ms
-> request: /sso/ping
-> GET /sso/ping,200|606ms
-> request: /v1/api/tickle
-> GET /v1/api/tickle,200|126ms
-> request: /v1/api/tickle
-> GET /v1/api/tickle,200|705ms
-> request: /v1/api/tickle
-> GET /v1/api/tickle,200|454ms
-> GET /v1/portal/iserver/account/orders
<- 500 GET /v1/portal/iserver/account/orders
-> request: /v1/api/tickle
-> GET /v1/api/tickle,200|562ms
-> request: /v1/api/tickle
-> GET /v1/api/tickle,200|632ms
-> request: /v1/api/tickle
-> GET /v1/api/tickle,200|636ms
-> request: /v1/api/tickle
-> GET /v1/api/tickle,200|444ms
-> GET /v1/portal/iserver/account/orders
<- 500 GET /v1/portal/iserver/account/orders
-> request: /v1/api/tickle
-> GET /v1/api/tickle,200|570ms
-> request: /v1/api/tickle
-> GET /v1/api/tickle,200|462ms
-> request: /v1/api/tickle
-> GET /v1/api/tickle,200|782ms
-> request: /sso/ping
-> GET /sso/ping,200|522ms
-> request: /v1/api/tickle
-> GET /v1/api/tickle,200|107ms
-> GET /v1/portal/iserver/account/orders
<- 500 GET /v1/portal/iserver/account/orders
-> request: /v1/api/tickle
-> GET /v1/api/tickle,200|536ms
-> request: /v1/api/tickle
-> GET /v1/api/tickle,200|568ms
-> request: /v1/api/tickle
-> GET /v1/api/tickle,200|860ms
-> request: /v1/api/tickle
-> GET /v1/api/tickle,200|452ms
-> GET /v1/portal/iserver/account/orders
<- 500 GET /v1/portal/iserver/account/orders
-> request: /v1/api/tickle
-> GET /v1/api/tickle,200|481ms
-> request: /v1/api/tickle
-> GET /v1/api/tickle,200|486ms
-> request: /v1/api/tickle
-> GET /v1/api/tickle,200|769ms
-> request: /v1/api/tickle
-> GET /v1/api/tickle,200|584ms
-> GET /v1/portal/iserver/account/orders
<- 500 GET /v1/portal/iserver/account/orders
-> request: /v1/api/tickle
-> GET /v1/api/tickle,200|580ms
-> request: /sso/ping
-> GET /sso/ping,200|480ms
-> request: /v1/api/tickle
-> GET /v1/api/tickle,200|110ms
-> request: /v1/api/tickle
-> GET /v1/api/tickle,200|612ms
-> request: /v1/api/tickle
-> GET /v1/api/tickle,200|499ms
-> GET /v1/portal/iserver/account/orders
<- 500 GET /v1/portal/iserver/account/orders
-> request: /v1/api/tickle
-> GET /v1/api/tickle,200|501ms
-> request: /v1/api/tickle
-> GET /v1/api/tickle,200|514ms
-> request: /v1/api/tickle
-> GET /v1/api/tickle,200|641ms
-> request: /v1/api/tickle
-> GET /v1/api/tickle,200|710ms
-> GET /v1/portal/iserver/account/orders
<- 500 GET /v1/portal/iserver/account/orders
-> request: /v1/api/tickle
-> GET /v1/api/tickle,200|625ms
-> request: /v1/api/tickle
-> GET /v1/api/tickle,200|466ms
-> request: /v1/api/tickle
-> GET /v1/api/tickle,200|744ms
-> request: /sso/ping
-> GET /sso/ping,200|620ms
-> request: /v1/api/tickle
-> GET /v1/api/tickle,200|116ms
-> GET /v1/portal/iserver/account/orders
<- 500 GET /v1/portal/iserver/account/orders
-> request: /v1/api/tickle
-> GET /v1/api/tickle,200|548ms
-> request: /v1/api/tickle
-> GET /v1/api/tickle,200|639ms
-> request: /v1/api/tickle
-> GET /v1/api/tickle,200|693ms
-> request: /v1/api/tickle
-> GET /v1/api/tickle,200|738ms
-> GET /v1/portal/iserver/account/orders
<- 500 GET /v1/portal/iserver/account/orders
-> request: /v1/api/tickle
-> GET /v1/api/tickle,200|563ms
-> request: /v1/api/tickle
-> GET /v1/api/tickle,200|639ms
-> request: /v1/api/tickle
-> GET /v1/api/tickle,200|619ms
-> request: /v1/api/tickle
-> GET /v1/api/tickle,200|1077ms
-> GET /v1/portal/iserver/account/orders
<- 500 GET /v1/portal/iserver/account/orders
-> request: /v1/api/tickle
-> GET /v1/api/tickle,200|533ms
-> request: /sso/ping
-> GET /sso/ping,200|499ms
-> request: /v1/api/tickle
-> GET /v1/api/tickle,200|170ms
-> request: /v1/api/tickle
-> GET /v1/api/tickle,200|660ms
-> request: /v1/api/tickle
-> GET /v1/api/tickle,200|578ms
-> GET /v1/portal/iserver/account/orders
<- 500 GET /v1/portal/iserver/account/orders
-> request: /v1/api/tickle
-> GET /v1/api/tickle,200|697ms
-> request: /v1/api/tickle
-> GET /v1/api/tickle,200|523ms
-> request: /v1/api/tickle
-> GET /v1/api/tickle,200|689ms
-> request: /v1/api/tickle
-> GET /v1/api/tickle,200|462ms
-> GET /v1/portal/iserver/account/orders
<- 500 GET /v1/portal/iserver/account/orders
-> request: /v1/api/tickle
-> GET /v1/api/tickle,200|504ms
-> request: /v1/api/tickle
-> GET /v1/api/tickle,200|646ms
-> request: /v1/api/tickle
-> GET /v1/api/tickle,200|702ms
-> request: /sso/ping
-> GET /sso/ping,200|615ms
-> request: /v1/api/tickle
-> GET /v1/api/tickle,200|143ms
-> GET /v1/portal/iserver/account/orders
<- 500 GET /v1/portal/iserver/account/orders
-> request: /v1/api/tickle
-> GET /v1/api/tickle,200|621ms
-> request: /v1/api/tickle
-> GET /v1/api/tickle,401|633ms
-> request: /v1/api/sso/validate?gw=1
-> GET /v1/api/sso/validate?gw=1,401|517ms
-> request: /v1/api/sso/validate?gw=1
-> GET /v1/api/sso/validate?gw=1,401|152ms
-> request: /v1/api/sso/validate?gw=1
-> GET /v1/api/sso/validate?gw=1,401|139ms
-> request: /v1/api/sso/validate?gw=1
-> GET /v1/api/sso/validate?gw=1,401|151ms
-> request: /v1/api/sso/validate?gw=1
-> GET /v1/api/sso/validate?gw=1,401|150ms
-> GET /v1/portal/iserver/account/orders
<- 401 GET /v1/portal/iserver/account/orders
-> GET /v1/portal/iserver/account/orders
<- 401 GET /v1/portal/iserver/account/orders
-> request: /sso/ping
-> GET /sso/ping,200|445ms
-> GET /v1/portal/iserver/account/orders
<- 401 GET /v1/portal/iserver/account/orders
-> GET /v1/portal/iserver/account/orders
<- 401 GET /v1/portal/iserver/account/orders
-> request: /sso/ping
-> GET /sso/ping,200|590ms
-> GET /v1/portal/iserver/account/orders
<- 401 GET /v1/portal/iserver/account/orders
-> request: /sso/ping
-> request: /sso/ping
-> request: /sso/ping
-> request: /sso/ping
-> request: /sso/ping
-> request: /sso/ping
-> request: /sso/ping
-> request: /sso/ping
-> request: /sso/ping
-> request: /sso/ping
-> request: /sso/ping
-> request: /sso/ping
-> request: /sso/ping
-> GET /sso/ping,200|862ms
-> GET /sso/ping,200|1173ms
-> GET /sso/ping,200|856ms
-> GET /sso/ping,200|854ms
-> GET /sso/ping,200|961ms
-> GET /sso/ping,200|978ms
-> GET /sso/ping,200|977ms
-> GET /sso/ping,200|977ms
-> GET /sso/ping,200|990ms
-> GET /v1/portal/iserver/account/orders
<- 401 GET /v1/portal/iserver/account/orders
-> request: /sso/ping
-> GET /sso/ping,200|574ms
-> GET /v1/portal/iserver/account/orders
<- 401 GET /v1/portal/iserver/account/orders
-> GET /v1/portal/iserver/account/orders
<- 401 GET /v1/portal/iserver/account/orders
-> GET /v1/portal/iserver/account/orders
<- 401 GET /v1/portal/iserver/account/orders
-> request: /sso/ping
-> GET /sso/ping,200|851ms
-> GET /v1/portal/iserver/account/orders
<- 401 GET /v1/portal/iserver/account/orders
-> GET /v1/portal/iserver/account/orders
<- 401 GET /v1/portal/iserver/account/orders
-> request: /sso/ping
-> GET /sso/ping,200|1212ms
-> GET /v1/portal/iserver/account/orders
<- 401 GET /v1/portal/iserver/account/orders
-> GET /v1/portal/iserver/account/orders
<- 401 GET /v1/portal/iserver/account/orders
-> GET /v1/portal/iserver/account/orders
<- 401 GET /v1/portal/iserver/account/orders
-> request: /sso/ping
-> GET /sso/ping,200|622ms
-> GET /v1/portal/iserver/account/orders
<- 401 GET /v1/portal/iserver/account/orders
-> GET /v1/portal/iserver/account/orders
<- 401 GET /v1/portal/iserver/account/orders
-> request: /sso/ping
-> GET /sso/ping,200|860ms
-> GET /v1/portal/iserver/account/orders
<- 401 GET /v1/portal/iserver/account/orders
-> GET /v1/portal/iserver/account/orders
<- 401 GET /v1/portal/iserver/account/orders
-> GET /v1/portal/iserver/account/orders
<- 401 GET /v1/portal/iserver/account/orders
-> request: /sso/ping
-> GET /sso/ping,200|1019ms
-> GET /v1/portal/iserver/account/orders
<- 401 GET /v1/portal/iserver/account/orders
-> GET /v1/portal/iserver/account/orders
<- 401 GET /v1/portal/iserver/account/orders
-> request: /sso/ping
-> GET /sso/ping,200|777ms
-> GET /v1/portal/iserver/account/orders
<- 401 GET /v1/portal/iserver/account/orders
-> GET /v1/portal/iserver/account/orders
<- 401 GET /v1/portal/iserver/account/orders
-> GET /v1/portal/iserver/account/orders
<- 401 GET /v1/portal/iserver/account/orders
-> request: /sso/ping
-> GET /sso/ping,200|642ms
-> GET /v1/portal/iserver/account/orders
<- 401 GET /v1/portal/iserver/account/orders
-> GET /v1/portal/iserver/account/orders
<- 401 GET /v1/portal/iserver/account/orders
-> request: /sso/ping
-> GET /sso/ping,200|746ms
-> GET /v1/portal/iserver/account/orders
<- 401 GET /v1/portal/iserver/account/orders
-> GET /v1/portal/iserver/account/orders
<- 401 GET /v1/portal/iserver/account/orders
-> GET /v1/portal/iserver/account/orders
<- 401 GET /v1/portal/iserver/account/orders
-> request: /sso/ping
-> GET /sso/ping,200|574ms
-> GET /v1/portal/iserver/account/orders
<- 401 GET /v1/portal/iserver/account/orders
-> GET /v1/portal/iserver/account/orders
<- 401 GET /v1/portal/iserver/account/orders
-> request: /sso/ping
-> GET /sso/ping,200|1041ms
-> GET /v1/portal/iserver/account/orders
<- 401 GET /v1/portal/iserver/account/orders
-> GET /v1/portal/iserver/account/orders
<- 401 GET /v1/portal/iserver/account/orders
-> GET /v1/portal/iserver/account/orders
<- 401 GET /v1/portal/iserver/account/orders
-> request: /sso/ping
-> GET /sso/ping,200|781ms
-> GET /v1/portal/iserver/account/orders
<- 401 GET /v1/portal/iserver/account/orders
-> GET /v1/portal/iserver/account/orders
<- 401 GET /v1/portal/iserver/account/orders
-> request: /sso/ping
-> GET /sso/ping,200|618ms
-> GET /v1/portal/iserver/account/orders
<- 401 GET /v1/portal/iserver/account/orders
-> GET /v1/portal/iserver/account/orders
<- 401 GET /v1/portal/iserver/account/orders
-> GET /v1/portal/iserver/account/orders
<- 401 GET /v1/portal/iserver/account/orders
-> request: /sso/ping
-> GET /sso/ping,200|539ms
-> GET /v1/portal/iserver/account/orders
<- 401 GET /v1/portal/iserver/account/orders
-> GET /v1/portal/iserver/account/orders
<- 401 GET /v1/portal/iserver/account/orders
-> request: /sso/ping
-> GET /sso/ping,200|893ms
-> GET /v1/portal/iserver/account/orders
<- 401 GET /v1/portal/iserver/account/orders
-> GET /v1/portal/iserver/account/orders
<- 401 GET /v1/portal/iserver/account/orders
-> GET /v1/portal/iserver/account/orders
<- 401 GET /v1/portal/iserver/account/orders
-> request: /sso/ping
-> GET /sso/ping,200|494ms
-> GET /v1/portal/iserver/account/orders
<- 401 GET /v1/portal/iserver/account/orders
-> GET /v1/portal/iserver/account/orders
<- 401 GET /v1/portal/iserver/account/orders
-> request: /sso/ping
-> GET /sso/ping,200|763ms
-> GET /v1/portal/iserver/account/orders
<- 401 GET /v1/portal/iserver/account/orders
-> GET /v1/portal/iserver/account/orders
<- 401 GET /v1/portal/iserver/account/orders
-> GET /v1/portal/iserver/account/orders
<- 401 GET /v1/portal/iserver/account/orders
-> request: /sso/ping
-> GET /sso/ping,200|630ms
-> GET /v1/portal/iserver/account/orders
<- 401 GET /v1/portal/iserver/account/orders
-> GET /v1/portal/iserver/account/orders
<- 401 GET /v1/portal/iserver/account/orders
-> request: /sso/ping
-> GET /sso/ping,200|749ms
-> GET /v1/portal/iserver/account/orders
<- 401 GET /v1/portal/iserver/account/orders
-> GET /v1/portal/iserver/account/orders
<- 401 GET /v1/portal/iserver/account/orders
-> GET /v1/portal/iserver/account/orders
<- 401 GET /v1/portal/iserver/account/orders
-> request: /sso/ping
-> GET /sso/ping,200|674ms
-> GET /v1/portal/iserver/account/orders
<- 401 GET /v1/portal/iserver/account/orders
-> GET /v1/portal/iserver/account/orders
<- 401 GET /v1/portal/iserver/account/orders
-> request: /sso/ping
-> GET /sso/ping,200|802ms
-> GET /v1/portal/iserver/account/orders
<- 401 GET /v1/portal/iserver/account/orders
-> GET /v1/portal/iserver/account/orders
<- 401 GET /v1/portal/iserver/account/orders
-> GET /v1/portal/iserver/account/orders
<- 401 GET /v1/portal/iserver/account/orders
-> request: /sso/ping
-> GET /sso/ping,200|882ms
-> GET /v1/portal/iserver/account/orders
<- 401 GET /v1/portal/iserver/account/orders
-> GET /v1/portal/iserver/account/orders
<- 401 GET /v1/portal/iserver/account/orders
-> request: /sso/ping
-> GET /sso/ping,200|1288ms
-> GET /v1/portal/iserver/account/orders
<- 401 GET /v1/portal/iserver/account/orders
-> GET /v1/portal/iserver/account/orders
<- 401 GET /v1/portal/iserver/account/orders
-> GET /v1/portal/iserver/account/orders
<- 401 GET /v1/portal/iserver/account/orders
-> request: /sso/ping
-> GET /sso/ping,200|629ms
-> GET /v1/portal/iserver/account/orders
<- 401 GET /v1/portal/iserver/account/orders
-> GET /v1/portal/iserver/account/orders
<- 401 GET /v1/portal/iserver/account/orders
-> request: /sso/ping
-> GET /sso/ping,200|746ms
-> GET /v1/portal/iserver/account/orders
<- 401 GET /v1/portal/iserver/account/orders
-> GET /v1/portal/iserver/account/orders
<- 401 GET /v1/portal/iserver/account/orders
-> GET /v1/portal/iserver/account/orders
<- 401 GET /v1/portal/iserver/account/orders
-> request: /sso/ping
-> GET /sso/ping,200|476ms
-> GET /v1/portal/iserver/account/orders
<- 401 GET /v1/portal/iserver/account/orders
-> GET /v1/portal/iserver/account/orders
<- 401 GET /v1/portal/iserver/account/orders
-> request: /sso/ping
-> GET /sso/ping,200|695ms
-> GET /v1/portal/iserver/account/orders
<- 401 GET /v1/portal/iserver/account/orders
-> GET /v1/portal/iserver/account/orders
<- 401 GET /v1/portal/iserver/account/orders
-> GET /v1/portal/iserver/account/orders
<- 401 GET /v1/portal/iserver/account/orders
-> request: /sso/ping
-> GET /sso/ping,200|446ms
-> POST /v1/portal/logout
<- 401 POST /v1/portal/logout
