-> request: /v1/api/tickle
-> GET /v1/api/tickle,200|604ms
-> request: /v1/api/tickle
-> GET /v1/api/tickle,200|616ms
-> request: /v1/api/tickle
-> GET /v1/api/tickle,200|610ms
-> request: /v1/api/tickle
-> GET /v1/api/tickle,200|1794ms
-> request: /v1/api/tickle
-> GET /v1/api/tickle,200|490ms
-> request: /v1/api/tickle
-> GET /v1/api/tickle,200|655ms
-> request: /sso/ping
-> GET /sso/ping,200|424ms
-> request: /v1/api/tickle
-> GET /v1/api/tickle,200|149ms
-> request: /v1/api/tickle
-> GET /v1/api/tickle,200|630ms
-> request: /v1/api/tickle
-> GET /v1/api/tickle,200|422ms
-> request: /v1/api/tickle
-> GET /v1/api/tickle,200|726ms
-> request: /v1/api/tickle
-> GET /v1/api/tickle,200|1572ms
-> request: /v1/api/tickle
-> GET /v1/api/tickle,200|753ms
-> request: /v1/api/tickle
-> GET /v1/api/tickle,200|632ms
-> request: /v1/api/tickle
-> GET /v1/api/tickle,200|775ms
-> request: /v1/api/tickle
-> GET /v1/api/tickle,200|451ms
-> request: /v1/api/tickle
-> GET /v1/api/tickle,200|609ms
-> request: /sso/ping
-> GET /sso/ping,200|1782ms
-> request: /v1/api/tickle
-> GET /v1/api/tickle,200|108ms
-> request: /v1/api/tickle
-> GET /v1/api/tickle,200|807ms
-> request: /v1/api/tickle
-> GET /v1/api/tickle,200|461ms
-> request: /v1/api/tickle
-> GET /v1/api/tickle,200|1023ms
-> request: /v1/api/tickle
-> GET /v1/api/tickle,200|430ms
-> request: /v1/api/tickle
-> GET /v1/api/tickle,200|1193ms
-> request: /v1/api/tickle
-> GET /v1/api/tickle,200|561ms
-> request: /v1/api/tickle
-> GET /v1/api/tickle,200|612ms
-> request: /v1/api/tickle
-> GET /v1/api/tickle,200|1898ms
-> request: /v1/api/tickle
-> GET /v1/api/tickle,200|619ms
-> request: /sso/ping
-> GET /sso/ping,200|611ms
-> request: /v1/api/tickle
-> GET /v1/api/tickle,200|117ms
-> request: /v1/api/tickle
-> GET /v1/api/tickle,200|754ms
-> request: /v1/api/tickle
-> GET /v1/api/tickle,200|523ms
-> request: /v1/api/tickle
-> GET /v1/api/tickle,200|588ms
-> request: /v1/api/tickle
-> GET /v1/api/tickle,200|477ms
-> request: /v1/api/tickle
-> GET /v1/api/tickle,200|614ms
-> request: /v1/api/tickle
-> GET /v1/api/tickle,200|487ms
-> request: /v1/api/tickle
-> GET /v1/api/tickle,200|572ms
-> request: /v1/api/tickle
-> GET /v1/api/tickle,200|431ms
-> request: /v1/api/tickle
-> GET /v1/api/tickle,200|3884ms
-> request: /sso/ping
-> GET /sso/ping,200|457ms
-> request: /v1/api/tickle
-> GET /v1/api/tickle,200|186ms
-> request: /v1/api/tickle
-> GET /v1/api/tickle,200|611ms
-> request: /v1/api/tickle
-> GET /v1/api/tickle,200|581ms
-> request: /v1/api/tickle
-> GET /v1/api/tickle,200|562ms
-> request: /v1/api/tickle
-> GET /v1/api/tickle,200|600ms
-> request: /v1/api/tickle
-> GET /v1/api/tickle,200|577ms
-> request: /v1/api/tickle
-> GET /v1/api/tickle,200|951ms
-> request: /v1/api/tickle
-> GET /v1/api/tickle,200|698ms
-> request: /v1/api/tickle
-> GET /v1/api/tickle,200|1576ms
-> request: /v1/api/tickle
-> GET /v1/api/tickle,200|627ms
-> request: /sso/ping
-> GET /sso/ping,200|562ms
-> request: /v1/api/tickle
-> GET /v1/api/tickle,200|214ms
-> request: /v1/api/tickle
-> GET /v1/api/tickle,200|726ms
-> request: /v1/api/tickle
-> GET /v1/api/tickle,200|492ms
-> request: /v1/api/tickle
-> GET /v1/api/tickle,200|831ms
-> request: /v1/api/tickle
-> GET /v1/api/tickle,200|3988ms
-> request: /v1/api/tickle
-> GET /v1/api/tickle,200|714ms
-> request: /v1/api/tickle
-> GET /v1/api/tickle,200|428ms
-> request: /v1/api/tickle
-> GET /v1/api/tickle,200|813ms
-> request: /v1/api/tickle
-> GET /v1/api/tickle,200|526ms
-> request: /v1/api/tickle
-> GET /v1/api/tickle,200|711ms
-> request: /sso/ping
-> GET /sso/ping,200|494ms
-> request: /v1/api/tickle
-> GET /v1/api/tickle,200|192ms
-> request: /v1/api/tickle
-> GET /v1/api/tickle,200|575ms
-> request: /v1/api/tickle
-> GET /v1/api/tickle,200|485ms
-> request: /v1/api/tickle
-> GET /v1/api/tickle,200|647ms
-> request: /v1/api/tickle
-> GET /v1/api/tickle,200|536ms
-> request: /v1/api/tickle
-> GET /v1/api/tickle,200|640ms
-> request: /v1/api/tickle
-> GET /v1/api/tickle,200|477ms
-> request: /v1/api/tickle
-> GET /v1/api/tickle,200|805ms
-> request: /v1/api/tickle
-> GET /v1/api/tickle,200|615ms
-> request: /v1/api/tickle
-> GET /v1/api/tickle,200|664ms
-> request: /sso/ping
-> GET /sso/ping,200|480ms
-> request: /v1/api/tickle
-> GET /v1/api/tickle,200|186ms
-> request: /v1/api/tickle
-> GET /v1/api/tickle,200|685ms
-> request: /v1/api/tickle
-> GET /v1/api/tickle,200|464ms
-> request: /v1/api/tickle
-> GET /v1/api/tickle,200|848ms
-> request: /v1/api/tickle
-> GET /v1/api/tickle,200|629ms
-> request: /v1/api/tickle
-> GET /v1/api/tickle,200|4110ms
-> request: /v1/api/tickle
-> GET /v1/api/tickle,200|469ms
-> request: /v1/api/tickle
-> GET /v1/api/tickle,200|956ms
-> request: /v1/api/tickle
-> GET /v1/api/tickle,200|625ms
-> request: /v1/api/tickle
-> GET /v1/api/tickle,200|739ms
-> request: /sso/ping
-> GET /sso/ping,200|474ms
-> request: /v1/api/tickle
-> GET /v1/api/tickle,200|128ms
-> request: /v1/api/tickle
-> GET /v1/api/tickle,200|657ms
-> request: /v1/api/tickle
-> GET /v1/api/tickle,200|524ms
-> request: /v1/api/tickle
-> GET /v1/api/tickle,200|675ms
-> request: /v1/api/tickle
-> GET /v1/api/tickle,200|474ms
-> POST /v1/portal/logout
<- 200 POST /v1/portal/logout
