-> GET /v1/portal/iserver/account/orders
<- 500 GET /v1/portal/iserver/account/orders
-> request: /sso/ping
-> GET /sso/ping,200|441ms
-> GET /v1/portal/iserver/account/orders
<- 500 GET /v1/portal/iserver/account/orders
-> GET /v1/portal/iserver/account/orders
<- 500 GET /v1/portal/iserver/account/orders
-> request: /sso/ping
-> GET /sso/ping,200|301ms
-> GET /v1/portal/iserver/account/orders
<- 500 GET /v1/portal/iserver/account/orders
-> GET /v1/portal/iserver/account/orders
<- 500 GET /v1/portal/iserver/account/orders
-> request: /sso/ping
-> GET /sso/ping,200|318ms
-> GET /v1/portal/iserver/account/orders
<- 500 GET /v1/portal/iserver/account/orders
-> GET /v1/portal/iserver/account/orders
-> request: /sso/ping
<- 500 GET /v1/portal/iserver/account/orders
-> GET /sso/ping,200|417ms
-> GET /v1/portal/iserver/account/orders
<- 500 GET /v1/portal/iserver/account/orders
-> GET /v1/portal/iserver/account/orders
<- 500 GET /v1/portal/iserver/account/orders
-> request: /sso/ping
-> GET /sso/ping,200|301ms
-> GET /v1/portal/iserver/account/orders
<- 500 GET /v1/portal/iserver/account/orders
-> GET /v1/portal/iserver/account/orders
-> request: /sso/ping
<- 401 GET /v1/portal/iserver/account/orders
-> GET /sso/ping,200|724ms
-> GET /v1/portal/iserver/account/orders
<- 401 GET /v1/portal/iserver/account/orders
-> GET /v1/portal/iserver/account/orders
-> request: /sso/ping
<- 401 GET /v1/portal/iserver/account/orders
-> GET /sso/ping,200|1711ms
-> GET /v1/portal/iserver/account/orders
<- 401 GET /v1/portal/iserver/account/orders
-> GET /v1/portal/iserver/account/orders
<- 401 GET /v1/portal/iserver/account/orders
-> request: /sso/ping
-> GET /sso/ping,200|113ms
-> GET /v1/portal/iserver/account/orders
<- 401 GET /v1/portal/iserver/account/orders
-> GET /v1/portal/iserver/account/orders
<- 401 GET /v1/portal/iserver/account/orders
-> request: /sso/ping
-> GET /sso/ping,200|101ms
-> GET /v1/portal/iserver/account/orders
<- 401 GET /v1/portal/iserver/account/orders
-> GET /v1/portal/iserver/account/orders
<- 401 GET /v1/portal/iserver/account/orders
-> request: /sso/ping
-> GET /sso/ping,200|106ms
-> GET /v1/portal/iserver/account/orders
<- 401 GET /v1/portal/iserver/account/orders
-> GET /v1/portal/iserver/account/orders
<- 401 GET /v1/portal/iserver/account/orders
-> request: /sso/ping
-> GET /sso/ping,200|105ms
-> GET /v1/portal/iserver/account/orders
<- 401 GET /v1/portal/iserver/account/orders
-> GET /v1/portal/iserver/account/orders
<- 401 GET /v1/portal/iserver/account/orders
-> request: /sso/ping
-> GET /sso/ping,200|102ms
-> GET /v1/portal/iserver/account/orders
<- 401 GET /v1/portal/iserver/account/orders
-> GET /v1/portal/iserver/account/orders
-> request: /sso/ping
<- 401 GET /v1/portal/iserver/account/orders
-> GET /sso/ping,200|661ms
-> GET /v1/portal/iserver/account/orders
<- 401 GET /v1/portal/iserver/account/orders
-> GET /v1/portal/iserver/account/orders
-> request: /sso/ping
<- 401 GET /v1/portal/iserver/account/orders
-> GET /sso/ping,200|468ms
-> GET /v1/portal/iserver/account/orders
<- 401 GET /v1/portal/iserver/account/orders
-> GET /v1/portal/iserver/account/orders
-> request: /sso/ping
<- 500 GET /v1/portal/iserver/account/orders
-> GET /sso/ping,200|370ms
-> GET /v1/portal/iserver/account/orders
<- 500 GET /v1/portal/iserver/account/orders
-> GET /v1/portal/iserver/account/orders
-> request: /sso/ping
-> GET /sso/ping,200|673ms
<- 401 GET /v1/portal/iserver/account/orders
-> GET /v1/portal/iserver/account/orders
<- 401 GET /v1/portal/iserver/account/orders
-> GET /v1/portal/iserver/account/orders
-> request: /sso/ping
<- 401 GET /v1/portal/iserver/account/orders
-> GET /sso/ping,200|804ms
-> GET /v1/portal/iserver/account/orders
<- 401 GET /v1/portal/iserver/account/orders
-> GET /v1/portal/iserver/account/orders
-> request: /sso/ping
<- 401 GET /v1/portal/iserver/account/orders
-> GET /sso/ping,200|315ms
-> GET /v1/portal/iserver/account/orders
<- 401 GET /v1/portal/iserver/account/orders
-> GET /v1/portal/iserver/account/orders
<- 401 GET /v1/portal/iserver/account/orders
-> request: /sso/ping
-> GET /sso/ping,200|101ms
-> GET /v1/portal/iserver/account/orders
<- 401 GET /v1/portal/iserver/account/orders
-> GET /v1/portal/iserver/account/orders
-> request: /sso/ping
<- 401 GET /v1/portal/iserver/account/orders
-> GET /sso/ping,200|300ms
-> GET /v1/portal/iserver/account/orders
<- 401 GET /v1/portal/iserver/account/orders
-> GET /v1/portal/iserver/account/orders
-> request: /sso/ping
-> GET /sso/ping,200|308ms
<- 401 GET /v1/portal/iserver/account/orders
-> GET /v1/portal/iserver/account/orders
<- 401 GET /v1/portal/iserver/account/orders
-> GET /v1/portal/iserver/account/orders
-> request: /sso/ping
<- 401 GET /v1/portal/iserver/account/orders
-> GET /sso/ping,200|723ms
-> GET /v1/portal/iserver/account/orders
<- 401 GET /v1/portal/iserver/account/orders
-> GET /v1/portal/iserver/account/orders
-> request: /sso/ping
<- 401 GET /v1/portal/iserver/account/orders
-> GET /sso/ping,200|299ms
-> GET /v1/portal/iserver/account/orders
<- 401 GET /v1/portal/iserver/account/orders
-> GET /v1/portal/iserver/account/orders
-> request: /sso/ping
<- 401 GET /v1/portal/iserver/account/orders
-> GET /sso/ping,200|325ms
-> GET /v1/portal/iserver/account/orders
<- 401 GET /v1/portal/iserver/account/orders
-> GET /v1/portal/iserver/account/orders
<- 401 GET /v1/portal/iserver/account/orders
-> request: /sso/ping
-> GET /sso/ping,200|106ms
-> GET /v1/portal/iserver/account/orders
<- 401 GET /v1/portal/iserver/account/orders
-> GET /v1/portal/iserver/account/orders
-> request: /sso/ping
<- 401 GET /v1/portal/iserver/account/orders
-> GET /sso/ping,200|306ms
-> GET /v1/portal/iserver/account/orders
<- 401 GET /v1/portal/iserver/account/orders
-> GET /v1/portal/iserver/account/orders
-> request: /sso/ping
<- 401 GET /v1/portal/iserver/account/orders
-> GET /sso/ping,200|339ms
-> GET /v1/portal/iserver/account/orders
<- 401 GET /v1/portal/iserver/account/orders
-> GET /v1/portal/iserver/account/orders
-> request: /sso/ping
<- 401 GET /v1/portal/iserver/account/orders
-> GET /sso/ping,200|322ms
-> GET /v1/portal/iserver/account/orders
<- 401 GET /v1/portal/iserver/account/orders
-> GET /v1/portal/iserver/account/orders
-> request: /sso/ping
<- 401 GET /v1/portal/iserver/account/orders
-> GET /sso/ping,200|417ms
-> GET /v1/portal/iserver/account/orders
<- 401 GET /v1/portal/iserver/account/orders
-> GET /v1/portal/iserver/account/orders
-> request: /sso/ping
<- 401 GET /v1/portal/iserver/account/orders
-> GET /sso/ping,200|313ms
-> GET /v1/portal/iserver/account/orders
<- 401 GET /v1/portal/iserver/account/orders
-> GET /v1/portal/iserver/account/orders
-> request: /sso/ping
<- 401 GET /v1/portal/iserver/account/orders
-> GET /sso/ping,200|297ms
-> GET /v1/portal/iserver/account/orders
<- 401 GET /v1/portal/iserver/account/orders
-> GET /v1/portal/iserver/account/orders
-> request: /sso/ping
<- 401 GET /v1/portal/iserver/account/orders
-> GET /sso/ping,200|355ms
-> GET /v1/portal/iserver/account/orders
<- 401 GET /v1/portal/iserver/account/orders
-> GET /v1/portal/iserver/account/orders
-> request: /sso/ping
<- 401 GET /v1/portal/iserver/account/orders
-> GET /sso/ping,200|501ms
-> GET /v1/portal/iserver/account/orders
<- 401 GET /v1/portal/iserver/account/orders
-> GET /v1/portal/iserver/account/orders
-> request: /sso/ping
<- 401 GET /v1/portal/iserver/account/orders
-> GET /sso/ping,200|333ms
-> GET /v1/portal/iserver/account/orders
<- 401 GET /v1/portal/iserver/account/orders
-> GET /v1/portal/iserver/account/orders
-> request: /sso/ping
<- 401 GET /v1/portal/iserver/account/orders
-> GET /sso/ping,200|331ms
-> GET /v1/portal/iserver/account/orders
<- 401 GET /v1/portal/iserver/account/orders
-> GET /v1/portal/iserver/account/orders
-> request: /sso/ping
<- 401 GET /v1/portal/iserver/account/orders
-> GET /sso/ping,200|301ms
-> GET /v1/portal/iserver/account/orders
<- 401 GET /v1/portal/iserver/account/orders
-> GET /v1/portal/iserver/account/orders
-> request: /sso/ping
<- 401 GET /v1/portal/iserver/account/orders
-> GET /sso/ping,200|310ms
-> GET /v1/portal/iserver/account/orders
<- 401 GET /v1/portal/iserver/account/orders
-> GET /v1/portal/iserver/account/orders
-> request: /sso/ping
<- 401 GET /v1/portal/iserver/account/orders
-> GET /sso/ping,200|796ms
-> GET /v1/portal/iserver/account/orders
<- 401 GET /v1/portal/iserver/account/orders
-> GET /v1/portal/iserver/account/orders
-> request: /sso/ping
<- 401 GET /v1/portal/iserver/account/orders
-> GET /sso/ping,200|323ms
-> GET /v1/portal/iserver/account/orders
<- 401 GET /v1/portal/iserver/account/orders
-> GET /v1/portal/iserver/account/orders
-> request: /sso/ping
<- 401 GET /v1/portal/iserver/account/orders
-> GET /sso/ping,200|306ms
-> GET /v1/portal/iserver/account/orders
<- 401 GET /v1/portal/iserver/account/orders
-> GET /v1/portal/iserver/account/orders
-> request: /sso/ping
<- 401 GET /v1/portal/iserver/account/orders
-> GET /sso/ping,200|465ms
-> GET /v1/portal/iserver/account/orders
<- 401 GET /v1/portal/iserver/account/orders
-> GET /v1/portal/iserver/account/orders
-> request: /sso/ping
<- 401 GET /v1/portal/iserver/account/orders
-> GET /sso/ping,200|432ms
-> GET /v1/portal/iserver/account/orders
<- 401 GET /v1/portal/iserver/account/orders
-> GET /v1/portal/iserver/account/orders
-> request: /sso/ping
<- 401 GET /v1/portal/iserver/account/orders
-> GET /sso/ping,200|437ms
-> GET /v1/portal/iserver/account/orders
<- 401 GET /v1/portal/iserver/account/orders
-> GET /v1/portal/iserver/account/orders
-> request: /sso/ping
<- 401 GET /v1/portal/iserver/account/orders
-> GET /sso/ping,200|427ms
-> GET /v1/portal/iserver/account/orders
<- 401 GET /v1/portal/iserver/account/orders
-> GET /v1/portal/iserver/account/orders
-> request: /sso/ping
<- 401 GET /v1/portal/iserver/account/orders
-> GET /sso/ping,200|415ms
-> GET /v1/portal/iserver/account/orders
<- 401 GET /v1/portal/iserver/account/orders
-> GET /v1/portal/iserver/account/orders
-> request: /sso/ping
<- 401 GET /v1/portal/iserver/account/orders
-> GET /sso/ping,200|401ms
-> GET /v1/portal/iserver/account/orders
<- 401 GET /v1/portal/iserver/account/orders
-> GET /v1/portal/iserver/account/orders
-> request: /sso/ping
-> GET /sso/ping,200|433ms
<- 401 GET /v1/portal/iserver/account/orders
-> GET /v1/portal/iserver/account/orders
<- 401 GET /v1/portal/iserver/account/orders
-> GET /v1/portal/iserver/account/orders
-> request: /sso/ping
<- 401 GET /v1/portal/iserver/account/orders
-> GET /sso/ping,200|411ms
-> GET /v1/portal/iserver/account/orders
<- 401 GET /v1/portal/iserver/account/orders
-> GET /v1/portal/iserver/account/orders
-> request: /sso/ping
-> GET /sso/ping,200|883ms
<- 401 GET /v1/portal/iserver/account/orders
-> GET /v1/portal/iserver/account/orders
<- 401 GET /v1/portal/iserver/account/orders
-> GET /v1/portal/iserver/account/orders
-> request: /sso/ping
-> GET /sso/ping,200|417ms
<- 401 GET /v1/portal/iserver/account/orders
-> GET /v1/portal/iserver/account/orders
<- 401 GET /v1/portal/iserver/account/orders
-> GET /v1/portal/iserver/account/orders
-> request: /sso/ping
<- 401 GET /v1/portal/iserver/account/orders
-> GET /sso/ping,200|401ms
-> GET /v1/portal/iserver/account/orders
<- 401 GET /v1/portal/iserver/account/orders
-> GET /v1/portal/iserver/account/orders
-> request: /sso/ping
<- 401 GET /v1/portal/iserver/account/orders
-> GET /sso/ping,200|540ms
-> GET /v1/portal/iserver/account/orders
<- 401 GET /v1/portal/iserver/account/orders
-> GET /v1/portal/iserver/account/orders
-> request: /sso/ping
-> GET /sso/ping,200|449ms
<- 401 GET /v1/portal/iserver/account/orders
-> GET /v1/portal/iserver/account/orders
<- 401 GET /v1/portal/iserver/account/orders
-> GET /v1/portal/iserver/account/orders
-> request: /sso/ping
<- 401 GET /v1/portal/iserver/account/orders
-> GET /sso/ping,200|532ms
-> GET /v1/portal/iserver/account/orders
<- 401 GET /v1/portal/iserver/account/orders
-> GET /v1/portal/iserver/account/orders
-> request: /sso/ping
-> GET /sso/ping,200|441ms
<- 401 GET /v1/portal/iserver/account/orders
-> GET /v1/portal/iserver/account/orders
<- 401 GET /v1/portal/iserver/account/orders
-> GET /v1/portal/iserver/account/orders
-> request: /sso/ping
-> GET /sso/ping,200|402ms
<- 401 GET /v1/portal/iserver/account/orders
-> GET /v1/portal/iserver/account/orders
<- 401 GET /v1/portal/iserver/account/orders
-> GET /v1/portal/iserver/account/orders
-> request: /sso/ping
-> GET /sso/ping,200|419ms
<- 401 GET /v1/portal/iserver/account/orders
-> GET /v1/portal/iserver/account/orders
<- 401 GET /v1/portal/iserver/account/orders
-> GET /v1/portal/iserver/account/orders
-> request: /sso/ping
-> GET /sso/ping,200|417ms
<- 401 GET /v1/portal/iserver/account/orders
-> GET /v1/portal/iserver/account/orders
<- 401 GET /v1/portal/iserver/account/orders
-> GET /v1/portal/iserver/account/orders
-> request: /sso/ping
-> GET /sso/ping,200|438ms
<- 401 GET /v1/portal/iserver/account/orders
-> GET /v1/portal/iserver/account/orders
<- 401 GET /v1/portal/iserver/account/orders
-> GET /v1/portal/iserver/account/orders
-> request: /sso/ping
-> GET /sso/ping,200|416ms
<- 401 GET /v1/portal/iserver/account/orders
-> GET /v1/portal/iserver/account/orders
<- 401 GET /v1/portal/iserver/account/orders
-> request: /sso/ping
-> GET /v1/portal/iserver/account/orders
-> GET /sso/ping,200|701ms
<- 401 GET /v1/portal/iserver/account/orders
-> GET /v1/portal/iserver/account/orders
<- 401 GET /v1/portal/iserver/account/orders
-> request: /sso/ping
-> GET /v1/portal/iserver/account/orders
-> GET /sso/ping,200|567ms
<- 401 GET /v1/portal/iserver/account/orders
-> GET /v1/portal/iserver/account/orders
<- 401 GET /v1/portal/iserver/account/orders
-> request: /sso/ping
-> GET /v1/portal/iserver/account/orders
-> GET /sso/ping,200|948ms
<- 401 GET /v1/portal/iserver/account/orders
-> GET /v1/portal/iserver/account/orders
<- 401 GET /v1/portal/iserver/account/orders
-> request: /sso/ping
-> GET /v1/portal/iserver/account/orders
-> GET /sso/ping,200|546ms
<- 401 GET /v1/portal/iserver/account/orders
-> GET /v1/portal/iserver/account/orders
<- 401 GET /v1/portal/iserver/account/orders
-> request: /sso/ping
-> GET /v1/portal/iserver/account/orders
-> GET /sso/ping,200|554ms
<- 401 GET /v1/portal/iserver/account/orders
-> GET /v1/portal/iserver/account/orders
<- 401 GET /v1/portal/iserver/account/orders
-> request: /sso/ping
-> GET /v1/portal/iserver/account/orders
-> GET /sso/ping,200|1105ms
<- 401 GET /v1/portal/iserver/account/orders
-> GET /v1/portal/iserver/account/orders
<- 401 GET /v1/portal/iserver/account/orders
-> request: /sso/ping
-> GET /v1/portal/iserver/account/orders
-> GET /sso/ping,200|546ms
<- 401 GET /v1/portal/iserver/account/orders
-> GET /v1/portal/iserver/account/orders
<- 401 GET /v1/portal/iserver/account/orders
-> request: /sso/ping
-> GET /v1/portal/iserver/account/orders
-> GET /sso/ping,200|669ms
<- 401 GET /v1/portal/iserver/account/orders
-> GET /v1/portal/iserver/account/orders
<- 401 GET /v1/portal/iserver/account/orders
-> request: /sso/ping
-> GET /v1/portal/iserver/account/orders
-> GET /sso/ping,200|532ms
<- 401 GET /v1/portal/iserver/account/orders
-> GET /v1/portal/iserver/account/orders
<- 401 GET /v1/portal/iserver/account/orders
-> request: /sso/ping
-> GET /v1/portal/iserver/account/orders
-> GET /sso/ping,200|535ms
<- 401 GET /v1/portal/iserver/account/orders
-> GET /v1/portal/iserver/account/orders
<- 401 GET /v1/portal/iserver/account/orders
-> request: /sso/ping
-> GET /v1/portal/iserver/account/orders
-> GET /sso/ping,200|848ms
<- 401 GET /v1/portal/iserver/account/orders
-> GET /v1/portal/iserver/account/orders
<- 401 GET /v1/portal/iserver/account/orders
-> request: /sso/ping
-> GET /v1/portal/iserver/account/orders
-> GET /sso/ping,200|550ms
<- 401 GET /v1/portal/iserver/account/orders
-> GET /v1/portal/iserver/account/orders
<- 401 GET /v1/portal/iserver/account/orders
-> request: /sso/ping
-> GET /v1/portal/iserver/account/orders
-> GET /sso/ping,200|785ms
<- 401 GET /v1/portal/iserver/account/orders
-> GET /v1/portal/iserver/account/orders
<- 401 GET /v1/portal/iserver/account/orders
-> request: /sso/ping
-> GET /v1/portal/iserver/account/orders
-> GET /sso/ping,200|1018ms
<- 401 GET /v1/portal/iserver/account/orders
-> GET /v1/portal/iserver/account/orders
<- 401 GET /v1/portal/iserver/account/orders
-> request: /sso/ping
-> GET /v1/portal/iserver/account/orders
-> GET /sso/ping,200|570ms
<- 401 GET /v1/portal/iserver/account/orders
-> GET /v1/portal/iserver/account/orders
<- 401 GET /v1/portal/iserver/account/orders
-> request: /sso/ping
-> GET /v1/portal/iserver/account/orders
-> GET /sso/ping,200|552ms
<- 401 GET /v1/portal/iserver/account/orders
-> GET /v1/portal/iserver/account/orders
<- 401 GET /v1/portal/iserver/account/orders
-> request: /sso/ping
-> GET /v1/portal/iserver/account/orders
-> GET /sso/ping,200|586ms
<- 401 GET /v1/portal/iserver/account/orders
-> GET /v1/portal/iserver/account/orders
<- 401 GET /v1/portal/iserver/account/orders
-> request: /sso/ping
-> GET /v1/portal/iserver/account/orders
-> GET /sso/ping,200|417ms
<- 401 GET /v1/portal/iserver/account/orders
-> GET /v1/portal/iserver/account/orders
<- 401 GET /v1/portal/iserver/account/orders
-> request: /sso/ping
-> GET /v1/portal/iserver/account/orders
-> GET /sso/ping,200|586ms
<- 401 GET /v1/portal/iserver/account/orders
-> GET /v1/portal/iserver/account/orders
<- 401 GET /v1/portal/iserver/account/orders
-> request: /sso/ping
-> GET /sso/ping,200|457ms
-> GET /v1/portal/iserver/account/orders
<- 401 GET /v1/portal/iserver/account/orders
-> GET /v1/portal/iserver/account/orders
<- 401 GET /v1/portal/iserver/account/orders
-> request: /sso/ping
-> GET /v1/portal/iserver/account/orders
-> GET /sso/ping,200|446ms
<- 401 GET /v1/portal/iserver/account/orders
-> GET /v1/portal/iserver/account/orders
<- 401 GET /v1/portal/iserver/account/orders
-> request: /sso/ping
-> GET /v1/portal/iserver/account/orders
-> GET /sso/ping,200|453ms
<- 401 GET /v1/portal/iserver/account/orders
-> GET /v1/portal/iserver/account/orders
<- 401 GET /v1/portal/iserver/account/orders
-> request: /sso/ping
-> GET /v1/portal/iserver/account/orders
-> GET /sso/ping,200|886ms
<- 401 GET /v1/portal/iserver/account/orders
-> GET /v1/portal/iserver/account/orders
<- 401 GET /v1/portal/iserver/account/orders
-> request: /sso/ping
-> GET /sso/ping,200|432ms
-> GET /v1/portal/iserver/account/orders
<- 401 GET /v1/portal/iserver/account/orders
-> GET /v1/portal/iserver/account/orders
<- 401 GET /v1/portal/iserver/account/orders
-> request: /sso/ping
-> GET /v1/portal/iserver/account/orders
-> GET /sso/ping,200|570ms
<- 401 GET /v1/portal/iserver/account/orders
-> GET /v1/portal/iserver/account/orders
<- 401 GET /v1/portal/iserver/account/orders
-> request: /sso/ping
-> GET /v1/portal/iserver/account/orders
-> GET /sso/ping,200|602ms
<- 401 GET /v1/portal/iserver/account/orders
-> GET /v1/portal/iserver/account/orders
<- 401 GET /v1/portal/iserver/account/orders
-> request: /sso/ping
-> GET /v1/portal/iserver/account/orders
-> GET /sso/ping,200|602ms
<- 401 GET /v1/portal/iserver/account/orders
-> GET /v1/portal/iserver/account/orders
<- 401 GET /v1/portal/iserver/account/orders
-> GET /sso/Login?forwardTo=22&RL=1&ip2loc=on
<- 200 GET /sso/Login?forwardTo=22&RL=1&ip2loc=on
-> GET /stylesheet/web/bootstrap.v3.3.6.css
-> GET /stylesheet/web/bootstrap-switch.v3.3.2.min.css
<- 200 GET /stylesheet/web/bootstrap-switch.v3.3.2.min.css
-> GET /stylesheet/web/font-awesome.v4.7.0.css
<- 200 GET /stylesheet/web/font-awesome.v4.7.0.css
<- 200 GET /stylesheet/web/bootstrap.v3.3.6.css
-> GET /stylesheet/web/switchery.min.css
<- 200 GET /stylesheet/web/switchery.min.css
-> GET /stylesheet/web/ib-common.css
-> GET /sso/Templates/otp-responsive.css?1615485055009
<- 200 GET /stylesheet/web/ib-common.css
-> GET /stylesheet/web/login.css
-> GET /scripts/common/js/2015/jquery.min.js
-> GET /scripts/common/js/jquery-ui-1.12.1.min.js
<- 200 GET /stylesheet/web/login.css
-> GET /scripts/common/js/2015/bootstrap.min.js
-> GET /scripts/common/js/2015/bootstrap-switch.min.js
<- 200 GET /sso/Templates/otp-responsive.css?1615485055009
-> GET /scripts/common/js/switchery.min.js
-> GET /sso/CombineFiles
<- 200 GET /scripts/common/js/2015/bootstrap.min.js
<- 200 GET /scripts/common/js/2015/bootstrap-switch.min.js
<- 200 GET /scripts/common/js/switchery.min.js
<- 200 GET /sso/CombineFiles
<- 200 GET /scripts/common/js/jquery-ui-1.12.1.min.js
<- 200 GET /scripts/common/js/2015/jquery.min.js
-> GET /images/2015/btn-app-apple.png
<- 200 GET /images/2015/btn-app-apple.png
-> GET /images/2015/btn-app-google.png
-> GET /images/2015/btn-app-tws.png
-> GET /images/2015/button_discover_apis.png
-> GET /images/2015/template/logo-ib-ibkr-txtwht.svg
-> GET /images/2015/template/logo-ib-ibkr-txtblk.svg
<- 200 GET /images/2015/btn-app-google.png
<- 200 GET /images/2015/btn-app-tws.png
<- 200 GET /images/2015/button_discover_apis.png
<- 200 GET /images/2015/template/logo-ib-ibkr-txtwht.svg
-> GET /fonts/Proxima-Nova-Light.woff2
-> GET /fonts/Proxima-Nova-Semibold.woff2
-> GET /fonts/fontawesome-webfont.woff2?v=4.6.1
-> GET /fonts/Proxima-Nova-Regular.woff2
<- 200 GET /images/2015/template/logo-ib-ibkr-txtblk.svg
<- 200 GET /fonts/Proxima-Nova-Semibold.woff2
<- 200 GET /fonts/Proxima-Nova-Light.woff2
<- 200 GET /fonts/fontawesome-webfont.woff2?v=4.6.1
<- 200 GET /fonts/Proxima-Nova-Regular.woff2
-> GET /images/2015/template/home-screen-icon-128x128.png
<- 200 GET /images/2015/template/home-screen-icon-128x128.png
-> POST /sso/Authenticator;jsessionid=45B091CCA5BC14CEC6F105D40DE04774.ny5wwwdam1-internet?20605
<- 200 POST /sso/Authenticator;jsessionid=45B091CCA5BC14CEC6F105D40DE04774.ny5wwwdam1-internet?20605
-> POST /sso/Authenticator;jsessionid=45B091CCA5BC14CEC6F105D40DE04774.ny5wwwdam1-internet?90649
<- 200 POST /sso/Authenticator;jsessionid=45B091CCA5BC14CEC6F105D40DE04774.ny5wwwdam1-internet?90649
-> POST /sso/Authenticator;jsessionid=45B091CCA5BC14CEC6F105D40DE04774.ny5wwwdam1-internet?5866
<- 200 POST /sso/Authenticator;jsessionid=45B091CCA5BC14CEC6F105D40DE04774.ny5wwwdam1-internet?5866
-> POST /sso/Authenticator;jsessionid=45B091CCA5BC14CEC6F105D40DE04774.ny5wwwdam1-internet?23688
<- 200 POST /sso/Authenticator;jsessionid=45B091CCA5BC14CEC6F105D40DE04774.ny5wwwdam1-internet?23688
-> POST /sso/Authenticator;jsessionid=45B091CCA5BC14CEC6F105D40DE04774.ny5wwwdam1-internet?36913
<- 200 POST /sso/Authenticator;jsessionid=45B091CCA5BC14CEC6F105D40DE04774.ny5wwwdam1-internet?36913
-> POST /sso/Authenticator;jsessionid=45B091CCA5BC14CEC6F105D40DE04774.ny5wwwdam1-internet?32339
<- 200 POST /sso/Authenticator;jsessionid=45B091CCA5BC14CEC6F105D40DE04774.ny5wwwdam1-internet?32339
-> POST /sso/Authenticator;jsessionid=45B091CCA5BC14CEC6F105D40DE04774.ny5wwwdam1-internet?57470
<- 200 POST /sso/Authenticator;jsessionid=45B091CCA5BC14CEC6F105D40DE04774.ny5wwwdam1-internet?57470
-> POST /sso/Authenticator;jsessionid=45B091CCA5BC14CEC6F105D40DE04774.ny5wwwdam1-internet?79819
<- 200 POST /sso/Authenticator;jsessionid=45B091CCA5BC14CEC6F105D40DE04774.ny5wwwdam1-internet?79819
-> POST /sso/Authenticator;jsessionid=45B091CCA5BC14CEC6F105D40DE04774.ny5wwwdam1-internet?32930
<- 200 POST /sso/Authenticator;jsessionid=45B091CCA5BC14CEC6F105D40DE04774.ny5wwwdam1-internet?32930
-> POST /sso/Dispatcher;jsessionid=45B091CCA5BC14CEC6F105D40DE04774.ny5wwwdam1-internet
<- 302 POST /sso/Dispatcher;jsessionid=45B091CCA5BC14CEC6F105D40DE04774.ny5wwwdam1-internet
-> request: /v1/api/sso/validate?gw=1
-> request: /AccountManagement/OneBarAuthentication?json=1
-> GET /AccountManagement/OneBarAuthentication?json=1,404|325ms
-> GET /v1/api/sso/validate?gw=1,200|387ms
-> request: /v1/api/one/user
-> request: /sso/AuthenticateSSODH?ACTION=INIT
-> sso GET https://api.ibkr.com/sso/AuthenticateSSODH?ACTION=INIT
-> request: /sso/AuthenticateSSODH?ACTION=COMPLETE&B=77cc2f60a852eaaa9a708cef05381ac88b732a553d3765455748a5490fae5d18b8e651a97ef1bc42b6e23ec3900211bc51d147a7ec5581f5eb9b7c1a41a04851&CHRESPONSE=e59a004445c82afe0f894de1917b09329b76acf3
-> sso GET https://api.ibkr.com/sso/AuthenticateSSODH?ACTION=COMPLETE&B=77cc2f60a852eaaa9a708cef05381ac88b732a553d3765455748a5490fae5d18b8e651a97ef1bc42b6e23ec3900211bc51d147a7ec5581f5eb9b7c1a41a04851&CHRESPONSE=e59a004445c82afe0f894de1917b09329b76acf3
-> request: /sso/Authenticator?ACTION=PUBLISH_TST&RESP_TYPE=JSON&DEVICE_ID=3f5fdfea|F0-6E-0B-BD-A2-D6
-> sso GET https://api.ibkr.com/sso/Authenticator?ACTION=PUBLISH_TST&RESP_TYPE=JSON&DEVICE_ID=3f5fdfea|F0-6E-0B-BD-A2-D6
<- 200 GET https://api.ibkr.com/sso/Authenticator?ACTION=PUBLISH_TST&RESP_TYPE=JSON&DEVICE_ID=3f5fdfea|F0-6E-0B-BD-A2-D6 0
-> GET /v1/api/one/user,200|1630ms
-> request: /v1/api/iserver/auth/status
-> GET /v1/api/iserver/auth/status,200|113ms
-> request: /v1/api/iserver/auth/ssodh/init
-> POST https://api.ibkr.com/v1/api/iserver/auth/ssodh/init,200|195ms
-> request: /v1/api/iserver/auth/ssodh/response
-> POST https://api.ibkr.com/v1/api/iserver/auth/ssodh/response,200|135ms
-> request: /v1/api/iserver/accounts
-> GET /v1/api/iserver/accounts,200|112ms
-> GET /v1/portal/iserver/auth/status
<- 200 GET /v1/portal/iserver/auth/status
-> GET /v1/portal/iserver/accounts
<- 200 GET /v1/portal/iserver/accounts
-> GET /v1/portal/iserver/account/orders
<- 200 GET /v1/portal/iserver/account/orders
-> GET /v1/portal/iserver/account/orders
<- 200 GET /v1/portal/iserver/account/orders
-> GET /v1/portal/portfolio/U4804550/ledger
<- 200 GET /v1/portal/portfolio/U4804550/ledger
-> GET /v1/portal/portfolio/U4804550/positions/0
<- 200 GET /v1/portal/portfolio/U4804550/positions/0
-> POST /v1/portal/iserver/secdef/search
<- 200 POST /v1/portal/iserver/secdef/search
-> GET /v1/portal/iserver/marketdata/snapshot?conids=12087792&since=0&fields=31%2C84%2C86
<- 200 GET /v1/portal/iserver/marketdata/snapshot?conids=12087792&since=0&fields=31%2C84%2C86
-> GET /v1/portal/iserver/marketdata/snapshot?conids=12087792&since=0&fields=31%2C84%2C86
<- 200 GET /v1/portal/iserver/marketdata/snapshot?conids=12087792&since=0&fields=31%2C84%2C86
-> POST /v1/portal/iserver/secdef/search
<- 200 POST /v1/portal/iserver/secdef/search
-> GET /v1/portal/iserver/marketdata/snapshot?conids=12087802&since=0&fields=31%2C84%2C86
<- 200 GET /v1/portal/iserver/marketdata/snapshot?conids=12087802&since=0&fields=31%2C84%2C86
-> GET /v1/portal/iserver/marketdata/snapshot?conids=12087802&since=0&fields=31%2C84%2C86
<- 200 GET /v1/portal/iserver/marketdata/snapshot?conids=12087802&since=0&fields=31%2C84%2C86
-> request: /v1/api/tickle
-> GET /v1/api/tickle,200|114ms
-> POST /v1/portal/iserver/secdef/search
<- 200 POST /v1/portal/iserver/secdef/search
-> GET /v1/portal/iserver/marketdata/snapshot?conids=12087817&since=0&fields=31%2C84%2C86
<- 200 GET /v1/portal/iserver/marketdata/snapshot?conids=12087817&since=0&fields=31%2C84%2C86
-> GET /v1/portal/iserver/marketdata/snapshot?conids=12087817&since=0&fields=31%2C84%2C86
<- 200 GET /v1/portal/iserver/marketdata/snapshot?conids=12087817&since=0&fields=31%2C84%2C86
-> GET /v1/portal//iserver/contract/72065355/info-and-rules
<- 200 GET /v1/portal//iserver/contract/72065355/info-and-rules
-> GET /v1/portal/iserver/marketdata/snapshot?conids=72065355&since=0&fields=31%2C84%2C86
<- 200 GET /v1/portal/iserver/marketdata/snapshot?conids=72065355&since=0&fields=31%2C84%2C86
-> GET /v1/portal/iserver/marketdata/snapshot?conids=72065355&since=0&fields=31%2C84%2C86
<- 200 GET /v1/portal/iserver/marketdata/snapshot?conids=72065355&since=0&fields=31%2C84%2C86
-> GET /v1/portal//iserver/contract/72065355/info-and-rules
<- 200 GET /v1/portal//iserver/contract/72065355/info-and-rules
-> GET /v1/portal//iserver/contract/72065355/info-and-rules
<- 200 GET /v1/portal//iserver/contract/72065355/info-and-rules
-> GET /v1/portal//iserver/contract/416180812/info-and-rules
<- 200 GET /v1/portal//iserver/contract/416180812/info-and-rules
-> GET /v1/portal/iserver/marketdata/snapshot?conids=416180812&since=0&fields=31%2C84%2C86
<- 200 GET /v1/portal/iserver/marketdata/snapshot?conids=416180812&since=0&fields=31%2C84%2C86
-> GET /v1/portal/iserver/marketdata/snapshot?conids=416180812&since=0&fields=31%2C84%2C86
<- 200 GET /v1/portal/iserver/marketdata/snapshot?conids=416180812&since=0&fields=31%2C84%2C86
-> GET /v1/portal//iserver/contract/416180812/info-and-rules
<- 200 GET /v1/portal//iserver/contract/416180812/info-and-rules
-> GET /v1/portal//iserver/contract/416180812/info-and-rules
<- 200 GET /v1/portal//iserver/contract/416180812/info-and-rules
-> GET /v1/portal//iserver/contract/173505234/info-and-rules
-> request: /v1/api/tickle
<- 200 GET /v1/portal//iserver/contract/173505234/info-and-rules
-> GET /v1/api/tickle,200|568ms
-> GET /v1/portal/iserver/marketdata/snapshot?conids=173505234&since=0&fields=31%2C84%2C86
<- 200 GET /v1/portal/iserver/marketdata/snapshot?conids=173505234&since=0&fields=31%2C84%2C86
-> GET /v1/portal/iserver/marketdata/snapshot?conids=173505234&since=0&fields=31%2C84%2C86
<- 200 GET /v1/portal/iserver/marketdata/snapshot?conids=173505234&since=0&fields=31%2C84%2C86
-> GET /v1/portal//iserver/contract/173505234/info-and-rules
<- 200 GET /v1/portal//iserver/contract/173505234/info-and-rules
-> GET /v1/portal//iserver/contract/173505234/info-and-rules
<- 200 GET /v1/portal//iserver/contract/173505234/info-and-rules
-> GET /v1/portal//iserver/contract/42808840/info-and-rules
<- 200 GET /v1/portal//iserver/contract/42808840/info-and-rules
-> GET /v1/portal/iserver/marketdata/snapshot?conids=42808840&since=0&fields=31%2C84%2C86
<- 200 GET /v1/portal/iserver/marketdata/snapshot?conids=42808840&since=0&fields=31%2C84%2C86
-> GET /v1/portal/iserver/marketdata/snapshot?conids=42808840&since=0&fields=31%2C84%2C86
<- 200 GET /v1/portal/iserver/marketdata/snapshot?conids=42808840&since=0&fields=31%2C84%2C86
-> GET /v1/portal//iserver/contract/42808840/info-and-rules
<- 200 GET /v1/portal//iserver/contract/42808840/info-and-rules
-> GET /v1/portal//iserver/contract/42808840/info-and-rules
<- 200 GET /v1/portal//iserver/contract/42808840/info-and-rules
-> GET /v1/portal//iserver/contract/72065358/info-and-rules
<- 200 GET /v1/portal//iserver/contract/72065358/info-and-rules
-> GET /v1/portal/iserver/marketdata/snapshot?conids=72065358&since=0&fields=31%2C84%2C86
<- 200 GET /v1/portal/iserver/marketdata/snapshot?conids=72065358&since=0&fields=31%2C84%2C86
-> GET /v1/portal/iserver/marketdata/snapshot?conids=72065358&since=0&fields=31%2C84%2C86
<- 200 GET /v1/portal/iserver/marketdata/snapshot?conids=72065358&since=0&fields=31%2C84%2C86
-> GET /v1/portal//iserver/contract/72065358/info-and-rules
<- 200 GET /v1/portal//iserver/contract/72065358/info-and-rules
-> request: /v1/api/tickle
-> GET /v1/api/tickle,200|107ms
-> GET /v1/portal//iserver/contract/72065358/info-and-rules
<- 200 GET /v1/portal//iserver/contract/72065358/info-and-rules
-> GET /v1/portal//iserver/contract/56347260/info-and-rules
<- 200 GET /v1/portal//iserver/contract/56347260/info-and-rules
-> GET /v1/portal/iserver/marketdata/snapshot?conids=56347260&since=0&fields=31%2C84%2C86
<- 200 GET /v1/portal/iserver/marketdata/snapshot?conids=56347260&since=0&fields=31%2C84%2C86
-> GET /v1/portal/iserver/marketdata/snapshot?conids=56347260&since=0&fields=31%2C84%2C86
<- 200 GET /v1/portal/iserver/marketdata/snapshot?conids=56347260&since=0&fields=31%2C84%2C86
-> GET /v1/portal//iserver/contract/56347260/info-and-rules
<- 200 GET /v1/portal//iserver/contract/56347260/info-and-rules
-> GET /v1/portal//iserver/contract/56347260/info-and-rules
<- 200 GET /v1/portal//iserver/contract/56347260/info-and-rules
-> GET /v1/portal//iserver/contract/39622933/info-and-rules
<- 200 GET /v1/portal//iserver/contract/39622933/info-and-rules
-> GET /v1/portal/iserver/marketdata/snapshot?conids=39622933&since=0&fields=31%2C84%2C86
<- 200 GET /v1/portal/iserver/marketdata/snapshot?conids=39622933&since=0&fields=31%2C84%2C86
-> GET /v1/portal/iserver/marketdata/snapshot?conids=39622933&since=0&fields=31%2C84%2C86
<- 200 GET /v1/portal/iserver/marketdata/snapshot?conids=39622933&since=0&fields=31%2C84%2C86
-> GET /v1/portal//iserver/contract/39622933/info-and-rules
<- 200 GET /v1/portal//iserver/contract/39622933/info-and-rules
-> GET /v1/portal//iserver/contract/39622933/info-and-rules
<- 200 GET /v1/portal//iserver/contract/39622933/info-and-rules
-> GET /v1/portal//iserver/contract/42808839/info-and-rules
<- 200 GET /v1/portal//iserver/contract/42808839/info-and-rules
-> GET /v1/portal/iserver/marketdata/snapshot?conids=42808839&since=0&fields=31%2C84%2C86
<- 200 GET /v1/portal/iserver/marketdata/snapshot?conids=42808839&since=0&fields=31%2C84%2C86
-> request: /v1/api/tickle
-> GET /v1/portal/iserver/marketdata/snapshot?conids=42808839&since=0&fields=31%2C84%2C86
-> GET /v1/api/tickle,200|106ms
<- 200 GET /v1/portal/iserver/marketdata/snapshot?conids=42808839&since=0&fields=31%2C84%2C86
-> GET /v1/portal//iserver/contract/42808839/info-and-rules
<- 200 GET /v1/portal//iserver/contract/42808839/info-and-rules
-> GET /v1/portal//iserver/contract/42808839/info-and-rules
<- 200 GET /v1/portal//iserver/contract/42808839/info-and-rules
-> GET /v1/portal//iserver/contract/52170893/info-and-rules
<- 200 GET /v1/portal//iserver/contract/52170893/info-and-rules
-> GET /v1/portal/iserver/marketdata/snapshot?conids=52170893&since=0&fields=31%2C84%2C86
<- 200 GET /v1/portal/iserver/marketdata/snapshot?conids=52170893&since=0&fields=31%2C84%2C86
-> GET /v1/portal/iserver/marketdata/snapshot?conids=52170893&since=0&fields=31%2C84%2C86
<- 200 GET /v1/portal/iserver/marketdata/snapshot?conids=52170893&since=0&fields=31%2C84%2C86
-> GET /v1/portal//iserver/contract/52170893/info-and-rules
<- 200 GET /v1/portal//iserver/contract/52170893/info-and-rules
-> GET /v1/portal//iserver/contract/52170893/info-and-rules
<- 200 GET /v1/portal//iserver/contract/52170893/info-and-rules
-> GET /v1/portal//iserver/contract/42808827/info-and-rules
<- 200 GET /v1/portal//iserver/contract/42808827/info-and-rules
-> GET /v1/portal/iserver/marketdata/snapshot?conids=42808827&since=0&fields=31%2C84%2C86
<- 200 GET /v1/portal/iserver/marketdata/snapshot?conids=42808827&since=0&fields=31%2C84%2C86
-> GET /v1/portal/iserver/marketdata/snapshot?conids=42808827&since=0&fields=31%2C84%2C86
<- 200 GET /v1/portal/iserver/marketdata/snapshot?conids=42808827&since=0&fields=31%2C84%2C86
-> GET /v1/portal//iserver/contract/42808827/info-and-rules
<- 200 GET /v1/portal//iserver/contract/42808827/info-and-rules
-> GET /v1/portal//iserver/contract/42808827/info-and-rules
<- 200 GET /v1/portal//iserver/contract/42808827/info-and-rules
-> request: /v1/api/tickle
-> GET /v1/api/tickle,200|115ms
-> request: /v1/api/tickle
-> GET /v1/api/tickle,200|456ms
-> request: /v1/api/tickle
-> GET /v1/api/tickle,200|438ms
-> POST /v1/portal/iserver/account/U4804550/order
<- 200 POST /v1/portal/iserver/account/U4804550/order
-> POST /v1/portal/iserver/reply/5e3c51e7-2900-4717-8216-f1c1a169825d
<- 200 POST /v1/portal/iserver/reply/5e3c51e7-2900-4717-8216-f1c1a169825d
-> POST /v1/portal/iserver/reply/162768a9-dadc-4762-b426-940676ed57af
<- 200 POST /v1/portal/iserver/reply/162768a9-dadc-4762-b426-940676ed57af
-> request: /v1/api/tickle
-> GET /v1/api/tickle,200|106ms
-> POST /v1/portal/iserver/account/U4804550/order
<- 200 POST /v1/portal/iserver/account/U4804550/order
-> POST /v1/portal/iserver/reply/3b9d9c68-3bbd-4e63-b8a3-56bed4790cad
<- 200 POST /v1/portal/iserver/reply/3b9d9c68-3bbd-4e63-b8a3-56bed4790cad
-> POST /v1/portal/iserver/reply/1fd7d4aa-0e05-4b53-8d93-01105139ad16
<- 200 POST /v1/portal/iserver/reply/1fd7d4aa-0e05-4b53-8d93-01105139ad16
-> POST /v1/portal/iserver/account/U4804550/order
<- 200 POST /v1/portal/iserver/account/U4804550/order
-> POST /v1/portal/iserver/reply/fbf343c1-2678-43d6-a971-b2b37d591cd1
<- 200 POST /v1/portal/iserver/reply/fbf343c1-2678-43d6-a971-b2b37d591cd1
-> request: /v1/api/tickle
-> GET /v1/api/tickle,200|412ms
-> POST /v1/portal/iserver/reply/c6148363-2f4d-4d84-86b8-9f2ce36f99e4
<- 200 POST /v1/portal/iserver/reply/c6148363-2f4d-4d84-86b8-9f2ce36f99e4
-> request: /sso/ping
-> GET /sso/ping,200|538ms
-> request: /v1/api/tickle
-> GET /v1/api/tickle,200|108ms
-> GET /v1/portal/iserver/account/orders
<- 200 GET /v1/portal/iserver/account/orders
-> request: /v1/api/tickle
-> GET /v1/api/tickle,200|414ms
-> request: /v1/api/tickle
-> GET /v1/api/tickle,200|410ms
-> request: /v1/api/tickle
-> GET /v1/api/tickle,200|442ms
-> request: /v1/api/tickle
-> GET /v1/api/tickle,200|411ms
-> request: /v1/api/tickle
-> GET /v1/api/tickle,200|430ms
-> request: /v1/api/tickle
-> GET /v1/api/tickle,200|441ms
-> request: /v1/api/tickle
-> GET /v1/api/tickle,200|614ms
-> request: /v1/api/tickle
-> GET /v1/api/tickle,200|421ms
-> request: /v1/api/tickle
-> GET /v1/api/tickle,200|650ms
-> request: /sso/ping
-> GET /sso/ping,200|439ms
-> request: /v1/api/tickle
-> GET /v1/api/tickle,200|113ms
-> GET /v1/portal/iserver/account/orders
<- 200 GET /v1/portal/iserver/account/orders
-> request: /v1/api/tickle
-> GET /v1/api/tickle,200|433ms
-> request: /v1/api/tickle
-> GET /v1/api/tickle,200|625ms
-> request: /v1/api/tickle
-> GET /v1/api/tickle,200|441ms
-> request: /v1/api/tickle
-> GET /v1/api/tickle,200|586ms
-> request: /v1/api/tickle
-> GET /v1/api/tickle,200|445ms
-> request: /v1/api/tickle
-> GET /v1/api/tickle,200|594ms
-> request: /v1/api/tickle
-> GET /v1/api/tickle,200|851ms
-> request: /v1/api/tickle
-> GET /v1/api/tickle,200|447ms
-> request: /v1/api/tickle
-> GET /v1/api/tickle,200|424ms
-> request: /sso/ping
-> GET /sso/ping,200|555ms
-> request: /v1/api/tickle
-> GET /v1/api/tickle,200|113ms
-> GET /v1/portal/iserver/account/orders
<- 200 GET /v1/portal/iserver/account/orders
-> request: /v1/api/tickle
-> GET /v1/api/tickle,200|444ms
-> request: /v1/api/tickle
-> GET /v1/api/tickle,200|447ms
-> request: /v1/api/tickle
-> GET /v1/api/tickle,200|444ms
-> request: /v1/api/tickle
-> GET /v1/api/tickle,200|492ms
-> request: /v1/api/tickle
-> GET /v1/api/tickle,200|456ms
-> request: /v1/api/tickle
-> GET /v1/api/tickle,200|430ms
-> request: /v1/api/tickle
-> GET /v1/api/tickle,200|462ms
-> request: /v1/api/tickle
-> GET /v1/api/tickle,200|439ms
-> request: /v1/api/tickle
-> GET /v1/api/tickle,200|625ms
-> request: /sso/ping
-> GET /sso/ping,200|411ms
-> request: /v1/api/tickle
-> GET /v1/api/tickle,200|107ms
-> GET /v1/portal/iserver/account/orders
<- 200 GET /v1/portal/iserver/account/orders
-> request: /v1/api/tickle
-> GET /v1/api/tickle,200|770ms
-> request: /v1/api/tickle
-> GET /v1/api/tickle,200|574ms
-> request: /v1/api/tickle
-> GET /v1/api/tickle,200|433ms
-> request: /v1/api/tickle
-> GET /v1/api/tickle,200|593ms
-> request: /v1/api/tickle
-> GET /v1/api/tickle,200|440ms
-> request: /v1/api/tickle
-> GET /v1/api/tickle,200|566ms
-> request: /v1/api/tickle
-> GET /v1/api/tickle,200|441ms
-> request: /v1/api/tickle
-> GET /v1/api/tickle,200|659ms
-> request: /v1/api/tickle
-> GET /v1/api/tickle,200|445ms
-> request: /sso/ping
-> GET /sso/ping,200|458ms
-> request: /v1/api/tickle
-> GET /v1/api/tickle,200|127ms
-> GET /v1/portal/iserver/account/orders
<- 200 GET /v1/portal/iserver/account/orders
-> request: /v1/api/tickle
-> GET /v1/api/tickle,200|479ms
-> request: /v1/api/tickle
-> GET /v1/api/tickle,200|534ms
-> request: /v1/api/tickle
-> GET /v1/api/tickle,200|588ms
-> request: /v1/api/tickle
-> GET /v1/api/tickle,200|422ms
-> request: /v1/api/tickle
-> GET /v1/api/tickle,200|575ms
-> request: /v1/api/tickle
-> request: /sso/ping
-> request: /v1/api/tickle
-> request: /sso/ping
-> request: /v1/api/tickle
-> request: /sso/ping
-> request: /v1/api/tickle
-> request: /sso/ping
-> request: /v1/api/tickle
-> request: /sso/ping
-> request: /v1/api/tickle
-> request: /sso/ping
-> request: /v1/api/tickle
-> request: /sso/ping
-> request: /v1/api/tickle
-> request: /sso/ping
-> request: /v1/api/tickle
-> request: /sso/ping
-> request: /v1/api/tickle
-> request: /sso/ping
-> request: /v1/api/tickle
-> request: /sso/ping
-> request: /v1/api/tickle
-> request: /sso/ping
-> request: /v1/api/tickle
-> request: /sso/ping
-> request: /v1/api/tickle
-> request: /v1/api/tickle
-> request: /v1/api/tickle
-> request: /v1/api/tickle
-> request: /v1/api/tickle
-> request: /v1/api/tickle
-> request: /v1/api/tickle
-> request: /v1/api/tickle
-> request: /v1/api/tickle
-> request: /v1/api/tickle
-> request: /v1/api/tickle
-> request: /v1/api/tickle
-> request: /v1/api/tickle
-> request: /v1/api/tickle
-> request: /v1/api/tickle
-> request: /v1/api/tickle
-> request: /v1/api/tickle
-> request: /v1/api/tickle
-> request: /v1/api/tickle
-> request: /v1/api/tickle
-> request: /v1/api/tickle
-> request: /v1/api/tickle
-> request: /v1/api/tickle
-> request: /v1/api/tickle
-> request: /v1/api/tickle
-> request: /v1/api/tickle
-> request: /v1/api/tickle
-> request: /v1/api/tickle
-> request: /v1/api/tickle
-> request: /v1/api/tickle
-> request: /v1/api/tickle
-> request: /v1/api/tickle
-> request: /v1/api/tickle
-> request: /v1/api/tickle
-> request: /v1/api/tickle
-> request: /v1/api/tickle
-> request: /v1/api/tickle
-> request: /v1/api/tickle
-> request: /v1/api/tickle
-> request: /v1/api/tickle
-> request: /v1/api/tickle
-> request: /v1/api/tickle
-> request: /v1/api/tickle
-> request: /v1/api/tickle
-> request: /v1/api/tickle
-> request: /v1/api/tickle
-> request: /v1/api/tickle
-> request: /v1/api/tickle
-> request: /v1/api/tickle
-> request: /v1/api/tickle
-> request: /v1/api/tickle
-> request: /v1/api/tickle
-> request: /v1/api/tickle
-> request: /v1/api/tickle
-> request: /v1/api/tickle
-> request: /v1/api/tickle
-> request: /v1/api/tickle
-> request: /v1/api/tickle
-> request: /v1/api/tickle
-> request: /v1/api/tickle
-> request: /v1/api/tickle
-> request: /v1/api/tickle
-> request: /v1/api/tickle
-> request: /v1/api/tickle
-> request: /v1/api/tickle
-> request: /v1/api/tickle
-> request: /v1/api/tickle
-> request: /v1/api/tickle
-> request: /v1/api/tickle
-> request: /v1/api/tickle
-> request: /v1/api/tickle
-> request: /v1/api/tickle
-> request: /v1/api/tickle
-> request: /v1/api/tickle
-> request: /v1/api/tickle
-> request: /v1/api/tickle
-> request: /v1/api/tickle
-> request: /v1/api/tickle
-> request: /v1/api/tickle
-> request: /v1/api/tickle
-> request: /v1/api/tickle
-> request: /v1/api/tickle
-> request: /v1/api/tickle
-> request: /v1/api/tickle
-> request: /v1/api/tickle
-> request: /v1/api/tickle
-> request: /v1/api/tickle
-> request: /v1/api/tickle
-> request: /v1/api/tickle
-> request: /v1/api/tickle
-> request: /v1/api/tickle
-> request: /v1/api/tickle
-> request: /v1/api/tickle
-> request: /v1/api/tickle
-> request: /v1/api/tickle
-> request: /v1/api/tickle
-> request: /v1/api/tickle
-> request: /v1/api/tickle
-> request: /v1/api/tickle
-> request: /v1/api/tickle
-> request: /v1/api/tickle
-> request: /v1/api/tickle
-> request: /v1/api/tickle
-> request: /v1/api/tickle
-> request: /v1/api/tickle
-> request: /v1/api/tickle
-> request: /v1/api/tickle
-> request: /v1/api/tickle
-> request: /v1/api/tickle
-> request: /v1/api/tickle
-> request: /v1/api/tickle
-> request: /v1/api/tickle
-> request: /v1/api/tickle
-> request: /v1/api/tickle
-> request: /v1/api/tickle
-> request: /v1/api/tickle
-> GET /sso/ping,200|581ms
-> GET /sso/ping,200|586ms
-> GET /v1/api/tickle,200|820ms
-> GET /v1/api/tickle,200|610ms
-> GET /v1/api/tickle,200|618ms
-> GET /sso/ping,200|697ms
-> GET /v1/api/tickle,200|699ms
-> GET /sso/ping,200|734ms
-> GET /v1/api/tickle,200|736ms
-> GET /sso/ping,200|736ms
-> GET /v1/api/tickle,200|807ms
-> GET /sso/ping,200|827ms
-> GET /sso/ping,200|847ms
-> GET /v1/api/tickle,200|847ms
-> GET /v1/api/tickle,200|847ms
-> GET /sso/ping,200|928ms
-> GET /v1/api/tickle,200|948ms
-> GET /sso/ping,200|968ms
-> GET /v1/api/tickle,200|970ms
-> GET /sso/ping,200|988ms
-> GET /v1/api/tickle,200|1047ms
-> GET /sso/ping,200|1077ms
-> GET /v1/api/tickle,200|1079ms
-> GET /sso/ping,200|1110ms
-> GET /v1/api/tickle,200|1110ms
-> GET /sso/ping,200|1160ms
-> GET /v1/api/tickle,200|1199ms
-> GET /v1/api/tickle,200|1219ms
-> GET /v1/api/tickle,200|1231ms
-> GET /v1/api/tickle,200|1239ms
-> GET /v1/api/tickle,200|1322ms
-> GET /v1/api/tickle,200|1332ms
-> GET /v1/api/tickle,200|1360ms
-> GET /v1/api/tickle,200|1356ms
-> GET /v1/api/tickle,200|1439ms
-> GET /v1/api/tickle,200|1564ms
-> GET /v1/api/tickle,200|1685ms
-> GET /v1/api/tickle,200|1823ms
-> GET /v1/api/tickle,200|1944ms
-> GET /v1/api/tickle,200|2065ms
-> GET /v1/api/tickle,200|2207ms
-> GET /v1/api/tickle,200|2292ms
-> GET /v1/api/tickle,200|2328ms
-> GET /v1/api/tickle,200|2419ms
-> GET /v1/api/tickle,200|2449ms
-> GET /v1/api/tickle,200|2449ms
-> GET /v1/api/tickle,200|2472ms
-> GET /v1/api/tickle,200|2482ms
-> GET /v1/api/tickle,200|2551ms
-> GET /v1/api/tickle,200|2563ms
-> GET /v1/api/tickle,200|2563ms
-> GET /v1/api/tickle,200|2594ms
-> GET /v1/api/tickle,200|2612ms
-> GET /v1/api/tickle,200|2673ms
-> GET /v1/api/tickle,200|2685ms
-> GET /v1/api/tickle,200|2693ms
-> GET /v1/api/tickle,200|2726ms
-> GET /v1/api/tickle,200|2726ms
-> GET /v1/api/tickle,200|2786ms
-> GET /v1/api/tickle,200|2810ms
-> GET /v1/api/tickle,200|2819ms
-> GET /v1/api/tickle,200|2847ms
-> GET /v1/api/tickle,200|2848ms
-> GET /v1/api/tickle,200|2909ms
-> GET /v1/api/tickle,200|2925ms
-> GET /v1/api/tickle,200|2937ms
-> GET /v1/api/tickle,200|2964ms
-> GET /v1/api/tickle,200|2965ms
-> GET /v1/api/tickle,200|3026ms
-> GET /v1/api/tickle,200|3046ms
-> GET /v1/api/tickle,200|3050ms
-> GET /v1/api/tickle,200|3077ms
-> GET /v1/api/tickle,200|3087ms
-> GET /v1/api/tickle,200|3158ms
-> GET /v1/api/tickle,200|3168ms
-> GET /v1/api/tickle,200|3176ms
-> GET /v1/api/tickle,200|3200ms
-> GET /v1/api/tickle,200|3224ms
-> GET /v1/api/tickle,200|3296ms
-> GET /v1/api/tickle,200|3296ms
-> GET /v1/api/tickle,200|3308ms
-> GET /v1/api/tickle,200|3332ms
-> GET /v1/api/tickle,200|3356ms
-> GET /v1/api/tickle,200|3420ms
-> GET /v1/api/tickle,200|3420ms
-> GET /v1/api/tickle,200|3456ms
-> GET /v1/api/tickle,200|3460ms
-> GET /v1/api/tickle,200|3480ms
-> GET /v1/api/tickle,200|3540ms
-> GET /v1/api/tickle,200|3544ms
-> GET /v1/api/tickle,200|3576ms
-> GET /v1/api/tickle,200|3576ms
-> GET /v1/api/tickle,200|3608ms
-> GET /v1/api/tickle,200|3664ms
-> GET /v1/api/tickle,200|3668ms
-> GET /v1/api/tickle,200|3688ms
-> GET /v1/api/tickle,200|3688ms
-> GET /v1/api/tickle,200|3732ms
-> GET /v1/api/tickle,200|3776ms
-> GET /v1/api/tickle,200|3788ms
-> request: /v1/api/tickle
-> GET /v1/api/tickle,200|3807ms
-> GET /v1/api/tickle,200|3812ms
-> GET /v1/api/tickle,200|3851ms
-> GET /v1/api/tickle,200|3897ms
-> GET /v1/api/tickle,200|3913ms
-> GET /v1/api/tickle,200|3941ms
-> GET /v1/api/tickle,200|3941ms
-> GET /v1/api/tickle,200|3970ms
-> GET /v1/api/tickle,200|4011ms
-> GET /v1/api/tickle,200|4031ms
-> GET /v1/api/tickle,200|4065ms
-> GET /v1/api/tickle,200|4079ms
-> GET /v1/api/tickle,200|4099ms
-> GET /v1/api/tickle,200|4140ms
-> GET /v1/api/tickle,200|4160ms
-> GET /v1/api/tickle,200|4197ms
-> GET /v1/api/tickle,200|4213ms
-> GET /v1/api/tickle,200|4213ms
-> GET /v1/api/tickle,200|4263ms
-> GET /v1/api/tickle,200|4301ms
-> GET /v1/api/tickle,200|4314ms
-> GET /v1/api/tickle,200|4342ms
-> GET /v1/api/tickle,200|4342ms
-> GET /v1/api/tickle,200|4394ms
-> GET /v1/api/tickle,200|4419ms
-> GET /v1/api/tickle,200|4439ms
-> GET /v1/api/tickle,200|4451ms
-> GET /v1/api/tickle,200|4451ms
-> GET /v1/api/tickle,200|4512ms
-> GET /v1/api/tickle,200|4540ms
-> GET /v1/api/tickle,200|4560ms
-> GET /v1/api/tickle,200|4572ms
-> GET /v1/api/tickle,200|4580ms
-> GET /v1/api/tickle,200|4643ms
-> GET /v1/api/tickle,200|4651ms
-> GET /v1/api/tickle,200|4676ms
-> GET /v1/api/tickle,200|4700ms
-> GET /v1/api/tickle,200|4703ms
-> GET /v1/api/tickle,200|4782ms
-> GET /v1/api/tickle,200|4782ms
-> GET /v1/api/tickle,200|4800ms
-> GET /v1/api/tickle,200|4830ms
-> GET /v1/api/tickle,200|1044ms
-> request: /v1/api/tickle
-> GET /v1/api/tickle,200|645ms
-> request: /v1/api/tickle
-> GET /v1/api/tickle,200|1162ms
-> POST /v1/portal/logout
<- 200 POST /v1/portal/logout
