-> GET /v1/portal/iserver/account/orders
<- 500 GET /v1/portal/iserver/account/orders
-> request: /sso/ping
-> GET /sso/ping,200|127ms
-> GET /v1/portal/iserver/account/orders
<- 401 GET /v1/portal/iserver/account/orders
-> request: /sso/ping
-> GET /sso/ping,200|257ms
-> GET /v1/portal/iserver/account/orders
<- 401 GET /v1/portal/iserver/account/orders
-> request: /sso/ping
-> GET /sso/ping,200|117ms
-> GET /v1/portal/iserver/account/orders
<- 401 GET /v1/portal/iserver/account/orders
-> request: /sso/ping
-> GET /sso/ping,200|225ms
-> GET /v1/portal/iserver/account/orders
<- 401 GET /v1/portal/iserver/account/orders
-> request: /sso/ping
-> GET /sso/ping,200|426ms
-> GET /v1/portal/iserver/account/orders
<- 401 GET /v1/portal/iserver/account/orders
-> request: /sso/ping
-> GET /sso/ping,200|227ms
-> GET /v1/portal/iserver/account/orders
<- 401 GET /v1/portal/iserver/account/orders
-> request: /sso/ping
-> GET /sso/ping,200|117ms
-> GET /v1/portal/iserver/account/orders
<- 401 GET /v1/portal/iserver/account/orders
-> request: /sso/ping
-> GET /sso/ping,200|113ms
-> GET /v1/portal/iserver/account/orders
<- 401 GET /v1/portal/iserver/account/orders
-> request: /sso/ping
-> GET /sso/ping,200|124ms
-> GET /v1/portal/iserver/account/orders
<- 401 GET /v1/portal/iserver/account/orders
-> request: /sso/ping
-> GET /sso/ping,200|195ms
-> GET /v1/portal/iserver/account/orders
<- 401 GET /v1/portal/iserver/account/orders
-> request: /sso/ping
-> GET /sso/ping,200|237ms
-> GET /v1/portal/iserver/account/orders
<- 401 GET /v1/portal/iserver/account/orders
-> request: /sso/ping
-> GET /sso/ping,200|235ms
-> GET /v1/portal/iserver/account/orders
<- 401 GET /v1/portal/iserver/account/orders
-> request: /sso/ping
-> GET /sso/ping,200|113ms
-> GET /v1/portal/iserver/account/orders
<- 401 GET /v1/portal/iserver/account/orders
-> request: /sso/ping
-> GET /sso/ping,200|205ms
-> GET /v1/portal/iserver/account/orders
<- 401 GET /v1/portal/iserver/account/orders
-> request: /sso/ping
-> GET /sso/ping,200|221ms
-> GET /v1/portal/iserver/account/orders
<- 401 GET /v1/portal/iserver/account/orders
-> request: /sso/ping
-> GET /sso/ping,200|124ms
-> GET /v1/portal/iserver/account/orders
<- 401 GET /v1/portal/iserver/account/orders
-> request: /sso/ping
-> GET /sso/ping,200|282ms
-> GET /v1/portal/iserver/account/orders
<- 401 GET /v1/portal/iserver/account/orders
-> request: /sso/ping
-> GET /sso/ping,200|127ms
-> GET /v1/portal/iserver/account/orders
<- 401 GET /v1/portal/iserver/account/orders
-> request: /sso/ping
-> GET /sso/ping,200|163ms
-> GET /v1/portal/iserver/account/orders
<- 401 GET /v1/portal/iserver/account/orders
-> request: /sso/ping
-> GET /sso/ping,200|117ms
-> GET /v1/portal/iserver/account/orders
<- 401 GET /v1/portal/iserver/account/orders
-> request: /sso/ping
-> request: /sso/ping
-> request: /sso/ping
-> request: /sso/ping
-> request: /sso/ping
-> GET /v1/portal/iserver/auth/status
-> request: /sso/ping
-> request: /sso/ping
-> request: /sso/ping
-> request: /sso/ping
-> request: /sso/ping
-> request: /sso/ping
-> request: /sso/ping
-> request: /sso/ping
-> request: /sso/ping
-> request: /sso/ping
-> request: /sso/ping
-> request: /sso/ping
-> request: /sso/ping
-> request: /sso/ping
-> request: /sso/ping
-> request: /sso/ping
-> request: /sso/ping
-> request: /sso/ping
-> request: /sso/ping
-> request: /sso/ping
-> request: /sso/ping
-> request: /sso/ping
-> request: /sso/ping
-> request: /sso/ping
-> request: /sso/ping
-> request: /sso/ping
-> request: /sso/ping
-> request: /sso/ping
-> request: /sso/ping
-> request: /sso/ping
-> request: /sso/ping
-> request: /sso/ping
-> request: /sso/ping
-> request: /sso/ping
-> request: /sso/ping
-> request: /sso/ping
-> request: /sso/ping
-> request: /sso/ping
-> request: /sso/ping
-> request: /sso/ping
-> request: /sso/ping
-> request: /sso/ping
-> request: /sso/ping
-> request: /sso/ping
-> request: /sso/ping
-> request: /sso/ping
-> request: /sso/ping
-> request: /sso/ping
-> request: /sso/ping
-> request: /sso/ping
-> request: /sso/ping
-> request: /sso/ping
-> request: /sso/ping
-> request: /sso/ping
-> request: /sso/ping
-> request: /sso/ping
-> request: /sso/ping
-> request: /sso/ping
-> request: /sso/ping
-> request: /sso/ping
-> request: /sso/ping
-> request: /sso/ping
-> request: /sso/ping
-> request: /sso/ping
-> request: /sso/ping
-> request: /sso/ping
-> request: /sso/ping
-> request: /sso/ping
-> request: /sso/ping
-> request: /sso/ping
-> request: /sso/ping
-> GET /sso/ping,200|472ms
-> GET /sso/ping,200|215ms
-> GET /sso/ping,200|238ms
-> GET /sso/ping,200|253ms
-> GET /sso/ping,200|234ms
-> GET /sso/ping,200|325ms
-> GET /sso/ping,200|285ms
-> GET /sso/ping,200|338ms
-> GET /sso/ping,200|341ms
-> GET /sso/ping,200|361ms
-> GET /sso/ping,200|457ms
-> GET /sso/ping,200|459ms
<- 401 GET /v1/portal/iserver/auth/status
-> GET /sso/ping,200|472ms
-> GET /sso/ping,200|494ms
-> GET /sso/ping,200|571ms
-> GET /sso/ping,200|575ms
-> GET /sso/ping,200|590ms
-> GET /sso/ping,200|609ms
-> GET /sso/ping,200|661ms
-> GET /sso/ping,200|682ms
-> GET /sso/ping,200|688ms
-> GET /sso/ping,200|710ms
-> GET /sso/ping,200|724ms
-> GET /sso/ping,200|786ms
-> GET /sso/ping,200|796ms
-> GET /sso/ping,200|809ms
-> GET /sso/ping,200|822ms
-> GET /sso/ping,200|840ms
-> GET /sso/ping,200|899ms
-> GET /sso/ping,200|918ms
-> GET /sso/ping,200|926ms
-> GET /sso/ping,200|934ms
-> GET /sso/ping,200|954ms
-> GET /sso/ping,200|1016ms
-> GET /sso/ping,200|1036ms
-> GET /sso/ping,200|1042ms
-> GET /sso/ping,200|1047ms
-> GET /sso/ping,200|1069ms
-> GET /sso/ping,200|1129ms
-> GET /sso/ping,200|1149ms
-> GET /sso/ping,200|1154ms
-> GET /sso/ping,200|1160ms
-> GET /sso/ping,200|1185ms
-> GET /sso/ping,200|1245ms
-> GET /sso/ping,200|1268ms
-> GET /sso/ping,200|1274ms
-> GET /sso/ping,200|1282ms
-> GET /sso/ping,200|1305ms
-> GET /sso/ping,200|1367ms
-> GET /sso/ping,200|1389ms
-> GET /sso/ping,200|1399ms
-> GET /sso/ping,200|1401ms
-> GET /sso/ping,200|1417ms
-> GET /sso/ping,200|1478ms
-> GET /sso/ping,200|1508ms
-> GET /sso/ping,200|1514ms
-> GET /sso/ping,200|1516ms
-> GET /sso/ping,200|1531ms
-> GET /sso/ping,200|1594ms
-> GET /sso/ping,200|1619ms
-> GET /sso/ping,200|1626ms
-> GET /sso/ping,200|1617ms
-> GET /sso/ping,200|1606ms
-> GET /sso/ping,200|1670ms
-> GET /sso/ping,200|1692ms
-> GET /sso/ping,200|1701ms
-> GET /sso/ping,200|1702ms
-> GET /sso/ping,200|1715ms
-> GET /sso/ping,200|1786ms
-> GET /sso/ping,200|1805ms
-> GET /sso/ping,200|1816ms
-> GET /sso/ping,200|1819ms
-> GET /sso/ping,200|1828ms
-> GET /sso/ping,200|1902ms
-> GET /v1/portal/iserver/account/orders
<- 401 GET /v1/portal/iserver/account/orders
-> request: /sso/ping
-> GET /sso/ping,200|224ms
-> GET /v1/portal/iserver/account/orders
<- 401 GET /v1/portal/iserver/account/orders
-> request: /sso/ping
-> GET /sso/ping,200|117ms
-> GET /v1/portal/iserver/account/orders
<- 401 GET /v1/portal/iserver/account/orders
-> request: /sso/ping
-> GET /sso/ping,200|121ms
-> GET /v1/portal/iserver/account/orders
<- 401 GET /v1/portal/iserver/account/orders
-> request: /sso/ping
-> GET /sso/ping,200|114ms
-> GET /v1/portal/iserver/account/orders
<- 401 GET /v1/portal/iserver/account/orders
-> request: /sso/ping
-> GET /sso/ping,200|204ms
-> GET /v1/portal/iserver/account/orders
<- 401 GET /v1/portal/iserver/account/orders
-> request: /sso/ping
-> GET /sso/ping,200|125ms
-> GET /v1/portal/iserver/account/orders
<- 401 GET /v1/portal/iserver/account/orders
-> request: /sso/ping
-> GET /sso/ping,200|256ms
-> GET /v1/portal/iserver/account/orders
<- 401 GET /v1/portal/iserver/account/orders
-> request: /sso/ping
-> GET /sso/ping,200|202ms
-> GET /v1/portal/iserver/account/orders
<- 401 GET /v1/portal/iserver/account/orders
-> request: /sso/ping
-> GET /sso/ping,200|293ms
-> GET /v1/portal/iserver/account/orders
<- 401 GET /v1/portal/iserver/account/orders
-> request: /sso/ping
-> GET /sso/ping,200|221ms
-> GET /v1/portal/iserver/account/orders
<- 401 GET /v1/portal/iserver/account/orders
-> request: /sso/ping
-> GET /sso/ping,200|219ms
-> GET /v1/portal/iserver/account/orders
<- 401 GET /v1/portal/iserver/account/orders
-> request: /sso/ping
-> GET /sso/ping,200|207ms
-> GET /v1/portal/iserver/account/orders
<- 401 GET /v1/portal/iserver/account/orders
-> request: /sso/ping
-> GET /sso/ping,200|204ms
-> GET /v1/portal/iserver/account/orders
<- 401 GET /v1/portal/iserver/account/orders
-> request: /sso/ping
-> GET /sso/ping,200|241ms
-> GET /v1/portal/iserver/account/orders
<- 401 GET /v1/portal/iserver/account/orders
-> request: /sso/ping
-> GET /sso/ping,200|574ms
-> GET /v1/portal/iserver/account/orders
<- 401 GET /v1/portal/iserver/account/orders
-> request: /sso/ping
-> GET /sso/ping,200|202ms
-> GET /v1/portal/iserver/account/orders
<- 401 GET /v1/portal/iserver/account/orders
-> request: /sso/ping
-> GET /sso/ping,200|207ms
-> GET /v1/portal/iserver/account/orders
<- 401 GET /v1/portal/iserver/account/orders
-> request: /sso/ping
-> GET /sso/ping,200|200ms
-> GET /v1/portal/iserver/account/orders
<- 401 GET /v1/portal/iserver/account/orders
-> request: /sso/ping
-> GET /sso/ping,200|209ms
-> GET /v1/portal/iserver/account/orders
<- 401 GET /v1/portal/iserver/account/orders
-> request: /sso/ping
-> GET /sso/ping,200|208ms
-> GET /v1/portal/iserver/account/orders
<- 401 GET /v1/portal/iserver/account/orders
-> request: /sso/ping
-> GET /sso/ping,200|210ms
-> GET /v1/portal/iserver/account/orders
<- 401 GET /v1/portal/iserver/account/orders
-> request: /sso/ping
-> GET /sso/ping,200|212ms
-> GET /v1/portal/iserver/account/orders
<- 401 GET /v1/portal/iserver/account/orders
-> request: /sso/ping
-> GET /sso/ping,200|136ms
-> GET /v1/portal/iserver/account/orders
<- 401 GET /v1/portal/iserver/account/orders
-> request: /sso/ping
-> GET /sso/ping,200|203ms
-> GET /v1/portal/iserver/account/orders
<- 401 GET /v1/portal/iserver/account/orders
-> request: /sso/ping
-> GET /sso/ping,200|115ms
-> GET /v1/portal/iserver/account/orders
<- 401 GET /v1/portal/iserver/account/orders
-> request: /sso/ping
-> GET /sso/ping,200|216ms
-> GET /v1/portal/iserver/account/orders
<- 401 GET /v1/portal/iserver/account/orders
-> request: /sso/ping
-> GET /sso/ping,200|203ms
-> GET /v1/portal/iserver/account/orders
<- 401 GET /v1/portal/iserver/account/orders
-> request: /sso/ping
-> GET /sso/ping,200|211ms
-> GET /v1/portal/iserver/account/orders
<- 401 GET /v1/portal/iserver/account/orders
-> request: /sso/ping
-> GET /sso/ping,200|208ms
-> GET /v1/portal/iserver/account/orders
<- 401 GET /v1/portal/iserver/account/orders
-> request: /sso/ping
-> GET /sso/ping,200|201ms
-> GET /v1/portal/iserver/account/orders
<- 401 GET /v1/portal/iserver/account/orders
-> request: /sso/ping
-> GET /sso/ping,200|280ms
-> GET /v1/portal/iserver/account/orders
<- 401 GET /v1/portal/iserver/account/orders
-> request: /sso/ping
-> GET /sso/ping,200|204ms
-> GET /v1/portal/iserver/account/orders
<- 401 GET /v1/portal/iserver/account/orders
-> request: /sso/ping
-> GET /sso/ping,200|199ms
-> GET /v1/portal/iserver/account/orders
<- 401 GET /v1/portal/iserver/account/orders
-> request: /sso/ping
-> GET /sso/ping,200|204ms
-> GET /v1/portal/iserver/account/orders
<- 401 GET /v1/portal/iserver/account/orders
-> request: /sso/ping
-> GET /sso/ping,200|197ms
-> GET /v1/portal/iserver/account/orders
<- 401 GET /v1/portal/iserver/account/orders
-> request: /sso/ping
-> GET /sso/ping,200|239ms
-> GET /v1/portal/iserver/account/orders
<- 401 GET /v1/portal/iserver/account/orders
-> request: /sso/ping
-> GET /sso/ping,200|127ms
-> GET /v1/portal/iserver/account/orders
<- 401 GET /v1/portal/iserver/account/orders
-> request: /sso/ping
-> GET /sso/ping,200|206ms
-> GET /v1/portal/iserver/account/orders
<- 401 GET /v1/portal/iserver/account/orders
-> request: /sso/ping
-> GET /sso/ping,200|215ms
-> GET /v1/portal/iserver/account/orders
<- 401 GET /v1/portal/iserver/account/orders
-> request: /sso/ping
-> GET /sso/ping,200|216ms
-> GET /v1/portal/iserver/account/orders
<- 401 GET /v1/portal/iserver/account/orders
-> request: /sso/ping
-> GET /sso/ping,200|206ms
-> GET /v1/portal/iserver/account/orders
<- 401 GET /v1/portal/iserver/account/orders
-> request: /sso/ping
-> GET /sso/ping,200|204ms
-> GET /v1/portal/iserver/account/orders
<- 401 GET /v1/portal/iserver/account/orders
-> request: /sso/ping
-> GET /sso/ping,200|126ms
-> GET /v1/portal/iserver/account/orders
<- 401 GET /v1/portal/iserver/account/orders
-> request: /sso/ping
-> GET /sso/ping,200|204ms
-> GET /v1/portal/iserver/account/orders
<- 401 GET /v1/portal/iserver/account/orders
-> request: /sso/ping
-> GET /sso/ping,200|215ms
-> GET /v1/portal/iserver/account/orders
<- 401 GET /v1/portal/iserver/account/orders
-> request: /sso/ping
-> GET /sso/ping,200|243ms
-> GET /v1/portal/iserver/account/orders
<- 401 GET /v1/portal/iserver/account/orders
-> request: /sso/ping
-> GET /sso/ping,200|200ms
-> GET /v1/portal/iserver/account/orders
<- 401 GET /v1/portal/iserver/account/orders
-> request: /sso/ping
-> GET /sso/ping,200|199ms
-> GET /v1/portal/iserver/account/orders
<- 401 GET /v1/portal/iserver/account/orders
-> request: /sso/ping
-> GET /sso/ping,200|273ms
-> GET /v1/portal/iserver/account/orders
<- 401 GET /v1/portal/iserver/account/orders
-> request: /sso/ping
-> GET /sso/ping,200|118ms
-> GET /v1/portal/iserver/account/orders
<- 401 GET /v1/portal/iserver/account/orders
-> request: /sso/ping
-> GET /sso/ping,200|245ms
-> GET /v1/portal/iserver/account/orders
<- 401 GET /v1/portal/iserver/account/orders
-> request: /sso/ping
-> GET /sso/ping,200|205ms
-> GET /v1/portal/iserver/account/orders
<- 401 GET /v1/portal/iserver/account/orders
-> request: /sso/ping
-> GET /sso/ping,200|140ms
-> GET /v1/portal/iserver/account/orders
<- 401 GET /v1/portal/iserver/account/orders
-> request: /sso/ping
-> GET /sso/ping,200|205ms
-> GET /v1/portal/iserver/account/orders
<- 401 GET /v1/portal/iserver/account/orders
-> request: /sso/ping
-> GET /sso/ping,200|213ms
-> GET /v1/portal/iserver/account/orders
<- 401 GET /v1/portal/iserver/account/orders
-> request: /sso/ping
-> GET /sso/ping,200|242ms
-> GET /v1/portal/iserver/account/orders
<- 401 GET /v1/portal/iserver/account/orders
-> request: /sso/ping
-> GET /sso/ping,200|206ms
-> GET /v1/portal/iserver/account/orders
<- 401 GET /v1/portal/iserver/account/orders
-> request: /sso/ping
-> GET /sso/ping,200|208ms
-> GET /v1/portal/iserver/account/orders
<- 401 GET /v1/portal/iserver/account/orders
-> request: /sso/ping
-> GET /sso/ping,200|203ms
-> GET /v1/portal/iserver/account/orders
<- 401 GET /v1/portal/iserver/account/orders
-> request: /sso/ping
-> GET /sso/ping,200|131ms
-> GET /v1/portal/iserver/account/orders
<- 401 GET /v1/portal/iserver/account/orders
-> request: /sso/ping
-> GET /sso/ping,200|205ms
-> GET /v1/portal/iserver/account/orders
<- 401 GET /v1/portal/iserver/account/orders
-> request: /sso/ping
-> GET /sso/ping,200|220ms
-> GET /v1/portal/iserver/account/orders
<- 401 GET /v1/portal/iserver/account/orders
-> request: /sso/ping
-> GET /sso/ping,200|231ms
-> GET /v1/portal/iserver/account/orders
<- 401 GET /v1/portal/iserver/account/orders
-> request: /sso/ping
-> GET /sso/ping,200|218ms
-> GET /v1/portal/iserver/account/orders
<- 401 GET /v1/portal/iserver/account/orders
-> request: /sso/ping
-> GET /sso/ping,200|115ms
-> GET /v1/portal/iserver/account/orders
<- 401 GET /v1/portal/iserver/account/orders
-> request: /sso/ping
-> GET /sso/ping,200|212ms
-> GET /v1/portal/iserver/account/orders
<- 401 GET /v1/portal/iserver/account/orders
-> request: /sso/ping
-> GET /sso/ping,200|205ms
-> GET /v1/portal/iserver/account/orders
<- 401 GET /v1/portal/iserver/account/orders
-> request: /sso/ping
-> GET /sso/ping,200|228ms
-> GET /v1/portal/iserver/account/orders
<- 401 GET /v1/portal/iserver/account/orders
-> request: /sso/ping
-> GET /sso/ping,200|117ms
-> GET /v1/portal/iserver/account/orders
<- 401 GET /v1/portal/iserver/account/orders
-> request: /sso/ping
-> GET /sso/ping,200|115ms
-> GET /v1/portal/iserver/account/orders
<- 401 GET /v1/portal/iserver/account/orders
-> request: /sso/ping
-> GET /sso/ping,200|204ms
-> GET /v1/portal/iserver/account/orders
<- 401 GET /v1/portal/iserver/account/orders
-> request: /sso/ping
-> GET /sso/ping,200|122ms
-> GET /v1/portal/iserver/account/orders
<- 401 GET /v1/portal/iserver/account/orders
-> request: /sso/ping
-> GET /sso/ping,200|206ms
-> GET /v1/portal/iserver/account/orders
<- 401 GET /v1/portal/iserver/account/orders
-> request: /sso/ping
-> GET /sso/ping,200|125ms
-> GET /v1/portal/iserver/account/orders
<- 401 GET /v1/portal/iserver/account/orders
-> request: /sso/ping
-> GET /sso/ping,200|121ms
-> GET /v1/portal/iserver/account/orders
<- 401 GET /v1/portal/iserver/account/orders
-> request: /sso/ping
-> GET /sso/ping,200|114ms
-> GET /v1/portal/iserver/account/orders
<- 401 GET /v1/portal/iserver/account/orders
-> request: /sso/ping
-> GET /sso/ping,200|115ms
-> GET /v1/portal/iserver/account/orders
<- 401 GET /v1/portal/iserver/account/orders
-> request: /sso/ping
-> GET /sso/ping,200|221ms
-> GET /v1/portal/iserver/account/orders
<- 401 GET /v1/portal/iserver/account/orders
-> request: /sso/ping
-> GET /sso/ping,200|116ms
-> GET /v1/portal/iserver/account/orders
<- 401 GET /v1/portal/iserver/account/orders
-> request: /sso/ping
-> GET /sso/ping,200|216ms
-> GET /v1/portal/iserver/account/orders
<- 401 GET /v1/portal/iserver/account/orders
-> request: /sso/ping
-> GET /sso/ping,200|225ms
-> GET /v1/portal/iserver/account/orders
<- 401 GET /v1/portal/iserver/account/orders
-> request: /sso/ping
-> GET /sso/ping,200|212ms
-> GET /v1/portal/iserver/account/orders
<- 401 GET /v1/portal/iserver/account/orders
-> request: /sso/ping
-> GET /sso/ping,200|231ms
-> GET /v1/portal/iserver/account/orders
<- 401 GET /v1/portal/iserver/account/orders
-> request: /sso/ping
-> GET /sso/ping,200|208ms
-> GET /v1/portal/iserver/account/orders
<- 401 GET /v1/portal/iserver/account/orders
-> request: /sso/ping
-> GET /sso/ping,200|219ms
-> GET /v1/portal/iserver/account/orders
<- 401 GET /v1/portal/iserver/account/orders
-> request: /sso/ping
-> GET /sso/ping,200|205ms
-> GET /v1/portal/iserver/account/orders
<- 401 GET /v1/portal/iserver/account/orders
-> request: /sso/ping
-> GET /sso/ping,200|214ms
-> GET /v1/portal/iserver/account/orders
<- 401 GET /v1/portal/iserver/account/orders
-> request: /sso/ping
-> GET /sso/ping,200|236ms
-> GET /v1/portal/iserver/account/orders
<- 401 GET /v1/portal/iserver/account/orders
-> request: /sso/ping
-> GET /sso/ping,200|204ms
-> GET /v1/portal/iserver/account/orders
<- 401 GET /v1/portal/iserver/account/orders
-> request: /sso/ping
-> GET /sso/ping,200|207ms
-> GET /v1/portal/iserver/account/orders
<- 401 GET /v1/portal/iserver/account/orders
-> request: /sso/ping
-> GET /sso/ping,200|218ms
-> GET /v1/portal/iserver/account/orders
<- 401 GET /v1/portal/iserver/account/orders
-> request: /sso/ping
-> GET /sso/ping,200|205ms
-> GET /v1/portal/iserver/account/orders
<- 401 GET /v1/portal/iserver/account/orders
-> request: /sso/ping
-> GET /sso/ping,200|209ms
-> GET /v1/portal/iserver/account/orders
<- 401 GET /v1/portal/iserver/account/orders
-> request: /sso/ping
-> GET /sso/ping,200|245ms
-> GET /v1/portal/iserver/account/orders
<- 401 GET /v1/portal/iserver/account/orders
-> request: /sso/ping
-> GET /sso/ping,200|126ms
-> GET /v1/portal/iserver/account/orders
<- 401 GET /v1/portal/iserver/account/orders
-> request: /sso/ping
-> GET /sso/ping,200|209ms
-> GET /v1/portal/iserver/account/orders
<- 401 GET /v1/portal/iserver/account/orders
-> request: /sso/ping
-> GET /sso/ping,200|118ms
-> GET /v1/portal/iserver/account/orders
<- 401 GET /v1/portal/iserver/account/orders
-> request: /sso/ping
-> GET /sso/ping,200|118ms
-> GET /v1/portal/iserver/account/orders
<- 401 GET /v1/portal/iserver/account/orders
-> request: /sso/ping
-> GET /sso/ping,200|221ms
-> GET /v1/portal/iserver/account/orders
<- 401 GET /v1/portal/iserver/account/orders
-> request: /sso/ping
-> GET /sso/ping,200|216ms
-> GET /v1/portal/iserver/account/orders
<- 401 GET /v1/portal/iserver/account/orders
-> request: /sso/ping
-> GET /sso/ping,200|204ms
-> GET /v1/portal/iserver/account/orders
<- 401 GET /v1/portal/iserver/account/orders
-> request: /sso/ping
-> GET /sso/ping,200|214ms
-> GET /v1/portal/iserver/account/orders
<- 401 GET /v1/portal/iserver/account/orders
-> request: /sso/ping
-> GET /sso/ping,200|239ms
-> GET /v1/portal/iserver/account/orders
<- 401 GET /v1/portal/iserver/account/orders
-> request: /sso/ping
-> GET /sso/ping,200|113ms
-> GET /v1/portal/iserver/account/orders
<- 401 GET /v1/portal/iserver/account/orders
-> request: /sso/ping
-> GET /sso/ping,200|204ms
-> GET /v1/portal/iserver/account/orders
<- 401 GET /v1/portal/iserver/account/orders
-> request: /sso/ping
-> GET /sso/ping,200|124ms
-> GET /v1/portal/iserver/account/orders
<- 401 GET /v1/portal/iserver/account/orders
-> request: /sso/ping
-> GET /sso/ping,200|200ms
-> GET /v1/portal/iserver/account/orders
<- 401 GET /v1/portal/iserver/account/orders
-> request: /sso/ping
-> GET /sso/ping,200|206ms
-> GET /v1/portal/iserver/account/orders
<- 401 GET /v1/portal/iserver/account/orders
-> request: /sso/ping
-> GET /sso/ping,200|128ms
-> GET /v1/portal/iserver/account/orders
<- 401 GET /v1/portal/iserver/account/orders
-> request: /sso/ping
-> GET /sso/ping,200|214ms
-> GET /v1/portal/iserver/account/orders
<- 401 GET /v1/portal/iserver/account/orders
-> request: /sso/ping
-> GET /sso/ping,200|216ms
-> GET /v1/portal/iserver/account/orders
<- 401 GET /v1/portal/iserver/account/orders
-> request: /sso/ping
-> GET /sso/ping,200|205ms
-> GET /v1/portal/iserver/account/orders
<- 401 GET /v1/portal/iserver/account/orders
-> request: /sso/ping
-> GET /sso/ping,200|223ms
-> GET /v1/portal/iserver/account/orders
<- 401 GET /v1/portal/iserver/account/orders
-> request: /sso/ping
-> GET /sso/ping,200|201ms
-> GET /v1/portal/iserver/account/orders
<- 401 GET /v1/portal/iserver/account/orders
-> request: /sso/ping
-> GET /sso/ping,200|223ms
-> GET /v1/portal/iserver/account/orders
<- 401 GET /v1/portal/iserver/account/orders
-> request: /sso/ping
-> GET /sso/ping,200|857ms
-> GET /v1/portal/iserver/account/orders
<- 401 GET /v1/portal/iserver/account/orders
-> request: /sso/ping
-> GET /sso/ping,200|398ms
-> GET /v1/portal/iserver/account/orders
<- 401 GET /v1/portal/iserver/account/orders
-> request: /sso/ping
-> GET /sso/ping,200|205ms
-> GET /v1/portal/iserver/account/orders
<- 401 GET /v1/portal/iserver/account/orders
-> request: /sso/ping
-> GET /sso/ping,200|208ms
-> GET /v1/portal/iserver/account/orders
<- 401 GET /v1/portal/iserver/account/orders
-> request: /sso/ping
-> GET /sso/ping,200|206ms
-> GET /v1/portal/iserver/account/orders
<- 401 GET /v1/portal/iserver/account/orders
-> request: /sso/ping
-> GET /sso/ping,200|204ms
-> GET /v1/portal/iserver/account/orders
<- 401 GET /v1/portal/iserver/account/orders
-> request: /sso/ping
-> GET /sso/ping,200|207ms
-> GET /v1/portal/iserver/account/orders
<- 401 GET /v1/portal/iserver/account/orders
-> request: /sso/ping
-> GET /sso/ping,200|206ms
-> GET /v1/portal/iserver/account/orders
<- 401 GET /v1/portal/iserver/account/orders
-> request: /sso/ping
-> GET /sso/ping,200|221ms
-> GET /v1/portal/iserver/account/orders
<- 401 GET /v1/portal/iserver/account/orders
-> request: /sso/ping
-> GET /sso/ping,200|210ms
-> GET /v1/portal/iserver/account/orders
<- 401 GET /v1/portal/iserver/account/orders
-> request: /sso/ping
-> GET /sso/ping,200|203ms
-> GET /v1/portal/iserver/account/orders
<- 401 GET /v1/portal/iserver/account/orders
-> request: /sso/ping
-> GET /sso/ping,200|137ms
-> GET /v1/portal/iserver/account/orders
<- 401 GET /v1/portal/iserver/account/orders
-> request: /sso/ping
-> GET /sso/ping,200|228ms
-> GET /v1/portal/iserver/account/orders
<- 401 GET /v1/portal/iserver/account/orders
-> request: /sso/ping
-> GET /sso/ping,200|221ms
-> GET /v1/portal/iserver/account/orders
<- 401 GET /v1/portal/iserver/account/orders
-> request: /sso/ping
-> GET /sso/ping,200|204ms
-> GET /v1/portal/iserver/account/orders
<- 401 GET /v1/portal/iserver/account/orders
-> request: /sso/ping
-> GET /sso/ping,200|1232ms
-> GET /v1/portal/iserver/account/orders
<- 401 GET /v1/portal/iserver/account/orders
-> request: /sso/ping
-> GET /sso/ping,200|209ms
-> GET /v1/portal/iserver/account/orders
<- 401 GET /v1/portal/iserver/account/orders
-> request: /sso/ping
-> GET /sso/ping,200|215ms
-> GET /v1/portal/iserver/account/orders
<- 401 GET /v1/portal/iserver/account/orders
-> request: /sso/ping
-> GET /sso/ping,200|222ms
-> GET /v1/portal/iserver/account/orders
<- 401 GET /v1/portal/iserver/account/orders
-> request: /sso/ping
-> GET /sso/ping,200|200ms
-> GET /v1/portal/iserver/account/orders
<- 401 GET /v1/portal/iserver/account/orders
-> request: /sso/ping
-> GET /sso/ping,200|429ms
-> request: /sso/ping
-> request: /sso/ping
-> request: /sso/ping
-> request: /sso/ping
-> GET /sso/ping,200|536ms
-> request: /sso/ping
-> request: /sso/ping
-> request: /sso/ping
-> request: /sso/ping
-> request: /sso/ping
-> request: /sso/ping
-> request: /sso/ping
-> GET /sso/ping,200|461ms
-> GET /sso/ping,200|544ms
-> GET /sso/ping,200|732ms
-> GET /sso/ping,200|606ms
-> GET /sso/ping,200|623ms
-> GET /sso/ping,200|645ms
-> request: /sso/ping
-> request: /sso/ping
-> request: /sso/ping
-> request: /sso/ping
-> request: /sso/ping
-> request: /sso/ping
-> request: /sso/ping
-> request: /sso/ping
-> request: /sso/ping
-> request: /sso/ping
-> request: /sso/ping
-> request: /sso/ping
-> request: /sso/ping
-> request: /sso/ping
-> request: /sso/ping
-> request: /sso/ping
-> request: /sso/ping
-> GET /sso/ping,200|476ms
-> GET /sso/ping,200|565ms
-> GET /sso/ping,200|663ms
-> GET /sso/ping,200|568ms
-> GET /sso/ping,200|569ms
-> GET /sso/ping,200|610ms
-> GET /sso/ping,200|743ms
-> GET /sso/ping,200|798ms
-> GET /sso/ping,200|811ms
-> GET /sso/ping,200|812ms
-> GET /sso/ping,200|822ms
-> GET /sso/ping,200|965ms
-> request: /sso/ping
-> request: /sso/ping
-> request: /sso/ping
-> request: /sso/ping
-> request: /sso/ping
-> request: /sso/ping
-> request: /sso/ping
-> request: /sso/ping
-> request: /sso/ping
-> request: /sso/ping
-> request: /sso/ping
-> request: /sso/ping
-> GET /sso/ping,200|558ms
-> GET /sso/ping,200|575ms
-> GET /sso/ping,200|582ms
-> GET /sso/ping,200|584ms
-> GET /sso/ping,200|698ms
-> GET /sso/ping,200|721ms
-> GET /sso/ping,200|744ms
-> request: /sso/ping
-> request: /sso/ping
-> request: /sso/ping
-> request: /sso/ping
-> request: /sso/ping
-> request: /sso/ping
-> request: /sso/ping
-> request: /sso/ping
-> GET /sso/ping,200|473ms
-> GET /sso/ping,200|515ms
-> GET /sso/ping,200|522ms
-> request: /sso/ping
-> request: /sso/ping
-> request: /sso/ping
-> request: /sso/ping
-> GET /sso/ping,200|417ms
