-> request: /v1/api/tickle
-> GET /v1/api/tickle,500|59ms
-> request: /v1/api/sso/validate?gw=1
-> request: /v1/api/sso/validate?gw=1
-> GET /v1/api/sso/validate?gw=1,500|58ms
-> GET /v1/api/sso/validate?gw=1,500|62ms
-> request: /v1/api/sso/validate?gw=1
-> request: /v1/api/sso/validate?gw=1
-> request: /v1/api/sso/validate?gw=1
-> request: /v1/api/sso/validate?gw=1
-> GET /v1/api/sso/validate?gw=1,500|259ms
-> GET /v1/api/sso/validate?gw=1,500|267ms
-> GET /v1/api/sso/validate?gw=1,500|319ms
-> GET /v1/api/sso/validate?gw=1,500|362ms
-> GET /sso/Login?forwardTo=22&RL=1&ip2loc=on
<- 200 GET /sso/Login?forwardTo=22&RL=1&ip2loc=on
-> GET /sso/Templates/otp-responsive.css?1639005754418
-> GET /scripts/common/js/jquery-3.4.1/jquery.min.js
<- 200 GET /scripts/common/js/jquery-3.4.1/jquery.min.js
-> GET /scripts/common/js/jquery-ui-1.12.1/jquery-ui.min.js
<- 200 GET /scripts/common/js/jquery-ui-1.12.1/jquery-ui.min.js
-> GET /scripts/common/js/bootstrap-4.3.1/bootstrap.bundle.min.js
<- 200 GET /scripts/common/js/bootstrap-4.3.1/bootstrap.bundle.min.js
-> GET /scripts/common/js/bootstrap-switch-3.3.2/bootstrap-switch.min.js
<- 200 GET /scripts/common/js/bootstrap-switch-3.3.2/bootstrap-switch.min.js
-> GET /sso/CombineFiles
<- 200 GET /sso/Templates/otp-responsive.css?1639005754418
-> GET /scripts/common/js/switchery/switchery.min.js
<- 200 GET /scripts/common/js/switchery/switchery.min.js
-> GET /scripts/common/js/switchery/switchery-init.js
<- 200 GET /scripts/common/js/switchery/switchery-init.js
-> GET /scripts/common/js/icheck-1.0.2/icheck.min.js
<- 200 GET /scripts/common/js/icheck-1.0.2/icheck.min.js
-> GET /scripts/common/js/icheck-1.0.2/icheck-init.js
<- 200 GET /scripts/common/js/icheck-1.0.2/icheck-init.js
-> GET /sso/images/2fa.png
<- 200 GET /sso/images/2fa.png
-> GET /images/2015/btn-app-apple.png
<- 200 GET /images/2015/btn-app-apple.png
-> GET /images/2015/btn-app-google.png
<- 200 GET /images/2015/btn-app-google.png
-> GET /images/2015/btn-app-tws.png
<- 200 GET /images/2015/btn-app-tws.png
-> GET /images/2015/button_discover_apis.png
<- 200 GET /images/2015/button_discover_apis.png
<- 200 GET /sso/CombineFiles
-> POST /sso/Authenticator;jsessionid=9F52FAF1068B584E396262D7E11DC41C.ny5wwwdam1-internet?19338
<- 200 POST /sso/Authenticator;jsessionid=9F52FAF1068B584E396262D7E11DC41C.ny5wwwdam1-internet?19338
-> POST /sso/Authenticator;jsessionid=9F52FAF1068B584E396262D7E11DC41C.ny5wwwdam1-internet?58778
<- 200 POST /sso/Authenticator;jsessionid=9F52FAF1068B584E396262D7E11DC41C.ny5wwwdam1-internet?58778
-> POST /sso/Authenticator;jsessionid=9F52FAF1068B584E396262D7E11DC41C.ny5wwwdam1-internet?98577
<- 200 POST /sso/Authenticator;jsessionid=9F52FAF1068B584E396262D7E11DC41C.ny5wwwdam1-internet?98577
-> POST /sso/Authenticator;jsessionid=9F52FAF1068B584E396262D7E11DC41C.ny5wwwdam1-internet?11496
-> GET /fonts/sourcesanspro-regular-webfont.woff2
<- 200 GET /fonts/sourcesanspro-regular-webfont.woff2
-> GET /fonts/sourcesanspro-semibold-webfont.woff2
<- 200 POST /sso/Authenticator;jsessionid=9F52FAF1068B584E396262D7E11DC41C.ny5wwwdam1-internet?11496
<- 200 GET /fonts/sourcesanspro-semibold-webfont.woff2
-> POST /sso/Authenticator;jsessionid=9F52FAF1068B584E396262D7E11DC41C.ny5wwwdam1-internet?65388
<- 200 POST /sso/Authenticator;jsessionid=9F52FAF1068B584E396262D7E11DC41C.ny5wwwdam1-internet?65388
-> POST /sso/Authenticator;jsessionid=9F52FAF1068B584E396262D7E11DC41C.ny5wwwdam1-internet?13263
<- 200 POST /sso/Authenticator;jsessionid=9F52FAF1068B584E396262D7E11DC41C.ny5wwwdam1-internet?13263
-> POST /sso/Authenticator;jsessionid=9F52FAF1068B584E396262D7E11DC41C.ny5wwwdam1-internet?64850
<- 200 POST /sso/Authenticator;jsessionid=9F52FAF1068B584E396262D7E11DC41C.ny5wwwdam1-internet?64850
-> POST /sso/Authenticator;jsessionid=9F52FAF1068B584E396262D7E11DC41C.ny5wwwdam1-internet?63515
<- 200 POST /sso/Authenticator;jsessionid=9F52FAF1068B584E396262D7E11DC41C.ny5wwwdam1-internet?63515
-> POST /sso/Authenticator;jsessionid=9F52FAF1068B584E396262D7E11DC41C.ny5wwwdam1-internet?38261
<- 200 POST /sso/Authenticator;jsessionid=9F52FAF1068B584E396262D7E11DC41C.ny5wwwdam1-internet?38261
-> POST /sso/Authenticator;jsessionid=9F52FAF1068B584E396262D7E11DC41C.ny5wwwdam1-internet?92775
<- 200 POST /sso/Authenticator;jsessionid=9F52FAF1068B584E396262D7E11DC41C.ny5wwwdam1-internet?92775
-> GET /sso/Login?forwardTo=22&RL=1&ip2loc=on
<- 200 GET /sso/Login?forwardTo=22&RL=1&ip2loc=on
-> GET /sso/Templates/otp-responsive.css?1639005798964
-> GET /sso/CombineFiles
<- 200 GET /sso/Templates/otp-responsive.css?1639005798964
<- 200 GET /sso/CombineFiles
-> GET /images/web/favicons/home-screen-icon-128x128.png
<- 200 GET /images/web/favicons/home-screen-icon-128x128.png
-> POST /sso/Authenticator?24692
<- 200 POST /sso/Authenticator?24692
-> POST /sso/Authenticator?78245
<- 200 POST /sso/Authenticator?78245
-> POST /sso/Authenticator?13336
<- 200 POST /sso/Authenticator?13336
-> POST /sso/Authenticator?99768
<- 200 POST /sso/Authenticator?99768
-> POST /sso/Authenticator?74739
<- 200 POST /sso/Authenticator?74739
-> POST /sso/Authenticator?44511
<- 200 POST /sso/Authenticator?44511
-> POST /sso/Dispatcher
<- 302 POST /sso/Dispatcher
-> request: /v1/api/sso/validate?gw=1
-> request: /AccountManagement/OneBarAuthentication?json=1
-> GET /AccountManagement/OneBarAuthentication?json=1,404|365ms
-> GET /v1/api/sso/validate?gw=1,200|598ms
-> request: /v1/api/one/user
-> request: /sso/AuthenticateSSODH?ACTION=INIT
-> sso GET https://api.ibkr.com/sso/AuthenticateSSODH?ACTION=INIT
-> request: /sso/AuthenticateSSODH?ACTION=COMPLETE&B=1464a289a9a74c4f29923a98df8d223882fd54f88ae075730dead7f3586b51b36fe84e1bb02e10cc60577e6d73d979987bc6227296cc419a30d262debfe05f7a&CHRESPONSE=18f7d50153b2741ac05a8b56d3ffad678f61e673
-> sso GET https://api.ibkr.com/sso/AuthenticateSSODH?ACTION=COMPLETE&B=1464a289a9a74c4f29923a98df8d223882fd54f88ae075730dead7f3586b51b36fe84e1bb02e10cc60577e6d73d979987bc6227296cc419a30d262debfe05f7a&CHRESPONSE=18f7d50153b2741ac05a8b56d3ffad678f61e673
-> request: /sso/Authenticator?ACTION=PUBLISH_TST&RESP_TYPE=JSON&DEVICE_ID=35683282|F0-6E-0B-BD-A2-D6
-> sso GET https://api.ibkr.com/sso/Authenticator?ACTION=PUBLISH_TST&RESP_TYPE=JSON&DEVICE_ID=35683282|F0-6E-0B-BD-A2-D6
<- 200 GET https://api.ibkr.com/sso/Authenticator?ACTION=PUBLISH_TST&RESP_TYPE=JSON&DEVICE_ID=35683282|F0-6E-0B-BD-A2-D6 0
-> request: /v1/api/iserver/auth/status
-> GET /v1/api/iserver/auth/status,200|45ms
-> request: /v1/api/iserver/auth/ssodh/init
-> POST https://api.ibkr.com/v1/api/iserver/auth/ssodh/init,200|382ms
-> request: /v1/api/iserver/auth/ssodh/response
-> POST https://api.ibkr.com/v1/api/iserver/auth/ssodh/response,200|146ms
-> request: /v1/api/iserver/accounts
-> GET /v1/api/iserver/accounts,200|36ms
-> POST /v1/portal/iserver/auth/status
<- 200 POST /v1/portal/iserver/auth/status
-> GET /v1/api/one/user,503|10041ms
-> POST /v1/portal/iserver/auth/status
<- 200 POST /v1/portal/iserver/auth/status
-> POST /v1/portal/pa/performance
-> request: /v1/api/tickle
-> GET /v1/api/tickle,200|37ms
<- 200 POST /v1/portal/pa/performance
-> POST /v1/portal/pa/performance
<- 200 POST /v1/portal/pa/performance
-> request: /v1/api/tickle
-> GET /v1/api/tickle,200|49ms
-> request: /v1/api/tickle
-> GET /v1/api/tickle,200|41ms
-> request: /v1/api/tickle
-> GET /v1/api/tickle,200|38ms
-> request: /v1/api/tickle
-> GET /v1/api/tickle,200|54ms
-> request: /v1/api/tickle
-> GET /v1/api/tickle,200|38ms
-> request: /v1/api/tickle
-> GET /v1/api/tickle,200|48ms
-> request: /v1/api/tickle
-> GET /v1/api/tickle,200|67ms
-> GET /sso/Login?forwardTo=22&RL=1&ip2loc=on
<- 200 GET /sso/Login?forwardTo=22&RL=1&ip2loc=on
-> GET /sso/Templates/otp-responsive.css?1639057096613
-> GET /scripts/common/js/jquery-3.4.1/jquery.min.js
<- 200 GET /sso/Templates/otp-responsive.css?1639057096613
-> GET /scripts/common/js/jquery-ui-1.12.1/jquery-ui.min.js
<- 200 GET /scripts/common/js/jquery-3.4.1/jquery.min.js
<- 200 GET /scripts/common/js/jquery-ui-1.12.1/jquery-ui.min.js
-> GET /scripts/common/js/icheck-1.0.2/icheck.min.js
-> GET /scripts/common/js/icheck-1.0.2/icheck-init.js
<- 200 GET /scripts/common/js/icheck-1.0.2/icheck.min.js
-> GET /sso/CombineFiles
<- 200 GET /scripts/common/js/icheck-1.0.2/icheck-init.js
-> GET /scripts/common/js/bootstrap-4.3.1/bootstrap.bundle.min.js
<- 200 GET /scripts/common/js/bootstrap-4.3.1/bootstrap.bundle.min.js
-> GET /scripts/common/js/switchery/switchery.min.js
<- 200 GET /scripts/common/js/switchery/switchery.min.js
-> GET /scripts/common/js/switchery/switchery-init.js
<- 200 GET /scripts/common/js/switchery/switchery-init.js
-> GET /scripts/common/js/bootstrap-switch-3.3.2/bootstrap-switch.min.js
<- 200 GET /scripts/common/js/bootstrap-switch-3.3.2/bootstrap-switch.min.js
-> GET /sso/images/2fa.png
<- 200 GET /sso/images/2fa.png
-> GET /images/2015/btn-app-apple.png
<- 200 GET /images/2015/btn-app-apple.png
-> GET /images/2015/btn-app-google.png
<- 200 GET /images/2015/btn-app-google.png
<- 200 GET /sso/CombineFiles
-> GET /images/2015/btn-app-tws.png
<- 200 GET /images/2015/btn-app-tws.png
-> GET /images/2015/button_discover_apis.png
<- 200 GET /images/2015/button_discover_apis.png
-> POST /sso/Authenticator;jsessionid=F9BF3BC635EB3C1036EED0D06AE6A3FA.ny5wwwdam1-internet?4474
<- 200 POST /sso/Authenticator;jsessionid=F9BF3BC635EB3C1036EED0D06AE6A3FA.ny5wwwdam1-internet?4474
-> POST /sso/Authenticator;jsessionid=F9BF3BC635EB3C1036EED0D06AE6A3FA.ny5wwwdam1-internet?17750
<- 200 POST /sso/Authenticator;jsessionid=F9BF3BC635EB3C1036EED0D06AE6A3FA.ny5wwwdam1-internet?17750
-> POST /sso/Authenticator;jsessionid=F9BF3BC635EB3C1036EED0D06AE6A3FA.ny5wwwdam1-internet?75699
<- 200 POST /sso/Authenticator;jsessionid=F9BF3BC635EB3C1036EED0D06AE6A3FA.ny5wwwdam1-internet?75699
-> POST /sso/Authenticator;jsessionid=F9BF3BC635EB3C1036EED0D06AE6A3FA.ny5wwwdam1-internet?76268
-> GET /fonts/sourcesanspro-regular-webfont.woff2
<- 200 GET /fonts/sourcesanspro-regular-webfont.woff2
-> GET /fonts/sourcesanspro-semibold-webfont.woff2
<- 200 GET /fonts/sourcesanspro-semibold-webfont.woff2
<- 200 POST /sso/Authenticator;jsessionid=F9BF3BC635EB3C1036EED0D06AE6A3FA.ny5wwwdam1-internet?76268
-> POST /sso/Authenticator;jsessionid=F9BF3BC635EB3C1036EED0D06AE6A3FA.ny5wwwdam1-internet?65519
<- 200 POST /sso/Authenticator;jsessionid=F9BF3BC635EB3C1036EED0D06AE6A3FA.ny5wwwdam1-internet?65519
-> POST /sso/Authenticator;jsessionid=F9BF3BC635EB3C1036EED0D06AE6A3FA.ny5wwwdam1-internet?54565
<- 200 POST /sso/Authenticator;jsessionid=F9BF3BC635EB3C1036EED0D06AE6A3FA.ny5wwwdam1-internet?54565
-> POST /sso/Authenticator;jsessionid=F9BF3BC635EB3C1036EED0D06AE6A3FA.ny5wwwdam1-internet?80674
<- 200 POST /sso/Authenticator;jsessionid=F9BF3BC635EB3C1036EED0D06AE6A3FA.ny5wwwdam1-internet?80674
-> POST /sso/Authenticator;jsessionid=F9BF3BC635EB3C1036EED0D06AE6A3FA.ny5wwwdam1-internet?91683
<- 200 POST /sso/Authenticator;jsessionid=F9BF3BC635EB3C1036EED0D06AE6A3FA.ny5wwwdam1-internet?91683
-> POST /sso/Authenticator;jsessionid=F9BF3BC635EB3C1036EED0D06AE6A3FA.ny5wwwdam1-internet?1919
<- 200 POST /sso/Authenticator;jsessionid=F9BF3BC635EB3C1036EED0D06AE6A3FA.ny5wwwdam1-internet?1919
-> POST /sso/Authenticator;jsessionid=F9BF3BC635EB3C1036EED0D06AE6A3FA.ny5wwwdam1-internet?65322
<- 200 POST /sso/Authenticator;jsessionid=F9BF3BC635EB3C1036EED0D06AE6A3FA.ny5wwwdam1-internet?65322
-> POST /sso/Authenticator;jsessionid=F9BF3BC635EB3C1036EED0D06AE6A3FA.ny5wwwdam1-internet?24928
<- 200 POST /sso/Authenticator;jsessionid=F9BF3BC635EB3C1036EED0D06AE6A3FA.ny5wwwdam1-internet?24928
-> POST /sso/Authenticator;jsessionid=F9BF3BC635EB3C1036EED0D06AE6A3FA.ny5wwwdam1-internet?32608
<- 200 POST /sso/Authenticator;jsessionid=F9BF3BC635EB3C1036EED0D06AE6A3FA.ny5wwwdam1-internet?32608
-> GET /sso/Login?forwardTo=22&RL=1&ip2loc=on
<- 200 GET /sso/Login?forwardTo=22&RL=1&ip2loc=on
-> GET /sso/Templates/otp-responsive.css?1639057166330
-> GET /sso/CombineFiles
<- 200 GET /sso/Templates/otp-responsive.css?1639057166330
<- 200 GET /sso/CombineFiles
-> GET /images/web/favicons/home-screen-icon-128x128.png
<- 200 GET /images/web/favicons/home-screen-icon-128x128.png
-> POST /sso/Authenticator?5896
<- 200 POST /sso/Authenticator?5896
-> POST /sso/Authenticator?26413
<- 200 POST /sso/Authenticator?26413
-> POST /sso/Authenticator?99703
<- 200 POST /sso/Authenticator?99703
-> POST /sso/Authenticator?82398
<- 200 POST /sso/Authenticator?82398
-> POST /sso/Authenticator?88603
<- 200 POST /sso/Authenticator?88603
-> POST /sso/Authenticator?19663
<- 200 POST /sso/Authenticator?19663
-> POST /sso/Authenticator?20192
<- 200 POST /sso/Authenticator?20192
-> POST /sso/Authenticator?54729
<- 200 POST /sso/Authenticator?54729
-> POST /sso/Dispatcher
<- 302 POST /sso/Dispatcher
-> request: /v1/api/sso/validate?gw=1
-> request: /AccountManagement/OneBarAuthentication?json=1
-> GET /AccountManagement/OneBarAuthentication?json=1,404|390ms
-> GET /v1/api/sso/validate?gw=1,200|610ms
-> request: /v1/api/one/user
-> request: /sso/AuthenticateSSODH?ACTION=INIT
-> sso GET https://api.ibkr.com/sso/AuthenticateSSODH?ACTION=INIT
-> request: /sso/AuthenticateSSODH?ACTION=COMPLETE&B=c7b11f431f1d141eaa901705a56324f052d75371c705accafa387a1f89a799d62e01de399f51013e27dcf07b92b0511a12dc73fcb90426ec2bdad6a6146ee446&CHRESPONSE=ebc9d6e9ec5bdc80228779557767c19296e13e54
-> sso GET https://api.ibkr.com/sso/AuthenticateSSODH?ACTION=COMPLETE&B=c7b11f431f1d141eaa901705a56324f052d75371c705accafa387a1f89a799d62e01de399f51013e27dcf07b92b0511a12dc73fcb90426ec2bdad6a6146ee446&CHRESPONSE=ebc9d6e9ec5bdc80228779557767c19296e13e54
-> request: /sso/Authenticator?ACTION=PUBLISH_TST&RESP_TYPE=JSON&DEVICE_ID=3b576fce|F0-6E-0B-BD-A2-D6
-> sso GET https://api.ibkr.com/sso/Authenticator?ACTION=PUBLISH_TST&RESP_TYPE=JSON&DEVICE_ID=3b576fce|F0-6E-0B-BD-A2-D6
<- 200 GET https://api.ibkr.com/sso/Authenticator?ACTION=PUBLISH_TST&RESP_TYPE=JSON&DEVICE_ID=3b576fce|F0-6E-0B-BD-A2-D6 0
-> request: /v1/api/iserver/auth/status
-> GET /v1/api/iserver/auth/status,200|54ms
-> request: /v1/api/iserver/auth/ssodh/init
-> POST https://api.ibkr.com/v1/api/iserver/auth/ssodh/init,200|397ms
-> request: /v1/api/iserver/auth/ssodh/response
-> POST https://api.ibkr.com/v1/api/iserver/auth/ssodh/response,200|178ms
-> request: /v1/api/iserver/accounts
-> GET /v1/api/iserver/accounts,200|72ms
-> POST /v1/portal/iserver/auth/status
<- 200 POST /v1/portal/iserver/auth/status
-> GET /v1/api/one/user,503|10037ms
-> POST /v1/portal/iserver/auth/status
<- 200 POST /v1/portal/iserver/auth/status
-> request: /v1/api/tickle
-> GET /v1/api/tickle,200|41ms
-> POST /v1/portal/pa/performance
<- 200 POST /v1/portal/pa/performance
-> POST /v1/portal/pa/performance
<- 200 POST /v1/portal/pa/performance
-> request: /v1/api/tickle
-> GET /v1/api/tickle,200|36ms
-> request: /v1/api/tickle
-> GET /v1/api/tickle,200|36ms
-> request: /v1/api/tickle
-> GET /v1/api/tickle,200|61ms
-> request: /v1/api/tickle
-> GET /v1/api/tickle,200|416ms
-> request: /v1/api/tickle
-> GET /v1/api/tickle,200|36ms
-> request: /v1/api/tickle
-> GET /v1/api/tickle,200|74ms
-> request: /v1/api/tickle
-> GET /v1/api/tickle,200|63ms
-> request: /v1/api/tickle
-> GET /v1/api/tickle,200|37ms
-> request: /sso/ping
-> GET /sso/ping,200|149ms
-> request: /v1/api/tickle
-> GET /v1/api/tickle,200|33ms
-> request: /v1/api/tickle
-> GET /v1/api/tickle,200|37ms
-> request: /v1/api/tickle
-> GET /v1/api/tickle,200|72ms
-> request: /v1/api/tickle
-> GET /v1/api/tickle,200|34ms
-> request: /v1/api/tickle
-> GET /v1/api/tickle,200|117ms
-> request: /v1/api/tickle
-> GET /v1/api/tickle,200|70ms
-> request: /v1/api/tickle
-> GET /v1/api/tickle,200|40ms
-> request: /v1/api/tickle
-> GET /v1/api/tickle,200|43ms
-> request: /v1/api/tickle
-> GET /v1/api/tickle,200|71ms
-> request: /v1/api/tickle
-> GET /v1/api/tickle,200|41ms
-> request: /sso/ping
-> GET /sso/ping,200|224ms
-> request: /v1/api/tickle
-> GET /v1/api/tickle,200|73ms
-> request: /v1/api/tickle
-> GET /v1/api/tickle,200|35ms
-> request: /v1/api/tickle
-> GET /v1/api/tickle,200|33ms
-> request: /v1/api/tickle
-> GET /v1/api/tickle,200|72ms
-> request: /v1/api/tickle
-> GET /v1/api/tickle,200|40ms
-> request: /v1/api/tickle
-> GET /v1/api/tickle,200|47ms
-> request: /v1/api/tickle
-> GET /v1/api/tickle,200|63ms
-> request: /v1/api/tickle
-> GET /v1/api/tickle,200|67ms
-> request: /v1/api/tickle
-> GET /v1/api/tickle,200|32ms
-> request: /v1/api/tickle
-> GET /v1/api/tickle,200|733ms
-> request: /sso/ping
-> GET /sso/ping,200|211ms
-> request: /v1/api/tickle
-> GET /v1/api/tickle,200|37ms
-> request: /v1/api/tickle
-> GET /v1/api/tickle,200|65ms
-> request: /v1/api/tickle
-> GET /v1/api/tickle,200|41ms
-> request: /v1/api/tickle
-> GET /v1/api/tickle,200|42ms
-> request: /v1/api/tickle
-> GET /v1/api/tickle,200|66ms
-> request: /v1/api/tickle
-> GET /v1/api/tickle,200|292ms
-> request: /v1/api/tickle
-> GET /v1/api/tickle,200|55ms
-> request: /v1/api/tickle
-> GET /v1/api/tickle,200|63ms
-> request: /v1/api/tickle
-> GET /v1/api/tickle,200|46ms
-> request: /v1/api/tickle
-> GET /v1/api/tickle,200|37ms
-> request: /sso/ping
-> GET /sso/ping,200|244ms
-> request: /v1/api/tickle
-> GET /v1/api/tickle,200|45ms
-> request: /v1/api/tickle
-> GET /v1/api/tickle,200|37ms
-> request: /v1/api/tickle
-> GET /v1/api/tickle,200|71ms
-> request: /v1/api/tickle
-> GET /v1/api/tickle,200|245ms
-> request: /v1/api/tickle
-> GET /v1/api/tickle,200|37ms
-> request: /v1/api/tickle
-> GET /v1/api/tickle,200|71ms
-> request: /v1/api/tickle
-> GET /v1/api/tickle,200|52ms
-> request: /v1/api/tickle
-> GET /v1/api/tickle,200|34ms
-> request: /v1/api/tickle
-> GET /v1/api/tickle,200|71ms
-> request: /v1/api/tickle
-> GET /v1/api/tickle,200|238ms
-> request: /sso/ping
-> GET /sso/ping,200|276ms
-> request: /v1/api/tickle
-> GET /v1/api/tickle,200|71ms
-> request: /v1/api/tickle
-> GET /v1/api/tickle,200|41ms
-> request: /v1/api/tickle
-> GET /v1/api/tickle,200|41ms
-> request: /v1/api/tickle
-> GET /v1/api/tickle,200|63ms
-> request: /v1/api/tickle
-> GET /v1/api/tickle,200|65ms
-> request: /v1/api/tickle
-> GET /v1/api/tickle,200|39ms
-> request: /v1/api/tickle
-> GET /v1/api/tickle,200|74ms
-> request: /v1/api/tickle
-> GET /v1/api/tickle,200|82ms
-> request: /v1/api/tickle
-> GET /v1/api/tickle,200|116ms
-> request: /v1/api/tickle
-> GET /v1/api/tickle,200|67ms
-> request: /sso/ping
-> GET /sso/ping,200|206ms
-> request: /v1/api/tickle
-> GET /v1/api/tickle,200|83ms
-> request: /v1/api/tickle
-> GET /v1/api/tickle,200|72ms
-> request: /v1/api/tickle
-> GET /v1/api/tickle,200|34ms
-> request: /v1/api/tickle
-> GET /v1/api/tickle,200|52ms
-> request: /v1/api/tickle
-> GET /v1/api/tickle,200|70ms
-> request: /v1/api/tickle
-> GET /v1/api/tickle,200|27ms
-> request: /v1/api/tickle
-> GET /v1/api/tickle,200|118ms
-> request: /v1/api/tickle
-> GET /v1/api/tickle,200|73ms
-> request: /v1/api/tickle
-> GET /v1/api/tickle,200|37ms
-> request: /v1/api/tickle
-> GET /v1/api/tickle,200|34ms
-> request: /sso/ping
-> GET /sso/ping,200|239ms
-> request: /v1/api/tickle
-> GET /v1/api/tickle,200|62ms
-> request: /v1/api/tickle
-> GET /v1/api/tickle,200|38ms
-> request: /v1/api/tickle
-> GET /v1/api/tickle,200|73ms
-> request: /v1/api/tickle
-> GET /v1/api/tickle,200|32ms
-> request: /v1/api/tickle
-> GET /v1/api/tickle,200|38ms
-> request: /v1/api/tickle
-> GET /v1/api/tickle,200|63ms
-> request: /v1/api/tickle
-> GET /v1/api/tickle,200|101ms
-> request: /v1/api/tickle
-> GET /v1/api/tickle,200|86ms
-> request: /v1/api/tickle
-> GET /v1/api/tickle,200|60ms
-> request: /v1/api/tickle
-> GET /v1/api/tickle,200|34ms
-> request: /sso/ping
-> GET /sso/ping,200|209ms
-> request: /v1/api/tickle
-> GET /v1/api/tickle,200|64ms
-> request: /v1/api/tickle
-> GET /v1/api/tickle,200|35ms
-> request: /v1/api/tickle
-> GET /v1/api/tickle,200|32ms
-> request: /v1/api/tickle
-> GET /v1/api/tickle,200|66ms
-> request: /v1/api/tickle
-> GET /v1/api/tickle,200|36ms
-> request: /v1/api/tickle
-> GET /v1/api/tickle,200|36ms
-> request: /v1/api/tickle
-> GET /v1/api/tickle,200|66ms
-> request: /v1/api/tickle
-> GET /v1/api/tickle,200|45ms
-> request: /v1/api/tickle
-> GET /v1/api/tickle,200|34ms
-> request: /v1/api/tickle
-> GET /v1/api/tickle,200|63ms
-> request: /sso/ping
-> GET /sso/ping,200|249ms
-> request: /v1/api/tickle
-> GET /v1/api/tickle,200|35ms
-> request: /v1/api/tickle
-> GET /v1/api/tickle,200|76ms
-> request: /v1/api/tickle
-> GET /v1/api/tickle,200|47ms
-> request: /v1/api/tickle
-> GET /v1/api/tickle,200|44ms
-> request: /v1/api/tickle
-> GET /v1/api/tickle,200|78ms
-> request: /v1/api/tickle
-> GET /v1/api/tickle,200|43ms
-> request: /v1/api/tickle
-> GET /v1/api/tickle,200|130ms
-> request: /v1/api/tickle
-> GET /v1/api/tickle,200|67ms
-> request: /v1/api/tickle
-> GET /v1/api/tickle,200|55ms
-> request: /v1/api/tickle
-> GET /v1/api/tickle,200|41ms
-> request: /sso/ping
-> GET /sso/ping,200|237ms
-> request: /v1/api/tickle
-> GET /v1/api/tickle,200|364ms
-> request: /v1/api/tickle
-> GET /v1/api/tickle,200|48ms
-> request: /v1/api/tickle
-> GET /v1/api/tickle,200|65ms
-> request: /v1/api/tickle
-> GET /v1/api/tickle,200|27ms
-> request: /v1/api/tickle
-> GET /v1/api/tickle,200|65ms
-> request: /v1/api/tickle
-> GET /v1/api/tickle,200|93ms
-> request: /v1/api/tickle
-> GET /v1/api/tickle,200|42ms
-> request: /v1/api/tickle
-> GET /v1/api/tickle,200|41ms
-> request: /v1/api/tickle
-> GET /v1/api/tickle,200|69ms
-> request: /v1/api/tickle
-> GET /v1/api/tickle,200|39ms
-> request: /sso/ping
-> GET /sso/ping,200|216ms
-> request: /v1/api/tickle
-> GET /v1/api/tickle,200|69ms
-> request: /v1/api/tickle
-> GET /v1/api/tickle,200|73ms
-> request: /v1/api/tickle
-> GET /v1/api/tickle,200|41ms
-> request: /v1/api/tickle
-> GET /v1/api/tickle,200|61ms
-> request: /v1/api/tickle
-> GET /v1/api/tickle,200|57ms
-> request: /v1/api/tickle
-> GET /v1/api/tickle,200|60ms
-> request: /v1/api/tickle
-> GET /v1/api/tickle,200|59ms
-> request: /v1/api/tickle
-> GET /v1/api/tickle,200|57ms
-> request: /v1/api/tickle
-> GET /v1/api/tickle,200|51ms
-> request: /v1/api/tickle
-> GET /v1/api/tickle,200|59ms
-> request: /sso/ping
-> GET /sso/ping,200|213ms
-> request: /v1/api/tickle
-> GET /v1/api/tickle,200|66ms
-> request: /v1/api/tickle
-> GET /v1/api/tickle,200|81ms
-> request: /v1/api/tickle
-> GET /v1/api/tickle,200|49ms
-> request: /v1/api/tickle
-> GET /v1/api/tickle,200|85ms
-> request: /v1/api/tickle
-> GET /v1/api/tickle,200|68ms
-> request: /v1/api/tickle
-> GET /v1/api/tickle,200|37ms
-> request: /v1/api/tickle
-> GET /v1/api/tickle,200|52ms
-> request: /v1/api/tickle
-> GET /v1/api/tickle,200|81ms
-> request: /v1/api/tickle
-> GET /v1/api/tickle,200|109ms
-> request: /v1/api/tickle
-> GET /v1/api/tickle,200|35ms
-> request: /sso/ping
-> GET /sso/ping,200|233ms
-> request: /v1/api/tickle
-> GET /v1/api/tickle,200|34ms
-> request: /v1/api/tickle
-> GET /v1/api/tickle,200|46ms
-> request: /v1/api/tickle
-> GET /v1/api/tickle,200|75ms
-> request: /v1/api/tickle
-> GET /v1/api/tickle,200|103ms
-> request: /v1/api/tickle
-> GET /v1/api/tickle,200|34ms
-> request: /v1/api/tickle
-> GET /v1/api/tickle,200|63ms
-> request: /v1/api/tickle
-> GET /v1/api/tickle,200|40ms
-> request: /v1/api/tickle
-> GET /v1/api/tickle,200|32ms
-> request: /v1/api/tickle
-> GET /v1/api/tickle,200|64ms
-> request: /v1/api/tickle
-> GET /v1/api/tickle,200|85ms
-> request: /sso/ping
-> GET /sso/ping,200|115ms
-> request: /v1/api/tickle
-> GET /v1/api/tickle,200|85ms
-> request: /v1/api/tickle
-> GET /v1/api/tickle,200|49ms
-> request: /v1/api/tickle
-> GET /v1/api/tickle,200|33ms
-> request: /v1/api/tickle
-> GET /v1/api/tickle,200|64ms
-> request: /v1/api/tickle
-> GET /v1/api/tickle,200|62ms
-> request: /v1/api/tickle
-> GET /v1/api/tickle,200|36ms
-> request: /v1/api/tickle
-> GET /v1/api/tickle,200|64ms
-> request: /v1/api/tickle
-> GET /v1/api/tickle,200|50ms
-> request: /v1/api/tickle
-> GET /v1/api/tickle,200|337ms
-> request: /v1/api/tickle
-> GET /v1/api/tickle,200|69ms
-> request: /sso/ping
-> GET /sso/ping,200|669ms
-> request: /v1/api/tickle
-> GET /v1/api/tickle,200|367ms
-> request: /v1/api/tickle
-> GET /v1/api/tickle,200|64ms
-> request: /v1/api/tickle
-> GET /v1/api/tickle,200|38ms
-> request: /v1/api/tickle
-> GET /v1/api/tickle,200|41ms
-> request: /v1/api/tickle
-> GET /v1/api/tickle,200|376ms
-> request: /v1/api/tickle
-> GET /v1/api/tickle,200|40ms
-> request: /v1/api/tickle
-> GET /v1/api/tickle,200|62ms
-> request: /v1/api/tickle
-> GET /v1/api/tickle,200|59ms
-> request: /v1/api/tickle
-> GET /v1/api/tickle,200|37ms
-> request: /v1/api/tickle
-> GET /v1/api/tickle,200|88ms
-> request: /sso/ping
-> GET /sso/ping,200|232ms
-> request: /v1/api/tickle
-> GET /v1/api/tickle,200|85ms
-> request: /v1/api/tickle
-> GET /v1/api/tickle,200|49ms
-> request: /v1/api/tickle
-> GET /v1/api/tickle,200|61ms
-> request: /v1/api/tickle
-> GET /v1/api/tickle,200|44ms
-> request: /v1/api/tickle
-> GET /v1/api/tickle,200|49ms
-> request: /v1/api/tickle
-> GET /v1/api/tickle,200|947ms
-> request: /v1/api/tickle
-> GET /v1/api/tickle,200|43ms
-> request: /v1/api/tickle
-> GET /v1/api/tickle,200|42ms
-> request: /v1/api/tickle
-> GET /v1/api/tickle,200|65ms
-> request: /v1/api/tickle
-> GET /v1/api/tickle,200|76ms
-> request: /sso/ping
-> GET /sso/ping,200|212ms
-> request: /v1/api/tickle
-> GET /v1/api/tickle,200|589ms
-> request: /v1/api/tickle
-> GET /v1/api/tickle,200|36ms
-> request: /v1/api/tickle
-> GET /v1/api/tickle,200|46ms
-> request: /v1/api/tickle
-> GET /v1/api/tickle,200|65ms
-> request: /v1/api/tickle
-> GET /v1/api/tickle,200|38ms
-> request: /v1/api/tickle
-> GET /v1/api/tickle,200|61ms
-> request: /v1/api/tickle
-> GET /v1/api/tickle,200|69ms
-> request: /v1/api/tickle
-> GET /v1/api/tickle,200|38ms
-> request: /v1/api/tickle
-> GET /v1/api/tickle,200|30ms
-> request: /v1/api/tickle
-> GET /v1/api/tickle,200|411ms
-> request: /sso/ping
-> GET /sso/ping,200|261ms
-> request: /v1/api/tickle
-> GET /v1/api/tickle,200|49ms
-> request: /v1/api/tickle
-> GET /v1/api/tickle,200|60ms
-> request: /v1/api/tickle
-> GET /v1/api/tickle,200|43ms
-> request: /v1/api/tickle
-> GET /v1/api/tickle,200|54ms
-> request: /v1/api/tickle
-> GET /v1/api/tickle,200|60ms
-> request: /v1/api/tickle
-> GET /v1/api/tickle,200|38ms
-> request: /v1/api/tickle
-> GET /v1/api/tickle,200|141ms
-> request: /v1/api/tickle
-> GET /v1/api/tickle,200|62ms
-> request: /v1/api/tickle
-> GET /v1/api/tickle,200|43ms
-> request: /v1/api/tickle
-> GET /v1/api/tickle,200|34ms
-> request: /sso/ping
-> GET /sso/ping,200|228ms
-> request: /v1/api/tickle
-> GET /v1/api/tickle,200|28ms
-> request: /v1/api/tickle
-> GET /v1/api/tickle,200|38ms
-> request: /v1/api/tickle
-> GET /v1/api/tickle,200|83ms
-> request: /v1/api/tickle
-> GET /v1/api/tickle,200|43ms
-> request: /v1/api/tickle
-> GET /v1/api/tickle,200|48ms
-> request: /v1/api/tickle
-> GET /v1/api/tickle,200|90ms
-> request: /v1/api/tickle
-> GET /v1/api/tickle,200|57ms
-> request: /v1/api/tickle
-> GET /v1/api/tickle,200|31ms
-> request: /v1/api/tickle
-> GET /v1/api/tickle,200|76ms
-> request: /v1/api/tickle
-> GET /v1/api/tickle,200|202ms
-> request: /sso/ping
-> GET /sso/ping,200|200ms
-> request: /v1/api/tickle
-> GET /v1/api/tickle,200|60ms
-> request: /v1/api/tickle
-> GET /v1/api/tickle,200|42ms
-> request: /v1/api/tickle
-> GET /v1/api/tickle,200|48ms
-> request: /v1/api/tickle
-> GET /v1/api/tickle,200|62ms
-> request: /v1/api/tickle
-> GET /v1/api/tickle,200|88ms
-> request: /v1/api/tickle
-> GET /v1/api/tickle,200|37ms
-> request: /v1/api/tickle
-> GET /v1/api/tickle,200|79ms
-> request: /v1/api/tickle
-> GET /v1/api/tickle,200|37ms
-> request: /v1/api/tickle
-> GET /v1/api/tickle,200|72ms
-> request: /v1/api/tickle
-> GET /v1/api/tickle,200|62ms
-> request: /sso/ping
-> GET /sso/ping,200|206ms
-> request: /v1/api/tickle
-> GET /v1/api/tickle,200|32ms
-> request: /v1/api/tickle
-> GET /v1/api/tickle,200|56ms
-> request: /v1/api/tickle
-> GET /v1/api/tickle,200|37ms
-> request: /v1/api/tickle
-> GET /v1/api/tickle,200|61ms
-> request: /v1/api/tickle
-> GET /v1/api/tickle,200|60ms
-> request: /v1/api/tickle
-> GET /v1/api/tickle,200|94ms
-> request: /v1/api/tickle
-> GET /v1/api/tickle,200|146ms
-> request: /v1/api/tickle
-> GET /v1/api/tickle,200|1611ms
-> request: /v1/api/tickle
-> GET /v1/api/tickle,200|40ms
-> request: /v1/api/tickle
-> GET /v1/api/tickle,200|27ms
-> request: /sso/ping
-> GET /sso/ping,200|150ms
-> request: /v1/api/tickle
-> GET /v1/api/tickle,200|51ms
-> request: /v1/api/tickle
-> GET /v1/api/tickle,200|42ms
-> request: /v1/api/tickle
-> GET /v1/api/tickle,200|69ms
-> request: /v1/api/tickle
-> GET /v1/api/tickle,200|42ms
-> request: /v1/api/tickle
-> GET /v1/api/tickle,200|462ms
-> request: /v1/api/tickle
-> GET /v1/api/tickle,200|68ms
-> request: /v1/api/tickle
-> GET /v1/api/tickle,200|45ms
-> request: /v1/api/tickle
-> GET /v1/api/tickle,200|54ms
-> request: /v1/api/tickle
-> GET /v1/api/tickle,200|77ms
-> request: /v1/api/tickle
-> GET /v1/api/tickle,200|41ms
-> request: /sso/ping
-> GET /sso/ping,200|116ms
-> request: /v1/api/tickle
-> GET /v1/api/tickle,200|393ms
-> request: /v1/api/tickle
-> GET /v1/api/tickle,200|71ms
-> request: /v1/api/tickle
-> GET /v1/api/tickle,200|34ms
-> request: /v1/api/tickle
-> GET /v1/api/tickle,200|63ms
-> request: /v1/api/tickle
-> GET /v1/api/tickle,200|129ms
-> request: /v1/api/tickle
-> GET /v1/api/tickle,200|69ms
-> request: /v1/api/tickle
-> GET /v1/api/tickle,200|62ms
-> request: /v1/api/tickle
-> GET /v1/api/tickle,200|54ms
-> request: /v1/api/tickle
-> GET /v1/api/tickle,200|34ms
-> request: /v1/api/tickle
-> GET /v1/api/tickle,200|66ms
-> request: /sso/ping
-> GET /sso/ping,200|202ms
-> request: /v1/api/tickle
-> GET /v1/api/tickle,200|31ms
-> request: /v1/api/tickle
-> GET /v1/api/tickle,200|64ms
-> request: /v1/api/tickle
-> GET /v1/api/tickle,200|57ms
-> request: /v1/api/tickle
-> GET /v1/api/tickle,200|34ms
-> request: /v1/api/tickle
-> GET /v1/api/tickle,200|66ms
-> request: /v1/api/tickle
-> GET /v1/api/tickle,200|35ms
-> request: /v1/api/tickle
-> GET /v1/api/tickle,200|34ms
-> request: /v1/api/tickle
-> GET /v1/api/tickle,200|57ms
-> request: /v1/api/tickle
-> GET /v1/api/tickle,200|31ms
-> request: /v1/api/tickle
-> GET /v1/api/tickle,200|34ms
-> request: /sso/ping
-> GET /sso/ping,200|150ms
-> request: /v1/api/tickle
-> GET /v1/api/tickle,200|43ms
-> request: /v1/api/tickle
-> GET /v1/api/tickle,200|68ms
-> request: /v1/api/tickle
-> GET /v1/api/tickle,200|63ms
-> request: /v1/api/tickle
-> GET /v1/api/tickle,200|56ms
-> request: /v1/api/tickle
-> GET /v1/api/tickle,200|77ms
-> request: /v1/api/tickle
-> GET /v1/api/tickle,200|66ms
-> request: /v1/api/tickle
-> GET /v1/api/tickle,200|44ms
-> request: /v1/api/tickle
-> GET /v1/api/tickle,200|44ms
-> request: /v1/api/tickle
-> GET /v1/api/tickle,200|60ms
-> request: /v1/api/tickle
-> GET /v1/api/tickle,200|171ms
-> request: /sso/ping
-> GET /sso/ping,200|201ms
-> request: /v1/api/tickle
-> GET /v1/api/tickle,200|62ms
-> request: /v1/api/tickle
-> GET /v1/api/tickle,200|39ms
-> request: /v1/api/tickle
-> GET /v1/api/tickle,200|36ms
-> request: /v1/api/tickle
-> GET /v1/api/tickle,200|71ms
-> request: /v1/api/tickle
-> GET /v1/api/tickle,200|30ms
-> request: /v1/api/tickle
-> GET /v1/api/tickle,200|36ms
-> request: /v1/api/tickle
-> GET /v1/api/tickle,200|58ms
-> request: /v1/api/tickle
-> GET /v1/api/tickle,200|30ms
-> request: /v1/api/tickle
-> GET /v1/api/tickle,200|30ms
-> request: /v1/api/tickle
-> GET /v1/api/tickle,200|63ms
-> request: /sso/ping
-> GET /sso/ping,200|203ms
-> request: /v1/api/tickle
-> GET /v1/api/tickle,200|32ms
-> request: /v1/api/tickle
-> GET /v1/api/tickle,200|65ms
-> request: /v1/api/tickle
-> GET /v1/api/tickle,200|30ms
-> request: /v1/api/tickle
-> GET /v1/api/tickle,200|331ms
-> request: /v1/api/tickle
-> GET /v1/api/tickle,200|98ms
-> request: /v1/api/tickle
-> GET /v1/api/tickle,200|61ms
-> request: /v1/api/tickle
-> GET /v1/api/tickle,200|81ms
-> request: /v1/api/tickle
-> GET /v1/api/tickle,200|66ms
-> request: /v1/api/tickle
-> GET /v1/api/tickle,200|46ms
-> request: /v1/api/tickle
-> GET /v1/api/tickle,200|32ms
-> request: /sso/ping
-> GET /sso/ping,200|249ms
-> request: /v1/api/tickle
-> GET /v1/api/tickle,200|67ms
-> request: /v1/api/tickle
-> GET /v1/api/tickle,200|40ms
-> request: /v1/api/tickle
-> GET /v1/api/tickle,200|57ms
-> request: /v1/api/tickle
-> GET /v1/api/tickle,200|141ms
-> request: /v1/api/tickle
-> GET /v1/api/tickle,200|79ms
-> request: /v1/api/tickle
-> GET /v1/api/tickle,200|73ms
-> request: /v1/api/tickle
-> GET /v1/api/tickle,200|37ms
-> request: /v1/api/tickle
-> GET /v1/api/tickle,200|52ms
-> request: /v1/api/tickle
-> GET /v1/api/tickle,200|72ms
-> request: /v1/api/tickle
-> GET /v1/api/tickle,200|36ms
-> request: /sso/ping
-> GET /sso/ping,200|452ms
-> request: /v1/api/tickle
-> GET /v1/api/tickle,200|76ms
-> request: /v1/api/tickle
-> GET /v1/api/tickle,200|30ms
-> request: /v1/api/tickle
-> GET /v1/api/tickle,200|40ms
-> request: /v1/api/tickle
-> GET /v1/api/tickle,200|78ms
-> request: /v1/api/tickle
-> GET /v1/api/tickle,200|47ms
-> request: /v1/api/tickle
-> GET /v1/api/tickle,200|49ms
-> request: /v1/api/tickle
-> GET /v1/api/tickle,200|71ms
-> request: /v1/api/tickle
-> GET /v1/api/tickle,200|32ms
-> request: /v1/api/tickle
-> GET /v1/api/tickle,200|47ms
-> request: /v1/api/tickle
-> GET /v1/api/tickle,200|62ms
-> request: /sso/ping
-> GET /sso/ping,200|199ms
-> request: /v1/api/tickle
-> GET /v1/api/tickle,200|28ms
-> request: /v1/api/tickle
-> GET /v1/api/tickle,200|67ms
-> request: /v1/api/tickle
-> GET /v1/api/tickle,200|31ms
-> request: /v1/api/tickle
-> GET /v1/api/tickle,200|35ms
-> request: /v1/api/tickle
-> GET /v1/api/tickle,200|73ms
-> request: /v1/api/tickle
-> GET /v1/api/tickle,200|545ms
-> request: /v1/api/tickle
-> GET /v1/api/tickle,200|33ms
-> request: /v1/api/tickle
-> GET /v1/api/tickle,200|76ms
-> request: /v1/api/tickle
-> GET /v1/api/tickle,200|59ms
-> request: /v1/api/tickle
-> GET /v1/api/tickle,200|32ms
-> request: /sso/ping
-> GET /sso/ping,200|233ms
-> request: /v1/api/tickle
-> GET /v1/api/tickle,200|44ms
-> request: /v1/api/tickle
-> GET /v1/api/tickle,200|33ms
-> request: /v1/api/tickle
-> GET /v1/api/tickle,200|62ms
-> request: /v1/api/tickle
-> GET /v1/api/tickle,200|38ms
-> request: /v1/api/tickle
-> GET /v1/api/tickle,200|184ms
-> request: /v1/api/tickle
-> GET /v1/api/tickle,200|111ms
-> request: /v1/api/tickle
-> GET /v1/api/tickle,200|36ms
-> request: /v1/api/tickle
-> GET /v1/api/tickle,200|53ms
-> request: /v1/api/tickle
-> GET /v1/api/tickle,200|63ms
-> request: /v1/api/tickle
-> GET /v1/api/tickle,200|181ms
-> request: /sso/ping
-> GET /sso/ping,200|215ms
-> request: /v1/api/tickle
-> GET /v1/api/tickle,200|74ms
-> request: /v1/api/tickle
-> GET /v1/api/tickle,200|41ms
-> request: /v1/api/tickle
-> GET /v1/api/tickle,200|50ms
-> request: /v1/api/tickle
-> GET /v1/api/tickle,200|59ms
-> request: /v1/api/tickle
-> GET /v1/api/tickle,200|33ms
-> request: /v1/api/tickle
-> GET /v1/api/tickle,200|47ms
-> request: /v1/api/tickle
-> GET /v1/api/tickle,200|61ms
-> request: /v1/api/tickle
-> GET /v1/api/tickle,200|53ms
-> request: /v1/api/tickle
-> GET /v1/api/tickle,200|32ms
-> request: /v1/api/tickle
-> GET /v1/api/tickle,200|100ms
-> request: /sso/ping
-> GET /sso/ping,200|203ms
-> request: /v1/api/tickle
-> GET /v1/api/tickle,200|32ms
-> request: /v1/api/tickle
-> GET /v1/api/tickle,200|66ms
-> request: /v1/api/tickle
-> GET /v1/api/tickle,200|97ms
-> request: /v1/api/tickle
-> GET /v1/api/tickle,200|56ms
-> request: /v1/api/tickle
-> GET /v1/api/tickle,200|60ms
-> request: /v1/api/tickle
-> GET /v1/api/tickle,200|53ms
-> request: /v1/api/tickle
-> GET /v1/api/tickle,200|49ms
-> request: /v1/api/tickle
-> GET /v1/api/tickle,200|61ms
-> request: /v1/api/tickle
-> GET /v1/api/tickle,200|97ms
-> request: /v1/api/tickle
-> GET /v1/api/tickle,200|32ms
-> request: /sso/ping
-> GET /sso/ping,200|235ms
-> request: /v1/api/tickle
-> GET /v1/api/tickle,200|82ms
-> request: /v1/api/tickle
-> GET /v1/api/tickle,200|250ms
-> request: /v1/api/tickle
-> GET /v1/api/tickle,200|72ms
-> request: /v1/api/tickle
-> GET /v1/api/tickle,200|309ms
-> request: /v1/api/tickle
-> GET /v1/api/tickle,200|39ms
-> request: /v1/api/tickle
-> GET /v1/api/tickle,200|109ms
-> request: /v1/api/tickle
-> GET /v1/api/tickle,200|78ms
-> request: /v1/api/tickle
-> GET /v1/api/tickle,200|31ms
-> request: /v1/api/tickle
-> GET /v1/api/tickle,200|69ms
-> request: /v1/api/tickle
-> GET /v1/api/tickle,200|40ms
-> request: /sso/ping
-> GET /sso/ping,200|116ms
-> request: /v1/api/tickle
-> GET /v1/api/tickle,200|75ms
-> request: /v1/api/tickle
-> GET /v1/api/tickle,200|47ms
-> request: /v1/api/tickle
-> GET /v1/api/tickle,200|30ms
-> request: /v1/api/tickle
-> GET /v1/api/tickle,200|71ms
-> request: /v1/api/tickle
-> GET /v1/api/tickle,200|80ms
-> request: /v1/api/tickle
-> GET /v1/api/tickle,200|44ms
-> request: /v1/api/tickle
-> GET /v1/api/tickle,200|62ms
-> request: /v1/api/tickle
-> GET /v1/api/tickle,200|35ms
-> request: /v1/api/tickle
-> GET /v1/api/tickle,200|43ms
-> request: /v1/api/tickle
-> GET /v1/api/tickle,200|62ms
-> request: /sso/ping
-> GET /sso/ping,200|209ms
-> request: /v1/api/tickle
-> GET /v1/api/tickle,200|26ms
-> request: /v1/api/tickle
-> GET /v1/api/tickle,200|74ms
-> request: /v1/api/tickle
-> GET /v1/api/tickle,200|51ms
-> request: /v1/api/tickle
-> GET /v1/api/tickle,200|52ms
-> request: /v1/api/tickle
-> GET /v1/api/tickle,200|64ms
-> request: /v1/api/tickle
-> GET /v1/api/tickle,200|39ms
-> request: /v1/api/tickle
-> GET /v1/api/tickle,200|576ms
-> request: /v1/api/tickle
-> GET /v1/api/tickle,200|71ms
-> request: /v1/api/tickle
-> GET /v1/api/tickle,200|38ms
-> request: /v1/api/tickle
-> GET /v1/api/tickle,200|43ms
-> request: /sso/ping
-> GET /sso/ping,200|157ms
-> request: /v1/api/tickle
-> GET /v1/api/tickle,200|67ms
-> request: /v1/api/tickle
-> GET /v1/api/tickle,200|45ms
-> request: /v1/api/tickle
-> GET /v1/api/tickle,200|63ms
-> request: /v1/api/tickle
-> GET /v1/api/tickle,200|45ms
-> request: /v1/api/tickle
-> GET /v1/api/tickle,200|120ms
-> request: /v1/api/tickle
-> GET /v1/api/tickle,200|74ms
-> request: /v1/api/tickle
-> GET /v1/api/tickle,200|28ms
-> request: /v1/api/tickle
-> GET /v1/api/tickle,200|35ms
-> request: /v1/api/tickle
-> GET /v1/api/tickle,401|183ms
-> request: /v1/api/sso/validate?gw=1
-> GET /v1/api/sso/validate?gw=1,401|588ms
-> request: /v1/api/sso/validate?gw=1
-> GET /v1/api/sso/validate?gw=1,401|147ms
-> request: /v1/api/sso/validate?gw=1
-> GET /v1/api/sso/validate?gw=1,401|176ms
-> request: /v1/api/sso/validate?gw=1
-> GET /v1/api/sso/validate?gw=1,401|243ms
-> request: /v1/api/sso/validate?gw=1
-> GET /v1/api/sso/validate?gw=1,401|155ms
-> request: /sso/ping
-> GET /sso/ping,200|146ms
-> request: /sso/ping
-> GET /sso/ping,200|252ms
-> request: /sso/ping
-> GET /sso/ping,200|252ms
-> request: /sso/ping
-> GET /sso/ping,200|202ms
-> request: /sso/ping
-> GET /sso/ping,200|202ms
-> request: /sso/ping
-> GET /sso/ping,200|133ms
-> request: /sso/ping
-> GET /sso/ping,200|204ms
-> request: /sso/ping
-> GET /sso/ping,200|231ms
-> request: /sso/ping
-> GET /sso/ping,200|210ms
-> request: /sso/ping
-> GET /sso/ping,200|218ms
-> request: /sso/ping
-> GET /sso/ping,200|215ms
-> request: /sso/ping
-> GET /sso/ping,200|201ms
-> request: /sso/ping
-> GET /sso/ping,200|224ms
-> request: /sso/ping
-> GET /sso/ping,200|227ms
-> request: /sso/ping
-> GET /sso/ping,200|213ms
-> request: /sso/ping
-> GET /sso/ping,200|124ms
-> request: /sso/ping
-> GET /sso/ping,200|211ms
-> request: /sso/ping
-> GET /sso/ping,200|202ms
-> request: /sso/ping
-> GET /sso/ping,200|205ms
-> request: /sso/ping
-> GET /sso/ping,200|460ms
-> request: /sso/ping
-> GET /sso/ping,200|201ms
-> request: /sso/ping
-> GET /sso/ping,200|219ms
-> request: /sso/ping
-> GET /sso/ping,200|217ms
-> request: /sso/ping
-> GET /sso/ping,200|208ms
-> request: /sso/ping
-> GET /sso/ping,200|215ms
-> request: /sso/ping
-> GET /sso/ping,200|161ms
-> request: /sso/ping
-> GET /sso/ping,200|335ms
-> request: /sso/ping
-> GET /sso/ping,200|221ms
-> request: /sso/ping
-> GET /sso/ping,200|220ms
-> request: /sso/ping
-> GET /sso/ping,200|246ms
-> request: /sso/ping
-> GET /sso/ping,200|266ms
-> request: /sso/ping
-> GET /sso/ping,200|236ms
-> request: /sso/ping
-> GET /sso/ping,200|212ms
-> request: /sso/ping
-> GET /sso/ping,200|248ms
-> request: /sso/ping
-> GET /sso/ping,200|218ms
-> request: /sso/ping
-> GET /sso/ping,200|124ms
-> request: /sso/ping
-> GET /sso/ping,200|215ms
-> request: /sso/ping
-> GET /sso/ping,200|128ms
-> request: /sso/ping
-> GET /sso/ping,200|152ms
-> request: /sso/ping
-> GET /sso/ping,200|207ms
-> request: /sso/ping
-> GET /sso/ping,200|142ms
-> request: /sso/ping
-> GET /sso/ping,200|207ms
-> request: /sso/ping
-> GET /sso/ping,200|126ms
-> request: /sso/ping
-> GET /sso/ping,200|214ms
-> request: /sso/ping
-> GET /sso/ping,200|229ms
-> request: /sso/ping
-> GET /sso/ping,200|240ms
-> request: /sso/ping
-> GET /sso/ping,200|290ms
-> request: /sso/ping
-> GET /sso/ping,200|210ms
-> request: /sso/ping
-> GET /sso/ping,200|125ms
-> request: /sso/ping
-> GET /sso/ping,200|255ms
-> request: /sso/ping
-> GET /sso/ping,200|168ms
-> request: /sso/ping
-> GET /sso/ping,200|203ms
-> request: /sso/ping
-> GET /sso/ping,200|209ms
-> request: /sso/ping
-> GET /sso/ping,200|130ms
-> request: /sso/ping
-> GET /sso/ping,200|149ms
-> request: /sso/ping
-> GET /sso/ping,200|209ms
-> request: /sso/ping
-> GET /sso/ping,200|217ms
-> request: /sso/ping
-> GET /sso/ping,200|223ms
-> request: /sso/ping
-> GET /sso/ping,200|164ms
-> request: /sso/ping
-> GET /sso/ping,200|127ms
-> request: /sso/ping
-> GET /sso/ping,200|232ms
-> request: /sso/ping
-> GET /sso/ping,200|209ms
-> request: /sso/ping
-> GET /sso/ping,200|123ms
-> request: /sso/ping
-> GET /sso/ping,200|204ms
-> request: /sso/ping
-> GET /sso/ping,200|154ms
-> request: /sso/ping
-> GET /sso/ping,200|163ms
-> request: /sso/ping
-> GET /sso/ping,200|211ms
-> request: /sso/ping
-> GET /sso/ping,200|203ms
-> request: /sso/ping
-> GET /sso/ping,200|137ms
-> request: /sso/ping
-> GET /sso/ping,200|268ms
-> request: /sso/ping
-> GET /sso/ping,200|125ms
-> request: /sso/ping
-> GET /sso/ping,200|128ms
-> request: /sso/ping
-> GET /sso/ping,200|209ms
-> request: /sso/ping
-> GET /sso/ping,200|120ms
-> request: /sso/ping
-> GET /sso/ping,200|226ms
