-> GET /sso/Login?forwardTo=22&RL=1&ip2loc=on
<- 200 GET /sso/Login?forwardTo=22&RL=1&ip2loc=on
-> GET /stylesheet/web/bootstrap.v3.3.6.css
-> GET /stylesheet/web/bootstrap-switch.v3.3.2.min.css
<- 200 GET /stylesheet/web/bootstrap-switch.v3.3.2.min.css
-> GET /stylesheet/web/font-awesome.v4.7.0.css
<- 200 GET /stylesheet/web/bootstrap.v3.3.6.css
<- 200 GET /stylesheet/web/font-awesome.v4.7.0.css
-> GET /stylesheet/web/switchery.min.css
<- 200 GET /stylesheet/web/switchery.min.css
-> GET /stylesheet/web/login.css
-> GET /sso/Templates/otp-responsive.css?1615125912503
<- 200 GET /stylesheet/web/login.css
-> GET /stylesheet/web/ib-common.css
-> GET /scripts/common/js/2015/jquery.min.js
<- 200 GET /stylesheet/web/ib-common.css
-> GET /scripts/common/js/jquery-ui-1.12.1.min.js
-> GET /scripts/common/js/2015/bootstrap.min.js
-> GET /scripts/common/js/2015/bootstrap-switch.min.js
<- 200 GET /sso/Templates/otp-responsive.css?1615125912503
-> GET /scripts/common/js/switchery.min.js
-> GET /sso/CombineFiles
<- 200 GET /scripts/common/js/2015/bootstrap.min.js
<- 200 GET /scripts/common/js/2015/bootstrap-switch.min.js
<- 200 GET /scripts/common/js/switchery.min.js
<- 200 GET /scripts/common/js/2015/jquery.min.js
<- 200 GET /sso/CombineFiles
<- 200 GET /scripts/common/js/jquery-ui-1.12.1.min.js
-> GET /images/2015/btn-app-apple.png
<- 200 GET /images/2015/btn-app-apple.png
-> GET /images/2015/btn-app-google.png
<- 200 GET /images/2015/btn-app-google.png
-> GET /images/2015/btn-app-tws.png
<- 200 GET /images/2015/btn-app-tws.png
-> GET /images/2015/button_discover_apis.png
<- 200 GET /images/2015/button_discover_apis.png
-> GET /images/2015/template/logo-ib-ibkr-txtwht.svg
-> GET /fonts/Proxima-Nova-Light.woff2
<- 200 GET /images/2015/template/logo-ib-ibkr-txtwht.svg
-> GET /fonts/fontawesome-webfont.woff2?v=4.6.1
-> GET /fonts/Proxima-Nova-Semibold.woff2
<- 200 GET /fonts/Proxima-Nova-Light.woff2
<- 200 GET /fonts/fontawesome-webfont.woff2?v=4.6.1
-> GET /fonts/Proxima-Nova-Regular.woff2
<- 200 GET /fonts/Proxima-Nova-Semibold.woff2
-> GET /images/2015/template/logo-ib-ibkr-txtblk.svg
<- 200 GET /fonts/Proxima-Nova-Regular.woff2
<- 200 GET /images/2015/template/logo-ib-ibkr-txtblk.svg
-> POST /sso/Authenticator;jsessionid=014A91BF34B2E6679A0BC5DA5870EBA0.ny5wwwdam2-internet?94328
<- 200 POST /sso/Authenticator;jsessionid=014A91BF34B2E6679A0BC5DA5870EBA0.ny5wwwdam2-internet?94328
-> POST /sso/Authenticator;jsessionid=014A91BF34B2E6679A0BC5DA5870EBA0.ny5wwwdam2-internet?5105
<- 200 POST /sso/Authenticator;jsessionid=014A91BF34B2E6679A0BC5DA5870EBA0.ny5wwwdam2-internet?5105
-> POST /sso/Dispatcher;jsessionid=014A91BF34B2E6679A0BC5DA5870EBA0.ny5wwwdam2-internet
<- 302 POST /sso/Dispatcher;jsessionid=014A91BF34B2E6679A0BC5DA5870EBA0.ny5wwwdam2-internet
-> request: /v1/api/sso/validate?gw=1
-> request: /AccountManagement/OneBarAuthentication?json=1
-> GET /AccountManagement/OneBarAuthentication?json=1,404|326ms
-> GET /v1/api/sso/validate?gw=1,200|371ms
-> request: /v1/api/one/user
-> request: /sso/AuthenticateSSODH?ACTION=INIT
-> sso GET https://api.ibkr.com/sso/AuthenticateSSODH?ACTION=INIT
-> request: /sso/AuthenticateSSODH?ACTION=COMPLETE&B=4f4218f309244da93e5efc8f599db91e3e0f8188c840ef3cd804cc67562efd6c1b539c7865393179361ea0012898fb9c4d83726e5db98d30ed98781e9a6d868c&CHRESPONSE=c124666651c159d78fc20b66ffafcff94bab0355
-> sso GET https://api.ibkr.com/sso/AuthenticateSSODH?ACTION=COMPLETE&B=4f4218f309244da93e5efc8f599db91e3e0f8188c840ef3cd804cc67562efd6c1b539c7865393179361ea0012898fb9c4d83726e5db98d30ed98781e9a6d868c&CHRESPONSE=c124666651c159d78fc20b66ffafcff94bab0355
-> GET /v1/api/one/user,200|171ms
-> request: /sso/Authenticator?ACTION=PUBLISH_TST&RESP_TYPE=JSON&DEVICE_ID=22039178|F0-6E-0B-BD-A2-D6
-> sso GET https://api.ibkr.com/sso/Authenticator?ACTION=PUBLISH_TST&RESP_TYPE=JSON&DEVICE_ID=22039178|F0-6E-0B-BD-A2-D6
<- 200 GET https://api.ibkr.com/sso/Authenticator?ACTION=PUBLISH_TST&RESP_TYPE=JSON&DEVICE_ID=22039178|F0-6E-0B-BD-A2-D6 0
-> request: /v1/api/iserver/auth/status
-> GET /v1/api/iserver/auth/status,200|117ms
-> request: /v1/api/iserver/auth/ssodh/init
-> POST https://api.ibkr.com/v1/api/iserver/auth/ssodh/init,200|144ms
-> request: /v1/api/iserver/auth/ssodh/response
-> POST https://api.ibkr.com/v1/api/iserver/auth/ssodh/response,200|115ms
-> request: /v1/api/iserver/accounts
-> GET /v1/api/iserver/accounts,200|116ms
-> GET /v1/portal/iserver/auth/status
<- 200 GET /v1/portal/iserver/auth/status
-> GET /v1/portal/iserver/accounts
<- 200 GET /v1/portal/iserver/accounts
-> GET /v1/portal/iserver/account/orders
<- 200 GET /v1/portal/iserver/account/orders
-> GET /v1/portal/iserver/account/orders
<- 200 GET /v1/portal/iserver/account/orders
-> GET /v1/portal/portfolio/DU2971300/ledger
<- 200 GET /v1/portal/portfolio/DU2971300/ledger
-> request: /v1/api/tickle
-> GET /v1/portal/portfolio/DU2971300/positions/0
-> GET /v1/api/tickle,200|124ms
<- 200 GET /v1/portal/portfolio/DU2971300/positions/0
-> POST /v1/portal/iserver/secdef/search
<- 200 POST /v1/portal/iserver/secdef/search
-> GET /v1/portal/iserver/marketdata/snapshot?conids=12087792&since=0&fields=31%2C84%2C85
<- 200 GET /v1/portal/iserver/marketdata/snapshot?conids=12087792&since=0&fields=31%2C84%2C85
-> GET /v1/portal/iserver/marketdata/snapshot?conids=12087792&since=0&fields=31%2C84%2C85
<- 200 GET /v1/portal/iserver/marketdata/snapshot?conids=12087792&since=0&fields=31%2C84%2C85
-> POST /v1/portal/iserver/secdef/search
<- 200 POST /v1/portal/iserver/secdef/search
-> GET /v1/portal/iserver/marketdata/snapshot?conids=12087802&since=0&fields=31%2C84%2C85
<- 200 GET /v1/portal/iserver/marketdata/snapshot?conids=12087802&since=0&fields=31%2C84%2C85
-> GET /v1/portal/iserver/marketdata/snapshot?conids=12087802&since=0&fields=31%2C84%2C85
<- 200 GET /v1/portal/iserver/marketdata/snapshot?conids=12087802&since=0&fields=31%2C84%2C85
-> POST /v1/portal/iserver/secdef/search
<- 200 POST /v1/portal/iserver/secdef/search
-> GET /v1/portal/iserver/marketdata/snapshot?conids=12087817&since=0&fields=31%2C84%2C85
<- 200 GET /v1/portal/iserver/marketdata/snapshot?conids=12087817&since=0&fields=31%2C84%2C85
-> GET /v1/portal/iserver/marketdata/snapshot?conids=12087817&since=0&fields=31%2C84%2C85
<- 200 GET /v1/portal/iserver/marketdata/snapshot?conids=12087817&since=0&fields=31%2C84%2C85
-> request: /v1/api/tickle
-> GET /v1/api/tickle,200|694ms
-> request: /v1/api/tickle
-> GET /v1/api/tickle,200|796ms
-> request: /v1/api/tickle
-> GET /v1/api/tickle,200|705ms
-> GET /v1/portal/iserver/account/orders
<- 200 GET /v1/portal/iserver/account/orders
-> request: /v1/api/tickle
-> GET /v1/api/tickle,200|179ms
-> request: /v1/api/tickle
-> GET /v1/api/tickle,200|809ms
-> request: /v1/api/tickle
-> GET /v1/api/tickle,200|554ms
-> request: /v1/api/tickle
-> GET /v1/api/tickle,200|1028ms
-> GET /v1/portal/iserver/account/orders
<- 200 GET /v1/portal/iserver/account/orders
-> request: /v1/api/tickle
-> GET /v1/api/tickle,200|113ms
-> request: /sso/ping
-> GET /sso/ping,200|663ms
-> request: /v1/api/tickle
-> GET /v1/api/tickle,200|212ms
-> request: /v1/api/tickle
-> GET /v1/api/tickle,200|838ms
-> request: /v1/api/tickle
-> GET /v1/api/tickle,200|731ms
-> GET /v1/portal/iserver/account/orders
<- 200 GET /v1/portal/iserver/account/orders
-> request: /v1/api/tickle
-> GET /v1/api/tickle,200|129ms
-> request: /v1/api/tickle
-> GET /v1/api/tickle,200|1358ms
-> request: /v1/api/tickle
-> GET /v1/api/tickle,200|440ms
-> request: /v1/api/tickle
-> GET /v1/api/tickle,200|957ms
-> GET /v1/portal/iserver/account/orders
<- 200 GET /v1/portal/iserver/account/orders
-> request: /v1/api/tickle
-> GET /v1/api/tickle,200|135ms
-> request: /v1/api/tickle
-> GET /v1/api/tickle,200|885ms
-> request: /v1/api/tickle
-> GET /v1/api/tickle,200|656ms
-> request: /sso/ping
-> GET /sso/ping,200|599ms
-> request: /v1/api/tickle
-> GET /v1/api/tickle,200|158ms
-> GET /v1/portal/iserver/account/orders
<- 200 GET /v1/portal/iserver/account/orders
-> request: /v1/api/tickle
-> GET /v1/api/tickle,200|117ms
-> request: /v1/api/tickle
-> GET /v1/api/tickle,200|973ms
-> request: /v1/api/tickle
-> GET /v1/api/tickle,200|778ms
-> request: /v1/api/tickle
-> GET /v1/api/tickle,200|857ms
-> GET /v1/portal/iserver/account/orders
<- 200 GET /v1/portal/iserver/account/orders
-> request: /v1/api/tickle
-> GET /v1/api/tickle,200|280ms
-> request: /v1/api/tickle
-> GET /v1/api/tickle,200|704ms
-> request: /v1/api/tickle
-> GET /v1/api/tickle,200|1719ms
-> request: /v1/api/tickle
-> GET /v1/api/tickle,200|914ms
-> GET /v1/portal/iserver/account/orders
<- 200 GET /v1/portal/iserver/account/orders
-> request: /v1/api/tickle
-> GET /v1/api/tickle,200|192ms
-> request: /sso/ping
-> GET /sso/ping,200|550ms
-> request: /v1/api/tickle
-> GET /v1/api/tickle,200|305ms
-> request: /v1/api/tickle
-> GET /v1/api/tickle,200|427ms
-> request: /v1/api/tickle
-> GET /v1/api/tickle,200|441ms
-> GET /v1/portal/iserver/account/orders
<- 200 GET /v1/portal/iserver/account/orders
-> request: /v1/api/tickle
-> GET /v1/api/tickle,200|112ms
-> request: /v1/api/tickle
-> GET /v1/api/tickle,200|442ms
-> request: /v1/api/tickle
-> GET /v1/api/tickle,200|616ms
-> request: /v1/api/tickle
-> GET /v1/api/tickle,200|428ms
-> GET /v1/portal/iserver/account/orders
<- 200 GET /v1/portal/iserver/account/orders
-> request: /v1/api/tickle
-> GET /v1/api/tickle,200|113ms
-> request: /v1/api/tickle
-> GET /v1/api/tickle,200|574ms
-> request: /v1/api/tickle
-> GET /v1/api/tickle,200|414ms
-> request: /sso/ping
-> GET /sso/ping,200|439ms
-> request: /v1/api/tickle
-> GET /v1/api/tickle,200|112ms
-> GET /v1/portal/iserver/account/orders
<- 200 GET /v1/portal/iserver/account/orders
-> request: /v1/api/tickle
-> GET /v1/api/tickle,200|108ms
-> request: /v1/api/tickle
-> GET /v1/api/tickle,200|567ms
-> request: /v1/api/tickle
-> GET /v1/api/tickle,200|440ms
-> request: /v1/api/tickle
-> GET /v1/api/tickle,200|641ms
-> GET /v1/portal/iserver/account/orders
<- 200 GET /v1/portal/iserver/account/orders
-> request: /v1/api/tickle
-> GET /v1/api/tickle,200|114ms
-> request: /v1/api/tickle
-> GET /v1/api/tickle,200|547ms
-> request: /v1/api/tickle
-> GET /v1/api/tickle,200|438ms
-> request: /v1/api/tickle
-> GET /v1/api/tickle,200|552ms
-> GET /v1/portal/iserver/account/orders
<- 200 GET /v1/portal/iserver/account/orders
-> request: /v1/api/tickle
-> GET /v1/api/tickle,200|99ms
-> request: /sso/ping
-> GET /sso/ping,200|412ms
-> request: /v1/api/tickle
-> GET /v1/api/tickle,200|109ms
-> request: /v1/api/tickle
-> GET /v1/api/tickle,200|591ms
-> request: /v1/api/tickle
-> GET /v1/api/tickle,200|416ms
-> GET /v1/portal/iserver/account/orders
<- 200 GET /v1/portal/iserver/account/orders
-> request: /v1/api/tickle
-> GET /v1/api/tickle,200|112ms
-> request: /v1/api/tickle
-> GET /v1/api/tickle,200|596ms
-> request: /v1/api/tickle
-> GET /v1/api/tickle,200|457ms
-> request: /v1/api/tickle
-> GET /v1/api/tickle,200|587ms
-> GET /v1/portal/iserver/account/orders
<- 200 GET /v1/portal/iserver/account/orders
-> request: /v1/api/tickle
-> GET /v1/api/tickle,200|100ms
-> request: /v1/api/tickle
-> GET /v1/api/tickle,200|588ms
-> request: /v1/api/tickle
-> GET /v1/api/tickle,200|418ms
-> request: /sso/ping
-> GET /sso/ping,200|507ms
-> request: /v1/api/tickle
-> GET /v1/api/tickle,200|115ms
-> GET /v1/portal/iserver/account/orders
<- 200 GET /v1/portal/iserver/account/orders
-> request: /v1/api/tickle
-> GET /v1/api/tickle,200|107ms
-> request: /v1/api/tickle
-> GET /v1/api/tickle,200|531ms
-> request: /v1/api/tickle
-> GET /v1/api/tickle,200|446ms
-> request: /v1/api/tickle
-> GET /v1/api/tickle,200|572ms
-> GET /v1/portal/iserver/account/orders
<- 200 GET /v1/portal/iserver/account/orders
-> request: /v1/api/tickle
-> GET /v1/api/tickle,200|113ms
-> request: /v1/api/tickle
-> GET /v1/api/tickle,200|588ms
-> request: /v1/api/tickle
-> GET /v1/api/tickle,200|417ms
-> request: /v1/api/tickle
-> GET /v1/api/tickle,200|542ms
-> GET /v1/portal/iserver/account/orders
<- 200 GET /v1/portal/iserver/account/orders
-> request: /v1/api/tickle
-> GET /v1/api/tickle,200|107ms
-> request: /sso/ping
-> GET /sso/ping,200|415ms
-> request: /v1/api/tickle
-> GET /v1/api/tickle,200|107ms
-> request: /v1/api/tickle
-> GET /v1/api/tickle,200|582ms
-> request: /v1/api/tickle
-> GET /v1/api/tickle,200|414ms
-> GET /v1/portal/iserver/account/orders
<- 200 GET /v1/portal/iserver/account/orders
-> request: /v1/api/tickle
-> GET /v1/api/tickle,200|107ms
-> request: /v1/api/tickle
-> GET /v1/api/tickle,200|594ms
-> request: /v1/api/tickle
-> GET /v1/api/tickle,200|415ms
-> request: /v1/api/tickle
-> GET /v1/api/tickle,200|577ms
-> GET /v1/portal/iserver/account/orders
<- 200 GET /v1/portal/iserver/account/orders
-> request: /v1/api/tickle
-> GET /v1/api/tickle,200|112ms
-> request: /v1/api/tickle
-> GET /v1/api/tickle,200|586ms
-> request: /v1/api/tickle
-> GET /v1/api/tickle,200|433ms
-> request: /sso/ping
-> GET /sso/ping,200|413ms
-> request: /v1/api/tickle
-> GET /v1/api/tickle,200|107ms
-> GET /v1/portal/iserver/account/orders
<- 200 GET /v1/portal/iserver/account/orders
-> request: /v1/api/tickle
-> GET /v1/api/tickle,200|94ms
-> request: /v1/api/tickle
-> GET /v1/api/tickle,200|545ms
-> request: /v1/api/tickle
-> GET /v1/api/tickle,200|512ms
-> request: /v1/api/tickle
-> GET /v1/api/tickle,200|792ms
-> GET /v1/portal/iserver/account/orders
<- 200 GET /v1/portal/iserver/account/orders
-> request: /v1/api/tickle
-> GET /v1/api/tickle,200|109ms
-> request: /v1/api/tickle
-> GET /v1/api/tickle,200|559ms
-> request: /v1/api/tickle
-> GET /v1/api/tickle,200|513ms
-> request: /v1/api/tickle
-> GET /v1/api/tickle,200|559ms
-> GET /v1/portal/iserver/account/orders
<- 200 GET /v1/portal/iserver/account/orders
-> request: /v1/api/tickle
-> GET /v1/api/tickle,200|108ms
-> request: /sso/ping
-> GET /sso/ping,200|410ms
-> request: /v1/api/tickle
-> GET /v1/api/tickle,200|107ms
-> request: /v1/api/tickle
-> GET /v1/api/tickle,200|560ms
-> request: /v1/api/tickle
-> GET /v1/api/tickle,200|428ms
-> GET /v1/portal/iserver/account/orders
<- 200 GET /v1/portal/iserver/account/orders
-> request: /v1/api/tickle
-> GET /v1/api/tickle,200|107ms
-> request: /v1/api/tickle
-> GET /v1/api/tickle,200|571ms
-> request: /v1/api/tickle
-> GET /v1/api/tickle,200|442ms
-> request: /v1/api/tickle
-> GET /v1/api/tickle,200|555ms
-> GET /v1/portal/iserver/account/orders
<- 200 GET /v1/portal/iserver/account/orders
-> request: /v1/api/tickle
-> GET /v1/api/tickle,200|115ms
-> request: /v1/api/tickle
-> GET /v1/api/tickle,200|542ms
-> request: /v1/api/tickle
-> GET /v1/api/tickle,200|439ms
-> request: /sso/ping
-> GET /sso/ping,200|438ms
-> request: /v1/api/tickle
-> GET /v1/api/tickle,200|115ms
-> GET /v1/portal/iserver/account/orders
<- 200 GET /v1/portal/iserver/account/orders
-> request: /v1/api/tickle
-> GET /v1/api/tickle,200|113ms
-> request: /v1/api/tickle
-> GET /v1/api/tickle,200|556ms
-> request: /v1/api/tickle
-> GET /v1/api/tickle,200|437ms
-> request: /v1/api/tickle
-> GET /v1/api/tickle,200|591ms
-> GET /v1/portal/iserver/account/orders
<- 200 GET /v1/portal/iserver/account/orders
-> request: /v1/api/tickle
-> GET /v1/api/tickle,200|114ms
-> request: /v1/api/tickle
-> GET /v1/api/tickle,200|591ms
-> request: /v1/api/tickle
-> GET /v1/api/tickle,200|448ms
-> request: /v1/api/tickle
-> GET /v1/api/tickle,200|550ms
-> GET /v1/portal/iserver/account/orders
<- 200 GET /v1/portal/iserver/account/orders
-> request: /v1/api/tickle
-> GET /v1/api/tickle,200|116ms
-> request: /sso/ping
-> GET /sso/ping,200|437ms
-> request: /v1/api/tickle
-> GET /v1/api/tickle,200|116ms
-> request: /v1/api/tickle
-> GET /v1/api/tickle,200|583ms
-> request: /v1/api/tickle
-> GET /v1/api/tickle,200|440ms
-> GET /v1/portal/iserver/account/orders
<- 200 GET /v1/portal/iserver/account/orders
-> request: /v1/api/tickle
-> GET /v1/api/tickle,200|108ms
-> request: /v1/api/tickle
-> GET /v1/api/tickle,200|562ms
-> request: /v1/api/tickle
-> GET /v1/api/tickle,200|445ms
-> request: /v1/api/tickle
-> GET /v1/api/tickle,200|613ms
-> GET /v1/portal/iserver/account/orders
<- 200 GET /v1/portal/iserver/account/orders
-> request: /v1/api/tickle
-> GET /v1/api/tickle,200|108ms
-> request: /v1/api/tickle
-> GET /v1/api/tickle,200|573ms
-> request: /v1/api/tickle
-> GET /v1/api/tickle,200|440ms
-> request: /sso/ping
-> GET /sso/ping,200|441ms
-> request: /v1/api/tickle
-> GET /v1/api/tickle,200|113ms
-> GET /v1/portal/iserver/account/orders
<- 200 GET /v1/portal/iserver/account/orders
-> request: /v1/api/tickle
-> GET /v1/api/tickle,200|110ms
-> request: /v1/api/tickle
-> GET /v1/api/tickle,200|572ms
-> request: /v1/api/tickle
-> GET /v1/api/tickle,200|443ms
-> request: /v1/api/tickle
-> GET /v1/api/tickle,200|638ms
-> GET /v1/portal/iserver/account/orders
<- 200 GET /v1/portal/iserver/account/orders
-> request: /v1/api/tickle
-> GET /v1/api/tickle,200|108ms
-> request: /v1/api/tickle
-> GET /v1/api/tickle,200|593ms
-> request: /v1/api/tickle
-> GET /v1/api/tickle,200|416ms
-> request: /v1/api/tickle
-> GET /v1/api/tickle,200|548ms
-> GET /v1/portal/iserver/account/orders
<- 200 GET /v1/portal/iserver/account/orders
-> request: /v1/api/tickle
-> GET /v1/api/tickle,200|114ms
-> request: /sso/ping
-> GET /sso/ping,200|440ms
-> request: /v1/api/tickle
-> GET /v1/api/tickle,200|114ms
-> request: /v1/api/tickle
-> GET /v1/api/tickle,200|566ms
-> request: /v1/api/tickle
-> GET /v1/api/tickle,200|440ms
-> GET /v1/portal/iserver/account/orders
<- 200 GET /v1/portal/iserver/account/orders
-> request: /v1/api/tickle
-> GET /v1/api/tickle,200|114ms
-> request: /v1/api/tickle
-> GET /v1/api/tickle,200|554ms
-> request: /v1/api/tickle
-> GET /v1/api/tickle,200|1177ms
-> request: /v1/api/tickle
-> GET /v1/api/tickle,200|554ms
-> GET /v1/portal/iserver/account/orders
<- 200 GET /v1/portal/iserver/account/orders
-> request: /v1/api/tickle
-> GET /v1/api/tickle,200|123ms
-> request: /v1/api/tickle
-> GET /v1/api/tickle,200|578ms
-> request: /v1/api/tickle
-> GET /v1/api/tickle,200|750ms
-> request: /sso/ping
-> GET /sso/ping,200|415ms
-> request: /v1/api/tickle
-> GET /v1/api/tickle,200|106ms
-> GET /v1/portal/iserver/account/orders
-> request: /v1/api/tickle
<- 200 GET /v1/portal/iserver/account/orders
-> GET /v1/api/tickle,200|521ms
-> request: /v1/api/tickle
-> GET /v1/api/tickle,200|767ms
-> request: /v1/api/tickle
-> GET /v1/api/tickle,200|1065ms
-> request: /v1/api/tickle
-> GET /v1/api/tickle,200|760ms
-> GET /v1/portal/iserver/account/orders
-> request: /v1/api/tickle
<- 200 GET /v1/portal/iserver/account/orders
-> GET /v1/api/tickle,200|663ms
-> request: /v1/api/tickle
-> GET /v1/api/tickle,200|684ms
-> request: /v1/api/tickle
-> GET /v1/api/tickle,200|783ms
-> request: /v1/api/tickle
-> GET /v1/api/tickle,200|684ms
-> GET /v1/portal/iserver/account/orders
-> request: /v1/api/tickle
<- 200 GET /v1/portal/iserver/account/orders
-> GET /v1/api/tickle,200|338ms
-> request: /sso/ping
-> GET /sso/ping,200|445ms
-> request: /v1/api/tickle
-> GET /v1/api/tickle,200|112ms
-> request: /v1/api/tickle
-> GET /v1/api/tickle,200|570ms
-> request: /v1/api/tickle
-> GET /v1/api/tickle,200|438ms
-> GET /v1/portal/iserver/account/orders
<- 200 GET /v1/portal/iserver/account/orders
-> request: /v1/api/tickle
-> GET /v1/api/tickle,200|108ms
-> request: /v1/api/tickle
-> GET /v1/api/tickle,200|535ms
-> request: /v1/api/tickle
-> GET /v1/api/tickle,200|415ms
-> request: /v1/api/tickle
-> GET /v1/api/tickle,200|598ms
-> GET /v1/portal/iserver/account/orders
<- 200 GET /v1/portal/iserver/account/orders
-> request: /v1/api/tickle
-> GET /v1/api/tickle,200|116ms
-> request: /v1/api/tickle
-> GET /v1/api/tickle,200|562ms
-> request: /v1/api/tickle
-> GET /v1/api/tickle,200|447ms
-> request: /sso/ping
-> GET /sso/ping,200|438ms
-> request: /v1/api/tickle
-> GET /v1/api/tickle,200|112ms
-> GET /v1/portal/iserver/account/orders
-> request: /v1/api/tickle
<- 200 GET /v1/portal/iserver/account/orders
-> GET /v1/api/tickle,200|316ms
-> request: /v1/api/tickle
-> GET /v1/api/tickle,200|438ms
-> request: /v1/api/tickle
-> GET /v1/api/tickle,200|420ms
-> request: /v1/api/tickle
-> GET /v1/api/tickle,200|543ms
-> GET /v1/portal/iserver/account/orders
-> request: /v1/api/tickle
<- 200 GET /v1/portal/iserver/account/orders
-> GET /v1/api/tickle,200|309ms
-> request: /v1/api/tickle
-> GET /v1/api/tickle,200|607ms
-> request: /v1/api/tickle
-> GET /v1/api/tickle,200|491ms
-> request: /v1/api/tickle
-> GET /v1/api/tickle,200|585ms
-> GET /v1/portal/iserver/account/orders
<- 200 GET /v1/portal/iserver/account/orders
-> request: /v1/api/tickle
-> GET /v1/api/tickle,200|107ms
-> request: /sso/ping
-> GET /sso/ping,200|504ms
-> request: /v1/api/tickle
-> GET /v1/api/tickle,200|107ms
-> request: /v1/api/tickle
-> GET /v1/api/tickle,200|571ms
-> request: /v1/api/tickle
-> GET /v1/api/tickle,200|449ms
-> GET /v1/portal/iserver/account/orders
-> request: /v1/api/tickle
<- 200 GET /v1/portal/iserver/account/orders
-> GET /v1/api/tickle,200|330ms
-> request: /v1/api/tickle
-> GET /v1/api/tickle,200|413ms
-> request: /v1/api/tickle
-> GET /v1/api/tickle,200|420ms
-> request: /v1/api/tickle
-> GET /v1/api/tickle,200|588ms
-> GET /v1/portal/iserver/account/orders
<- 200 GET /v1/portal/iserver/account/orders
-> request: /v1/api/tickle
-> GET /v1/api/tickle,200|105ms
-> request: /v1/api/tickle
-> GET /v1/api/tickle,200|604ms
-> request: /v1/api/tickle
-> GET /v1/api/tickle,200|418ms
-> request: /sso/ping
-> GET /sso/ping,200|411ms
-> request: /v1/api/tickle
-> GET /v1/api/tickle,200|109ms
-> GET /v1/portal/iserver/account/orders
-> request: /v1/api/tickle
<- 200 GET /v1/portal/iserver/account/orders
-> GET /v1/api/tickle,200|311ms
-> request: /v1/api/tickle
-> GET /v1/api/tickle,200|414ms
-> request: /v1/api/tickle
-> GET /v1/api/tickle,200|599ms
-> request: /v1/api/tickle
-> GET /v1/api/tickle,200|441ms
-> GET /v1/portal/iserver/account/orders
-> request: /v1/api/tickle
<- 200 GET /v1/portal/iserver/account/orders
-> GET /v1/api/tickle,200|329ms
-> request: /v1/api/tickle
-> GET /v1/api/tickle,200|414ms
-> request: /v1/api/tickle
-> GET /v1/api/tickle,200|413ms
-> request: /v1/api/tickle
-> GET /v1/api/tickle,200|585ms
-> GET /v1/portal/iserver/account/orders
-> request: /v1/api/tickle
<- 200 GET /v1/portal/iserver/account/orders
-> GET /v1/api/tickle,200|331ms
-> request: /sso/ping
-> GET /sso/ping,200|421ms
-> request: /v1/api/tickle
-> GET /v1/api/tickle,200|108ms
-> request: /v1/api/tickle
-> GET /v1/api/tickle,200|575ms
-> request: /v1/api/tickle
-> GET /v1/api/tickle,200|413ms
-> GET /v1/portal/iserver/account/orders
-> request: /v1/api/tickle
<- 200 GET /v1/portal/iserver/account/orders
-> GET /v1/api/tickle,200|313ms
-> request: /v1/api/tickle
-> GET /v1/api/tickle,200|445ms
-> request: /v1/api/tickle
-> GET /v1/api/tickle,200|555ms
-> request: /v1/api/tickle
-> GET /v1/api/tickle,200|416ms
-> GET /v1/portal/iserver/account/orders
-> request: /v1/api/tickle
<- 200 GET /v1/portal/iserver/account/orders
-> GET /v1/api/tickle,200|330ms
-> request: /v1/api/tickle
-> GET /v1/api/tickle,200|445ms
-> request: /v1/api/tickle
-> GET /v1/api/tickle,200|933ms
-> request: /sso/ping
-> GET /sso/ping,200|442ms
-> request: /v1/api/tickle
-> GET /v1/api/tickle,200|114ms
-> GET /v1/portal/iserver/account/orders
-> request: /v1/api/tickle
<- 200 GET /v1/portal/iserver/account/orders
-> GET /v1/api/tickle,200|334ms
-> request: /v1/api/tickle
-> GET /v1/api/tickle,200|439ms
-> request: /v1/api/tickle
-> GET /v1/api/tickle,200|592ms
-> request: /v1/api/tickle
-> GET /v1/api/tickle,200|430ms
-> GET /v1/portal/iserver/account/orders
-> request: /v1/api/tickle
<- 200 GET /v1/portal/iserver/account/orders
-> GET /v1/api/tickle,200|334ms
-> request: /v1/api/tickle
-> GET /v1/api/tickle,200|411ms
-> request: /v1/api/tickle
-> GET /v1/api/tickle,200|450ms
-> request: /v1/api/tickle
-> GET /v1/api/tickle,200|437ms
-> GET /v1/portal/iserver/account/orders
-> request: /v1/api/tickle
<- 200 GET /v1/portal/iserver/account/orders
-> GET /v1/api/tickle,200|332ms
-> request: /sso/ping
-> GET /sso/ping,200|589ms
-> request: /v1/api/tickle
-> GET /v1/api/tickle,200|115ms
-> request: /v1/api/tickle
-> GET /v1/api/tickle,200|446ms
-> request: /v1/api/tickle
-> GET /v1/api/tickle,200|414ms
-> GET /v1/portal/iserver/account/orders
-> request: /v1/api/tickle
<- 200 GET /v1/portal/iserver/account/orders
-> GET /v1/api/tickle,200|332ms
-> request: /v1/api/tickle
-> GET /v1/api/tickle,200|416ms
-> request: /v1/api/tickle
-> GET /v1/api/tickle,200|629ms
-> request: /v1/api/tickle
-> GET /v1/api/tickle,200|442ms
-> GET /v1/portal/iserver/account/orders
-> request: /v1/api/tickle
<- 200 GET /v1/portal/iserver/account/orders
-> GET /v1/api/tickle,200|337ms
-> request: /v1/api/tickle
-> GET /v1/api/tickle,200|450ms
-> request: /v1/api/tickle
-> GET /v1/api/tickle,200|417ms
-> request: /sso/ping
-> GET /sso/ping,200|620ms
-> request: /v1/api/tickle
-> GET /v1/api/tickle,200|108ms
-> GET /v1/portal/iserver/account/orders
-> request: /v1/api/tickle
<- 200 GET /v1/portal/iserver/account/orders
-> GET /v1/api/tickle,200|330ms
-> request: /v1/api/tickle
-> GET /v1/api/tickle,200|615ms
-> request: /v1/api/tickle
-> GET /v1/api/tickle,200|493ms
-> request: /v1/api/tickle
-> GET /v1/api/tickle,200|662ms
-> GET /v1/portal/iserver/account/orders
-> request: /v1/api/tickle
<- 200 GET /v1/portal/iserver/account/orders
-> GET /v1/api/tickle,200|313ms
-> request: /v1/api/tickle
-> GET /v1/api/tickle,200|663ms
-> request: /v1/api/tickle
-> GET /v1/api/tickle,200|557ms
-> request: /v1/api/tickle
-> GET /v1/api/tickle,200|672ms
-> GET /v1/portal/iserver/account/orders
-> request: /v1/api/tickle
<- 200 GET /v1/portal/iserver/account/orders
-> GET /v1/api/tickle,200|309ms
-> request: /sso/ping
-> GET /sso/ping,200|440ms
-> request: /v1/api/tickle
-> GET /v1/api/tickle,200|115ms
-> request: /v1/api/tickle
-> GET /v1/api/tickle,200|677ms
-> request: /v1/api/tickle
-> GET /v1/api/tickle,200|437ms
-> GET /v1/portal/iserver/account/orders
-> request: /v1/api/tickle
<- 200 GET /v1/portal/iserver/account/orders
-> GET /v1/api/tickle,200|439ms
-> request: /v1/api/tickle
-> GET /v1/api/tickle,200|409ms
-> request: /v1/api/tickle
-> GET /v1/api/tickle,200|579ms
-> request: /v1/api/tickle
-> GET /v1/api/tickle,200|442ms
-> GET /v1/portal/iserver/account/orders
-> request: /v1/api/tickle
-> GET /v1/api/tickle,200|415ms
<- 200 GET /v1/portal/iserver/account/orders
-> request: /v1/api/tickle
-> GET /v1/api/tickle,200|422ms
-> request: /v1/api/tickle
-> GET /v1/api/tickle,200|1081ms
-> request: /sso/ping
-> GET /sso/ping,200|413ms
-> request: /v1/api/tickle
-> GET /v1/api/tickle,200|106ms
-> GET /v1/portal/iserver/account/orders
-> request: /v1/api/tickle
<- 200 GET /v1/portal/iserver/account/orders
-> GET /v1/api/tickle,200|309ms
-> request: /v1/api/tickle
-> GET /v1/api/tickle,200|675ms
-> request: /v1/api/tickle
-> GET /v1/api/tickle,200|490ms
-> request: /v1/api/tickle
-> GET /v1/api/tickle,200|680ms
-> GET /v1/portal/iserver/account/orders
-> request: /v1/api/tickle
<- 200 GET /v1/portal/iserver/account/orders
-> GET /v1/api/tickle,200|311ms
-> request: /v1/api/tickle
-> GET /v1/api/tickle,200|912ms
-> request: /v1/api/tickle
-> GET /v1/api/tickle,200|441ms
-> request: /v1/api/tickle
-> GET /v1/api/tickle,200|743ms
-> GET /v1/portal/iserver/account/orders
-> request: /v1/api/tickle
<- 200 GET /v1/portal/iserver/account/orders
-> GET /v1/api/tickle,200|325ms
-> request: /sso/ping
-> GET /sso/ping,200|412ms
-> request: /v1/api/tickle
-> GET /v1/api/tickle,200|119ms
-> request: /v1/api/tickle
-> request: /v1/api/tickle
-> request: /v1/api/tickle
-> request: /v1/api/tickle
-> request: /v1/api/tickle
-> request: /v1/api/tickle
-> request: /v1/api/tickle
-> request: /v1/api/tickle
-> GET /v1/api/tickle,200|437ms
-> GET /v1/api/tickle,200|437ms
-> GET /v1/api/tickle,200|437ms
-> GET /v1/api/tickle,200|605ms
-> GET /v1/api/tickle,200|498ms
-> GET /v1/api/tickle,200|539ms
-> GET /v1/api/tickle,200|541ms
-> GET /v1/api/tickle,200|542ms
-> request: /v1/api/tickle
-> GET /v1/api/tickle,200|1293ms
-> request: /sso/ping
-> GET /sso/ping,200|439ms
-> request: /v1/api/tickle
-> GET /v1/api/tickle,200|113ms
-> GET /v1/portal/iserver/account/orders
<- 200 GET /v1/portal/iserver/account/orders
-> request: /v1/api/tickle
-> GET /v1/api/tickle,200|566ms
-> request: /v1/api/tickle
-> GET /v1/api/tickle,200|412ms
-> request: /v1/api/tickle
-> GET /v1/api/tickle,200|558ms
-> request: /v1/api/tickle
-> GET /v1/api/tickle,200|436ms
-> GET /v1/portal/iserver/account/orders
<- 200 GET /v1/portal/iserver/account/orders
-> request: /v1/api/tickle
-> GET /v1/api/tickle,200|537ms
-> request: /v1/api/tickle
-> GET /v1/api/tickle,200|537ms
-> request: /v1/api/tickle
-> GET /v1/api/tickle,200|460ms
-> request: /v1/api/tickle
-> GET /v1/api/tickle,200|588ms
-> GET /v1/portal/iserver/account/orders
<- 200 GET /v1/portal/iserver/account/orders
-> request: /v1/api/tickle
-> GET /v1/api/tickle,200|451ms
-> request: /sso/ping
-> GET /sso/ping,200|464ms
-> request: /v1/api/tickle
-> GET /v1/api/tickle,200|113ms
-> request: /v1/api/tickle
-> GET /v1/api/tickle,200|846ms
-> request: /v1/api/tickle
-> GET /v1/api/tickle,200|456ms
-> GET /v1/portal/iserver/account/orders
<- 200 GET /v1/portal/iserver/account/orders
-> request: /v1/api/tickle
-> GET /v1/api/tickle,200|482ms
-> request: /v1/api/tickle
-> GET /v1/api/tickle,200|605ms
-> request: /v1/api/tickle
-> GET /v1/api/tickle,200|468ms
-> request: /v1/api/tickle
-> GET /v1/api/tickle,200|703ms
-> GET /v1/portal/iserver/account/orders
<- 200 GET /v1/portal/iserver/account/orders
-> request: /v1/api/tickle
-> GET /v1/api/tickle,200|468ms
-> request: /v1/api/tickle
-> GET /v1/api/tickle,200|747ms
-> request: /v1/api/tickle
-> GET /v1/api/tickle,200|447ms
-> request: /sso/ping
-> GET /sso/ping,200|654ms
-> request: /v1/api/tickle
-> GET /v1/api/tickle,200|123ms
-> GET /v1/portal/iserver/account/orders
<- 200 GET /v1/portal/iserver/account/orders
-> request: /v1/api/tickle
-> GET /v1/api/tickle,200|995ms
-> request: /v1/api/tickle
-> GET /v1/api/tickle,200|458ms
-> request: /v1/api/tickle
-> GET /v1/api/tickle,200|720ms
-> request: /v1/api/tickle
-> GET /v1/api/tickle,200|439ms
-> GET /v1/portal/iserver/account/orders
<- 200 GET /v1/portal/iserver/account/orders
-> request: /v1/api/tickle
-> GET /v1/api/tickle,200|1368ms
-> request: /v1/api/tickle
-> GET /v1/api/tickle,200|806ms
-> request: /v1/api/tickle
-> GET /v1/api/tickle,200|448ms
-> request: /v1/api/tickle
-> GET /v1/api/tickle,200|574ms
-> GET /v1/portal/iserver/account/orders
<- 200 GET /v1/portal/iserver/account/orders
-> request: /v1/api/tickle
-> GET /v1/api/tickle,200|440ms
-> request: /sso/ping
-> GET /sso/ping,200|486ms
-> request: /v1/api/tickle
-> GET /v1/api/tickle,200|112ms
-> request: /v1/api/tickle
-> GET /v1/api/tickle,200|888ms
-> request: /v1/api/tickle
-> GET /v1/api/tickle,200|463ms
-> GET /v1/portal/iserver/account/orders
<- 200 GET /v1/portal/iserver/account/orders
-> request: /v1/api/tickle
-> GET /v1/api/tickle,200|453ms
-> request: /v1/api/tickle
-> GET /v1/api/tickle,200|467ms
-> request: /v1/api/tickle
-> GET /v1/api/tickle,200|437ms
-> request: /v1/api/tickle
-> GET /v1/api/tickle,200|922ms
-> GET /v1/portal/iserver/account/orders
<- 200 GET /v1/portal/iserver/account/orders
-> request: /v1/api/tickle
-> GET /v1/api/tickle,200|444ms
-> request: /v1/api/tickle
-> GET /v1/api/tickle,200|616ms
-> request: /v1/api/tickle
-> GET /v1/api/tickle,200|457ms
-> request: /sso/ping
-> GET /sso/ping,200|456ms
-> request: /v1/api/tickle
-> GET /v1/api/tickle,200|108ms
-> GET /v1/portal/iserver/account/orders
<- 200 GET /v1/portal/iserver/account/orders
-> request: /v1/api/tickle
-> GET /v1/api/tickle,200|653ms
-> request: /v1/api/tickle
-> GET /v1/api/tickle,200|442ms
-> request: /v1/api/tickle
-> GET /v1/api/tickle,200|700ms
-> request: /v1/api/tickle
-> GET /v1/api/tickle,200|440ms
-> GET /v1/portal/iserver/account/orders
<- 200 GET /v1/portal/iserver/account/orders
-> request: /v1/api/tickle
-> GET /v1/api/tickle,200|473ms
-> request: /v1/api/tickle
-> GET /v1/api/tickle,200|481ms
-> request: /v1/api/tickle
-> GET /v1/api/tickle,200|458ms
-> request: /v1/api/tickle
-> GET /v1/api/tickle,200|572ms
-> GET /v1/portal/iserver/account/orders
<- 200 GET /v1/portal/iserver/account/orders
-> request: /v1/api/tickle
-> GET /v1/api/tickle,200|470ms
-> request: /sso/ping
-> GET /sso/ping,200|437ms
-> request: /v1/api/tickle
-> GET /v1/api/tickle,200|100ms
-> request: /v1/api/tickle
-> GET /v1/api/tickle,200|474ms
-> request: /v1/api/tickle
-> GET /v1/api/tickle,200|436ms
-> GET /v1/portal/iserver/account/orders
<- 200 GET /v1/portal/iserver/account/orders
-> request: /v1/api/tickle
-> GET /v1/api/tickle,200|456ms
-> request: /v1/api/tickle
-> GET /v1/api/tickle,200|454ms
-> request: /v1/api/tickle
-> GET /v1/api/tickle,200|639ms
-> request: /v1/api/tickle
-> GET /v1/api/tickle,200|440ms
-> GET /v1/portal/iserver/account/orders
<- 200 GET /v1/portal/iserver/account/orders
-> request: /v1/api/tickle
-> GET /v1/api/tickle,200|455ms
-> request: /v1/api/tickle
-> GET /v1/api/tickle,200|476ms
-> request: /v1/api/tickle
-> GET /v1/api/tickle,200|468ms
-> request: /sso/ping
-> GET /sso/ping,200|436ms
-> request: /v1/api/tickle
-> GET /v1/api/tickle,200|100ms
-> GET /v1/portal/iserver/account/orders
<- 200 GET /v1/portal/iserver/account/orders
-> request: /v1/api/tickle
-> GET /v1/api/tickle,200|490ms
-> request: /v1/api/tickle
-> GET /v1/api/tickle,200|439ms
-> request: /v1/api/tickle
-> GET /v1/api/tickle,200|688ms
-> request: /v1/api/tickle
-> GET /v1/api/tickle,200|532ms
-> GET /v1/portal/iserver/account/orders
<- 200 GET /v1/portal/iserver/account/orders
-> request: /v1/api/tickle
-> GET /v1/api/tickle,200|432ms
-> request: /v1/api/tickle
-> GET /v1/api/tickle,200|692ms
-> request: /v1/api/tickle
-> GET /v1/api/tickle,200|450ms
-> request: /v1/api/tickle
-> GET /v1/api/tickle,200|709ms
-> GET /v1/portal/iserver/account/orders
<- 200 GET /v1/portal/iserver/account/orders
-> request: /v1/api/tickle
-> GET /v1/api/tickle,200|425ms
-> request: /sso/ping
-> GET /sso/ping,200|513ms
-> request: /v1/api/tickle
-> GET /v1/api/tickle,200|108ms
-> request: /v1/api/tickle
-> GET /v1/api/tickle,200|473ms
-> request: /v1/api/tickle
-> GET /v1/api/tickle,200|469ms
-> GET /v1/portal/iserver/account/orders
<- 200 GET /v1/portal/iserver/account/orders
-> request: /v1/api/tickle
-> GET /v1/api/tickle,200|440ms
-> request: /v1/api/tickle
-> GET /v1/api/tickle,200|670ms
-> request: /v1/api/tickle
-> GET /v1/api/tickle,200|440ms
-> request: /v1/api/tickle
-> GET /v1/api/tickle,200|593ms
-> GET /v1/portal/iserver/account/orders
<- 200 GET /v1/portal/iserver/account/orders
-> request: /v1/api/tickle
-> GET /v1/api/tickle,200|453ms
-> request: /v1/api/tickle
-> GET /v1/api/tickle,200|604ms
-> request: /v1/api/tickle
-> GET /v1/api/tickle,200|461ms
-> request: /sso/ping
-> GET /sso/ping,200|454ms
-> request: /v1/api/tickle
-> GET /v1/api/tickle,200|122ms
-> GET /v1/portal/iserver/account/orders
<- 200 GET /v1/portal/iserver/account/orders
-> request: /v1/api/tickle
-> GET /v1/api/tickle,200|602ms
-> request: /v1/api/tickle
-> GET /v1/api/tickle,200|436ms
-> request: /v1/api/tickle
-> GET /v1/api/tickle,200|652ms
-> request: /v1/api/tickle
-> GET /v1/api/tickle,200|464ms
-> GET /v1/portal/iserver/account/orders
<- 200 GET /v1/portal/iserver/account/orders
-> request: /v1/api/tickle
-> GET /v1/api/tickle,200|450ms
-> request: /v1/api/tickle
-> GET /v1/api/tickle,200|577ms
-> request: /v1/api/tickle
-> GET /v1/api/tickle,200|458ms
-> request: /v1/api/tickle
-> GET /v1/api/tickle,200|1004ms
-> GET /v1/portal/iserver/account/orders
<- 200 GET /v1/portal/iserver/account/orders
-> request: /v1/api/tickle
-> GET /v1/api/tickle,200|439ms
-> request: /sso/ping
-> GET /sso/ping,200|451ms
-> request: /v1/api/tickle
-> GET /v1/api/tickle,200|108ms
-> request: /v1/api/tickle
-> GET /v1/api/tickle,200|572ms
-> request: /v1/api/tickle
-> GET /v1/api/tickle,200|465ms
-> GET /v1/portal/iserver/account/orders
<- 200 GET /v1/portal/iserver/account/orders
-> request: /v1/api/tickle
-> GET /v1/api/tickle,200|440ms
-> request: /v1/api/tickle
-> GET /v1/api/tickle,200|608ms
-> request: /v1/api/tickle
-> GET /v1/api/tickle,200|465ms
-> request: /v1/api/tickle
-> GET /v1/api/tickle,200|590ms
-> GET /v1/portal/iserver/account/orders
<- 200 GET /v1/portal/iserver/account/orders
-> request: /v1/api/tickle
-> GET /v1/api/tickle,200|440ms
-> request: /v1/api/tickle
-> GET /v1/api/tickle,200|587ms
-> request: /v1/api/tickle
-> GET /v1/api/tickle,200|446ms
-> request: /sso/ping
-> GET /sso/ping,200|474ms
-> request: /v1/api/tickle
-> GET /v1/api/tickle,200|100ms
-> GET /v1/portal/iserver/account/orders
<- 200 GET /v1/portal/iserver/account/orders
-> request: /v1/api/tickle
-> GET /v1/api/tickle,200|569ms
-> request: /v1/api/tickle
-> GET /v1/api/tickle,200|448ms
-> request: /v1/api/tickle
-> GET /v1/api/tickle,200|569ms
-> request: /v1/api/tickle
-> GET /v1/api/tickle,200|470ms
-> GET /v1/portal/iserver/account/orders
<- 200 GET /v1/portal/iserver/account/orders
-> request: /v1/api/tickle
-> GET /v1/api/tickle,200|464ms
-> request: /v1/api/tickle
-> GET /v1/api/tickle,200|460ms
-> request: /v1/api/tickle
-> GET /v1/api/tickle,200|471ms
-> request: /v1/api/tickle
-> GET /v1/api/tickle,200|592ms
-> GET /v1/portal/iserver/account/orders
<- 200 GET /v1/portal/iserver/account/orders
-> request: /v1/api/tickle
-> GET /v1/api/tickle,200|473ms
-> request: /sso/ping
-> GET /sso/ping,200|467ms
-> request: /v1/api/tickle
-> GET /v1/api/tickle,200|102ms
-> request: /v1/api/tickle
-> GET /v1/api/tickle,200|604ms
-> request: /v1/api/tickle
-> GET /v1/api/tickle,200|461ms
-> GET /v1/portal/iserver/account/orders
<- 200 GET /v1/portal/iserver/account/orders
-> request: /v1/api/tickle
-> GET /v1/api/tickle,200|437ms
-> request: /v1/api/tickle
-> GET /v1/api/tickle,200|450ms
-> request: /v1/api/tickle
-> GET /v1/api/tickle,401|491ms
-> request: /v1/api/sso/validate?gw=1
-> GET /v1/api/sso/validate?gw=1,401|386ms
-> request: /v1/api/sso/validate?gw=1
-> GET /v1/api/sso/validate?gw=1,401|140ms
-> request: /v1/api/sso/validate?gw=1
-> GET /v1/api/sso/validate?gw=1,401|136ms
-> request: /v1/api/sso/validate?gw=1
-> GET /v1/api/sso/validate?gw=1,401|132ms
-> request: /v1/api/sso/validate?gw=1
-> GET /v1/api/sso/validate?gw=1,401|131ms
-> GET /v1/portal/iserver/account/orders
<- 401 GET /v1/portal/iserver/account/orders
-> request: /sso/ping
-> GET /sso/ping,200|461ms
-> GET /v1/portal/iserver/account/orders
<- 401 GET /v1/portal/iserver/account/orders
-> GET /v1/portal/iserver/account/orders
<- 401 GET /v1/portal/iserver/account/orders
-> request: /sso/ping
-> GET /sso/ping,200|801ms
-> GET /v1/portal/iserver/account/orders
<- 401 GET /v1/portal/iserver/account/orders
-> GET /v1/portal/iserver/account/orders
<- 401 GET /v1/portal/iserver/account/orders
-> GET /v1/portal/iserver/account/orders
<- 401 GET /v1/portal/iserver/account/orders
-> request: /sso/ping
-> GET /sso/ping,200|728ms
-> GET /v1/portal/iserver/account/orders
<- 401 GET /v1/portal/iserver/account/orders
-> GET /v1/portal/iserver/account/orders
<- 401 GET /v1/portal/iserver/account/orders
-> request: /sso/ping
-> GET /sso/ping,200|1077ms
-> GET /v1/portal/iserver/account/orders
<- 401 GET /v1/portal/iserver/account/orders
-> GET /v1/portal/iserver/account/orders
<- 401 GET /v1/portal/iserver/account/orders
-> GET /v1/portal/iserver/account/orders
<- 401 GET /v1/portal/iserver/account/orders
-> request: /sso/ping
-> GET /sso/ping,200|602ms
-> GET /v1/portal/iserver/account/orders
<- 401 GET /v1/portal/iserver/account/orders
-> GET /v1/portal/iserver/account/orders
<- 401 GET /v1/portal/iserver/account/orders
-> request: /sso/ping
-> GET /sso/ping,200|658ms
-> GET /v1/portal/iserver/account/orders
<- 401 GET /v1/portal/iserver/account/orders
-> GET /v1/portal/iserver/account/orders
<- 401 GET /v1/portal/iserver/account/orders
-> GET /v1/portal/iserver/account/orders
<- 401 GET /v1/portal/iserver/account/orders
-> request: /sso/ping
-> GET /sso/ping,200|631ms
-> GET /v1/portal/iserver/account/orders
<- 401 GET /v1/portal/iserver/account/orders
-> GET /v1/portal/iserver/account/orders
<- 401 GET /v1/portal/iserver/account/orders
-> request: /sso/ping
-> GET /sso/ping,200|755ms
-> GET /v1/portal/iserver/account/orders
<- 401 GET /v1/portal/iserver/account/orders
-> GET /v1/portal/iserver/account/orders
<- 401 GET /v1/portal/iserver/account/orders
-> GET /v1/portal/iserver/account/orders
<- 401 GET /v1/portal/iserver/account/orders
-> request: /sso/ping
-> GET /sso/ping,200|799ms
-> GET /v1/portal/iserver/account/orders
<- 401 GET /v1/portal/iserver/account/orders
-> GET /v1/portal/iserver/account/orders
<- 401 GET /v1/portal/iserver/account/orders
-> request: /sso/ping
-> GET /sso/ping,200|838ms
-> GET /v1/portal/iserver/account/orders
<- 401 GET /v1/portal/iserver/account/orders
-> GET /v1/portal/iserver/account/orders
<- 401 GET /v1/portal/iserver/account/orders
-> GET /v1/portal/iserver/account/orders
<- 401 GET /v1/portal/iserver/account/orders
-> request: /sso/ping
-> GET /sso/ping,200|688ms
-> GET /v1/portal/iserver/account/orders
<- 401 GET /v1/portal/iserver/account/orders
-> GET /v1/portal/iserver/account/orders
<- 401 GET /v1/portal/iserver/account/orders
-> request: /sso/ping
-> GET /sso/ping,200|837ms
-> GET /v1/portal/iserver/account/orders
<- 401 GET /v1/portal/iserver/account/orders
-> GET /v1/portal/iserver/account/orders
<- 401 GET /v1/portal/iserver/account/orders
-> GET /v1/portal/iserver/account/orders
<- 401 GET /v1/portal/iserver/account/orders
-> request: /sso/ping
-> GET /sso/ping,200|676ms
-> GET /v1/portal/iserver/account/orders
<- 401 GET /v1/portal/iserver/account/orders
-> GET /v1/portal/iserver/account/orders
<- 401 GET /v1/portal/iserver/account/orders
-> request: /sso/ping
-> GET /sso/ping,200|672ms
-> GET /v1/portal/iserver/account/orders
<- 401 GET /v1/portal/iserver/account/orders
-> GET /v1/portal/iserver/account/orders
<- 401 GET /v1/portal/iserver/account/orders
-> GET /v1/portal/iserver/account/orders
<- 401 GET /v1/portal/iserver/account/orders
-> request: /sso/ping
-> GET /sso/ping,200|748ms
-> GET /v1/portal/iserver/account/orders
<- 401 GET /v1/portal/iserver/account/orders
-> GET /v1/portal/iserver/account/orders
<- 401 GET /v1/portal/iserver/account/orders
-> request: /sso/ping
-> GET /sso/ping,200|1001ms
-> GET /v1/portal/iserver/account/orders
<- 401 GET /v1/portal/iserver/account/orders
-> GET /v1/portal/iserver/account/orders
<- 401 GET /v1/portal/iserver/account/orders
-> GET /v1/portal/iserver/account/orders
<- 401 GET /v1/portal/iserver/account/orders
-> request: /sso/ping
-> GET /sso/ping,200|632ms
-> GET /v1/portal/iserver/account/orders
<- 401 GET /v1/portal/iserver/account/orders
-> GET /v1/portal/iserver/account/orders
<- 401 GET /v1/portal/iserver/account/orders
-> request: /sso/ping
-> GET /sso/ping,200|957ms
-> GET /v1/portal/iserver/account/orders
<- 401 GET /v1/portal/iserver/account/orders
-> GET /v1/portal/iserver/account/orders
<- 401 GET /v1/portal/iserver/account/orders
-> GET /v1/portal/iserver/account/orders
<- 401 GET /v1/portal/iserver/account/orders
-> request: /sso/ping
-> GET /sso/ping,200|821ms
-> GET /v1/portal/iserver/account/orders
<- 401 GET /v1/portal/iserver/account/orders
-> GET /v1/portal/iserver/account/orders
<- 401 GET /v1/portal/iserver/account/orders
-> request: /sso/ping
-> GET /sso/ping,200|1061ms
-> GET /v1/portal/iserver/account/orders
<- 401 GET /v1/portal/iserver/account/orders
-> GET /v1/portal/iserver/account/orders
<- 401 GET /v1/portal/iserver/account/orders
-> request: /sso/ping
-> request: /sso/ping
-> request: /sso/ping
-> request: /sso/ping
-> request: /sso/ping
-> request: /sso/ping
-> request: /sso/ping
-> GET /sso/ping,200|759ms
-> GET /sso/ping,200|512ms
-> GET /sso/ping,200|536ms
-> GET /sso/ping,200|536ms
-> GET /sso/ping,200|576ms
-> GET /sso/ping,200|618ms
-> GET /sso/ping,200|618ms
-> GET /v1/portal/iserver/account/orders
<- 401 GET /v1/portal/iserver/account/orders
-> GET /v1/portal/iserver/account/orders
<- 401 GET /v1/portal/iserver/account/orders
-> request: /sso/ping
-> GET /sso/ping,200|686ms
-> GET /v1/portal/iserver/account/orders
<- 401 GET /v1/portal/iserver/account/orders
-> GET /v1/portal/iserver/account/orders
<- 401 GET /v1/portal/iserver/account/orders
-> request: /sso/ping
-> GET /sso/ping,200|776ms
-> GET /v1/portal/iserver/account/orders
<- 401 GET /v1/portal/iserver/account/orders
-> GET /v1/portal/iserver/account/orders
<- 401 GET /v1/portal/iserver/account/orders
-> GET /v1/portal/iserver/account/orders
<- 401 GET /v1/portal/iserver/account/orders
-> request: /sso/ping
-> GET /sso/ping,200|715ms
-> GET /v1/portal/iserver/account/orders
<- 401 GET /v1/portal/iserver/account/orders
-> GET /v1/portal/iserver/account/orders
<- 401 GET /v1/portal/iserver/account/orders
-> request: /sso/ping
-> GET /sso/ping,200|755ms
-> GET /v1/portal/iserver/account/orders
<- 401 GET /v1/portal/iserver/account/orders
-> GET /v1/portal/iserver/account/orders
<- 401 GET /v1/portal/iserver/account/orders
-> request: /sso/ping
-> GET /sso/ping,200|902ms
-> GET /v1/portal/iserver/account/orders
<- 401 GET /v1/portal/iserver/account/orders
-> GET /v1/portal/iserver/account/orders
<- 401 GET /v1/portal/iserver/account/orders
-> request: /sso/ping
-> GET /sso/ping,200|1046ms
-> GET /v1/portal/iserver/account/orders
<- 401 GET /v1/portal/iserver/account/orders
-> GET /v1/portal/iserver/account/orders
<- 401 GET /v1/portal/iserver/account/orders
-> GET /v1/portal/iserver/account/orders
<- 401 GET /v1/portal/iserver/account/orders
-> request: /sso/ping
-> GET /sso/ping,200|776ms
-> GET /v1/portal/iserver/account/orders
<- 401 GET /v1/portal/iserver/account/orders
-> GET /v1/portal/iserver/account/orders
<- 401 GET /v1/portal/iserver/account/orders
-> request: /sso/ping
-> GET /sso/ping,200|1118ms
-> GET /v1/portal/iserver/account/orders
<- 401 GET /v1/portal/iserver/account/orders
-> GET /v1/portal/iserver/account/orders
<- 401 GET /v1/portal/iserver/account/orders
-> GET /v1/portal/iserver/account/orders
<- 401 GET /v1/portal/iserver/account/orders
-> request: /sso/ping
-> GET /sso/ping,200|861ms
-> GET /v1/portal/iserver/account/orders
<- 401 GET /v1/portal/iserver/account/orders
-> GET /v1/portal/iserver/account/orders
<- 401 GET /v1/portal/iserver/account/orders
-> request: /sso/ping
-> GET /sso/ping,200|1009ms
-> GET /v1/portal/iserver/account/orders
<- 401 GET /v1/portal/iserver/account/orders
-> request: /sso/ping
-> request: /sso/ping
-> request: /sso/ping
-> request: /sso/ping
-> request: /sso/ping
-> request: /sso/ping
-> request: /sso/ping
-> request: /sso/ping
-> request: /sso/ping
-> request: /sso/ping
-> request: /sso/ping
-> request: /sso/ping
-> request: /sso/ping
-> request: /sso/ping
-> request: /sso/ping
-> request: /sso/ping
